103062 2y53_A_268 0.9 IV AG -71 -16 -95 71 AILCADATPDTP EEE-TT--TTSH 6.89 2.66 -0.00 0.91 -0.03 0
39911 2ofc_A_84 1.0 IV DG -91 6 -102 72 TNLAADETGMVI ES--TT--HHHH 6.85 2.87 -0.01 0.89 -0.04 0
96646 4eic_A_27 1.0 IV AG -67 -34 -93 66 NAVMPTKTLKAD -SSSTTS-SSHH 6.38 2.94 -0.00 0.83 -0.19 0
106890 2c1l_A_186 1.3 VIII AB -78 -15 -85 107 LLYDERTTNLTL GSB-TT---SS- 6.89 2.89 -0.07 0.85 0.12 0
50843 3ahc_A_117 1.5 VIII AG -71 -20 -96 80 TEYYPNITKDEA HHH-TTS-SSHH 6.13 3.01 -0.01 0.94 0.05 0
73290 4leb_A_99 1.7 IV AG -71 -17 -88 68 CTVSNTLTPSIK EEE-TT--TT-E 6.45 2.71 0.02 0.97 0.03 0
40728 2nqt_A_60 0.9 IV AG -75 -18 -96 57 GEHHPHLTPLAH GGT-TT-GGGTT 6.16 3.07 -0.00 0.87 -0.19 0
83718 1wn2_A_88 1.1 IV AG -79 -11 -89 74 LIRDAGLTEIPP EEE-TT-TTS-T 6.84 2.75 0.01 0.91 0.03 0
58356 1yle_A_24 1.1 IV AG -72 -12 -86 78 ADSPVGVTSLPD HHS-TT-TTS-S 6.28 2.96 0.02 0.97 0.22 0
84432 3w36_A_290 1.1 IV AG -74 -36 -73 69 EFSDHTNTRAYK GGG-TTSHHHHH 5.64 3.20 0.08 0.98 -0.05 0
110980 5kay_A_89 2.2 IV DG -87 0 -97 64 YIFAGYKTEAAP BTTSTT-TTS-S 6.75 2.67 0.06 0.93 0.03 0
10269 4zmh_A_808 1.1 IV AG -78 -12 -83 57 ISFDAAATTHSK EEEETT--SEEE 6.92 2.65 0.01 0.95 -0.07 0
90349 3cc1_A_190 1.5 IV AG -86 -30 -82 68 AASRLYDTHLEE S-TTSS---HHH 6.95 2.85 0.03 0.87 -0.08 0
72667 4qdc_A_145 1.8 VIII DB -87 -1 -100 102 NPPPEDVTIPEI ----TTS----- 6.88 2.95 -0.03 0.85 0.10 0
93621 4ohn_A_235 0.6 IV AG -76 -15 -82 59 VGSRKEDTTLVK -EE-TT-HHHHH 6.75 2.75 0.03 0.92 0.01 0
21371 5e75_A_321 0.8 IV AG -76 -13 -88 51 QQYELADTLRRN HHS-TT-HHHHH 6.87 2.66 0.01 0.92 -0.12 0
1469 1zel_A_148 0.9 IV AG -78 -27 -104 69 IPWNAADTALLA ----TT-HHHHS 6.21 3.23 -0.04 0.78 -0.27 0
36864 3k1t_A_135 1.1 VIII AB -77 -11 -92 107 GSIAPEITAPTF EE--TT--S-EE 6.99 2.87 -0.04 0.89 0.12 0
76371 2v3i_A_159 1.2 VIII AB -78 -3 -98 106 VSKYPTNTAGAK TTT-TT--S-GG 6.56 3.11 -0.09 0.84 0.12 0
72118 3g5b_A_801 1.8 IV AB -61 -37 -64 102 ERHSLASTEFTC EESSTT--EEEE 6.63 2.87 -0.04 0.94 0.20 0
32556 5b4z_A_123 0.9 IV AG -76 -16 -85 76 VGRTVSSTEPAL --B-TT---GGG 6.56 2.88 0.03 0.94 0.09 0
58130 1yfq_A_245 1.1 VIII AG -82 -22 -100 90 HRLNLKDTNLAY ----TT--SS-- 6.46 3.10 -0.05 0.79 -0.04 0
40519 3uxf_A_329 1.1 IV AG -69 -18 -87 88 PNDSPNFTWDPN -S--TT----TT 6.41 2.98 -0.03 0.91 0.13 0
86377 3sc7_X_227 1.4 VIII AG -69 -20 -91 94 NGLSSDITGWEV TT--TT---B-- 6.99 2.64 -0.04 0.94 0.13 0
103934 3kt7_A_140 1.5 IV AG -91 -29 -85 73 GKLSGSKTDMSI ----SS---EEE 6.75 2.94 0.05 0.85 -0.11 0
43233 2e26_A_2467 1.7 IV AG -74 -16 -78 69 APFDKQQTWAID SS--TT--EEEE 6.71 2.73 0.03 0.96 0.15 0
110481 2zyr_A_385 1.0 IV DG -100 -2 -93 72 VNGVNVCTERIC ETTEE---TTTS 6.92 2.72 0.02 0.93 -0.06 0
20751 1h6k_A_734 1.3 IV AG -72 -42 -74 81 TDGTSVLTPWYK HHT--S--HHHH 6.89 2.85 -0.04 0.84 -0.07 0
7585 1ft5_A_154 1.3 VIII AG -73 -14 -101 89 KAPYTPFTPEVD -SS--S--TTT- 6.81 2.81 -0.06 0.86 0.01 0
94989 4dmv_A_508 1.5 IV AG -85 -29 -93 71 ENNLSQLTEQEI GGG-B---HHHH 6.96 2.81 0.02 0.83 -0.12 0
44860 1yht_A_316 0.7 IV AG -89 -38 -79 70 TKNRVQNTHEIA -TT--S-GGG-- 5.95 3.35 -0.00 0.84 -0.20 0
13351 2o8l_A_11 0.8 IV AG -100 -31 -92 74 DRHQITDTTNGH -EEEESSTTSGG 5.59 3.27 0.10 0.85 -0.18 0
74131 3f62_A_97 1.0 IV AG -96 -28 -104 84 KVLHVTDTNKFA EEEEE--TTTTT 6.08 3.37 -0.01 0.74 -0.20 0
47194 4ccv_A_130 1.3 VIII AB -70 -43 -88 98 LFDFIEDTEPFR EEEE-S--GGGH 6.46 3.25 -0.02 0.78 -0.00 0
70655 2zq0_A_563 1.4 VIII AG -92 -40 -93 91 YTPGIFETHCNK -----S--BGGG 6.10 3.33 0.03 0.77 -0.16 0
49657 5ggb_A_159 1.8 IV DG -116 -19 -84 79 FVKRPVDTKTVL HHTS-SS-EEEE 6.78 2.85 0.07 0.94 -0.07 0
54538 2c1v_A_159 2.3 IV AG -75 -28 -88 85 PEEADPVTFDNF TT-SS-S-HHHH 6.76 3.00 0.03 0.81 -0.02 0
54376 5bpx_A_31 2.3 IV AG -52 -52 -90 65 AYIPNAATEDER ---TTTT-S-GG 5.37 3.41 0.06 0.80 -0.47 0
90125 4dz4_A_251 2.7 IV AG -69 -24 -85 68 DPAFAPGTGTPV -TTT--SSSS-- 6.69 2.80 -0.03 0.89 -0.07 0
31838 3ir4_A_76 1.7 VIII AG -89 -21 -80 91 LDGKPLLTGKRN TTS--S------ 6.85 2.66 -0.02 0.98 0.00 0
97245 2yeq_A_7 1.7 IV AG -82 -21 -92 53 NFSSYPFTLGVA --SS-S-TT-EE 6.70 2.97 0.06 0.80 -0.24 0
922 4lrj_A_237 0.7 VIII NG -87 -56 -91 84 KGILFVDTTETN TT--B----TTS 6.62 3.24 0.04 0.67 -0.19 0
75510 2ntp_A_149 1.2 IV AG -89 -37 -85 84 DSSKIKDTQAVA -TT--S-----S 6.19 3.16 0.05 0.89 -0.08 0
66862 3d1k_A_116 0.7 IV AG -76 -27 -88 66 TMFPKEFTPEAH HH-TTT--HHHH 6.59 2.88 0.01 0.87 -0.16 0
39470 2wjn_H_138 0.6 IV NG -89 -49 -81 72 IVPLRVATDFSI EEETTT-TT-EE 6.03 3.28 0.06 0.83 -0.17 0
85996 1ywf_A_17 0.7 IV NG -102 -53 -88 89 RDVADTATALRP EEGGGT-TTS-T 6.25 3.23 0.09 0.73 -0.15 0
97429 5cph_A_182 1.1 IV NG -91 -52 -92 77 KADGEIFTETTV EE-TTT--S--- 5.95 3.33 0.06 0.74 -0.19 0
3730 2apj_A_83 1.5 IV NG -119 -52 -87 69 PLHVDIDTGKVC STTTTTSTTS-- 5.73 3.46 0.19 0.71 -0.20 0
3353 4mzy_A_399 2.0 IV NG -94 -60 -83 73 YMFHPVHTFINK EEE-SSSTTSEE 5.68 3.52 0.10 0.67 -0.21 0
55338 4rl3_A_179 0.8 IV NG -103 -51 -91 73 YWQNSVLTPAAV -S-TTTS-HHHH 5.75 3.44 0.10 0.76 -0.20 0
83262 5anp_A_133 0.9 IV NG -95 -49 -94 70 YGVEHLLTDAMS TTTTTTS-HHHH 5.67 3.52 0.03 0.72 -0.27 0
7190 2vqp_A_179 0.9 IV NG -108 -61 -90 71 NTLENITTTEFK TT-TTTS-HHHH 5.56 3.49 0.13 0.68 -0.19 0
29464 1mun_A_190 1.1 IV NG -114 -60 -88 68 DLGAMICTRSKP HHHHHTS-SSS- 6.18 3.34 0.14 0.67 -0.16 0
7298 4uhv_A_452 2.5 IV NG -93 -53 -84 76 RVYNAEQTVPYE E---SSS--SS- 5.33 3.61 0.12 0.75 -0.24 0
38722 4m5r_A_29 1.2 IV NG -110 -51 -89 67 GEDPKIETNKFA T--TTTSHHHHH 5.66 3.47 0.13 0.71 -0.19 0
14166 3kq5_A_372 1.3 IV NG -119 -53 -86 80 ADPNLIFTRGEI S-GGGT--SS-- 6.00 3.50 0.12 0.70 -0.18 0
87866 2rfq_A_219 0.5 IV AG -97 -31 -95 86 APGLERNTAPVY -GGGTT---GGG 6.40 3.16 0.03 0.84 -0.10 0
26328 2nte_A_731 0.6 IV DG -125 -12 -98 93 DSDQRFCTQYII T-GGGT--EEEE 6.64 3.16 0.08 0.82 -0.10 0
111066 5e56_A_54 1.8 IV AG -98 -34 -96 90 TTFTEKNTVGFL EEE-SS--EE-T 6.62 3.10 0.03 0.79 -0.09 0
88805 3t7d_A_456 0.5 IV AG -67 -19 -88 63 RDAARPWTLEAW HHHHTT-BHHHH 6.96 2.68 0.03 0.88 -0.03 0
76731 2g0w_A_85 0.8 IV AG -81 -31 -82 66 WGTAEDRTAEQQ -SSTTT--HHHH 6.66 2.88 0.04 0.91 -0.12 0
68266 5m0n_A_101 1.0 IV AG -75 -18 -90 48 ALFMSLMTEGNL HHHHHT--HHHH 6.66 2.76 -0.00 0.90 -0.26 0
53186 1c1d_A_242 1.7 VIII AG -70 -42 -91 92 CAMGGVITTEVA -S-S--B-HHHH 6.61 3.12 -0.03 0.74 -0.10 0
10561 1gwe_A_321 2.0 IV AG -65 -15 -84 65 AAFSPSNTVPGI ----TT---TTE 6.73 2.65 -0.02 0.97 -0.07 0
3684 3qgu_A_77 2.2 IV AG -77 -17 -89 56 SLGIGDTTEPLP E-SS-------- 6.65 2.87 0.02 0.88 -0.24 0
77966 1qaz_A_332 2.6 IV AG -71 -33 -81 59 ADELGFMTVPIF --TT---SS--- 6.97 2.87 0.03 0.85 -0.16 0
56831 5it3_A_243 0.8 VIII AG -88 -29 -96 86 EAPYNSDTVLVH -TTTTS-HHHHH 6.25 3.33 0.08 0.79 -0.11 0
73647 4hhj_A_802 2.1 IV AG -80 -8 -87 71 HAHHQWMTTEDM T---TTSSSS-H 6.95 2.61 0.02 0.98 0.09 0
13409 1szw_A_280 0.8 IV AG -77 -12 -97 46 QAAVAAETELQA HHHTTT-HHHHH 6.42 2.92 -0.01 0.89 -0.34 0
71365 4xgo_A_136 1.1 IV AG -88 -18 -87 68 DDTFQATTALQN TTTTSS-TT--E 6.82 2.79 0.03 0.89 -0.04 0
39030 3k3v_A_79 1.6 VIII AG -73 -25 -97 86 TKLEKYDTDPFT HHHHTT---HHH 6.39 3.11 -0.02 0.85 0.01 0
30397 2okt_A_220 2.2 IV DG -80 -2 -85 65 IALDEKATSLLD EEESTT---HHH 6.96 2.61 0.04 0.99 0.13 0
30169 1dyp_A_151 1.4 VIII AG -83 -14 -87 95 STIDRSLTKEGD ----TT--STT- 6.88 2.75 -0.04 0.91 0.08 0
68851 4uho_A_141 1.9 VIII AG -62 -20 -76 90 IKGQAQKTKLIG HTT-TT--EEEE 6.77 2.63 -0.05 0.98 0.19 0
50144 4rks_A_295 1.4 IV AG -90 -40 -96 84 RLFSIENTFGSK HHHT-S--SS-E 6.97 3.09 0.02 0.70 -0.15 0
26918 3qxb_A_243 1.8 IV DG -92 -10 -104 80 FTQPGVVTPQRL TTS-SS--HHHH 6.89 2.95 0.01 0.81 -0.05 0
65581 2aml_A_288 2.4 IV AG -81 -7 -100 67 ESKYTPFTYTVK HTTT-S-EEEEE 6.90 2.76 -0.03 0.88 -0.09 0
104472 3jyo_A_232 2.7 VIII AG -65 -46 -91 90 VVYMPIETELLK ---SSSS-HHHH 5.72 3.46 -0.06 0.74 -0.25 0
24775 3ud1_A_1216 1.1 IV AG -53 -35 -84 74 WLSDCPRTAEAV EEEE-SSGGGHH 5.50 3.34 0.06 0.92 0.25 0
54427 1mtz_A_270 1.8 IV AG -71 -50 -86 62 FRDCSHLTMWED ETT--S-HHHHS 5.96 3.34 0.09 0.73 -0.41 0
97050 4r2f_A_333 1.7 IV AG -65 -30 -80 83 NIMMYTNTPSQE EEEEES--S-HH 6.58 2.89 -0.02 0.91 0.11 0
18465 4aco_A_194 2.2 VIII AG -73 -22 -104 85 LNLWNPETNHLS HHHH-S--TTT- 6.43 3.19 -0.06 0.77 -0.10 0
113627 4j27_A_147 2.2 IV AG -82 -10 -89 73 PSKYTKYTVANT --TT-S-BGGGS 6.99 2.55 -0.01 0.96 0.00 0
108444 2r6j_A_42 1.0 IV DG -94 3 -82 35 TRPNSSKTTLLD E-TT-S-HHHHH 6.89 2.55 0.02 0.98 -0.16 0
92284 5lte_A_234 1.0 IV AG -76 -40 -88 75 TINPRLDTSPET EESS-S-B-GGG 6.35 3.10 -0.01 0.83 -0.21 0
5548 5hgj_A_122 0.3 IV AG -65 -44 -86 53 TARKEAFTEARG HHHHTTTSGGGT 5.55 3.41 0.02 0.77 -0.84 1
82478 5jda_A_297 0.9 IV AG -96 -42 -90 67 EILAEQFTVSFM HHHHTTSSHHHH 6.89 3.02 0.09 0.74 -0.20 0
112387 3bon_A_347 1.2 IV AG -84 -46 -80 90 KMLTEIYTEDNF HHHHHTS-HHHH 6.26 3.28 -0.01 0.77 -0.14 0
112272 4zx2_A_303 1.4 IV AG -82 -9 -89 56 LLRGNHETDNMN EE--TTSSHHHH 6.30 2.94 0.05 0.95 -0.08 0
101786 4qgs_A_202 1.8 IV NG -137 -43 -88 79 HTVEQYVTKPVD HHHTTTSS---- 6.78 3.07 0.13 0.77 -0.13 0
23307 1v0w_A_193 2.3 IV NG -117 -69 -87 71 WKDDYLDTTHPV -HHHHTSSSS-- 6.95 3.12 0.15 0.61 -0.14 0
40398 2axo_A_86 2.3 IV NG -102 -77 -70 57 YWNYLGWTDSLA TT-SSSS--TT- 6.12 3.39 0.16 0.60 -0.19 0
99539 1u5u_A_89 2.3 IV AG -79 -48 -85 58 FPEHEFFTAGRT S---SSS-TT-E 5.56 3.41 0.05 0.78 -0.43 0
73671 4hhj_A_357 0.5 IV AG -64 -35 -89 60 VFKEKVDTRTPR HHHHTTS----- 6.78 3.05 0.05 0.80 -0.16 0
52381 4n5h_X_49 1.5 IV AG -73 -20 -91 52 QSADPQQTLNLY S---TTSEEEEE 6.11 2.99 0.02 0.93 -0.26 0
113539 1mj5_A_247 1.6 IV AG -84 -40 -96 70 AEPGALTTGRMR EEE-SSSSHHHH 6.26 3.16 0.06 0.79 -0.22 0
106329 4xp7_A_21 1.7 I AG -71 -43 -82 43 APMVRVGTLPMR ---TTTTSHHHH 6.51 3.08 0.01 0.80 -0.57 0
105476 2eng_A_57 2.1 IV DG -82 -2 -94 58 AYSCADQTPWAV BB--TTSS-EEE 6.33 2.90 0.01 0.99 -0.05 0
20750 1h6k_A_768 2.1 IV NG -122 -53 -93 72 TLENLLFTAELD HHHHHTS-TTS- 6.83 3.19 0.13 0.63 -0.15 0
31442 2d1g_A_149 0.9 IV NG -117 -57 -91 57 YYDGNTVTALWN E--TTTSHHHHH 5.48 3.55 0.17 0.62 -0.13 0
105348 3hl1_A_97 1.9 IV NG -98 -51 -95 73 PNPTSIFTPYSA S-GGGTS-S--S 6.17 3.33 0.06 0.68 -0.20 0
90983 4u9h_L_82 2.4 IV NG -79 -61 -84 51 QRTCGVCTYTHA HTT-SSSTTHHH 4.30 3.76 0.08 0.70 -0.39 0
7433 2xhg_A_315 2.5 VIII NG -82 -54 -91 75 VLLDLKQTAPLS EEEE-S---SHH 5.99 3.43 -0.01 0.69 -0.29 0
13044 5fbf_A_67 1.0 IV AG -66 -23 -94 46 WADTYKYTDAGE HHHHHTTSTTTG 6.04 3.14 0.01 0.85 -0.72 1
40930 4f1j_A_121 1.0 IV AG -70 -41 -87 60 IIKSLLSTNLPY HHHTTSSSS-S- 5.80 3.25 0.00 0.85 -0.33 0
22127 5giz_A_263 1.3 IV AG -57 -41 -92 56 ATPGFGATPAGR HSTTTTTSHHHH 5.82 3.24 0.00 0.81 -0.60 1
12265 1eu1_A_652 1.4 IV AG -63 -39 -91 51 LHSQLNGTSLRD BTTBTTTSGGGG 5.38 3.43 -0.03 0.84 -0.85 1
81693 4jdn_A_139 1.7 I AG -63 -33 -101 42 FTPSNIETLLGG B-TTTTTSS-SS 5.27 3.56 0.02 0.71 -1.65 1
60626 2wyh_A_285 1.8 IV AG -56 -36 -103 51 GEITSQETDGWY S-BS-TTS-SSS 5.71 3.35 -0.03 0.79 -0.87 1
39172 5xly_A_53 2.1 VIII AB -82 -6 -80 112 ELVQRIQTQRGG HHHHHTS--SSS 6.80 2.64 0.03 0.98 0.28 0
10183 4nno_A_91 2.3 IV NG -83 -61 -92 52 YNGLNLETGNGW E--TTSS-GGGH 5.76 3.37 0.10 0.59 -0.27 0
110538 1yt3_A_134 0.8 IV AG -58 -50 -100 70 LDKSESRTDWLA ---TTTTS-TTS 5.62 3.52 -0.03 0.65 -0.61 0
8653 5edf_A_78 1.5 IV AG -72 -14 -102 58 YGYLARYTQDNA GGG-TTSEETTT 5.96 3.13 -0.01 0.88 -0.26 0
95791 3mjf_A_366 3.2 IV PG -118 -97 -81 75 GKVFHAGTKLNG EEEEESSEEE-T 6.38 3.49 0.11 0.43 -0.03 0
110295 5i6k_A_225 1.8 IV AG -60 -35 -101 48 NGAVGALTGDHA TTSTTTTSGGG- 5.35 3.44 -0.02 0.72 -1.14 1
82484 5jda_A_247 1.9 IV AG -80 -24 -90 68 IPWDYDATWGRD EE----S-TTB- 6.27 3.00 0.04 0.91 -0.07 0
42824 3pl8_A_90 2.5 I AG -80 -5 -88 44 IGAHKKNTVEYQ TT--TT-SHHHH 6.87 2.57 -0.00 0.94 -0.27 0
20848 4nf0_A_38 0.9 I AG -63 -28 -94 38 SHVVSDDTPKGK E-SS-TTSHHHH 5.99 3.12 -0.02 0.85 -0.67 1
61880 3nsx_A_480 1.1 IV AG -67 -60 -76 60 RDHAAEGTREQE EEEE-SSB---- 5.67 3.40 0.10 0.75 -0.44 0
50009 4g3n_A_795 1.5 I AG -58 -43 -99 44 VRKAGRQTKGVR S-B--TT---EE 5.51 3.47 -0.02 0.69 -1.12 1
54820 2dyo_A_40 1.5 IV AG -71 -34 -93 70 RIRVPRETYLVN EEEEESSS-GGG 5.85 3.22 -0.10 0.83 -0.34 0
11624 3c9h_A_308 1.9 IV AG -77 -34 -86 62 PEVAGENTANTM TT--SSSBHHHH 6.10 3.21 0.04 0.82 -0.33 0
51414 5ezu_A_67 1.3 VIII AG -55 -45 -99 76 RGVLPEETNIGC EEE--SS-EEEE 5.79 3.37 -0.03 0.74 -0.28 0
19167 4z80_A_385 1.3 IV AG -61 -28 -106 58 MVYVTSHTRPDH EEEE-TT--TTH 5.64 3.33 -0.07 0.79 -0.76 1
96980 3dlq_R_48 1.5 IV AG -61 -14 -100 45 GPEGTPDTVYSI -TT--SSEEEEE 6.08 3.18 0.00 0.79 -0.26 0
30768 2akz_A_37 2.0 IV NG -102 -57 -89 82 AVPSGASTGIYE E--B-SS--TTS 5.48 3.45 0.06 0.70 -0.21 0
41785 3emf_A_103 1.3 IV AG -48 -47 -84 48 KLLVEDNTAATV SBSS-TTSB-BH 5.87 3.17 0.02 0.85 -0.68 1
50016 4g3n_A_694 1.6 IV AG -71 -51 -89 65 LRPMGRATSGVQ S-B--SSS--EE 5.95 3.34 0.04 0.77 -0.39 0
26157 5exe_C_41 1.9 IV AG -77 -23 -89 62 AKAAGPNTIFIG HHHH-SSEEEEE 6.52 2.97 0.09 0.84 0.01 0
51672 4dd5_A_60 2.6 IV NG -108 -56 -91 74 SLLGGVLTAGLG EEEE-S--TTS- 6.54 3.24 0.11 0.65 -0.17 0
2981 4q3o_A_326 0.7 IV AG -85 -11 -97 57 DYLVSHQTPESQ HHHHT-SSHHHH 6.53 3.04 0.04 0.84 -0.24 0
7074 5hj9_A_252 0.9 IV AG -76 -43 -79 76 DPLYVPATGTPV -TTT--S-SS-- 6.81 2.92 0.03 0.86 -0.09 0
48783 3wh2_A_172 1.0 IV AG -75 -25 -83 58 GEPNNIATLEDC T-----SSSSEE 6.64 2.86 0.07 0.87 -0.08 0
99001 1gvn_B_255 1.5 IV AG -65 -33 -82 64 VLNKHQETPEFK HHTT--SSHHHH 6.29 3.04 0.00 0.88 -0.15 0
8352 4usr_A_328 1.6 IV AG -66 -26 -92 45 WTGMASATLIGV GGSTTTTSHHHH 5.77 3.29 -0.01 0.88 -0.95 1
35828 3fpc_A_89 1.7 IV AG -79 -15 -104 68 AITPDWRTSEVQ SB---SSSHHHH 6.70 3.00 -0.01 0.81 -0.18 0
94632 5y90_A_143 2.0 IV AG -70 -14 -100 61 LGEMGSGTCGQV EEEE--SSSSEE 6.61 2.96 -0.10 0.88 -0.29 0
59829 3nce_A_138 1.4 I AG -58 -26 -97 35 VSQVHPETKENE HHHH-TT----- 5.86 3.41 0.04 0.76 -1.66 1
13375 5lf2_A_568 1.4 IV AG -57 -38 -88 83 RPFLDHLTWEAE B--TT-SEEEGG 6.28 3.06 -0.03 0.88 0.05 0
61884 3nsx_A_443 1.5 IV AG -106 -31 -84 90 NMCGFMYTGADL HHTT--SEEE-- 6.81 3.03 0.04 0.80 -0.09 0
85247 4jbe_A_312 1.3 IV AG -59 -33 -83 59 LDSEREATVTVA G-GGG-SEEEEE 6.10 3.05 0.02 0.90 -0.13 0
77699 4d9i_A_377 2.8 IV PG -94 -150 -77 71 VISTEGDTDVKH EEE-B--SSHHH 7.00 3.22 0.12 0.35 0.07 0
103173 4xpz_A_477 0.9 IV AG -72 -23 -92 70 LIAAKIRTEKVK EEES-S-SHHHH 6.75 2.88 -0.05 0.84 -0.19 0
113363 1cs0_A_50 1.0 I AG -70 -20 -84 36 LVNSNPATIMTD EE-S-SS-GGG- 6.23 2.92 0.05 0.87 -0.47 0
37131 4bu0_A_51 1.2 IV AG -98 -19 -91 64 LIAGDFDTPKYK EEES-SSSHHHH 6.93 2.77 0.01 0.90 -0.13 0
113876 5lwa_A_851 1.3 IV AG -77 -22 -82 66 ALFGPSDTIKRI EEES-SS-SEEE 6.27 2.85 0.03 0.99 0.00 0
105599 1o69_A_78 1.9 VIII AG -76 -41 -89 91 IVLASSFTFIAS EEEEESSS-GGG 6.16 3.12 -0.02 0.85 -0.09 0
76158 3gve_A_51 0.5 IV AG -60 -31 -86 71 HREQNPNTLLVD HHHH-SSEEEEE 6.09 3.10 -0.01 0.89 -0.03 0
68376 1h72_C_285 1.2 IV AG -52 -36 -85 79 LRDYYENTIRTE HHHH-S-EEEE- 6.25 3.05 -0.04 0.84 0.10 0
16122 2tps_A_159 1.5 IV AG -72 -50 -97 52 PTETKKDTRAVQ ---SSSS----- 6.42 3.26 0.04 0.59 -0.39 0
104097 1juh_A_118 1.8 IV AG -54 -42 -110 66 FQIQDPDTEMTG EEE-STTEEEEE 5.56 3.54 -0.01 0.64 -0.71 1
93584 4oj5_A_278 1.3 IV AG -83 -10 -85 58 YDPVDKNTAAIS E--S--SSEEEE 6.49 2.83 0.05 0.96 -0.03 0
104089 1juh_A_195 1.4 I AG -62 -27 -87 44 NGTAPANTVWHT TTEESSSS-SSS 6.26 3.10 0.02 0.84 -0.51 1
27989 4fnv_A_229 0.7 IV AG -83 -11 -86 83 FKNSVNFTPEWL HTTSTTS-HHHH 6.56 2.89 0.02 0.97 0.11 0
95795 3mjf_A_237 0.8 IV AG -60 -28 -89 84 YSPAPVVTDDVH EES-TTS-HHHH 6.14 3.09 -0.06 0.90 0.01 0
30670 1odm_A_108 1.2 IV AG -74 -7 -79 80 CYLNPNFTPDHP EE--TT--TTSH 6.94 2.58 0.00 1.00 0.16 0
56708 5nzx_A_844 1.7 VIII AG -68 -14 -85 90 TYCSPEYTFPSQ TT-STT-----H 7.00 2.58 -0.02 0.93 0.13 0
86238 1fpo_A_82 1.7 VIII AB -64 -17 -100 101 DLASEQHTVRDT -TT-SSS--S-H 6.53 3.01 -0.10 0.83 0.15 0
95594 3aof_A_139 1.8 IV AG -72 -16 -80 81 NAPHGNLTPEKW SS--TTS-HHHH 6.21 2.97 -0.00 0.96 0.21 0
54527 2c1v_A_241 1.8 VIII AG -80 -8 -108 94 EVLPAGDTGRFE TTS-TT--BTHH 6.95 2.98 -0.04 0.79 0.03 0
80127 3owr_A_91 1.9 IV AG -76 -12 -84 75 PAAGGKFTEAER ---BTTB-HHHH 6.56 2.80 0.02 0.97 0.13 0
16147 4x2h_A_472 0.4 IV AG -61 -34 -78 80 RHPSLDQTSQWL E---TT-GGGEE 6.17 3.00 -0.01 0.94 0.13 0
26850 1sr4_C_107 0.5 IV AG -68 -18 -83 73 GTTDCKDTDHTV SEEETT-HHHH- 6.46 2.82 0.02 0.96 0.14 0
28621 5gt5_A_24 0.6 IV AG -86 -9 -86 75 GVISESNTAVYK -S--TT-TTTEE 6.78 2.68 0.02 0.99 0.08 0
15663 5lq6_A_183 1.0 IV AG -73 -35 -89 82 QFIDSWKTSNIL EEE-TT-TT-SS 6.27 3.03 0.02 0.88 -0.02 0
25415 2bbh_A_67 1.1 IV AG -54 -24 -79 77 NITGIHRTDVVQ EEE-TT-HHHHH 5.99 2.90 -0.06 1.01 0.21 0
61051 2icy_A_384 1.2 VIII AB -71 -17 -78 105 VTRNKARTNPSN EEE-TT--SSS- 6.45 2.74 -0.04 0.96 0.24 0
33421 3wh1_A_80 1.3 VIII AG -83 -12 -106 93 DYCDTSSTQYPC ----TT--SS-- 6.45 3.02 -0.07 0.89 0.01 0
64939 2nrk_A_105 0.7 IV DG -94 5 -87 67 HIYQFDNTQEIL EEEETT-HHHHH 6.98 2.69 0.04 0.94 0.04 0
89822 2jc9_A_144 0.7 IV AG -65 -13 -87 74 KFIQRDDTERFY SB--TT-TTTEE 6.79 2.67 -0.01 0.96 0.12 0
61543 5l77_A_57 0.9 IV AG -71 -18 -85 74 NYFSGANTQLAG TTSSTT-HHHHH 6.64 2.78 -0.01 0.95 0.05 0
55010 1o98_A_501 1.2 VIII AB -64 -27 -84 98 LPQPKEMTGKSL ----TT-----S 6.64 2.92 -0.04 0.87 0.16 0
85163 3hn0_A_194 1.3 VIII AG -63 -1 -96 79 NHLTDNDTLGFA --SSTT-SS--- 6.96 2.69 -0.07 0.91 0.09 0
37078 3pt1_A_359 1.1 VIII AG -80 -12 -88 91 WNLDANETKYHG GGSSTT--SSSH 6.86 2.83 -0.02 0.91 0.12 0
67625 4ru4_A_581 1.2 VIII DB -90 -4 -88 100 AVLTTNTTQPCN --BSTT--S-EE 6.78 2.88 -0.02 0.96 0.10 0
6122 2dwu_A_159 0.5 VIII AG -80 -17 -90 81 VENRLEDTAYVT HHHSTT-HHHHH 6.59 2.90 -0.01 0.90 0.04 0
28668 3wpc_A_722 0.4 IV DG -88 -6 -90 76 PGFFALATRLRE TTTTTT-TT--E 6.91 2.68 0.03 0.96 0.06 0
539 2z0d_A_157 0.7 IV AG -77 -11 -88 79 KKLAVFDTWSSL HHHHTT-TTT-- 6.91 2.72 -0.01 0.91 0.08 0
15572 5cgq_B_245 0.7 VIII DG -84 -2 -95 90 FADFINDTSVGL HGGGTT-TTSEE 6.71 2.83 0.02 0.95 0.15 0
71341 3m6j_A_29 0.8 IV DG -98 -4 -97 88 LHASIRDTGVSS HHHHTT-HHHHH 6.49 2.98 0.01 0.94 -0.01 0
44700 4bq2_A_108 1.1 IV AG -78 -17 -79 79 PWDWSEFTSASL -B--TT-SSEEE 6.78 2.72 -0.01 0.95 0.08 0
104318 1llf_A_350 1.1 VIII DB -84 -1 -91 105 GLSSLNVTTNAQ HGGGTT--SHHH 6.96 2.72 -0.08 0.94 0.09 0
19176 4z80_A_299 1.2 IV AG -81 -11 -89 87 MKDSSWITGPFE -S--TT--SHHH 6.90 2.70 -0.01 0.93 0.10 0
41259 1i9z_A_627 1.2 VIII DG -89 -6 -101 77 RLLNGKCTSGPG HHHHHT--SS-- 6.61 2.87 -0.05 0.89 -0.07 0
97140 4xb6_D_266 0.8 VIII AB -70 -43 -78 100 RMFVCSDTDYCR EEEEESSHHHHH 6.06 3.15 -0.05 0.91 0.03 0
106460 4ei7_A_65 1.8 IV NG -96 -54 -65 91 NKIEIKNTGNVR HHS---S-SSEE 6.92 2.92 0.02 0.84 -0.08 0
82808 2wxf_A_462 0.9 IV AG -67 -16 -86 69 TVRGNPNTESAA -SS--S-TTTS- 6.68 2.82 0.02 0.93 0.11 0
107765 2yfo_A_539 1.8 IV AB -71 -17 -75 112 QIWCSDNTDAIN EEE-BS---HHH 6.96 2.67 -0.10 0.92 0.17 0
31135 1fkm_A_298 0.5 VIII AB -70 -24 -81 105 IGYLPVNTKRQE TT-S-SBGGGHH 6.80 2.85 -0.04 0.89 0.17 0
72604 4uz1_A_94 0.9 VIII AG -70 -29 -87 96 RLHLLLNTSVTC EEEE-SSTTSB- 5.80 3.28 -0.04 0.89 0.10 0
81775 4xlg_A_242 1.2 VIII AB -66 -24 -82 107 LFAFCRDTSCTF -EEE-SSTTS-- 6.46 3.00 -0.08 0.91 0.21 0
19391 4uqx_A_174 1.4 VIII AB -62 -25 -75 113 AWLADADTRLGP S-EEESSTTTSS 6.91 2.72 -0.09 0.93 0.20 0
48939 4ivn_A_159 1.4 IV DB -103 -7 -75 104 KAIMFEDTHLAA -EEEE--HHHHH 6.64 2.93 -0.04 1.01 -0.02 0
88969 2ibd_A_180 1.6 VIII AB -66 -26 -80 110 YRPGGSVTVDTV --TTSSS-HHHH 6.82 2.93 -0.07 0.88 0.17 0
74400 5xcy_A_373 2.1 IV DG -83 -1 -86 77 GTRPTTNTGSQF -S--BS--S-TT 6.77 2.56 -0.01 1.03 0.10 0
54430 1mtz_A_244 2.3 VIII AG -66 -26 -105 93 VGEYDEVTPNVA EETT-SS-HHHH 5.10 3.43 -0.09 0.88 0.01 0
53827 2gkg_A_9 1.1 VIII DB -88 -10 -80 99 ILIVESDTALSA EEEE-S-HHHHH 6.94 2.73 -0.00 0.96 0.10 0
79361 4j3v_A_853 0.5 VIII AB -69 -19 -78 113 VQVNSSDTLVRK HHHT-S-TTGGG 6.84 2.81 -0.10 0.92 0.16 0
53188 1c1d_A_205 0.9 VIII AB -70 -23 -83 106 LLVADTDTERVA EEEE-S-HHHHH 6.68 2.84 -0.10 0.86 0.10 0
40898 4uf7_A_469 2.1 IV AG -47 -31 -84 82 QSSVSWHTLLQV E---SS--S-EE 6.25 2.83 -0.04 0.98 0.27 0
93225 3g46_A_8 0.6 IV AG -75 -12 -84 76 YDAAAQLTADVK HHHHHT--HHHH 6.92 2.62 -0.02 0.97 0.05 0
60033 5t8c_A_395 1.2 IV AG -56 -12 -83 81 DPKFQKLTQKEI -GGGGS--HHHH 6.81 2.47 -0.11 0.97 0.07 0
61883 3nsx_A_455 1.3 VIII AG -72 -16 -83 96 GGFGDDTTRDLL ---BT-S-HHHH 6.86 2.89 -0.02 0.86 0.20 0
38289 3t2c_A_194 1.0 IV AG -64 -22 -86 78 LLGLIGTTGRYI HHHHHTSTTTEE 5.58 3.16 -0.01 1.00 0.16 0
113666 5e33_A_422 1.4 IV DG -81 -3 -85 69 ATQREKLTFLEE ---STT-TTB-H 6.97 2.55 -0.01 0.95 0.08 0
38332 4pw0_A_182 0.3 VIII AB -63 -34 -75 110 LGRLYERTTDRD HHHHT---SS-- 6.91 2.83 -0.01 0.85 0.25 0
22816 2ghs_A_258 1.6 IV AG -74 -30 -90 71 YEVPGKQTTCPA EE-S-SBEEEEE 6.07 3.16 0.05 0.85 0.00 0
15258 1n93_X_120 2.1 IV AG -45 -48 -64 92 AKFYGEKTTQRD S--S-SS----- 5.91 3.06 -0.02 1.01 0.41 0
39339 4zs9_A_367 2.2 VIII AG -59 -40 -86 97 AITPLKETYFGN -B--BSS--BS- 5.59 3.42 -0.06 0.82 0.13 0
84807 5m45_A_224 1.1 IV AG -74 -49 -91 57 SQRMVRTTRYWM HHHSSS-HHHHH 6.03 3.26 0.03 0.78 -0.28 0
111330 3w20_A_162 1.0 VIII AG -64 -37 -86 95 DVSYGRDTVNWP -TT--SSTTT-S 5.93 3.17 -0.05 0.87 0.06 0
15046 5m12_A_157 1.3 IV AG -68 -22 -83 90 VVLEDPNTPLLL EEEE-S-HHHHH 6.60 3.00 -0.05 0.91 0.11 0
42874 4q98_A_49 0.4 VIII AB -55 -43 -84 98 RAVGDDLTDAKI ---S-SS--B-- 6.53 2.91 -0.04 0.86 0.10 0
101966 5v0z_A_40 0.4 IV DG -82 -1 -82 73 NHTRPSATNKRK HTS-TT-HHHHH 6.97 2.59 0.03 1.00 0.13 0
57798 3fbu_A_126 0.4 IV AG -72 -17 -91 71 ATCQPENTPSYR EEE-TT-HHHHH 6.65 2.74 -0.01 0.94 0.06 0
17912 2r1i_A_139 0.6 IV AG -72 -17 -86 72 INVDGEDTDARR EEEETT-HHHHH 6.95 2.69 -0.03 0.94 0.05 0
26904 3ly7_A_370 1.0 IV AG -75 -21 -83 77 VQSSPEFTYARA HHH-TT-HHHHH 6.77 2.69 0.03 0.95 0.11 0
54955 2f4m_A_215 2.0 IV AB -35 -43 -68 105 ARKLDKGTNVSD HTTSTTS-S--S 6.01 3.01 -0.15 0.99 0.44 0
73227 3bc9_A_183 1.0 IV DG -88 -4 -91 57 IHDVGYGTYDLW GG--S-SEEETT 6.54 2.91 0.05 0.91 0.01 0
15946 5coz_A_217 1.7 IV AG -68 -20 -85 72 YVLDDKNTLIFP EEESTTS-B-S- 6.24 3.00 -0.02 0.95 0.08 0
18386 5eh1_A_165 0.6 IV AG -72 -46 -85 86 SPFDIADTSTAF -SS--S-TTTEE 6.34 3.24 -0.01 0.80 -0.13 0
51620 5xj1_A_283 1.2 VIII AG -81 -18 -108 83 PAFYQVNTEMAE T----S-HHHHH 6.15 3.28 -0.03 0.77 -0.14 0
96171 4ocv_A_55 1.8 VIII AG -68 -25 -93 75 NTGIFPDTVNLM -TTT---HHHHH 6.34 3.09 -0.01 0.83 -0.05 0
23151 3akj_A_89 2.4 IV DG -100 -1 -87 56 VACKDFTTHQYE EEEE----SSEE 6.48 2.78 0.07 0.93 -0.11 0
83445 3qw9_A_75 1.8 VIII DG -84 -6 -91 83 PDRMSDYTIIEN TTS--S-EEEET 6.94 2.61 -0.04 0.96 0.04 0
81047 2o7a_A_112 0.7 IV AG -78 -9 -88 59 ETGVAGFTNSLR HHHHHT-HHHHH 6.64 2.74 0.03 0.96 -0.01 0
10433 2z81_A_146 1.0 IV AG -88 -12 -85 63 TSLFPNLTNLQT S-S-TT-TT--E 6.99 2.69 0.01 0.93 -0.06 0
37553 4a57_A_609 0.2 VIII AG -73 -21 -90 80 ILHHVLFTEEWG HHHHHTSHHHHH 6.45 2.98 0.03 0.96 0.12 0
108707 1uh4_A_222 0.5 IV DG -86 -4 -103 64 PTNHKYDTQDYM SSSS--S-SEEE 5.98 3.04 -0.06 0.95 -0.15 0
48998 3tfj_A_207 1.1 IV NG -102 -41 -86 90 YEVYVENTQSGQ EEEEE-SHHHHH 5.97 3.29 0.07 0.86 -0.13 0
