95783 4bjz_A_81 0.2 I AA -71 -22 -86 -44 IVFRDAITAEVL EEEEETTT--EE 5.57 3.52 -0.05 0.64 0.26 0
38886 1pby_B_307 0.2 IV AN -63 -23 -95 -49 LAAYDAETLEKK EEEEETTT--EE 5.59 3.57 -0.09 0.54 0.28 0
372 2cdu_A_381 0.3 I AA -61 -23 -88 -35 SLVYDPKTRVIL EEEE-TTT-BEE 5.64 3.51 -0.07 0.63 -0.29 0
101289 5ev3_A_293 0.3 I AA -69 -20 -97 -39 NLVKDSATGLSK EEEE-TTT--EE 5.58 3.54 -0.08 0.55 0.15 0
78707 4czx_A_175 0.3 IV AA -72 -16 -90 -45 VNILDPITFTIK EEEE-TTT--EE 5.55 3.55 -0.06 0.60 0.16 0
75997 2fhz_B_77 0.3 IV AA -61 -30 -84 -50 YVVVNDRTGEVT EEEEETTT-BEE 5.59 3.55 -0.06 0.58 0.27 0
24159 1j1t_A_191 0.3 IV AA -64 -26 -82 -53 LQSQDPYTLDKC EE-B-TTT--B- 5.61 3.53 -0.06 0.63 0.26 0
21920 3cai_A_139 0.3 IV AA -72 -18 -87 -47 WAEVDIETGELP EE---TTT---- 5.62 3.58 -0.05 0.58 0.14 0
105333 2xj4_A_147 0.3 IV AN -65 -21 -94 -45 LGTVDPVTLELT TEEE-TTT--EE 5.60 3.56 -0.08 0.54 0.20 0
31294 5u69_A_155 0.3 I AA -69 -18 -96 -40 AWTYDSNTSHPL EEEE-TTT--EE 5.50 3.61 -0.08 0.55 0.13 0
11908 2r2c_A_162 0.3 IV AN -61 -32 -90 -47 AFVYDVQTFEVY EEEEETTT--EE 5.57 3.60 -0.10 0.48 0.28 0
92820 4hdo_A_671 0.3 IV AA -62 -42 -71 -49 LHLLNMETKALL EEEEETTT--EE 5.52 3.54 -0.02 0.59 0.26 0
89439 3dsm_A_84 0.3 IV AN -63 -8 -104 -46 IFAIDINTFKEV EEEEETTT--EE 5.52 3.56 -0.10 0.58 0.11 0
69608 4u1e_I_130 0.3 IV AN -64 -27 -97 -50 EIERDSATHELT EEEE-TTT--EE 5.55 3.60 -0.10 0.46 0.36 0
44941 2fck_A_74 0.4 IV AA -68 -41 -70 -50 FGVFERQTQTLV EEEEETTT--EE 5.74 3.42 -0.00 0.58 0.19 0
15941 5coz_A_371 0.4 IV AA -72 -22 -81 -47 YDVYDAYTGEEY EEEEETTT--B- 5.60 3.53 -0.03 0.60 0.18 0
55512 4bqh_A_340 0.4 IV AA -54 -43 -71 -54 AKEIDDATGELK TT-B-TTT-SBS 5.81 3.48 -0.03 0.56 0.01 0
16336 3k11_A_73 0.4 I AA -66 -21 -90 -42 ARVVDKNTGKVI --EEETTT--EE 5.61 3.51 -0.07 0.57 0.01 0
70882 5b2r_B_1066 0.4 IV AA -69 -34 -79 -48 LIETNGETGEIV SEEE-TTT--EE 5.69 3.50 -0.03 0.58 0.27 0
67171 4fgq_A_113 0.4 I AN -65 -17 -99 -43 NYETDPITGASD EE---TTTSS-- 5.55 3.50 -0.09 0.60 0.16 0
70595 4ic4_A_874 0.4 IV AA -64 -31 -74 -50 QSLANETTHETI TEEEETTT--EE 5.60 3.47 -0.02 0.67 0.20 0
103017 3azo_A_271 0.4 IV AN -56 -15 -104 -56 LHRVDPATGAAT EEEE-TTT--EE 5.54 3.61 -0.13 0.51 0.31 0
112675 5b66_B_125 0.4 IV AA -57 -28 -81 -46 ELFRDPRTGEPA GGGB-TTT-SB- 5.52 3.50 -0.06 0.65 -0.10 0
106017 3gkj_A_131 0.4 I AA -56 -33 -87 -43 EDYVDPVTNQTK EEEE-TTT--EE 5.59 3.57 -0.06 0.56 0.13 0
32665 1l3k_A_48 0.4 IV AN -65 -25 -103 -46 VVMRDPNTKRSR EEEE-TTT--EE 5.51 3.58 -0.11 0.43 0.37 0
97860 3tw0_A_497 0.4 IV AN -72 -20 -86 -55 VYPFDPKTKKVS -B-B-TTT--B- 5.54 3.56 -0.09 0.56 0.35 0
96559 5xbf_A_2039 0.4 IV AN -65 -27 -82 -55 VLLIHPKTKDLL EEEE-TTT--EE 5.71 3.51 -0.05 0.59 0.22 0
19127 1zps_A_30 0.4 IV AN -59 -22 -101 -47 AVAQDHETGEVL EEEEETTT--EE 5.57 3.59 -0.13 0.50 0.29 0
31934 3nyt_A_105 0.4 IV AN -68 -18 -96 -49 YVDIDPRTYNLD EE-B-TTT-SB- 5.66 3.55 -0.05 0.57 0.31 0
93061 1gp0_A_1520 0.4 I AD -56 -21 -102 -4 CQVTNPSTGHLF -EEE-TTT--EE 5.78 3.46 -0.06 0.67 -1.47 1
54775 5f30_A_230 0.4 I AA -69 -36 -77 -40 CAEFDRETDMVR EEEEETTT--EE 5.73 3.44 -0.01 0.59 0.09 0
92590 3s8s_A_128 0.4 IV AN -65 -27 -99 -53 EILLHPRTRKHL EEEE-TTT--EE 5.56 3.66 -0.10 0.41 0.40 0
49473 5u7f_A_18 0.4 I AA -62 -42 -72 -45 VVIYAQDTKRVL EEEEETTT-EEE 5.76 3.43 -0.02 0.66 0.11 0
103682 3a07_A_91 0.4 IV AA -69 -33 -77 -53 GTVRNAQTGRCL S--EETTT--EE 5.42 3.57 -0.08 0.56 0.38 0
94863 3kxw_A_385 0.5 IV AN -72 -16 -98 -52 VKIIDPDTLIPC EEEE-TTT--B- 5.66 3.59 -0.07 0.52 0.31 0
30245 4qo5_A_322 0.5 I AN -69 -21 -102 -42 SLLVNPVTGEVI --EE-TTT--EE 5.53 3.63 -0.07 0.47 0.28 0
92918 1dp4_A_382 0.5 I AA -55 -24 -89 -19 LWDMDPETGAFR EEEE-TTT--EE 5.71 3.39 -0.04 0.71 -1.21 1
76086 2d1s_A_377 0.5 IV AN -59 -29 -97 -51 AKVIDLDTKKSL EEEE-TTT--B- 5.50 3.65 -0.12 0.43 0.38 0
110978 5kay_A_98 0.5 IV AA -47 -49 -69 -51 AAPFDQATGGYH S-SB-TTT--B- 5.89 3.46 -0.02 0.58 0.04 0
101269 5bo7_A_327 0.5 IV AN -64 -26 -94 -48 PFGFDPNTREDL -SSB-TTT--B- 5.58 3.61 -0.06 0.49 0.30 0
78496 1mnn_A_80 0.5 IV AN -50 -37 -105 -45 CPVVESHTGRTL S-EEETTT--B- 5.90 3.65 -0.03 0.34 0.27 0
77358 5c17_A_123 0.5 IV AN -66 -17 -94 -62 IHSRCAYTGEPI EEEE-TTT--EE 5.53 3.58 -0.15 0.53 0.39 0
75178 5u47_A_316 0.5 I AA -63 -28 -82 -36 RPTYNSDTLEGQ ES---TTT-TTT 5.58 3.49 -0.01 0.67 -0.15 0
52673 2zux_A_434 0.5 I AA -63 -35 -83 -40 LSFRDAATGKIL EEEEETTT--EE 5.65 3.51 -0.05 0.57 0.04 0
97572 2x2u_A_89 0.5 I AA -57 -33 -90 -37 WIRIQEDTGLLY SEEE-TTT-EEE 5.56 3.51 -0.07 0.49 -0.01 0
6092 4rsc_A_451 0.5 I AA -72 -14 -90 -39 LCKLNVKTKETW EEEEETTT--EE 5.64 3.54 -0.07 0.67 -0.08 0
101666 4ysl_A_26 0.5 IV AN -60 -21 -82 -63 YLVMDRETRQCA EEEEETTT-EEE 5.80 3.40 -0.10 0.66 0.25 0
35471 1mo9_A_458 0.5 IV AN -59 -31 -90 -50 KIVIDAKTRKVL EEEEETTT-BEE 5.70 3.56 -0.09 0.53 0.29 0
71917 2guf_A_488 0.5 IV AN -67 -19 -87 -57 VDARNAITDTPL EEEEETTT--B- 5.71 3.48 -0.05 0.59 0.22 0
24108 5j53_A_143 0.6 IV AN -69 -18 -92 -52 ALVMDPATMETF -EEE-TTT--EE 5.61 3.54 -0.08 0.59 0.31 0
88529 2v8i_A_240 0.7 IV AN -62 -28 -90 -52 VLPRDAKTGLGV TTTS-TTT---- 5.49 3.61 -0.10 0.52 0.30 0
42552 3gq8_A_182 2.1 I AA -65 -31 -97 -40 MYNENVTTGNEN EEES-TTT--EE 5.90 3.48 -0.07 0.53 0.19 0
20015 5dkx_A_793 0.2 I AA -58 -32 -94 -42 EVYYDYFTYDII S-EEETTT-BEE 5.49 3.54 -0.10 0.53 0.20 0
59592 3c8c_A_188 0.3 I AA -63 -38 -81 -40 TPVKDSATGQFL EEEE-TTT--EE 5.49 3.57 -0.04 0.56 0.13 0
15840 3w7t_A_730 0.3 I AA -68 -19 -92 -32 QENYNPLTGAQQ -SEE-TTT--EE 5.51 3.58 -0.04 0.61 -0.21 0
82155 4xpq_A_600 0.3 I AA -58 -34 -88 -44 GKWYDFYTGEYA EEEEETTT--EE 5.57 3.49 -0.07 0.56 0.16 0
66801 1w6s_A_284 0.3 I AA -64 -35 -87 -31 IFGRDADTGEAK EEEEETTT--EE 5.74 3.58 -0.05 0.60 -0.03 0
45712 4a7k_A_807 0.3 IV AA -69 -33 -77 -54 YEIAHAKTGSLV EEEEETTT--EE 5.68 3.53 -0.06 0.55 0.30 0
66815 1w6s_A_137 0.3 I AA -68 -26 -83 -39 VAALNAETGETV EEEEETTT--EE 5.59 3.59 -0.03 0.62 -0.08 0
88142 3i8b_A_22 0.3 I AA -63 -34 -81 -37 VRVTDAETGELV EEEEETTT--EE 5.49 3.49 -0.05 0.60 -0.06 0
105355 2bay_A_38 0.3 IV AA -76 -13 -89 -45 DTGNDPITNEPL HHSB-TTT--B- 5.74 3.52 -0.04 0.64 0.09 0
113900 4eiu_A_40 0.3 I AA -46 -40 -77 -35 GEVVDEATGKRV EEEEETTT--B- 5.57 3.42 -0.06 0.72 -0.56 1
575 4i0o_A_58 0.3 I AD -63 -22 -103 -20 LEVVNSLTGERL EEEEETTT--EE 5.56 3.54 -0.07 0.54 -0.55 1
9129 3fs8_A_229 0.4 IV AN -64 -21 -96 -58 RKIKNKITGEQV GG-B-TTT--B- 5.31 3.66 -0.13 0.50 0.46 0
18541 5aeg_A_637 0.4 I AA -58 -33 -96 -25 DNWVHAWTGEAF S-EEETTT--EE 5.81 3.43 -0.02 0.56 -0.38 0
2488 5l44_A_514 0.4 IV AA -64 -32 -88 -47 NYARHWQTGDPM HH-B-TTT--B- 5.58 3.66 -0.07 0.48 0.20 0
25057 2ywv_A_204 0.4 IV AN -58 -34 -86 -59 CRLWDAKTNEKL EEEEETTT--B- 5.65 3.57 -0.10 0.50 0.36 0
36449 1gxm_A_599 0.4 I AN -56 -38 -101 -39 YRFYDLNTNRGF ESEE-TTT--B- 5.54 3.59 -0.10 0.41 0.31 0
105257 5lql_A_113 0.4 IV AA -66 -31 -82 -50 LICIKEDTFKPI EE-EETTT--B- 5.63 3.39 -0.06 0.62 0.18 0
56303 3vgz_A_75 0.4 IV AN -59 -24 -100 -47 VYRLDPVTLEVT EEEE-TTT--EE 5.59 3.61 -0.09 0.49 0.30 0
85494 4msx_A_48 0.4 IV AN -73 -6 -99 -52 SEKICCITLSPL S----TTT---S 5.60 3.60 -0.12 0.58 0.27 0
66773 1w6s_A_500 0.4 I AA -60 -33 -88 -28 LKARDSDTGDLL EEEEETTT--EE 5.67 3.60 -0.04 0.56 -0.39 0
110700 1qks_A_272 0.4 I AA -69 -12 -105 -28 YVIMDGETLEPK EEEEETTT--EE 5.56 3.56 -0.07 0.57 -0.17 0
37670 5u7a_A_117 0.4 I AA -66 -21 -99 -25 VSSHCAATGAPV EEEE-TTT--EE 5.44 3.47 -0.07 0.61 -0.22 0
79496 3pfe_A_247 0.4 I AA -68 -23 -84 -37 SRIEDENTGEIK HHHB-TTT--B- 5.70 3.43 -0.03 0.67 -0.15 0
18760 1mix_A_341 0.4 IV AN -64 -33 -92 -47 VMRVDEKTKEVI EEEEETTT--EE 5.52 3.62 -0.09 0.49 0.38 0
83164 4p04_A_537 0.4 I AA -64 -40 -77 -40 LNEIDYKTKEVK EEEEETTT--EE 5.58 3.47 -0.04 0.57 0.05 0
43805 4ayo_A_170 0.4 IV AA -65 -30 -86 -48 WRYVNLRTGAVS -SEEETTT--EE 5.46 3.64 -0.09 0.49 0.25 0
61746 5m45_B_359 0.4 IV AN -64 -24 -98 -46 FIRLDPYTRAIK EEEE-TTT--EE 5.53 3.69 -0.11 0.46 0.35 0
23798 1nr0_A_133 0.5 I AA -57 -34 -91 -18 GHVFLFDTGTSN EEEEETTT--B- 5.64 3.50 -0.01 0.63 -0.75 1
96157 4ocv_A_217 0.5 IV AN -68 -22 -100 -52 NILMDATTGKAR GEEEETTT--EE 5.50 3.68 -0.11 0.43 0.39 0
109194 3lo8_A_120 0.5 IV AA -64 -25 -87 -45 AVYYDPETGKED -----TTT---- 5.34 3.54 -0.06 0.53 0.33 0
27088 5a0n_A_81 0.5 IV AN -71 -23 -93 -59 LTVITSDTHENS T-EEETTT--EE 5.78 3.48 -0.10 0.53 0.34 0
65833 4cvb_A_386 0.5 I AA -69 -30 -86 -43 AWQFDAKTGDYF EEEEETTT--EE 5.59 3.54 -0.06 0.56 0.17 0
100306 4c5k_A_45 0.5 I AA -63 -24 -97 -32 IVTMDKDTWSHD EEEE-TTT--EE 5.60 3.53 -0.09 0.55 -0.06 0
43796 4ayo_A_296 0.5 I AN -67 -19 -101 -41 FPMVDFETGAVT ---EETTT--B- 5.44 3.66 -0.10 0.45 0.21 0
43048 3hgu_A_298 0.5 IV AN -62 -31 -96 -56 YDVVDSITAQTV EEEE-TTT-SB- 5.33 3.69 -0.12 0.45 0.49 0
16259 4z0g_A_241 0.5 IV AN -74 -25 -94 -51 LASKSADTKQLL T--B-TTT--B- 5.75 3.55 -0.09 0.51 0.35 0
80129 3owr_A_54 0.6 IV AN -67 -27 -98 -50 SGDKDAITGENI EEEE-TTT--EE 5.49 3.67 -0.09 0.43 0.39 0
110074 3pe7_A_16 0.6 I AN -62 -30 -102 -39 DTYQDASTGAQV EEEE-TTT--EE 5.49 3.66 -0.09 0.41 0.23 0
25903 4ajy_V_121 0.6 I AA -66 -33 -83 -31 WLFRDAGTHDGL EEEEETTT--B- 5.57 3.55 -0.03 0.55 -0.23 0
40183 1iuq_A_239 0.6 IV AN -63 -29 -87 -61 RDRPDPSTGEWY ---B-TTT--B- 5.34 3.68 -0.11 0.49 0.50 0
98306 2fba_A_459 0.6 IV AN -65 -19 -93 -50 NEQLNRYTGYST -SEE-TTT--EE 5.60 3.58 -0.10 0.53 0.16 0
62579 3dxe_A_594 0.7 IV AN -40 -65 -94 -46 LTILHQQTEAVL EEEEETTT--EE 5.91 3.57 0.01 0.31 0.31 0
55923 4wu0_A_188 0.7 IV AA -63 -26 -87 -45 EPWSNSETGLSP STTS-TTT-B-S 5.44 3.56 -0.10 0.53 0.07 0
39770 4ybg_A_121 1.0 I AD -62 -47 -105 -14 YFTKALTTDVYV EEEE-SSSS-EE 5.51 3.63 -0.04 0.37 0.12 0
8089 5upi_A_142 1.5 I AA -61 -24 -93 -15 FTIKHSGTANFE EEEEETTBS--S 5.87 3.38 -0.04 0.67 -1.25 1
28864 4pj2_A_44 1.8 I AA -67 -35 -85 -19 GRGEPASTGSYD -TT--SSSEEEE 5.88 3.27 -0.03 0.66 -0.32 0
76362 2v3i_A_198 2.1 I AD -64 -14 -111 -3 PSSNNANTGIGG E-TT-TT-EE-S 5.75 3.42 -0.10 0.58 -1.29 1
90422 1o7j_A_170 2.2 IV AN -56 -37 -138 -8 ITKTNASTLDTF -EE-BSS-TT-E 6.15 3.46 -0.15 0.28 0.03 0
81956 1uf5_A_47 2.6 I AD -76 -1 -104 -8 VFPELALTTFFP E--TTTTS--GG 6.14 3.27 -0.01 0.74 -0.95 1
28505 3v9w_A_30 1.0 I AA -65 -22 -90 -26 TAGFNAKTDALL ESSS-TTTB-EE 5.64 3.45 -0.04 0.64 -0.76 1
68241 5m0n_A_358 1.1 I AA -61 -40 -87 -35 QGGGDYWTNHRC T--S-TTTS--- 5.63 3.43 -0.04 0.57 0.10 0
99070 1yi9_A_102 1.3 IV DN -66 25 -98 -77 KPRASMDTVHHM EEE--TTTEEEE 5.85 3.46 -0.24 0.69 -0.13 0
109395 2cib_A_380 2.1 I AD -55 -31 -103 -5 EDLLNRWTWIPF HHHH-TTT--TT 5.39 3.57 -0.05 0.58 -0.97 1
111540 3u52_A_365 2.3 I AD -66 -25 -94 -12 MSEKYPDTFDKY HHHHSTTTHHHH 5.67 3.57 -0.00 0.60 -1.06 1
56348 4hat_B_116 0.2 I AA -74 -18 -91 -35 KFLKNKKTNKVR EEEEETTT--EE 5.58 3.54 -0.03 0.62 -0.09 0
76859 3f8d_A_229 0.3 I AA -66 -27 -87 -40 VVVENLKTGEIK EEEEETTT--EE 5.53 3.52 -0.05 0.63 0.11 0
103969 1nnw_A_211 0.3 IV AA -64 -33 -78 -54 FALVDVDTLKPK EEEEETTT--EE 5.65 3.55 -0.07 0.61 0.26 0
18704 5ng9_A_65 0.4 IV AN -64 -27 -91 -52 YGARDADTKIWN ---B-TTT--B- 5.63 3.53 -0.09 0.55 0.32 0
110710 1qks_A_183 0.4 I AN -68 -15 -106 -40 IALIDGSTYEIK EEEEETTT--EE 5.60 3.59 -0.08 0.51 0.23 0
103684 3a07_A_53 0.4 IV AA -62 -43 -69 -56 VTIRNAQTGRLL E-EEETTT--EE 5.57 3.50 -0.05 0.57 0.30 0
105915 3vla_A_16 0.4 I AA -64 -41 -73 -42 PVKKDASTLQYV EEEE-TTT--EE 5.77 3.40 0.00 0.60 0.01 0
76507 4qmd_A_1908 0.4 IV AN -61 -24 -94 -56 TGIEDPVTKKRL H-EE-TTT--EE 5.52 3.62 -0.11 0.50 0.35 0
71478 1gqe_A_335 0.4 IV AN -70 -17 -90 -51 SRIKDLRTGVET TEEEETTT--EE 5.68 3.51 -0.08 0.62 0.25 0
102520 3mal_A_109 0.4 I AA -65 -41 -75 -37 IRLQHMKTRKWL EEEEETTT--EE 5.76 3.41 -0.01 0.63 -0.01 0
7335 3kxt_A_43 0.4 I AA -66 -20 -98 -36 GLFKDPETGKYF EEEE-TTT--EE 5.59 3.57 -0.10 0.53 0.03 0
47690 3pms_A_69 0.4 I AA -69 -26 -94 -39 VYVKNKTTGEWY EEEE-TTT--EE 5.62 3.56 -0.09 0.54 0.20 0
80633 3sre_A_274 0.4 IV AA -73 -17 -82 -48 NISVDPVTGDLW EEEE-TTT--EE 5.79 3.36 -0.04 0.69 0.01 0
69065 5llj_A_255 0.4 I AA -66 -33 -78 -37 IVVKDRGTDRYL EEEEETTTTEEE 5.54 3.44 -0.03 0.67 0.03 0
111746 4h5i_A_200 0.4 I AA -84 -6 -92 -43 LEVISTVTGSCI EEEEETTT--EE 5.57 3.40 -0.07 0.73 0.25 0
31553 4fx5_A_407 0.5 IV AA -63 -26 -75 -57 VTEVDPATSKVR TEEE-TTT--EE 5.81 3.42 -0.03 0.67 0.08 0
16464 3n0k_A_102 0.5 I AN -67 -27 -102 -39 FTVVNASTEHGW EEEEETTT--EE 5.43 3.64 -0.11 0.46 0.39 0
13728 2x8t_A_199 0.5 I AA -70 -14 -95 -37 ILEMNPKTGFPL EEEB-TTTSSB- 5.59 3.50 -0.07 0.62 -0.17 0
98477 4i4o_A_17 0.5 IV AA -58 -49 -86 -50 FRLRARDTGYVI EEEEETTT--EE 5.79 3.48 -0.06 0.47 0.36 0
36930 4iya_A_272 0.5 IV AA -70 -24 -81 -54 KYEVNWKTHEIK EEEEETTT--EE 5.65 3.55 -0.06 0.67 0.26 0
22253 3hrp_A_267 0.5 I AN -72 -16 -98 -44 FGRFNVKTQEVT EEEEETTT--EE 5.49 3.66 -0.05 0.53 0.22 0
29329 5nj9_B_382 0.5 I AA -61 -38 -89 -24 GQGVSAITGDYS S--B-TTT-EEE 5.50 3.46 -0.07 0.66 -0.09 0
6111 4rsc_A_156 0.5 IV AN -74 -13 -92 -46 ITKVNPETLETI EEEE-TTT--EE 5.70 3.48 -0.06 0.61 0.08 0
92602 2rci_A_69 0.5 IV AN -67 -19 -103 -52 QGAIDPLTLNFN GGGB-TTT--B- 5.78 3.58 -0.11 0.44 0.32 0
97660 5e7h_A_425 0.5 I AA -68 -20 -89 -43 YVPVSSFTGKTE E----TTTSS-- 5.38 3.47 -0.13 0.69 0.18 0
68959 5oav_A_123 0.6 I AA -73 -11 -89 -45 WLAHSLTTGRTG EEEEETTT--EE 5.43 3.45 -0.14 0.73 0.18 0
102515 3mal_A_167 0.6 I AA -57 -51 -72 -34 VRLQHIDTSGYL EEEEETTT--EE 5.81 3.40 0.02 0.62 -0.02 0
50325 5ltj_A_75 0.6 I AA -70 -17 -91 -24 DSDINPWTGQRH TSSB-TTT-SB- 5.59 3.43 -0.03 0.69 -0.58 1
45421 4lgy_A_274 0.6 I AA -60 -35 -82 -42 RYFADHNTGRYD EEEE-TTT-BEE 5.54 3.45 -0.05 0.56 0.21 0
19909 4lg8_A_334 0.6 I AA -61 -38 -78 -34 WAFSDIQTGRVL EEEEETTT--EE 5.83 3.31 -0.01 0.69 -0.15 0
84361 3fid_A_238 0.7 IV AN -63 -44 -107 -47 LQGKTLQTKMET HHS-BTTT---- 5.86 3.66 -0.05 0.35 0.36 0
65736 4ozu_A_274 0.8 I AA -67 -17 -87 -35 YPIFDETTGMLY EEEE-TTT-EEE 5.83 3.30 -0.05 0.73 -0.48 0
94072 1b25_A_82 0.9 I AA -76 -19 -84 -43 VAAKSPLTGGYG EEEE-TTTSSEE 5.41 3.50 -0.09 0.71 0.29 0
15008 3uxj_A_194 1.1 IV AA -46 -70 -76 -45 LKSNCLITNQPD EEEEETTT--EE 5.94 3.43 0.03 0.37 0.18 0
31335 4wka_A_292 1.3 I AN -67 -25 -106 -43 SGTPGPFTKEGG E----TTT--TT 5.26 3.71 -0.12 0.39 0.46 0
112860 4c3s_A_434 1.9 I AA -59 -39 -80 -39 TFTIASRTGEGL -S-EETTTS-EE 5.70 3.41 -0.02 0.61 -0.10 0
45490 5hsx_A_202 0.3 I AA -68 -19 -104 -34 LVRVHPETGERA SEEE-TTT--EE 5.59 3.61 -0.07 0.48 0.17 0
104241 1ae9_A_233 0.3 IV AA -56 -44 -76 -48 LYVEQSKTGVKI EEEE-TTT--EE 5.58 3.55 -0.05 0.58 0.24 0
98430 4ro3_A_19 0.3 I AA -72 -19 -98 -34 NEAVNKQTGEVV SEEEETTT--EE 5.44 3.60 -0.07 0.57 0.20 0
40753 3llp_A_299 0.3 I AA -63 -46 -90 -25 QLEIDRDTKKCA EEEE-TTT--EE 5.63 3.49 -0.03 0.50 0.15 0
29956 2xlk_A_148 0.3 I AA -81 -17 -84 -41 VTLRSQSTGQHF EEEE-TTT--EE 5.56 3.46 -0.06 0.70 0.16 0
58195 3d06_A_208 0.3 I AN -67 -24 -100 -42 EYLDDRNTFRHS EEEE-TTT--EE 5.50 3.67 -0.08 0.45 0.32 0
44717 4pxw_A_1281 0.4 IV AA -68 -27 -77 -48 TEIWDLRTFHLL TEEEETTT--EE 5.63 3.48 -0.04 0.66 0.14 0
40363 5ah1_A_339 0.4 IV AA -73 -10 -84 -46 ATKESILTGHSV -EEE-TTTS-EE 5.78 3.37 -0.07 0.72 -0.20 0
78593 2uxw_A_269 0.4 IV AN -60 -27 -88 -51 TPVTDPATGAVK EEEE-TTT--EE 5.67 3.54 -0.08 0.54 0.15 0
67226 3iag_C_278 0.4 IV AN -67 -14 -104 -50 VKLVCSVTGMAL EEEEETTT--B- 5.54 3.56 -0.12 0.53 0.37 0
9339 4qfl_A_68 0.4 I AN -70 -21 -101 -43 LISIDPVTAEFK SEEE-TTT--EE 5.54 3.58 -0.10 0.51 0.33 0
20127 2yic_A_917 0.4 I AN -61 -28 -101 -42 AVIVDRKTGEEF SSEE-TTT--EE 5.44 3.68 -0.14 0.50 0.35 0
53424 3fm0_A_261 0.4 IV AA -67 -21 -85 -49 DIAWCQLTGALA EEEE-TTT--EE 5.43 3.53 -0.10 0.59 0.12 0
38093 4kt3_B_105 0.5 I AA -64 -30 -97 -20 LFSVSLNTGDTW EEEEETTT--EE 5.47 3.46 -0.09 0.62 -0.09 0
70954 5gk1_A_56 0.5 IV AN -69 -28 -79 -62 HYALDPETGEAT --SB-TTT--BS 5.41 3.63 -0.09 0.55 0.43 0
73721 5h28_A_193 0.5 I AN -64 -21 -98 -44 INGMDPETGDTV TTS--TTT---H 5.58 3.61 -0.07 0.53 0.26 0
91645 2gu3_A_149 0.5 IV AN -56 -41 -87 -53 LSYVDFTTGKIL EEEEETTT--EE 5.39 3.60 -0.12 0.48 0.47 0
27155 2co3_A_78 0.5 I AA -61 -39 -90 -30 WRVAGKNTGKEI EEEE-TTT--EE 5.39 3.58 -0.07 0.52 0.24 0
21087 3hut_A_361 0.5 IV AN -61 -25 -96 -54 ITRFDPETRETT EEEE-TTT--EE 5.34 3.66 -0.13 0.50 0.44 0
102929 4bhr_A_58 0.6 IV AN -73 -23 -88 -49 EAERDPTTGALP HHTS-TTT---- 5.62 3.53 -0.08 0.58 0.35 0
76496 3hj4_A_122 0.6 IV AN -63 -16 -100 -57 VQFTDGVTGIHC EEEE-TTT--EE 5.60 3.60 -0.17 0.52 0.33 0
14376 4j7h_A_70 0.6 I AA -66 -47 -82 -38 QWWFEGVTGNLV SEEE-TTT--EE 6.17 3.43 0.07 0.44 0.12 0
107761 2yfo_A_572 0.9 I AA -72 -18 -99 -30 SAVPNHQTGRVT E-SS-TTT---- 5.58 3.60 -0.07 0.55 -0.17 0
7871 3klk_A_772 1.3 IV AA -73 -39 -77 -48 WIYFDKDTGAGT EEEE-TTT--EE 6.16 3.37 -0.01 0.61 0.23 0
80914 5bnz_A_200 1.6 I AN -62 -35 -96 -43 RHAHHHQTGDKW ----BTTTBTS- 5.35 3.67 -0.10 0.39 0.42 0
73426 4bji_A_345 1.7 IV AN -58 -27 -109 -50 RSECHRDTGWYR -SS-BTTTBTS- 5.34 3.75 -0.15 0.34 0.48 0
13993 4z4a_A_55 1.0 I AA -68 -8 -97 -24 CLYPSPKTCNGY TEEE-SS-SSEE 5.71 3.32 -0.08 0.74 -0.38 0
77376 3ucp_A_735 1.0 I AD -59 -40 -110 -1 TRSVRRLTTDAA --S-BTTBSS-- 5.76 3.51 -0.02 0.44 -0.45 0
66257 3f6y_A_162 1.7 I AD -66 -38 -93 -1 TWCGEFDTSKIN -----TTSSS-- 6.17 3.29 -0.03 0.63 -0.68 1
90551 1ms9_A_53 1.9 I AD -52 -44 -115 -23 IADARYETSFDN EEEEESS-S-SS 6.06 3.49 -0.03 0.30 0.14 0
34197 4a5s_A_277 1.7 IV AA -82 -20 -87 -45 TDSLSSVTNATS TTS--SSS---E 5.51 3.53 -0.11 0.73 0.31 0
83331 4xfj_A_211 2.6 I AD -49 -53 -103 13 DPTVNWSTPDEV -TTS-TT--EEE 5.18 3.68 0.03 0.41 -1.29 1
24505 5hop_A_32 0.7 I AA -59 -10 -87 -37 ETKPNFTTDSVL HT---TTT--HH 5.88 3.32 -0.07 0.70 -1.26 1
552 2z0d_A_34 0.9 IV AA -64 -16 -82 -50 GRKYSIFTEKDE TEEE-TTT-HHH 5.60 3.38 -0.12 0.72 -0.07 0
25450 2i49_A_212 0.9 I AN -64 -14 -98 -41 AGGVDPDTDIDL HTT--TTTTSEE 5.55 3.56 -0.07 0.59 0.06 0
15425 3ocu_A_127 1.1 I AA -56 -42 -80 -28 VTNRKDSTEKSG EEEEETTTTHHH 5.72 3.39 -0.04 0.61 -0.45 0
67555 1wpb_A_102 1.1 I AA -55 -43 -80 -36 FLGFDAATEARY ---B-TTT-HHH 5.73 3.43 -0.03 0.61 -0.09 0
6856 2p0b_A_29 1.3 IV AN -64 -18 -85 -67 LDCHKPDTEGMH TTTS-TTTSS-- 5.94 3.51 -0.09 0.58 0.27 0
75560 5ktk_A_414 2.0 I AD -73 -36 -106 -13 QWPNWKETGMGE EE--BSSSTT-- 6.23 3.37 -0.04 0.51 -0.01 0
12303 1eu1_A_145 2.3 IV DA -91 -7 -86 -47 NSSGDYSTAAAQ EEES-SSSTTHH 6.53 3.23 -0.06 0.71 0.10 0
82368 4h6x_A_606 2.7 I AD -62 -36 -92 -12 LEAVIPDTKDRI HHHH-TTTHHHH 5.48 3.52 -0.01 0.59 -0.67 1
97527 5kc8_A_420 1.1 IV AN -71 -6 -93 -66 LGCWNPVTGLNG EEEEETTTEEES 6.07 3.43 -0.10 0.58 0.22 0
69414 5fzp_A_268 2.0 I AA -60 -24 -86 -25 IVDDTPDTELTN EEE--SSS---T 5.09 3.50 -0.05 0.81 -0.22 0
54207 3vsn_A_106 1.4 IV AN -67 -13 -98 -49 NRNWNDNTVFDN ---EETTTEETT 5.66 3.59 -0.09 0.53 0.11 0
96685 5bxg_A_132 1.4 IV AN -69 -18 -105 -47 TIVEDETTGFTY EEEEETTTEEEE 5.64 3.61 -0.13 0.46 0.31 0
1215 1kyf_A_895 0.9 I AA -55 -43 -96 -21 GIIHTKTTQIGC EEEE-SS-EEEE 5.40 3.58 -0.08 0.45 -0.07 0
85844 2fsj_A_178 1.2 I AD -67 -47 -108 -27 VIDVGSRTTDVL EEEE-SS-EEEE 5.43 3.69 -0.07 0.32 0.46 0
32307 4f7u_P_6038 1.2 I AA -49 -48 -90 -19 TVYIAQNTLSWQ EEEEESSEEEEE 5.35 3.60 -0.07 0.46 -0.33 0
60770 3ib7_A_255 1.3 I AD -57 -32 -122 -1 LVHVYPDTVVHS EEEE-SS-EEEE 5.22 3.63 -0.13 0.38 -0.11 0
101738 3js6_A_192 1.3 I AD -67 -41 -113 -13 VLDFGSGTTIID EEEE-SS-EEEE 5.17 3.72 -0.08 0.33 0.48 0
24621 3n6z_A_166 1.4 I AA -64 -49 -76 -40 RQGIGIITGYLG SS-EESSEEEES 5.26 3.57 0.01 0.55 0.46 0
90700 1hn0_A_949 1.4 I AD -34 -70 -108 1 MTHRQKDTLIVS EEEE-SS-EEEE 5.20 3.70 -0.02 0.24 -0.08 0
56492 5a35_A_54 1.5 I AD -65 -29 -99 -18 LNLEASKTVMSV EEEEESS-EEEE 5.40 3.63 -0.02 0.51 -0.21 0
101411 5i2c_A_117 1.6 I AA -48 -39 -85 -40 LMLSTYQTDFIL EEEE-SS-EEEE 5.31 3.43 -0.15 0.60 -0.02 0
162 4mpt_A_338 1.7 I AA -64 -48 -85 -21 KDYQGVNTAYTF -SEE-SSSEE-- 5.14 3.57 -0.03 0.56 0.29 0
24216 3amr_A_276 1.7 I AA -73 -22 -97 -38 RITDGPETDGTS EE---SSS---- 5.60 3.51 -0.07 0.55 0.17 0
24184 1ei5_A_390 0.9 I AA -67 -25 -108 -31 NEARSAVTTIRR TEEE-SS-EEEE 5.19 3.69 -0.14 0.42 0.37 0
47025 1wlu_A_90 1.1 I AD -61 -48 -112 -1 EVNLSRRTATYR EEEE-SSEEEEE 5.19 3.73 -0.05 0.33 0.28 0
112515 4oh7_A_131 1.1 I AA -64 -28 -101 -26 INALTDDTHPCQ EEEE-SS--HHH 5.44 3.49 -0.14 0.59 0.24 0
61592 5xgu_A_115 1.2 I AD -67 -30 -114 -6 TQRPTRRTKAVG EE---SSS-EEE 5.20 3.63 -0.11 0.45 0.07 0
98838 5ejr_A_2320 1.2 I AD -62 -17 -132 10 NVAFTDDTFCIM EEEE-SSEEEEE 4.99 3.78 -0.18 0.40 -0.46 0
92243 4ct3_A_126 1.2 IV AN -71 -16 -92 -51 YDGGNTSTFTIL EE---SS-EEEE 5.65 3.44 -0.10 0.64 0.25 0
15186 2v9v_A_498 1.2 I AD -58 -39 -115 -12 RLQLAANTVALA SEEE-SSEEEET 5.12 3.67 -0.13 0.32 0.11 0
107809 2yfo_A_16 1.2 I AD -58 -39 -131 5 FTLHTAHTTYQM EEEE-SSEEEEE 5.15 3.71 -0.14 0.25 0.17 0
12670 5el9_A_19 1.3 I AA -69 -14 -94 -38 VKRETKETNVSV EEEE-SSEEEEE 5.41 3.53 -0.16 0.62 0.01 0
102813 3nk4_A_118 1.3 I AD -55 -42 -119 -1 VVQVTPDTLIYR EEEE-SSEEEEE 5.14 3.71 -0.11 0.31 0.10 0
113044 3fss_A_265 1.3 I AA -62 -24 -100 -35 YSSITRLTFNAS EES--SSEEEEE 5.30 3.57 -0.12 0.53 0.20 0
22936 4v00_A_47 1.3 I AD -58 -30 -118 -1 QLNGTDTTIILN GS-B-SSEEEE- 5.00 3.72 -0.15 0.44 -0.22 0
104706 5mgw_A_232 1.4 I AD -68 -19 -108 4 VDCYFPFTHPSF EEEEETTEEEEE 5.65 3.40 -0.05 0.70 -0.85 1
51036 3wvt_A_68 1.4 I AA -59 -40 -91 -15 KQACGELTGTVC EE---SS---EE 5.34 3.53 -0.07 0.55 -0.25 0
59816 2oiz_D_94 1.4 I AD -58 -27 -124 13 CCGGTTTTCPPG GTTSBTTB--TT 5.01 3.69 -0.13 0.48 -0.79 1
63897 2de6_A_84 1.4 I AD -49 -40 -97 6 VECKTKSTITCW ----STTEEE-T 5.50 3.52 -0.05 0.58 -1.62 1
12237 2vvm_A_133 1.5 I AA -65 -14 -101 -22 QLRTNPTTSTYM EEESSTT--EEE 6.23 3.32 -0.05 0.61 -0.77 1
63876 2de6_A_290 1.6 I AD -64 -20 -108 -4 YVPIDENTHYYF EEEEETTEEEEE 5.47 3.57 -0.09 0.55 -0.85 1
67885 4eqp_A_19 1.7 I AD -61 -35 -125 17 IKAIDGDTVKLM EEE-SSSEEEEE 5.39 3.64 -0.07 0.40 -0.46 0
48086 1jix_A_45 1.7 I AD -54 -48 -106 -2 SLKNGVYTKSFD ESS--SSEEEGG 4.88 3.71 -0.10 0.37 0.01 0
76380 2v3i_A_113 1.9 I AD -69 -10 -121 8 YLMASDTTYQEF EEEEETTEE--E 5.30 3.58 -0.15 0.53 -1.16 1
103960 3aeh_A_1239 2.1 I AD -58 -33 -118 6 RYHLTDTTFVEP -EESSSSEEEEE 5.23 3.62 -0.16 0.48 -0.18 0
38560 6ekt_A_275 2.1 I AD -61 -26 -122 1 VISTSDTTGRIV EEESSSS-EEEE 5.09 3.66 -0.15 0.44 -0.18 0
64236 5tsq_A_267 2.2 I AA -64 -43 -100 -21 IELNGELTAGMT E--S-TTTTT-E 4.79 3.72 -0.10 0.35 0.43 0
108848 3h6j_A_317 2.2 I AD -64 -15 -125 8 FRETSSTTSGAY EEEEETTEEEEE 5.07 3.67 -0.15 0.52 -0.87 1
27195 1ogo_X_316 1.4 I AA -62 -32 -87 -35 IAVKSDSTSLRM BS---TTTB--S 5.33 3.55 -0.12 0.60 0.13 0
3612 5ay6_A_310 1.5 IV AN -61 -18 -104 -46 GKLYDPSTWSMS T---BTTTB-HH 5.46 3.63 -0.15 0.45 0.19 0
11217 3p24_A_323 1.5 I AA -61 -23 -89 -26 LNSYNVNTASDF ET---TTT--TT 5.48 3.51 -0.05 0.61 -1.00 1
46100 4ngd_A_905 1.7 I AA -58 -38 -87 -21 STKYTKETPFVF -----SSS---- 4.88 3.57 -0.04 0.70 0.10 0
49856 2puz_A_333 1.7 I AN -73 -29 -104 -37 ATDCNPGTSPLT -----SSS--B- 6.50 3.46 -0.06 0.41 0.19 0
55146 5thx_A_74 1.9 IV AN -53 -47 -81 -55 KVQDGPLTSRLQ --TT-TTHHHHT 5.58 3.61 -0.06 0.41 0.40 0
100089 5dze_A_179 1.8 IV AN -75 -21 -80 -57 YIDEGRWTGPYV TGGGGTTT---- 5.99 3.34 -0.04 0.65 0.20 0
16864 4bb9_A_427 0.4 I AA -65 -25 -100 -33 VEQVKEKTNHIQ HHHHHTT-S-EE 5.09 3.67 -0.13 0.58 0.32 0
7670 4hde_A_116 0.7 I AA -69 -33 -98 -25 KAFIQKFTEDTS HHHHTTT-S--T 5.73 3.42 -0.07 0.53 0.10 0
54656 5ayv_A_109 0.8 I AA -66 -25 -103 -28 EELALKYTPNVM HHHHTTT-S-EE 5.06 3.56 -0.14 0.57 0.34 0
82288 4m1a_A_82 0.8 I AA -68 -30 -103 -29 TERWKKITDKIV HHHHHTT--S-E 5.24 3.67 -0.17 0.47 0.28 0
65582 2aml_A_285 0.9 I AD -77 -19 -120 -2 RDYESKYTPFTY HHHHTTT-S-EE 5.41 3.54 -0.08 0.64 0.20 0
66285 2agk_A_169 0.9 I AD -67 -19 -119 -10 FRELRKYTNEFL HHHHTTT-SEEE 5.11 3.58 -0.16 0.54 -0.00 0
17521 4b2o_A_139 0.9 I AN -64 -21 -115 -37 IAEAAKRTPYIF HHHHHTT-S-EE 5.04 3.63 -0.21 0.46 0.51 0
43100 4r12_A_407 0.9 I AN -68 -23 -104 -37 SMSFLKKTNKIP HHHHHTT--SS- 4.99 3.60 -0.17 0.56 0.54 0
106388 4ri6_A_151 1.0 I AN -83 -13 -101 -42 YEQKLGQTRFLA HHHHTTTSSBTT 5.02 3.61 -0.13 0.64 0.51 0
91375 1s29_A_57 1.0 I AA -75 -18 -101 -38 FKRVNSVTTDVK SHHHHTT-S-HH 5.39 3.59 -0.12 0.55 0.37 0
90407 1o7j_A_311 1.0 I AN -75 -18 -112 -30 LMLALTRTSDPK HHHHTTT---HH 5.25 3.63 -0.17 0.44 0.38 0
9939 4wtp_A_29 1.0 I AD -68 -10 -114 -19 FNVLKPYTNRVR HHHHTTTBSEEE 5.27 3.61 -0.14 0.53 -0.14 0
55087 4xfm_A_163 1.1 I AN -64 -26 -127 -17 AARLAEQTALPV HHHHHTT----E 5.02 3.68 -0.21 0.35 0.51 0
106584 2fb5_A_71 1.1 I AD -71 -12 -119 -16 QAYLSPYTESSS HHHHTTT-S-HH 5.53 3.51 -0.10 0.54 0.06 0
10585 1gwe_A_78 1.2 I AA -69 -18 -100 -34 TEDVSKYTKALV -S--TTT---GG 5.04 3.66 -0.16 0.58 0.38 0
44854 5er9_A_88 1.2 I AD -68 -25 -111 -11 WDYVRQFTDFTG HHHHTTT--B-- 5.08 3.55 -0.15 0.55 0.09 0
40717 2nqt_A_228 1.2 I AD -74 -18 -111 2 AQGLRAVTDRDV HHHHHTT-SS-- 5.42 3.54 -0.07 0.64 -0.49 0
1979 3ub1_A_136 1.4 I AD -65 -18 -118 -19 VRRITKYTTEQL HHHHTTTS-HHH 5.01 3.64 -0.19 0.45 0.05 0
93522 1i12_A_25 1.5 IV AN -76 -12 -100 -50 TETLKVLTTVGT HHHHTTTS---- 5.23 3.59 -0.15 0.58 0.46 0
53005 3i2k_A_485 1.7 I AD -58 -33 -108 -19 VRMRYRETLVNP EEGGGSS-SSS- 4.99 3.74 -0.08 0.42 0.18 0
102965 5j8q_A_27 1.9 IV AA -65 -23 -82 -50 VYLDSAATSQKP EE-BTTT----- 4.73 3.65 -0.05 0.77 0.61 0
88756 2v8t_A_166 1.1 I AA -72 -9 -97 -26 KLRVYEMTDNPV HHHHHTT---HH 5.43 3.56 -0.08 0.64 -0.69 1
90832 4ccd_A_332 1.3 I AD -71 -16 -124 8 SAHTTQFTQPGW HHHHHTT--TT- 5.37 3.54 -0.08 0.61 -0.39 0
57850 4c12_A_249 1.6 I AD -76 -9 -105 3 SEYLRTVTPYEV HHHHHTT--SEE 6.29 3.18 -0.01 0.71 -0.77 1
26925 3qxb_A_37 1.9 I AA -65 -7 -97 -36 VQYTYDLTDPWW EEEETTTS-TTS 5.36 3.53 -0.04 0.76 -0.14 0
84511 4iuw_A_52 2.1 IV AA -63 -45 -78 -52 DLSTMTKTAKTL HHTT-SS--SSH 5.40 3.39 0.05 0.61 0.41 0
113744 2olr_A_78 1.1 I AD -52 -47 -99 -1 RDDTTRDTFWWA -STTTTTTS--T 5.58 3.54 0.01 0.47 -0.97 1
57921 3qfm_A_150 1.4 I AD -67 -28 -121 1 EEFDRLVTHPPC HHHHHTTTTTT- 5.44 3.57 -0.08 0.51 -0.01 0
79656 3u9w_A_1299 1.5 IV AN -62 -12 -113 -65 HEISHSWTGNLV HHHHTTTBTTTE 4.66 3.83 -0.29 0.36 0.64 0
31192 3b34_A_301 1.5 IV AN -53 -38 -94 -51 HEYFHNWTGNRV HHHHTTTBTTTE 4.54 3.86 -0.20 0.37 0.77 0
46977 4onr_A_103 1.9 I AA -54 -48 -78 -35 EATKLKETGSSG HHHHTTTT--HH 5.40 3.55 -0.04 0.51 -0.07 0
25300 4n49_A_249 2.0 IV AN -69 -22 -82 -55 FVFDRMFTNPRD HHTTTTTTS-B- 5.42 3.54 -0.11 0.65 0.37 0
62462 2r4g_A_440 2.0 I AA -61 -43 -89 -19 DLKNQKFTQKRK -TTS-TTT-HHH 5.58 3.48 0.02 0.56 -0.36 0
17056 4m82_A_28 1.3 I AA -73 -21 -89 -38 FVLEPYMTPSLF SS--TTT-GGGT 5.31 3.50 -0.03 0.68 0.31 0
57019 4w7l_A_262 1.4 I AD -57 -31 -98 -17 SGAPIDLTPTAD TS-BTTTSSSS- 4.73 3.65 -0.11 0.62 -0.12 0
99004 1gvn_B_214 1.4 I AA -64 -41 -78 -34 KLYSSLETPSIS EEEETTT-TTS- 4.98 3.58 -0.03 0.65 0.43 0
51460 5m10_A_350 1.2 IV AA -68 -34 -83 -47 SLVSLKETPIEE EEEETTTS-EEE 4.84 3.65 -0.10 0.56 0.64 0
27371 3hlx_A_237 1.1 I AN -74 -17 -110 -36 RPPYHTVTDKAA --TTTTT-SS-- 5.45 3.67 -0.11 0.49 0.32 0
35586 5b7y_A_153 1.1 I AA -78 -21 -93 -31 EPLNRYETDFIN ----TTT-SS-- 5.23 3.57 -0.05 0.64 0.40 0
56274 5hb7_A_183 1.1 I AD -66 -17 -118 -18 ELRDPAFTHRRA ----TTT--S-- 4.81 3.69 -0.21 0.51 0.37 0
70633 2qw5_A_186 1.2 I AD -59 -32 -104 -23 EPITHWETPGPN ----TTT-SS-- 5.33 3.67 -0.16 0.46 0.14 0
20838 4nf0_A_98 1.4 I AN -66 -14 -115 -30 LSKFEPYTKQLQ GGG-TTT-STTG 4.97 3.65 -0.17 0.49 0.47 0
107448 2hox_A_231 1.7 I AD -54 -37 -112 -19 VYYWPHYTPIKY TT-STTTS---S 5.30 3.53 -0.19 0.35 -0.07 0
81552 4xza_A_28 1.9 I AD -65 -36 -124 -4 VILSVGLTNYGS ---B-SSBSS-B 4.71 3.78 -0.14 0.31 0.57 0
10459 3h5l_A_394 2.0 I AA -67 -46 -100 -25 AWSYPTETNDPS B-EETTT-S-TT 5.20 3.73 0.03 0.38 0.46 0
27480 4q2l_A_52 1.3 I AD -71 -32 -116 -24 VKIDSKVTNRFE EEEETTT--HHH 5.24 3.61 -0.14 0.41 0.50 0
33160 5kdw_A_110 1.3 I AD -69 -33 -128 10 LPANPDNTLPFL EESSTTTEEEEE 5.43 3.59 -0.10 0.39 0.19 0
8683 2wbn_A_367 1.4 I AN -68 -28 -98 -44 IVIDPLRTPNIA EEE-TTT-HHHH 5.02 3.70 -0.13 0.46 0.56 0
50820 3ahc_A_327 1.7 I AD -84 -22 -102 -20 PLASARDTEEHF S-TTTTT-HHHH 6.19 3.34 -0.05 0.60 0.15 0
99886 3ml1_A_702 2.0 IV AN -62 -24 -100 -53 HWHSGSMTRRVP --TTSTTGGGSH 5.11 3.76 -0.15 0.41 0.56 0
49382 2dg1_A_72 0.2 IV AN -52 -37 -75 -60 IFKINPETKEIK EEEE-TTT--EE 5.55 3.54 -0.07 0.62 0.29 0
72868 1ucd_A_154 0.3 I AA -56 -31 -80 -39 RCRTDPQTKVSY EEEE-TTT--EE 5.53 3.49 -0.04 0.68 -0.22 0
85288 3scy_A_359 0.3 I AA -70 -18 -90 -23 IFERDQATGLLT EEEE-TTT--EE 5.59 3.50 -0.04 0.70 -0.55 1
3894 4x83_A_186 0.3 I AA -77 -10 -94 -33 CRTKHRLTGETR EEEEETTT--EE 5.66 3.47 -0.02 0.66 -0.14 0
63338 1x8q_A_61 0.3 IV AN -71 -17 -89 -49 LYHYDPKTQDTF EEEE-TTT--EE 5.57 3.55 -0.05 0.61 0.21 0
110057 3pe7_A_174 0.4 I AA -72 -24 -84 -42 LMRVDLKTGEST EEEEETTT--EE 5.62 3.52 -0.02 0.62 0.12 0
100951 5nuv_A_562 0.4 IV AN -71 -33 -73 -61 LYIWSVLTGKVE EEEEETTT--EE 5.53 3.50 -0.06 0.65 0.38 0
82518 3a0s_A_503 0.4 I AA -70 -31 -80 -40 SPFRNAKTQLLE EEEE-TTT--EE 5.59 3.51 -0.02 0.63 0.07 0
33248 2zws_A_623 0.4 I AA -61 -40 -77 -44 GNAKNFWTQKIS EEEE-TTT--EE 5.67 3.45 -0.02 0.60 0.10 0
67144 4g3f_A_421 0.4 IV AA -61 -35 -78 -51 HRMKDKQTGFQC EEEEETTT--EE 5.62 3.53 -0.05 0.57 0.21 0
24105 5j53_A_171 0.4 I AA -63 -19 -82 -44 HPKVDPKTGNMV S-EE-TTT--EE 5.78 3.34 -0.02 0.72 -0.20 0
55310 4h7n_A_9 0.4 I AA -71 -20 -82 -44 IEVRNPRTGKFD EEEE-TTT-SEE 5.58 3.52 -0.01 0.64 0.04 0
54313 5wzq_A_14 0.4 IV AN -58 -35 -80 -62 MLRFDETTLRFS EEEE-TTT--EE 5.55 3.56 -0.05 0.62 0.38 0
53336 2gag_D_72 0.4 IV AN -74 -5 -96 -50 NALRDTVTYEFK EEEEETTT--EE 5.63 3.54 -0.05 0.65 0.14 0
76111 2d1s_A_46 0.4 I AA -60 -36 -83 -33 IAFTNAVTGVDY EEEEETTT--EE 5.59 3.44 -0.02 0.64 -0.03 0
19173 4z80_A_335 0.4 I AA -63 -26 -85 -33 PAMFDMSTGECR -EEEETTT--EE 5.61 3.41 -0.04 0.68 -0.34 0
43802 4ayo_A_231 0.5 I AA -67 -27 -94 -42 AANIHAMTGAFT -SEEETTT--BS 5.64 3.51 -0.06 0.57 0.29 0
82620 5sui_A_393 0.5 I AA -63 -43 -71 -44 VRIFDIKTNKML EEEEETTT--EE 5.68 3.39 0.01 0.64 0.16 0
37275 2y8n_B_19 0.5 IV AA -57 -36 -73 -54 EKGLCALTKGMV SEEEETTT--EE 5.48 3.44 -0.08 0.66 0.23 0
93290 2izr_A_194 0.5 IV AA -63 -30 -81 -48 KEYIDPETKKHI EESB-TTT--B- 5.76 3.57 0.01 0.54 0.07 0
99808 5uwa_A_155 0.5 IV AA -67 -25 -86 -48 QWRKNSQTGNWQ EEEE-TTT--EE 5.51 3.55 -0.08 0.59 0.21 0
21685 5txu_A_79 0.5 IV AN -65 -15 -88 -53 INVYNHITGKTE EEEE-TTT--EE 5.63 3.53 -0.07 0.66 0.11 0
78465 2w40_A_192 0.5 I AA -64 -25 -87 -40 TLLMDINTLQWD TT-B-TTT-SB- 5.44 3.62 -0.05 0.63 -0.08 0
76472 3tg0_A_90 0.5 IV AA -58 -44 -73 -47 HYALNKKTGKPD --EE-TTT--EE 5.62 3.52 -0.03 0.57 0.15 0
73034 4ery_A_287 0.5 IV AA -57 -46 -74 -46 VYIWNLQTKEIV EEEEETTT--EE 5.51 3.52 -0.04 0.56 0.22 0
66778 1w6s_A_459 0.5 IV AN -75 -15 -98 -48 IKAYNAITGDYK EEEE-TTT--EE 5.99 3.51 0.00 0.59 0.24 0
36533 3vsv_A_153 0.5 IV AA -58 -49 -68 -48 TEVLDHWTQKIV -EEEETTTTEEE 5.80 3.46 0.02 0.58 0.16 0
98725 4ak2_A_493 0.6 I AA -62 -26 -92 -45 KATINESTGQIT EEEE-TTT--EE 5.51 3.62 -0.06 0.53 0.17 0
44951 5j4m_A_186 0.6 IV AA -60 -29 -87 -48 FVKKDAETKEVL EEEEETTT--B- 5.58 3.50 -0.06 0.59 0.21 0
10463 3h5l_A_384 0.6 I AA -64 -39 -78 -31 TMRFHADTQSAW EEEB-TTT-BB- 5.58 3.40 -0.02 0.68 -0.01 0
76826 3ll3_A_181 0.6 I AA -66 -35 -84 -37 TGILNLKTLTWD TT-B-TTTSSB- 5.61 3.50 -0.04 0.60 0.15 0
48507 5xkx_A_80 0.6 I AA -68 -24 -84 -42 IQTYNSETGKMQ EESS-TTTSS-E 5.57 3.47 -0.03 0.64 0.01 0
89399 3cu9_A_175 0.6 I AN -69 -24 -94 -44 LIQLDTETMKPA EEE--TTT-S-- 5.66 3.51 -0.03 0.55 0.31 0
5144 3m31_A_244 0.6 IV AN -65 -7 -94 -45 KEYLNTKTGKWE HSEE-TTT--EE 5.80 3.41 -0.06 0.69 -0.17 0
109617 3wa1_A_139 0.6 IV AA -68 -28 -86 -47 VGSGDYITGEQF EEEE-TTT--EE 5.54 3.60 -0.06 0.56 0.26 0
56948 3p3c_A_17 0.6 I AA -67 -32 -96 -41 FEGVGIHTGEYS EEEE-TTT--EE 5.58 3.58 -0.06 0.46 0.37 0
89521 1es5_A_15 0.7 I AA -58 -35 -76 -42 GYAMNNGTGTTL EEEEETTT--EE 5.50 3.48 -0.03 0.65 0.03 0
65041 4kh8_A_268 0.7 I AA -62 -38 -83 -27 YEFFNLQTGETR EEEE-TTT--EE 5.49 3.50 -0.05 0.61 -0.30 0
68487 2o9u_X_1078 0.7 I AA -62 -47 -79 -39 DISEDYKTRGRK EEEEETTT--EE 5.42 3.43 -0.03 0.61 0.18 0
29714 2hx5_A_123 0.7 I AA -64 -26 -95 -35 HLAINAQTRHRC EE-EETTT--B- 5.47 3.56 -0.06 0.53 0.10 0
53550 3oz2_A_289 0.7 I AA -64 -21 -98 -33 ARLIDPITGGGI GT-S-TTT---H 5.53 3.59 -0.05 0.56 0.02 0
32801 2wfi_A_51 0.7 I AA -63 -54 -82 -35 EKGTGKSTQKPL TT-B-TTT-SBS 5.30 3.65 0.02 0.40 0.48 0
26861 1sr4_C_44 0.8 IV AA -76 -11 -87 -49 ISLRSLLTAQPV EEEEETTT--B- 5.42 3.45 -0.09 0.72 0.29 0
39844 5g2p_A_394 0.9 IV AN -56 -23 -85 -53 VDIVNAKTKTPY EEE--TTT-S-S 5.60 3.49 -0.08 0.63 0.05 0
14811 4ojx_A_216 0.9 I AA -65 -49 -85 -44 HHGIGVKTGAPV EEEE-TTT--EE 4.92 3.72 -0.06 0.40 0.63 0
7793 3klk_A_1575 0.9 IV AA -71 -32 -77 -57 FSQVYPVTQTTI GT---TTTSS-- 5.87 3.53 -0.00 0.56 0.32 0
88363 4tkx_L_322 1.0 I AA -63 -37 -96 -38 SGEKGKKTKKVT --EE-TTT-SEE 4.79 3.73 -0.14 0.42 0.66 0
87592 5y7f_A_1431 1.1 IV AN -69 -12 -89 -55 DLCNNPLTKEPK E----TTT---H 5.70 3.56 -0.09 0.62 0.13 0
26197 2y7p_A_201 1.5 I AD -50 -41 -100 23 VGVVALNTGHGE EEE--TTSGGGG 5.98 3.34 0.02 0.58 -1.70 1
11071 4j73_A_214 0.2 IV AA -77 -9 -84 -51 IKIWDYQTKSCV EEEEETTT--EE 5.62 3.50 -0.05 0.72 0.25 0
95156 4rlz_A_476 0.3 I AA -72 -15 -88 -40 VRYVNPDTGRTI EEEE-TTT--EE 5.66 3.45 -0.03 0.68 0.01 0
100265 5a10_A_288 0.3 I AN -78 -5 -95 -43 GFALDTETLVWE EEEEETTT-BEE 5.54 3.49 -0.07 0.68 0.12 0
64705 3cl5_A_226 0.3 I AN -65 -19 -108 -34 QYYFNKDTGVIY EEEEETTT--EE 5.56 3.58 -0.08 0.51 0.26 0
34483 1jb7_A_391 0.3 I AA -66 -15 -88 -43 VKGYDRKTKKSS EEEEETTTTEEE 5.70 3.42 -0.03 0.71 -0.14 0
93602 4oj5_A_50 0.4 IV AA -63 -26 -79 -45 KVIYDKETQRAY SEEEETTTTEEE 5.68 3.42 -0.03 0.71 0.01 0
38915 1pby_B_62 0.4 I AA -61 -23 -93 -43 LVKIDLVTGETL EEEEETTT--EE 5.55 3.55 -0.05 0.61 0.15 0
22291 1w0h_A_160 0.4 IV AA -75 -19 -81 -48 VVLLNTHTLEIE EEEEETTT-SEE 5.69 3.41 -0.03 0.73 0.17 0
18955 3vqj_A_200 0.4 I AA -65 -25 -87 -36 GFIYDVDTGRLE EEEE-TTT--EE 5.60 3.42 -0.04 0.67 0.01 0
52096 1d02_A_88 0.4 IV AN -67 -6 -94 -45 FAIENTETHKIL EEEEETTT--EE 5.77 3.46 -0.04 0.67 -0.16 0
2610 1v74_A_660 0.5 IV AA -60 -23 -78 -52 KVYFNPNTMNVV EEEE-TTT-EEE 5.81 3.39 -0.03 0.73 -0.05 0
50939 3no2_A_39 0.5 IV AA -57 -42 -69 -46 IAIINKDTKEIV EEEEETTTTEEE 5.60 3.39 0.01 0.67 0.14 0
24523 4ikn_A_333 0.5 IV AN -79 -5 -90 -52 SYTFDPVTKVLA EEEE-TTT-EEE 5.59 3.59 -0.06 0.67 0.28 0
32013 2vy8_A_659 0.5 IV AA -65 -24 -86 -46 VFNYNKTTKRLT SEEEETTTTEEE 5.69 3.44 -0.03 0.71 0.12 0
77781 1w7c_A_738 0.5 IV AA -68 -38 -78 -54 FYTYDDETEESN EEEE-TTT--EE 5.64 3.53 -0.04 0.58 0.36 0
17709 5d7u_A_223 0.5 I AA -76 -13 -85 -39 VMWKDLLTGSWK EEEE-TTT--EE 5.67 3.38 -0.01 0.76 -0.02 0
103594 3s5b_A_91 0.6 I AA -67 -25 -79 -44 VLSYDYKTRTAH EEEEETTTTEEE 5.56 3.42 -0.04 0.71 -0.03 0
70180 1kmo_A_477 0.6 IV AA -70 -21 -86 -50 SYQNNAITGTHE EEEEETTT--EE 5.64 3.45 -0.04 0.67 0.29 0
54022 3wva_A_136 0.6 I AA -66 -28 -84 -44 DVYANLITFENI S--EETTT-TTH 5.61 3.42 -0.06 0.62 -0.01 0
91681 3sri_A_403 0.6 IV AA -73 -16 -85 -46 WGNYNRKTHKCE EEEEETTTTEEE 5.66 3.48 -0.04 0.71 0.16 0
2387 2cg7_A_68 0.6 IV AA -72 -16 -87 -49 ETCFDKYTGNTY -EEE-TTT--EE 5.73 3.43 -0.03 0.70 0.15 0
38895 1pby_B_225 0.6 IV AN -72 -12 -94 -49 LLTMDLETGEMA EEEEETTT--EE 5.61 3.50 -0.07 0.66 0.22 0
65685 4pk9_A_156 0.6 IV AA -74 -13 -90 -45 ISSFDIKTNKPV EEEEETTTTEEE 5.60 3.49 -0.05 0.73 0.16 0
25430 2dc4_A_49 0.6 I AD -62 -26 -93 -9 RVRKINNTGKSY EEEEETTTTEEE 5.70 3.45 0.02 0.66 -1.04 1
67681 2hf9_A_199 0.7 IV AN -80 -3 -87 -54 VVLLSLKTMEGF EEE--TTT-TTH 5.52 3.46 -0.10 0.78 0.26 0
65489 4e3y_A_1033 0.7 IV AN -72 -17 -83 -55 TLNNNSTTKFAN EEEE-TTTSSEE 5.59 3.47 -0.07 0.67 0.28 0
73236 3bc9_A_54 0.7 I AA -78 -14 -85 -42 LALTDLITDSDI EEEEETTTTEE- 5.87 3.32 0.02 0.70 0.01 0
102902 4a0p_A_723 0.7 IV AA -71 -23 -83 -46 LYWADTGTNRIE EEEEETTTTEEE 5.52 3.48 -0.05 0.70 0.22 0
33922 3bvx_A_601 0.7 IV AA -73 -16 -86 -46 SWHHDTLTKTIH EEEEETTTTEEE 5.69 3.44 -0.09 0.72 0.10 0
33195 5h3j_A_167 0.8 I AA -69 -28 -78 -43 LYVYNTDTDNCR EEEEETTTTEEE 5.74 3.34 -0.00 0.72 0.13 0
106676 5hml_A_168 0.8 I AA -71 -23 -81 -44 VSRFSFTTRREY EEEE-TTT--EE 5.58 3.43 -0.05 0.72 0.13 0
108854 3h6j_A_259 0.8 IV DN -85 4 -95 -48 LLYTNRTTHFCY EEEEETTTTEEE 5.86 3.37 -0.03 0.75 0.10 0
102891 4a0p_A_809 0.9 I AA -69 -23 -97 -41 LYWTDLDTNLIE EEEEETTTTEEE 5.57 3.50 -0.07 0.60 0.30 0
58918 3wvq_A_390 1.0 I AA -57 -20 -86 -36 GHLYDPETRRGA T-B-BTTTTBEE 5.61 3.40 -0.04 0.74 -0.58 1
101877 1qd1_A_41 1.1 IV AA -71 -33 -77 -45 DVDSGPSTNRTV EEEEETTTTEEE 5.40 3.54 0.05 0.66 0.39 0
79562 4zpc_A_132 1.2 I AA -55 -42 -75 -33 RDILSKKTKDLT HHH--TTTT--H 5.86 3.22 -0.02 0.72 -0.31 0
13498 5ly3_A_420 1.3 IV AA -68 -14 -87 -49 SLEWSDTTREGW T-B-BTTTTB-B 5.52 3.40 -0.11 0.75 0.19 0
86884 1yqs_A_45 1.3 I AA -79 -16 -87 -40 EGVADRATGRAI EEBS-TTT--B- 5.60 3.44 -0.00 0.71 0.16 0
24205 1ei5_A_45 1.4 I AA -74 -22 -90 -45 WGFADLRTRTPM EEEEETTTTEE- 5.75 3.49 -0.02 0.66 0.30 0
66628 2q4h_A_28 1.5 I AD -45 2 -105 -22 ELRKDPVTNRWV EEE--TTT-S-E 5.45 3.39 -0.04 0.81 -4.53 1
53068 5kvg_E_348 1.5 IV AN -72 -1 -94 -48 QMAVDMQTLTPV EEES-TTT--EE 5.80 3.39 -0.08 0.72 -0.03 0
88604 2qp2_A_219 0.8 I AA -68 -25 -86 -33 SSSTNKYTSNLT EEEEETTTS--S 5.74 3.40 -0.03 0.69 -0.14 0
88878 2jae_A_109 2.3 I AD -62 -24 -99 -10 FGNQNANTFVNY E----TTSEEE- 5.71 3.34 -0.06 0.75 -0.60 1
48152 4htg_A_71 2.3 I AD -57 -36 -103 4 IGGKGLFTKEID --SS-TTTHHHH 4.97 3.63 -0.06 0.53 -1.26 1
28577 5gt5_A_381 2.5 I AD -49 -36 -105 -15 SFRGSRDTAGSP -EEE-SSSTT-T 6.33 3.14 -0.07 0.66 -0.38 0
112621 5vac_A_318 1.7 I DD -79 9 -110 -11 ISGINNHTLDGK -EE--TTSTTGG 6.17 3.21 -0.05 0.74 -0.88 1
100414 5xzg_A_359 1.8 I AD -59 -26 -96 -11 GNSFQGETWRLS SSSB-TT-EEEE 5.86 3.39 0.00 0.60 -1.70 1
22332 1tvg_A_34 2.1 I AA -61 -23 -90 -16 IIDGNPETFWTT GGSS-TT--EE- 5.87 3.38 -0.04 0.71 -0.83 1
43787 4ayo_A_408 2.3 I DA -84 -4 -97 -20 TALKDITTRPMT --EEESSSSS-E 6.10 3.17 -0.03 0.81 -0.22 0
41995 3gdh_A_778 1.1 IV AN -75 -10 -87 -51 AETFDIRTMMSP SSSB-TTTS-SS 5.57 3.52 -0.07 0.63 0.02 0
25986 4opc_A_207 1.6 I AA -72 -16 -87 -40 RIFIDQETSPGG EEE--TTTSTTS 5.60 3.48 -0.05 0.68 -0.09 0
70731 3tfg_A_167 1.8 I AA -58 -36 -76 -30 TQTAFRETGEDH EEEE-TTTTSSS 5.60 3.19 0.00 0.85 -0.35 0
20438 1hj6_A_234 2.2 I AD -59 -41 -92 2 KGNIMKFTEGAF -TTT-TTTHHHH 5.72 3.45 0.02 0.64 -0.81 1
95113 3zfp_A_68 1.0 I AA -45 -57 -78 -36 PRKGDCRTGNRL --GGGTTT-BTT 5.60 3.66 -0.01 0.47 0.13 0
103354 1y93_A_142 1.5 I AD -64 -24 -127 13 FQVWSNVTPLKF HHHHHTTSS-EE 5.07 3.60 -0.09 0.52 -0.61 1
66368 5l4q_A_141 1.8 IV AA -63 -36 -80 -48 LMNQRLQTGFTE HHHTTTTT---H 4.91 3.71 -0.07 0.52 0.54 0
4368 4xmr_A_155 1.9 I AD -79 -8 -107 -3 WYQEALKTNDIF HHHHHTT-SS-E 5.61 3.38 -0.03 0.75 -0.61 1
1042 3afo_A_160 2.3 I AD -48 -62 -86 -1 GVSMFGNTQVPP HHHTTTTS---- 5.38 3.58 0.09 0.51 -0.63 1
56606 4exk_A_50 1.4 I AA -58 -42 -85 -15 KFPQVAATGDGP HHHHHTTTT-S- 5.14 3.59 0.05 0.59 -0.54 1
48974 1wtj_A_250 1.7 I AA -55 -45 -80 -38 ELLAAGLTGGNF HHHHTTTTS--- 5.13 3.63 -0.04 0.55 0.34 0
9489 3ckk_A_203 0.7 I AD -62 -38 -100 -1 PVVGHLGTSTEE TTGGGTTTSSHH 5.28 3.64 -0.00 0.47 -0.90 1
94433 5lun_A_157 0.9 I AA -56 -47 -89 -37 ELPINTFTDLTR T--TTTTGGG-T 5.07 3.68 -0.02 0.42 0.50 0
96479 5fav_A_146 1.0 I AD -57 -36 -98 -3 WLQDELDTIGSR HHHHHTTTTTT- 5.16 3.59 -0.01 0.57 -1.44 1
30647 4dzi_A_20 1.2 I AD -62 -36 -99 8 YEPLDSFTRHLD ---TTTTTTT-- 4.84 3.64 -0.04 0.58 -1.49 1
73382 1jz8_A_424 1.2 I AA -54 -40 -86 -39 MVPMNRLTDDPR SSSTTTTTT-GG 4.98 3.73 -0.06 0.47 0.46 0
27465 3ek3_A_136 1.3 I AD -58 -47 -96 -5 WINQLGTTCDDP EE-TTTTTTTSH 4.89 3.70 0.01 0.47 -0.06 0
89689 2wi8_A_72 1.6 I AD -65 -38 -108 2 PDMFKDITDKAE -GGGTTT-TT-E 5.05 3.65 -0.08 0.50 0.11 0
110465 4qhq_A_159 1.7 I AD -65 -37 -118 19 KLKAGAGTGGNN EE-TTTTSTT-- 5.43 3.62 -0.05 0.44 -0.56 1
7475 3log_A_440 1.8 IV AN -61 -27 -123 -34 CEKLSTLTPYLV HHHHTTTGGG-- 4.91 3.70 -0.27 0.28 0.58 0
5735 3a9s_A_308 1.8 IV AA -51 -51 -70 -49 FQGQRQWTDYFP E--TTTTTTTS- 5.62 3.55 0.04 0.54 0.23 0
56065 3mgg_A_28 1.9 I AD -51 -40 -91 0 EKLLHHDTVYPP HHHHHTT----T 5.31 3.54 -0.02 0.64 -1.66 1
112349 5cxx_A_266 2.1 I AD -68 -17 -104 -17 FYNFIQTTFGAL HHHHHTTGGGTT 5.24 3.51 -0.13 0.58 -0.27 0
27837 2dvm_A_245 2.1 I AD -73 -4 -104 -4 RGWLLKKTNGEN -HHHHTTS-TT- 5.46 3.39 -0.05 0.78 -1.32 1
92492 5e3q_A_32 2.6 I AA -67 -29 -98 -30 STDQSALTPLEG ----TTTGGG-E 5.61 3.43 -0.16 0.60 0.23 0
103040 2y53_A_523 1.0 I AD -61 -15 -107 8 IGTLTQATHWPA HHHHHTTEE--- 5.25 3.48 -0.07 0.77 -1.93 1
2091 5v2q_A_380 1.4 I AD -62 -23 -103 6 HPAQLSKTSLAP SGGGTTTSS--- 5.32 3.45 -0.01 0.69 -1.93 1
61882 3nsx_A_469 1.5 I AD -46 -35 -99 -16 FLALGVFTPLMR HHHHHTTSSSEE 4.97 3.55 -0.14 0.60 -0.58 1
37205 1jdw_A_96 1.5 I AD -75 -10 -116 18 TIEVKANTYEKY -HHHHTTS-GGG 5.54 3.50 -0.06 0.68 -0.99 1
52873 3q18_A_194 1.6 I AD -72 -16 -106 5 ILDCVSHTPALR -GGGGTT-HHHH 5.23 3.56 -0.03 0.68 -1.24 1
48678 2r01_A_45 1.6 I AD -59 -19 -107 16 LVELVCYTPSAA HHHHHTTS--GG 5.19 3.48 -0.08 0.75 -1.95 1
71370 4xgo_A_111 1.6 I AD -65 -31 -112 22 PPGIFHNTPKLT -TTTTTT-TT-- 5.17 3.59 -0.03 0.61 -1.28 1
85577 3dqp_A_20 1.7 I AD -64 -21 -106 20 LLKSLSTTDYQI HHHHHTTSS-EE 5.41 3.43 -0.02 0.76 -1.71 1
27718 4blp_A_119 1.7 I AD -58 -27 -96 -4 QNNVLRATPLLS BTTTTTTSTT-- 5.29 3.56 0.02 0.66 -1.84 1
70916 5b2r_B_493 1.7 I AA -68 -20 -105 -27 QSFIERMTNFDK HHHHHTTS-B-S 5.36 3.58 -0.17 0.50 0.13 0
17968 3orh_A_143 1.7 I AD -49 -51 -97 -5 LSEETWHTHQFN -BGGGTTTHHHH 4.87 3.77 -0.02 0.42 -0.66 1
71366 4xgo_A_135 1.8 I AA -61 -43 -88 -18 EDDTFQATTALQ -TTTTSS-TT-- 5.15 3.58 0.02 0.59 -0.05 0
27128 1hdo_A_188 1.8 I AD -75 -14 -120 14 FMLRCLTTDEYD HHHHTTS-STTT 5.54 3.45 -0.05 0.67 -0.35 0
5688 5udi_A_192 1.8 I AD -64 -23 -104 9 LDGFKLATKNHK HHHHTTTBTT-- 5.39 3.54 -0.01 0.59 -2.27 1
34438 2q4w_A_375 1.9 I AA -57 -21 -99 -19 KENGTWETPHPW HHHT-SSS---- 4.73 3.52 -0.27 0.67 -0.31 0
54194 3vsn_A_200 2.2 I AD -64 -16 -107 11 ITIVLNETQHYD HHHHTTTSTTHH 5.35 3.55 0.01 0.69 -2.24 1
113437 3ftj_A_317 2.5 I ND -69 -68 -101 9 IRGIGTNTMTIF STTSSSSEEEEE 4.83 3.79 0.08 0.28 0.56 0
20077 2yhc_A_185 2.7 I AD -63 -25 -104 14 MLRDYPDTQATR HHHHSTTSHHHH 5.97 3.33 -0.00 0.57 -1.51 1
19248 1ou8_A_56 2.9 I AD -63 -40 -94 3 LNLSASATGNLQ EE-STTT-EEEE 5.18 3.59 -0.01 0.62 -0.76 1
51465 5m10_A_288 0.8 I AD -61 -35 -98 3 GTFCDIATNPEA SS-TTTTT-HHH 5.02 3.54 -0.05 0.64 -1.05 1
27288 3e9k_A_294 0.9 I AD -58 -28 -110 -5 IHEKHAHTIKPA E-GGGTTTS--S 5.27 3.66 -0.01 0.43 -1.26 1
110026 4y6w_A_162 1.1 I AD -64 -18 -105 -5 VVAIQAKTLRSE HHHHHTTTS-TT 4.98 3.56 -0.10 0.65 -1.29 1
45126 1vi6_A_102 1.3 I AD -54 -31 -111 -10 RFIPGTLTNPML S--TTTTT-TTS 4.71 3.72 -0.11 0.46 -0.12 0
77863 3ffr_A_331 1.3 I AD -62 -19 -108 -5 GYGSKKETQIRI -SGGGTTTEEEE 5.26 3.62 -0.05 0.54 -1.46 1
10357 4q7o_A_43 1.4 I AD -65 -27 -107 7 ECFKNITTTGHF HHHHHTTTTSEE 4.89 3.63 -0.05 0.63 -0.63 1
60280 4zv0_B_64 1.6 I AN -60 -31 -103 -41 AVKEFDETDPEL HHHHSTTT-HHH 5.03 3.74 -0.12 0.36 0.52 0
74017 3kc2_A_149 1.6 I AD -55 -41 -96 -2 RDIPDLTTKKFD ---TTTTTS--- 5.03 3.56 -0.07 0.56 -0.97 1
102063 3lur_A_124 1.7 I AD -59 -36 -105 9 IHQYQANTVKSA HHHH-TTTB-SS 5.12 3.63 -0.03 0.54 -1.41 1
8067 5upi_A_459 1.7 IV AN -61 -35 -94 -47 HAAHSSATRIND S--TTTTTS--- 4.98 3.72 -0.18 0.46 0.59 0
79378 4j3v_A_560 1.3 I AD -56 -38 -105 15 PLQQGFNTGLFL TT---TTTTTTT 5.11 3.63 -0.05 0.59 -1.43 1
45555 2zuv_A_512 1.4 I AA -57 -26 -84 -32 GPVDTAFTGGDV E-TTSTTT-GGG 5.59 3.26 -0.07 0.84 -0.19 0
87422 1z6o_A_64 1.7 I AA -67 -23 -81 -44 AYFNNYQTNRAG HHTTSTTT--HH 5.71 3.47 -0.00 0.68 0.04 0
54175 3vsn_A_424 0.6 I AD -55 -28 -93 -12 IINYNANTVSFE -----TTTTT-- 5.29 3.54 -0.04 0.67 -1.56 1
67924 2v25_A_63 0.6 I AA -63 -31 -81 -37 LVAVNAKTRGPL EEE--TTTHHHH 5.33 3.54 -0.07 0.61 -0.12 0
88985 5nyp_A_76 0.7 I AD -60 -32 -90 -12 DEVTTLFTAPNM TTS--TTT-SSH 5.22 3.51 -0.06 0.75 -0.43 0
53969 3bs4_A_110 0.8 I AA -60 -21 -92 -36 EGMLSSETLPIK -S---TTTHHHH 5.17 3.52 -0.17 0.68 -0.14 0
96210 1hx6_A_198 0.9 I AA -68 -10 -98 -22 LEFANNNTAFAA EEE--TTTSEE- 5.40 3.50 -0.08 0.71 -0.79 1
39620 2w1v_A_218 1.0 IV AN -68 -15 -94 -55 PGAFNLTTGPAH E----TTHHHHH 5.44 3.62 -0.10 0.56 0.41 0
11243 3l6b_A_245 1.0 I AA -69 -26 -88 -34 KSSIGLNTWPII -S---TTHHHHH 5.59 3.50 -0.02 0.63 -0.03 0
35964 3ils_A_2087 1.0 I AA -43 -43 -93 -45 ADGANHFTLMQK EEEEETTGGGST 5.43 3.66 -0.10 0.45 0.29 0
80827 1uw4_B_784 1.1 I AD -63 -28 -95 -12 YKDLSKVTTEKV HTT-STTSHHHH 5.40 3.49 -0.08 0.69 -0.68 1
10023 1i24_A_217 1.2 I AA -56 -44 -73 -42 YGVKTDETEMHE E-S--TTGGGSG 5.47 3.51 -0.04 0.61 0.10 0
18090 4y9v_A_611 1.3 I AA -48 -52 -70 -39 LIYPSQSTLATN EE--STTTTSTT 5.54 3.43 0.01 0.60 -0.26 0
72037 4zo2_A_118 1.4 I AD -65 -15 -103 2 GIFADERTGFLL GGG--TT---HH 5.45 3.48 -0.03 0.68 -1.81 1
36961 2wy3_B_131 1.5 I AD -57 -11 -107 -4 SRMVTNLTVGRY EE--STTT-EEE 5.29 3.43 -0.12 0.75 -1.87 1
68430 2r85_A_299 1.5 IV AA -60 -18 -91 -46 FVNGSPYTWLRY GTT--TTGGGT- 5.21 3.55 -0.14 0.68 0.26 0
41664 1xfk_A_175 1.7 I AD -75 -15 -106 5 PVRPSSGTPFNQ -----TT-HHHH 5.40 3.48 -0.09 0.72 -0.79 1
19866 5k62_A_281 1.8 I AA -63 -15 -101 -21 RVPSDDSTSEYK -----TTTTSS- 5.30 3.47 -0.12 0.68 -0.72 1
86739 3nvw_C_1311 1.9 IV AA -67 -18 -87 -48 NACVDKFTTLCV HHS-STTTS-GG 5.51 3.50 -0.07 0.67 0.14 0
86163 3hn3_A_177 1.3 I AD -57 -16 -115 6 NNTLTPTTLPPG E----TTSSS-- 5.22 3.56 -0.10 0.69 -1.36 1
110944 3ry4_A_73 1.5 I AD -68 -9 -116 7 YTCQTGQTSLSD EEEEETTSB--- 5.27 3.52 -0.11 0.66 -1.35 1
112666 5b66_B_260 1.5 I AD -62 -16 -102 0 MWYGSATTPIEL HHH--TTS-HHH 5.15 3.44 -0.09 0.79 -1.41 1
73299 4leb_A_25 1.6 I AD -59 -33 -91 -6 YNYKGPGTPTWN -SS--TTSS-EE 5.18 3.53 -0.02 0.71 -0.75 1
39549 1rtq_A_36 1.7 I AD -61 -26 -108 12 FTNRFYTTTSGA SS---TTSHHHH 5.64 3.55 -0.03 0.57 -1.76 1
8157 5m26_A_154 2.1 I AD -62 -17 -106 -10 QSIEGAVTVQKW EEE--TTEE--H 5.67 3.49 -0.03 0.58 -1.75 1
111407 4nuz_A_625 1.0 IV AA -57 -23 -83 -49 HVGSNEQTVKFD HT---TTTEE-- 5.40 3.51 -0.09 0.66 -0.07 0
73202 3bc9_A_445 1.0 I AA -69 -14 -97 -28 TFVDNHDTDRDE E-S--TTTS-SS 5.37 3.54 -0.06 0.63 -0.29 0
50984 3p0f_A_46 1.3 I AA -70 -26 -94 -37 HLDLGTKTHNLP GGTEETTTS-HH 5.28 3.60 -0.04 0.59 0.32 0
59066 5bmn_A_139 1.3 I AD -49 -44 -98 8 ARPISSDTGLFA G-B--TTTTHHH 4.99 3.64 -0.01 0.55 -2.26 1
3757 5i8t_A_70 1.4 IV AN -49 -29 -82 -71 IITICKDTLPNY EEEE-TTTSTTH 5.59 3.55 -0.16 0.52 0.30 0
9818 2pgn_A_519 1.0 I AD -52 -40 -99 -14 YGESVRETGDIA EEEE-TTT--HH 5.00 3.66 -0.06 0.51 -0.33 0
83320 1htw_A_66 1.3 I AA -53 -47 -103 -26 NVKSPTYTLVEE -----TTT-EEE 5.09 3.74 -0.03 0.33 0.50 0
49099 4egc_B_475 1.4 I AA -54 -49 -91 -33 NIYSATKTGKES GEEE-TTT-HHH 5.11 3.71 -0.02 0.35 0.30 0
102170 2cay_A_82 1.8 I AA -76 -49 -92 -22 NYSSGFLTRSPR EEE-SSSSSS-E 4.67 3.88 0.02 0.36 0.70 0
25456 2i49_A_131 1.4 I AD -63 -40 -110 16 LITEGIITNGNK HHHTTTTTTT-- 4.99 3.69 -0.01 0.48 -0.58 1
102746 3h8g_A_465 0.8 I AA -53 -33 -94 -20 AHMDIAGTAWIS EEEE-TTTSEE- 5.13 3.61 -0.11 0.56 -0.65 1
99203 1wc2_A_138 1.3 IV AN -64 -30 -92 -52 ENGRSQVTGMGW E-TTSTTGGGT- 5.14 3.68 -0.13 0.54 0.51 0
112948 2yxn_A_73 1.3 IV AN -59 -27 -98 -49 VALVGGATGLIG EEEE-TTGGGT- 4.91 3.68 -0.16 0.49 0.60 0
50679 3bmv_A_64 1.3 I AA -62 -51 -73 -45 KINDGYLTGMGV HHHTSTTGGGT- 5.15 3.61 -0.00 0.55 0.51 0
98925 3u52_C_106 1.4 I AA -65 -26 -93 -39 CEKRNLLTRLSE HHHTTTTTTS-H 5.26 3.63 -0.05 0.56 0.33 0
113680 5e33_A_228 1.6 IV AA -62 -38 -85 -47 PSLDSEVTSKLK --S-STTGGG-S 5.23 3.68 -0.06 0.43 0.46 0
53988 3ilw_A_127 1.8 I AD -80 -6 -117 1 PPAAMRYTEARL ----TTS-EEEE 5.43 3.49 -0.08 0.69 -0.35 0
90924 3sso_A_322 1.8 I AD -59 -30 -109 15 DPQECSGTSLGL STT--TTSHHHH 5.11 3.69 -0.08 0.54 -1.61 1
50622 5br4_A_146 1.8 I AD -64 -23 -116 -9 AGTAAEVTINYV S---TTT-SEEE 5.21 3.63 -0.10 0.50 -0.20 0
60639 2wyh_A_92 2.1 I AD -74 -25 -100 -1 ILQDDFLTSSES S-B-STTS-HHH 5.85 3.40 0.04 0.69 -0.65 1
6296 3mq0_A_155 2.2 I AA -67 -17 -97 -28 MRLPAPFTATGK -EEETTTSHHHH 5.73 3.46 -0.09 0.59 -0.28 0
81542 4xza_A_359 0.6 I AD -49 -46 -102 -10 VNLFADSTFKMG HTT--TTT--S- 5.02 3.66 -0.03 0.42 -0.28 0
3484 4y0h_A_299 1.2 I AA -55 -44 -97 -33 FLVDEVQTGGGS EEEE-TTTTTTT 4.87 3.72 -0.14 0.40 0.60 0
68842 4uho_A_260 1.4 I AA -57 -38 -90 -43 LIFDEVITAFGR EEEE-TTTTTTT 4.66 3.81 -0.14 0.40 0.73 0
55266 4jp0_A_239 1.9 I AD -57 -49 -89 -1 TEIDQKTTIINT --S-STTTHHHH 5.12 3.55 -0.01 0.61 -0.50 1
73559 5d3k_A_258 0.7 IV AN -44 -40 -90 -48 AVPGDHFTMVQE EESS-TTGGGTT 5.28 3.67 -0.14 0.44 0.24 0
84853 4la2_A_54 1.0 I AA -56 -26 -82 -37 DQPGSPRTTGLV -----TTTHHHH 5.12 3.51 -0.13 0.71 -0.12 0
33449 3tjm_A_2480 1.1 I AN -62 -18 -105 -40 VIEGDHATLLEG E-SS-TTGGGSH 5.33 3.68 -0.15 0.48 0.22 0
53084 1qnr_A_130 1.1 I AA -65 -21 -97 -28 AFGGNATTWYTN HH-S-TTGGGG- 5.40 3.61 -0.03 0.63 0.02 0
90393 3fj1_A_303 1.1 I AA -47 -43 -79 -22 VRSGHALTDPLS ---SSTTTHHHH 5.65 3.34 -0.03 0.74 -0.86 1
56520 4pib_A_44 1.4 I AA -55 -25 -89 -24 KLGQTPDTATSI --B-STTS-EE- 5.23 3.51 -0.05 0.69 -1.14 1
22194 5awh_A_677 0.9 I AD -55 -39 -99 -2 ISRVGRLTRLLA EEEEETTEEEE- 5.16 3.62 -0.05 0.45 -1.49 1
26078 4noa_A_86 0.9 I AD -67 -18 -112 14 IATPTSTTYTLT EE-SSTT--EEE 5.35 3.50 -0.07 0.68 -1.38 1
104572 5msn_A_309 1.0 I AD -70 -9 -120 15 HFKPTDKTVQYI EE-SSTTEEEE- 5.25 3.58 -0.09 0.63 -1.33 1
43095 4r12_A_510 1.1 I AD -72 -13 -111 2 VFGTSLTTTLSP B-EEETTEE--- 5.07 3.54 -0.07 0.71 -0.80 1
75832 1yu0_A_71 1.3 I AD -57 -34 -126 19 FTRTGNATASIK EEEEETTEEEE- 4.90 3.73 -0.09 0.37 -0.84 1
40349 2rdg_A_110 1.3 I AD -54 -43 -115 4 SKSTGQHTTSVT EEE-SSS-EEEE 5.04 3.72 -0.10 0.33 -0.49 0
18451 4aco_A_328 1.3 I AD -54 -25 -101 -7 LRGKSLTTYPRE S--SSTTS---H 5.85 3.30 -0.10 0.63 -1.54 1
102642 5js4_A_115 2.2 I AA -75 -11 -95 -17 AYCDSALTGQNL HHHH-SS--SEE 5.96 3.23 -0.06 0.76 -0.59 1
89346 2imr_A_212 1.4 I AD -73 -13 -112 -4 LSPHTPFTVSHR EEE--SSSB-HH 5.39 3.55 -0.10 0.61 -0.41 0
67897 4m8d_A_94 1.5 I AD -64 -23 -97 -7 YSDGFTDTLDVQ -TT-STTTS-GG 5.15 3.53 -0.08 0.68 -1.31 1
52014 2vng_A_162 0.5 I AD -59 -32 -107 14 PNGLTYETPAIK TT-EETTS--EE 5.20 3.50 -0.09 0.70 -1.08 1
81200 2wlr_A_201 0.6 I AD -61 -28 -104 16 KHGIRHDTTVIL HTT--TTSEEEE 5.13 3.49 -0.05 0.75 -1.81 1
37823 4cdp_A_140 0.7 I AD -66 -10 -107 -10 KVYATDNTDMAA EEEE-TTS-HHH 5.32 3.47 -0.10 0.74 -0.98 1
38245 5in4_A_168 0.8 I AD -61 -30 -94 -1 EIPQKETTPFYP SSSB-TTS---- 5.36 3.47 -0.02 0.70 -1.40 1
17571 1ypy_A_29 0.8 I AD -64 -19 -96 -11 EANASAQTKCDI HS--BTTS--SS 5.23 3.47 -0.06 0.73 -1.14 1
32283 4m37_A_94 0.8 I AD -57 -11 -103 -2 KKHVTPETGVLE HTT--TT-EEEE 5.13 3.46 -0.10 0.79 -2.44 1
47957 3okp_A_195 0.9 I AD -64 -22 -96 -13 KLGFTDTTPVIA HTT--TT--EEE 5.42 3.44 -0.08 0.74 -0.65 1
54658 5ayv_A_90 0.9 I AD -53 -35 -111 3 RQCIGRNTWVLS GGG--TT-EEEE 4.91 3.63 -0.09 0.55 -0.81 1
62272 4om8_A_153 1.0 I AD -56 -31 -102 -1 EVIAGEKTAPQT EEE--TT--HHH 5.10 3.58 -0.06 0.60 -1.40 1
54521 2c1v_A_329 1.0 I AD -62 -30 -103 7 LPVRTGTTPLPT -----TTS---- 5.38 3.57 -0.02 0.58 -1.22 1
89297 5daw_A_206 1.0 I AD -68 -8 -106 -10 ALLITDSTIHCG EEEEETT--EE- 5.29 3.53 -0.09 0.74 -0.90 1
108360 4tz1_A_72 1.1 IV AN -59 1 -112 -33 VLVFDPSTPDIQ EEEE-SS-TTHH 5.20 3.63 -0.16 0.52 -0.57 1
55097 1o7i_A_88 1.2 I AD -60 -28 -102 4 QLNAGSKTKIAE EEEE-TT-EEEE 5.27 3.62 0.01 0.62 -1.77 1
99372 3hje_A_439 1.3 I AD -68 -12 -117 -1 NATSTHDTKFSE E-S--TT-SS-H 5.29 3.61 -0.14 0.66 -0.55 1
53315 3i09_A_137 1.4 I AD -75 -4 -116 11 NEQCTPYTVHYA TTT--TTEEE-S 5.54 3.46 -0.08 0.70 -0.96 1
60697 2qs9_A_66 1.5 I AD -67 -8 -113 20 ELHCDEKTIIIG TS---TTEEEEE 5.33 3.45 -0.02 0.75 -1.87 1
29023 1od3_A_111 1.6 I AD -62 -11 -104 1 GSTGSFDTYRDV ---SSTT--EEE 5.21 3.44 -0.12 0.81 -1.68 1
61523 5l77_A_332 1.8 I AD -54 -35 -100 6 GGGYGWYTPVAG E-TT-TT-SEEE 5.24 3.56 -0.07 0.56 -2.01 1
55768 5hwa_A_182 2.0 I AD -68 -23 -100 -3 GATGGSDTLQGL -SSSSTTSHHHH 5.58 3.41 -0.01 0.66 -1.41 1
41629 6enx_A_275 0.6 I AD -54 -29 -94 -9 NMECTPATQRFK ESS--TTGGGSS 5.41 3.47 -0.13 0.65 -1.29 1
98975 3dt5_A_102 0.7 I AD -66 -8 -105 -7 SYVYTAQTEDEI SS---TTHHHHH 5.29 3.41 -0.12 0.74 -1.42 1
15816 4p8n_A_285 0.7 I AA -68 -13 -96 -21 NGLANKYTFGPI T-S--TTTTSHH 5.55 3.50 -0.07 0.66 -1.09 1
35679 4wbd_A_190 0.7 I AD -67 -12 -97 -16 AFEETDHTNTLL TS---TTHHHHH 5.33 3.38 -0.08 0.72 -1.19 1
101003 4h59_A_278 0.7 I AD -70 -4 -109 -10 ITYGDDKTLEAL EEEE-TTHHHHH 5.44 3.49 -0.05 0.66 -1.43 1
49014 3tfj_A_15 0.8 I AD -65 -14 -106 -4 RLRSTPYTSRIE TBB--TTHHHHT 5.22 3.50 -0.11 0.69 -1.17 1
30491 4gy7_A_578 0.8 I AD -51 -38 -97 -8 TRPLTSNTIDEH TSS-BTTHHHHH 5.37 3.56 -0.03 0.54 -1.31 1
97203 2yeq_A_420 0.8 I AD -64 -28 -105 2 GADKRADTDQIL -BSB-TTHHHHH 5.36 3.54 -0.02 0.62 -0.88 1
39582 3cl6_A_169 0.8 I AD -62 -15 -107 -15 TGRTGPNTRRLV -SS--TTHHHHH 5.57 3.54 -0.09 0.57 -0.96 1
72487 1wkr_A_332 0.9 I AD -65 -13 -104 -1 GLATTSFTTATS EEEE-TTTT--- 5.32 3.43 -0.12 0.75 -1.73 1
2794 4igu_A_108 0.9 I AD -67 -11 -110 11 MIEPTTHTFDEA TSS--TTTTHHH 5.22 3.49 -0.07 0.76 -1.74 1
58923 3wvq_A_337 0.9 I AA -69 -17 -92 -27 NGRATGSTHIYE E-S--TTHHHHH 5.21 3.53 -0.14 0.66 -0.47 0
53159 4uds_A_188 1.0 I AD -64 -17 -106 -8 PNELTGKTLTKA TTT--TTTTHHH 5.26 3.46 -0.07 0.62 -1.20 1
75225 2g7s_A_175 1.0 I AD -69 -7 -101 -14 RAHGDAATFGAI HSS--TTHHHHH 5.64 3.51 0.01 0.71 -1.83 1
63282 3kmi_A_261 1.1 I AD -43 -50 -102 0 YTEFEAETGNLL H----TTHHHHH 5.29 3.58 0.02 0.40 -1.70 1
78966 4fzl_A_130 1.1 I AD -48 -43 -94 4 VLSGGLMTPFHA B--SSTTHHHHH 5.42 3.47 0.00 0.65 -1.97 1
55074 4xfm_A_425 1.1 I AD -61 -25 -103 8 GGFGNETTLLDV TT-S-TTHHHHH 5.55 3.49 -0.07 0.61 -1.75 1
43560 1zr6_A_145 1.3 I AD -71 -1 -111 -2 GGGYGFATHTHG H---STTHHHH- 5.42 3.45 -0.05 0.73 -1.62 1
62996 3nhe_A_309 1.4 I AD -65 -25 -119 15 HHGSNAHTALVE -SS--TTHHHHH 5.66 3.49 -0.07 0.60 -0.74 1
65584 2aml_A_271 1.5 I AD -68 -18 -123 10 LETASAVTERLV EE--STTHHHHH 5.43 3.51 -0.12 0.58 -0.83 1
116 5i62_A_324 1.5 I AD -66 -18 -111 19 MGSGSGGTNADE --TT-TTHHHHH 4.94 3.57 -0.12 0.71 -1.45 1
20078 2yhc_A_137 1.5 I AD -57 -22 -92 -8 GYPNSQYTTDAT T-TT-TTHHHHH 5.24 3.36 -0.06 0.90 -0.83 1
16150 4x2h_A_407 0.7 I AD -62 -19 -99 -9 PQFYDSETTFSV HHH--TT-EEEE 5.47 3.47 -0.06 0.67 -1.68 1
24934 2y2m_A_478 0.7 I AD -60 -28 -113 17 QGLMGSETILSN TTS--TT-EEE- 5.16 3.61 -0.01 0.62 -1.75 1
42640 3nre_A_154 0.7 I AA -54 -25 -91 -15 YFPLSPQTRIQA EEE--TT-EEEE 5.08 3.44 -0.13 0.80 -1.35 1
78620 1hdh_A_453 0.8 I AD -67 -10 -104 -1 EAAHDENTVTGW S-SS-TT-EEEE 5.47 3.42 -0.04 0.71 -1.79 1
74357 4o4f_A_108 0.8 I AD -58 -22 -97 -4 TQTWDPETASSK S-S--TT--HHH 5.45 3.51 -0.05 0.66 -1.91 1
111299 5tgf_A_49 0.8 I AD -61 -18 -110 6 YGSFTGDTKVYV EET--TT--EE- 5.31 3.46 -0.08 0.75 -1.62 1
65751 4ozu_A_112 0.8 I AD -69 -11 -105 2 PEEVTGTTELKE -SS--TT-EE-S 5.29 3.46 -0.04 0.77 -1.47 1
24203 1ei5_A_53 0.8 I AD -69 -16 -109 14 RTPMTLDTRMPI TEE--TT--EE- 5.20 3.51 -0.08 0.75 -1.49 1
75896 1r89_A_196 0.8 I AD -72 -1 -113 9 ARRWTRRTVIDV HTT--TTEEEEG 5.24 3.50 -0.07 0.76 -1.72 1
85671 2qvp_A_139 0.8 I AD -56 -35 -100 13 KAKPGADTSAEG EEE--TT--HHH 5.49 3.56 -0.06 0.63 -1.78 1
11505 2own_A_157 0.9 I AD -69 -18 -115 18 SFEATDTTITKP -----TT-EEEE 5.31 3.64 -0.08 0.68 -1.22 1
97267 3gmg_A_211 0.9 I AD -62 -32 -100 14 SVRVGVDTWVVG EEE--TT--EEE 5.21 3.56 -0.01 0.64 -2.03 1
53614 4yl8_A_21 0.9 I AD -54 -32 -97 3 EFAIQPNTTGKQ EEEE-TT-BHHH 5.28 3.52 -0.03 0.64 -1.85 1
47248 4kt6_A_363 0.9 I AD -62 -29 -109 16 IRTASGDTPGAN -B---TT-TT-- 5.31 3.52 -0.03 0.65 -1.30 1
98515 5fu5_A_1109 1.0 I AD -52 -41 -94 7 CLKMETATSISF EEE--TT-EEEE 5.21 3.52 -0.01 0.60 -2.09 1
98854 5ejr_A_2077 1.0 I AD -45 -44 -105 16 LAKINTYTTIRE EEE--TT-BHHH 5.27 3.64 -0.04 0.57 -1.89 1
80247 3bwz_A_59 1.0 I AD -64 -11 -120 -1 GVAYTKSTMPGA S-B--TT---EE 5.33 3.58 -0.14 0.57 -1.01 1
10704 3ach_A_172 1.0 I AD -55 -29 -109 -2 GKVLTANTVLRD G----TT--B-E 5.23 3.59 -0.08 0.55 -0.94 1
15802 5gkv_A_59 1.1 I AD -57 -32 -107 12 QVPFGPDTLTAL -SB--TT-BEE- 5.24 3.59 -0.02 0.56 -1.77 1
72126 3g5b_A_656 1.1 I AA -61 -18 -95 -16 LDEETLNTPCYC TT---TT-SEEE 5.29 3.44 -0.10 0.77 -0.81 1
16057 5msd_A_467 1.1 I AD -62 -19 -102 6 LLLKAETTIPGY EEEEETT----B 5.60 3.34 -0.10 0.77 -1.39 1
36366 4s2r_P_288 1.1 I AD -58 -14 -101 -7 MVYLTPETNYAI -EEE-TT-BHHH 5.28 3.42 -0.05 0.80 -1.62 1
69412 5fzp_A_274 1.3 I AD -72 -3 -124 14 DTELTNSTLLAP SS---TT--EEE 5.32 3.53 -0.14 0.65 -1.15 1
35069 2orw_A_74 1.4 I AD -66 -27 -108 19 RKYIEEDTRGVF GGG--TTEEEEE 5.24 3.59 -0.01 0.67 -1.45 1
26728 3hyn_A_87 1.4 I AD -62 -16 -103 -3 ILFLSSITANSR EEE--TT----H 5.38 3.46 -0.08 0.74 -1.62 1
110020 1vkh_A_25 1.5 I AD -54 -41 -98 6 FQEISQNTREAV EE---TT--EEE 5.56 3.53 0.01 0.51 -2.11 1
62028 4jde_B_64 1.7 I AD -65 -24 -104 15 HYNTGPFTTGTD EEEESTT----E 5.83 3.43 -0.03 0.69 -1.39 1
56959 4ut1_A_508 1.8 I AD -65 -15 -105 -1 INITSATTPVPY EE--STT--EE- 5.39 3.44 -0.09 0.72 -1.46 1
102247 2igp_A_174 1.3 I AD -52 -39 -99 0 YTVGAPHTWPHI HTTTSTTTHHHH 5.18 3.66 0.02 0.59 -1.36 1
51557 1dqp_A_163 0.5 I AD -59 -30 -97 -16 KHSALADTKMFY TSTTTSS--EEE 4.97 3.64 -0.04 0.60 -0.37 0
105824 3tc8_A_137 0.5 I AD -61 -30 -103 18 PDPSKHRTPLDG SSGGGTTS---- 5.24 3.52 -0.01 0.65 -1.95 1
32555 5b4z_A_130 0.8 I AD -64 -28 -102 10 TEPALADTEVVT --GGGTTS-B-E 5.00 3.65 -0.00 0.64 -1.81 1
60980 1c3c_A_131 0.9 I AD -55 -39 -111 13 VANRYKHTPTIG HHHHTTT-EEEE 5.00 3.71 -0.04 0.44 -1.73 1
41144 5irc_A_1276 0.9 I AD -72 -14 -105 7 IEATGLSTEGIY HHHH-TTSTTTT 5.28 3.50 -0.00 0.69 -1.74 1
75144 5u47_A_632 1.0 I AD -66 -22 -101 1 VSEGSGKTEETS TTTTTTTS-B-- 4.88 3.65 0.01 0.73 -1.16 1
74072 4pf4_A_241 1.1 I AD -55 -34 -104 20 EDEYFSNTSALA -HHHHTTS-HHH 4.94 3.68 -0.03 0.65 -2.18 1
70305 4muo_A_67 1.2 I AD -64 -24 -106 -12 YEAMQNHTIKLT HHHHHTTS---- 4.91 3.65 -0.16 0.63 0.00 0
66331 3p0b_A_464 1.2 I AD -71 -12 -109 12 DWPFLMETGQAE HHHHTTT-TTTH 5.15 3.61 0.00 0.71 -1.73 1
86976 2fwh_A_481 1.2 I AD -63 -26 -107 21 VQKALADTVLLQ HHHHTTTSEEEE 5.15 3.60 -0.01 0.64 -2.06 1
68291 4kgd_A_296 1.2 I AD -54 -38 -113 9 VSKAFKNTRYFL TTTTTTT-SEEE 5.03 3.65 -0.06 0.47 -1.12 1
8436 4d8b_A_167 1.3 I AD -71 -11 -123 7 GNPYNLLTPVIE STTT-TTS-B-- 5.33 3.59 -0.09 0.59 -0.81 1
53668 4ovk_A_236 1.4 I AD -47 -38 -99 12 GENAAKDTKGSW -EETTTT--SSE 5.24 3.53 -0.01 0.72 -2.25 1
54456 3jsz_A_327 1.5 I AD -61 -27 -105 15 PYTALKDTPLAQ HHHHTTTSGGGG 5.35 3.58 -0.01 0.61 -2.26 1
65241 4ogg_A_96 1.5 I AD -66 -19 -104 7 APEYLALTASVV HHHHHTT-HHHH 5.02 3.52 -0.03 0.75 -1.56 1
51695 4im6_A_804 1.5 I AD -63 -25 -104 -18 LFSVLKVTRNLK HHHHHTT--S-- 4.90 3.56 0.04 0.66 0.04 0
31026 4cmr_A_518 1.5 I AD -68 -13 -114 14 GLEGWETTEKAW BSSS-TTSHHHH 5.67 3.47 -0.02 0.64 -1.74 1
68526 5lbd_A_640 1.5 I AD -55 -40 -103 12 AAAVESNTTHPV HHHHHTT--SHH 5.37 3.61 0.01 0.43 -2.63 1
15012 3uxj_A_105 1.6 I AD -58 -38 -106 16 YLNSYNQTRFAS HHHTTTT-B-S- 5.04 3.74 0.01 0.45 -1.85 1
95949 1g66_A_79 1.6 I AD -69 -17 -104 9 FNSQCPSTKIVL HHHHSTT-EEEE 5.51 3.47 0.00 0.66 -1.79 1
68408 1b0b_A_55 1.6 I AD -55 -47 -100 29 AKGTVKNTPEMA -GGG-TTSHHHH 5.44 3.53 0.02 0.57 -1.78 1
78408 3bqo_A_134 1.6 I AD -49 -38 -95 4 TRIAAGKTLDAQ HHHHTTT-TTEE 5.18 3.57 0.01 0.65 -2.08 1
89518 1es5_A_26 1.6 I AD -60 -24 -115 19 LYTKAADTRRST EEEESTT--B-- 5.33 3.58 -0.03 0.62 -1.59 1
33808 2j66_A_261 1.7 I AD -61 -24 -124 21 RDTRFPQTTFII HTTT-TT-EEEE 5.20 3.69 -0.01 0.49 -1.23 1
638 4yud_A_151 1.8 I AD -64 -18 -105 5 PEERDARTVFCM HHHHHTTEEEEE 5.01 3.63 -0.07 0.67 -2.06 1
77073 4p0g_A_426 1.9 I AD -61 -32 -99 1 QKQWYAKTRYGY SHHHHTTSSS-- 5.14 3.56 -0.01 0.66 -1.18 1
586 4wcx_A_303 2.1 I AD -57 -33 -94 1 IRMAVPYTGMIL HHHHSTTSEEEE 5.46 3.43 0.02 0.71 -1.39 1
112573 4bps_A_143 2.2 I AD -56 -30 -103 3 NYVSGINTTNAD EEEETTTSB-TT 5.06 3.63 -0.02 0.59 -1.78 1
53158 4uds_A_190 0.7 I AD -60 -40 -93 -1 ELTGKTLTKALR T--TTTTHHHHH 5.26 3.46 -0.04 0.53 -1.32 1
44173 4ar9_A_492 0.8 I AD -65 -27 -105 -1 KGNNGRITWFEE SSSTTTTHHHHH 5.05 3.63 -0.05 0.49 -1.08 1
43483 4f03_A_243 1.0 I AD -65 -16 -106 -8 AQFYAQFTKFEQ HHHHHTTGGG-- 5.40 3.44 -0.09 0.68 -0.95 1
21800 1q7e_A_392 1.0 I AD -57 -32 -113 10 APLLGEHTAAVL ---TTTTHHHHH 5.26 3.58 -0.07 0.53 -1.38 1
74092 1wur_A_58 1.1 I AD -54 -44 -93 -3 GREGLLKTPERV TSGGGTTHHHHH 4.88 3.68 0.02 0.58 -0.83 1
81680 1h97_A_96 1.2 I AD -68 -7 -113 -15 AQYGKDHTSRKV HHHHHTTTTSS- 5.25 3.54 -0.15 0.62 -0.59 1
12644 2xty_A_13 1.5 I AD -59 -47 -117 9 KIDRNRFTGEKI B--TTSSTT-EE 5.43 3.63 -0.05 0.35 -0.28 0
98693 4dkc_A_131 1.7 I AD -78 -7 -112 17 LNVQQGLTDVEV HHHHHTTTT--- 5.92 3.35 -0.04 0.71 -0.78 1
20973 4f54_A_109 2.0 I AA -79 -8 -99 -20 IASTYYFTGYTQ ES--TTTTT--S 6.11 3.28 -0.03 0.73 -0.40 0
51431 1vju_A_229 1.0 I AD -60 -27 -102 14 IVNRRKNTPYTE HHHHHTT----H 5.44 3.47 -0.02 0.65 -2.13 1
39761 4ybg_A_280 1.2 I AD -50 -38 -101 14 KKDFFEFTAGIA HH-TTTT-TT-S 5.56 3.33 -0.02 0.75 -1.57 1
35325 2f69_A_263 1.3 I AD -67 -31 -115 9 DWALNGNTLSLD -GGG-SS-EE-S 5.25 3.58 -0.06 0.51 -0.37 0
26306 4a3p_A_19 1.4 I AD -61 -24 -100 2 DIATLLKTSLRK HHHHHTT----T 5.13 3.52 -0.07 0.76 -1.28 1
3 1zvt_A_715 1.5 I AD -71 -20 -106 8 PEELQKVTGERG HHHHHTTB--TT 5.17 3.59 0.01 0.70 -1.03 1
53910 1u60_A_195 1.9 I AD -78 -12 -106 11 VYTRQCSTLLNT HHHHHTTEEE-H 6.25 3.13 -0.03 0.81 -0.61 1
30599 5g4i_A_155 2.0 I AD -65 -18 -109 -1 TTSLAEITTGLT SHHHHTT--SS- 5.09 3.62 -0.08 0.62 -1.42 1
107163 1rjd_A_261 1.3 I AA -61 -37 -88 -29 LEMPTLMTYNSK ---TTTTTT-SH 4.82 3.69 0.01 0.62 0.45 0
52266 5fmd_A_61 1.3 I AA -60 -47 -89 -13 GNATLFTTFRPK -TTTTTTTT--S 5.22 3.68 0.00 0.44 -0.51 1
101801 4i6y_A_331 1.7 I AA -60 -34 -100 -25 LVGGATKTHPLA SBSTTTTTSHHH 4.84 3.71 -0.08 0.52 0.35 0
99264 2imq_X_48 2.5 IV AA -59 -49 -69 -54 VQGFGFQTDKPQ EEES-TTT-TT- 5.49 3.49 0.03 0.61 0.38 0
37224 4d6z_A_261 1.9 IV AN -67 7 -111 -33 KESRLEDTQKHR HHTTTTT-TT-- 5.35 3.46 -0.14 0.71 -0.65 1
65885 4qtp_A_75 0.7 I AD -62 -26 -111 11 YEKLGKETGFGV HHHS-TT-EEEE 5.04 3.58 -0.05 0.60 -1.49 1
68703 4xab_A_210 0.8 I AD -55 -24 -105 0 AVVHDFRTPHYA EEEEETT--EEE 5.33 3.47 -0.10 0.69 -1.43 1
54117 3uc9_A_109 0.9 I AD -67 -16 -97 -16 MIAAHRNTFVVL HHHS-TT-EEEE 5.69 3.50 -0.04 0.66 -1.04 1
796 4beu_A_64 1.0 I AD -54 -33 -93 2 KSHMNANTKICA HTTS-TT--BEE 5.68 3.31 -0.03 0.74 -1.58 1
18325 4wsf_A_58 1.1 I AD -71 -20 -119 8 ESKIQPDTAYQK EEE--TT---EE 5.63 3.48 -0.06 0.53 -0.67 1
72614 4v17_A_474 1.1 I AD -65 -29 -105 20 EIKTGADTGFMN EEEE-TTEEEEE 5.37 3.57 0.00 0.62 -1.79 1
70804 5u22_A_388 1.1 I AD -62 -23 -104 9 IDWKSKDTPSNG E--S-TTSB--- 5.28 3.46 -0.06 0.74 -1.56 1
69728 5c8z_A_213 1.2 I AD -62 -34 -95 -8 DWTVGAATPTES EEEEETTSBHHH 5.11 3.55 -0.02 0.66 -0.52 1
14270 5ioj_A_156 1.3 I AD -61 -37 -116 11 FKQAGPITANSR --TT-TTS-GGG 5.09 3.71 -0.00 0.43 -0.44 0
101315 3fot_A_167 1.5 I AD -76 -6 -111 6 SDVSTDSTPIPQ ESSSSTTS---T 5.26 3.53 -0.03 0.75 -1.12 1
48630 5dcu_A_51 1.5 I AD -65 -32 -99 9 EVLKLPDTPGGP HHTTSTT-TT-S 5.60 3.47 0.02 0.60 -1.40 1
82764 3cbw_A_141 1.6 I AD -60 -25 -112 17 FQSGHFKTPITN SSS--TT----H 5.15 3.64 -0.03 0.62 -2.13 1
16233 3n3u_A_3759 1.8 IV AP -58 -61 -57 -98 IPQTKASTKSAT S--SSSSS---- 6.08 3.53 -0.03 0.49 0.32 0
102612 5js4_A_404 1.9 I AA -75 -15 -94 -21 ETHISSSTVTPL EEESSSS----- 5.67 3.40 -0.05 0.74 -0.24 0
46745 3sk7_A_128 2.0 I AD -70 -19 -108 20 LLASGQTTKPKA HHHH-TTS--EE 5.55 3.48 -0.02 0.69 -1.42 1
97129 2qml_A_136 2.1 I AD -57 -36 -91 -4 QKFQEPDTNTIV HHHTSTT--EEE 5.50 3.51 0.04 0.62 -1.26 1
28754 3wpc_A_115 0.7 I AD -48 -42 -103 12 HMTIEPNTFLAV --EE-TTTTTT- 5.49 3.60 -0.00 0.51 -1.90 1
28847 3smv_A_101 0.8 I AD -62 -20 -95 -13 NWPAFPDTVEAL G--B-TTHHHHH 5.39 3.52 -0.02 0.61 -1.82 1
9878 2vdj_A_239 0.9 I AD -39 -56 -97 4 HSEYSCDTLKQE -TT--TTHHHHH 5.71 3.51 -0.01 0.47 -1.63 1
28727 3wpc_A_276 0.9 I AD -52 -33 -107 19 FPQLHSDTFSHL --EE-TTTTTT- 5.12 3.54 -0.11 0.66 -1.82 1
101555 4nhe_A_275 1.1 I AD -64 -23 -112 2 QQAPHTMTEEVA ---SSTTHHHHH 5.48 3.53 -0.05 0.57 -0.96 1
39555 2jii_A_388 1.2 I AD -54 -25 -106 7 LYGFLPWTNCLP HHS--TTGGGTT 5.14 3.63 -0.09 0.63 -1.91 1
87198 4r75_A_184 1.3 I AD -59 -29 -92 -9 QYTKSGITPARN EEESSTTHHHHH 5.49 3.39 -0.07 0.72 -1.05 1
3581 5xh6_A_381 1.3 I AD -59 -25 -106 5 ALCDHWDTLRNA HHSSSTTHHHHH 5.20 3.50 -0.09 0.69 -1.41 1
90215 4cp6_A_404 1.4 I AD -66 -20 -109 17 EFSVKKDTFAIP T-EE-TTSB--- 5.05 3.60 -0.09 0.69 -1.73 1
110266 2zkm_X_136 1.6 I AA -52 -21 -91 -20 ALVKHPLTANAS HHHH-TTGGG-- 5.54 3.44 -0.06 0.71 -1.82 1
112165 3oqp_A_92 2.0 I AA -74 -7 -90 -39 KSLPSAFTGTDL ESSS-SSTTSSH 5.99 3.34 -0.09 0.70 -0.30 0
22166 5eyn_A_307 2.1 I AD -60 -35 -98 -17 TTQKGAMTALPN TTSSSTTTT--- 5.34 3.53 -0.06 0.48 -0.48 0
32277 4m37_A_196 0.7 I AD -52 -31 -95 2 NRLLKPTTKIIP HHT--TT-EEES 5.43 3.47 -0.01 0.68 -2.14 1
78043 4nzr_M_331 0.8 I AD -64 -33 -113 26 PLVLGSKTNVIY GGGB-TT-EE-- 4.98 3.64 -0.08 0.56 -1.37 1
108393 4k35_A_192 0.9 I AD -71 -16 -111 15 EKKSDDNTSTFS TB---TT--EEE 5.44 3.44 -0.01 0.72 -1.32 1
47984 5i3e_A_74 1.0 I AD -67 -16 -104 3 FGDPGDTTGWIL HSS--TTEEEEE 5.15 3.53 -0.04 0.73 -1.70 1
40171 5iuc_A_474 1.0 I AD -63 -22 -109 16 FGNVPIDTTIGD EEE--TT---EE 5.49 3.44 -0.03 0.70 -1.62 1
76823 3ll3_A_226 1.1 I AD -75 -7 -105 -3 KLGIDSDTKIIL HHT--TT-EEEE 5.25 3.39 -0.10 0.84 -0.46 0
99089 3poh_A_82 1.3 I AD -54 -43 -93 5 SKTPNTATSAKV SS---TT---EE 5.33 3.49 -0.03 0.63 -1.42 1
1057 4nn2_A_246 1.3 I AD -58 -33 -96 2 CMLFSSGTVQLT HHHT-TT--B-S 5.51 3.54 -0.02 0.60 -1.67 1
103670 5xdt_A_174 1.3 I AD -64 -19 -106 -7 LDIVDKSTPMME GGS--TT--HHH 5.48 3.55 -0.09 0.57 -0.98 1
61276 2ggc_A_188 1.5 I AA -53 -30 -87 -18 LHYDSRETNVVL -SS--TT---B- 5.95 3.29 -0.02 0.77 -1.54 1
12679 4ovj_A_324 1.6 I AD -59 -30 -106 20 FWSIYSKTKYPQ EEEEBTT-S-HH 5.27 3.47 -0.06 0.68 -1.84 1
84657 2heu_A_299 1.8 I AD -69 -13 -119 15 AWSISATTKHPK EEEEBTT-S-HH 5.35 3.48 -0.10 0.70 -1.10 1
25201 3t7h_A_148 1.9 I AD -63 -26 -101 10 CFQRPSSTVLHV EEESSTTEEEEE 5.46 3.40 -0.06 0.71 -1.53 1
79852 5ht2_A_209 2.3 I AD -58 -24 -106 11 EIIPFPNTKMMR EEEE-TT-SS-- 5.60 3.49 -0.01 0.61 -2.19 1
26447 5ukh_A_305 2.9 I AA -60 -28 -80 -40 EVVSNPVTGEKQ EEES-TTT--EE 5.40 3.52 -0.00 0.65 -0.24 0
105503 5t5i_F_318 2.4 I AD -74 -20 -103 3 CERSCPVTAITV HHHH-TT--EEE 5.26 3.68 -0.02 0.68 -0.93 1
38142 2hxt_A_300 1.6 I AD -63 -23 -113 3 PVSTGEHTQNRV -EEE-TT--SHH 4.79 3.72 -0.06 0.53 -0.81 1
54705 3aia_A_8 1.8 I AD -60 -36 -112 -11 FIFKANKTITSS EEEEESS---SS 5.56 3.59 -0.05 0.38 -0.32 0
22955 2a6z_A_21 2.4 I AD -49 -39 -123 24 SLPDLINTRKVP -B---TT--S-- 4.87 3.72 -0.02 0.32 -2.35 1
53512 4uc8_A_59 0.9 I AD -55 -37 -107 7 EDANHKFTGLIG TT---TTHHHHH 5.09 3.67 -0.06 0.54 -1.17 1
55447 1g8k_A_253 1.3 I AD -75 -7 -114 1 PNLQGATTSKKK HHHHTTTHHHHH 5.55 3.48 -0.06 0.65 -0.78 1
32956 5hon_A_801 1.8 I AD -64 -23 -115 -22 TNFPDVFTGANA S-----STT--- 6.09 3.36 -0.06 0.49 -0.10 0
17938 3p02_A_83 1.9 I AD -65 -19 -106 -7 SFSLRDDTLDIL EEEE-TTHHHHH 5.97 3.51 -0.03 0.57 -0.90 1
60694 2qs9_A_112 1.9 I AD -70 -25 -111 18 ERASGYFTRPWQ HHHTSTTSS--- 5.69 3.51 -0.05 0.60 -0.81 1
53389 5ciy_A_7 2.3 I AD -61 -26 -104 16 EIKDKQLTGLRF --SS-TTTT-EE 5.72 3.41 -0.01 0.68 -1.73 1
36312 1kqp_A_179 2.4 I AD -75 -14 -103 3 GADLLPLTGLTK --SB-TTTT--H 6.01 3.30 -0.03 0.70 -0.71 1
53330 2hlz_A_83 0.9 I AD -45 -41 -105 17 YSVDLRYTVFQT TT-B-TTEEE-S 5.58 3.36 -0.02 0.70 -1.47 1
16221 4xcv_A_44 1.0 I AD -62 -31 -95 -7 RERDFSETEYAL TT---TT--EEE 5.14 3.57 -0.02 0.59 -1.17 1
62537 2vfr_A_405 1.6 I AD -51 -39 -96 8 LDPAGKFTNAFV H-TT-TT--HHH 4.89 3.58 -0.07 0.73 -1.41 1
17337 1w2f_A_346 1.7 I AD -63 -30 -112 21 CSTDFKTTRSRE EE---TT--SHH 4.95 3.57 -0.00 0.58 -2.05 1
12250 1eu1_A_753 1.8 I AD -59 -14 -112 15 AQGNCGQTILAD T----TT--EEE 5.62 3.55 -0.01 0.72 -2.08 1
12167 1fye_A_130 1.9 I AD -68 -14 -108 22 ACPTIRTTNDMP TSSBSTT--S-- 5.76 3.39 -0.05 0.75 -1.96 1
79644 3u9w_A_1462 0.9 I AA -50 -52 -86 -11 PNYDMTLTNACI -----TTTHHHH 5.09 3.56 0.05 0.57 -0.87 1
98088 3dmg_A_245 1.4 I AA -58 -36 -91 -36 GAGYGALTLPLA T-TTSTTHHHHH 4.47 3.79 -0.11 0.45 0.68 0
42118 4hb9_A_121 1.5 I AD -60 -33 -105 14 LNKGLANTIQWN HHTT-TTTEE-S 4.84 3.67 -0.02 0.64 -1.80 1
29813 5mpt_A_1996 1.6 I AA -67 -35 -87 -42 GAGTGGTTVKML S-TTTTTHHHHH 4.44 3.81 -0.08 0.48 0.85 0
37191 1jdw_A_304 2.0 I AD -66 -4 -116 20 NPMHIDATFNII -SS-STTTEEEE 5.27 3.55 0.07 0.72 -1.99 1
76225 3vl1_A_284 2.3 I AD -65 -26 -105 8 IQLPSKFTCSCN EEE--TTSS-EE 5.26 3.45 0.01 0.72 -1.44 1
77023 1zk4_A_98 0.6 I AD -53 -40 -101 9 VNKSVEETTTAE ----TTT--HHH 5.28 3.53 -0.04 0.61 -1.50 1
101398 4dmi_A_63 1.0 I AD -74 -42 -89 -8 KAFTLINTIDFD T-B-TTT-EEEE 5.81 3.44 0.01 0.56 -0.23 0
53309 3i09_A_389 1.1 I AD -70 -26 -106 -1 AFTTKQETRCAL HS--TTT---TT 5.37 3.53 -0.04 0.59 -0.57 1
55608 2eab_A_469 1.5 I AD -69 -42 -97 -14 ETTNPETTPIGE --SSTTTS-TTS 5.23 3.65 -0.03 0.51 0.28 0
6044 4pqg_A_248 1.6 I AA -61 -29 -93 -16 EHYSENATNEDY --B-TTT--SS- 5.20 3.57 -0.02 0.62 -0.70 1
18869 4aw7_A_355 1.8 I AD -66 -37 -111 -11 NPQNLKNTTWRL -TT-TTT--EEE 5.30 3.66 -0.11 0.37 0.16 0
80537 5fuh_A_57 0.6 I AD -65 -37 -106 0 IISTPQDTPRFQ EEE-TTTHHHHH 5.53 3.53 -0.05 0.52 -0.23 0
2010 1vyb_A_48 1.2 I AD -77 -22 -114 17 THLTCRDTHRLK ----TTSGGG-- 5.72 3.46 -0.03 0.63 -0.43 0
10862 1wte_A_37 1.2 I AD -81 -24 -95 -16 MSINPFMTPFIF ----TTTHHHHH 5.62 3.37 -0.03 0.67 0.01 0
46210 5nzo_A_211 1.5 I AD -72 -17 -113 -8 TPLLPSTTGLLN ----TTTTTSB- 5.46 3.57 -0.08 0.59 -0.17 0
19602 3iuk_A_377 1.6 I AD -83 -13 -106 -6 TFTTWSETTTVF EEE-TTTHHHHH 5.95 3.38 -0.04 0.69 -0.40 0
25370 4wks_C_488 2.0 I AG -50 -55 -110 33 SNDSAWLTNPAS SSS-STTSSTTS 5.56 3.54 0.04 0.43 -1.79 1
104528 3v1v_A_229 1.3 I AA -74 -46 -92 -24 FHSTAEYTPTWQ ----TTTHHHHH 5.70 3.44 -0.01 0.51 0.31 0
77905 4z24_A_300 1.8 I AA -75 -34 -109 -31 VTSGAFYTPTIL E-S-TTTHHHHH 5.96 3.43 -0.04 0.47 0.34 0
20479 5kdo_B_84 1.4 I AD -67 -45 -102 -11 IIWDSYTTNKVH EEEETTTTEEEE 4.83 3.79 -0.07 0.35 0.34 0
6370 1w1h_A_510 0.1 I AD -62 -21 -125 4 PEAKNFKTFFVH EEEEETTEEEEE 5.33 3.63 -0.11 0.43 -0.66 1
75369 3gk6_A_138 0.3 I AD -57 -27 -124 -6 EYYKSANTVEIS EE--SSSEEEEE 5.00 3.67 -0.16 0.36 -0.05 0
13407 1szw_A_314 0.4 I AD -62 -17 -126 16 WNWWDDVTVEIR EEEEETTEEEEE 5.34 3.66 -0.11 0.53 -1.31 1
102836 2jhn_A_54 0.4 I AD -51 -31 -118 13 AYPESERTIVVE EEEEETTEEEEE 5.14 3.64 -0.12 0.51 -1.48 1
76981 4ze8_A_156 0.4 I AD -47 -41 -118 22 PVVEDKYTVTLR EEEEETTEEEEE 5.10 3.74 -0.07 0.42 -1.56 1
30153 5gv8_A_1025 0.4 I AD -50 -41 -121 19 KEVVNHDTRRFR EEEEETTEEEEE 5.14 3.71 -0.07 0.34 -1.20 1
71960 5oho_A_543 0.4 I AD -56 -27 -105 -22 LVQLDPQTVGVI EEE-SSS-EEEE 5.38 3.65 -0.09 0.38 -0.77 1
92036 4pfy_A_137 0.5 I AD -56 -39 -123 15 IERVDERTLKFV EEEEETTEEEEE 5.20 3.68 -0.08 0.33 -0.77 1
40260 3nqi_A_141 0.5 I AD -63 -25 -104 -9 PFQFSENTIVLP SEEEETTEEEEE 5.14 3.60 -0.14 0.56 -0.68 1
99425 5le5_L_47 0.5 I AD -61 -20 -112 0 CYKLTDKTVIGC EEEEETTEEEEE 5.09 3.64 -0.16 0.58 -1.38 1
54959 2pd1_A_46 0.5 I AD -49 -43 -124 10 ALKFGPSTFGVF EEE-SSSEEEEE 5.07 3.70 -0.08 0.27 -0.73 1
40969 2hqy_A_227 0.5 I AD -57 -27 -123 13 GMPINHETFGVH EEEEETTEEEEE 5.20 3.74 -0.11 0.40 -1.34 1
82092 2fgq_X_283 0.5 I AD -62 -30 -101 -16 VHNLSKRTALYG EEESSSSEEEEE 5.13 3.60 -0.12 0.55 -0.19 0
98818 2p4f_A_189 0.5 I AD -63 -24 -113 12 WQFAGPNTVHCL EEEEETTEEEEE 5.07 3.63 -0.08 0.47 -1.72 1
53141 2xn6_A_208 0.6 I AD -54 -37 -118 7 SFLIDKTTTVQV EEEEETTEEEEE 5.23 3.70 -0.04 0.36 -1.08 1
18289 2riq_A_316 0.7 I AD -65 -16 -122 4 TGDVTAWTKCMV --EEETTEE--- 5.06 3.65 -0.18 0.57 -0.66 1
24171 1j1t_A_30 0.7 I AD -51 -22 -119 15 NPLVDDSTLVFV -SEEETTEEEE- 5.35 3.60 -0.10 0.53 -2.07 1
44299 6ao7_A_59 0.8 I AA -68 -34 -82 -39 LYPWDFETTEIK EEESSSSEEEEE 5.72 3.45 -0.07 0.56 0.03 0
70540 3l6t_A_64 0.9 I AD -58 -25 -103 1 VGEIDTFTHMQR TTEEETTEE--- 4.95 3.60 -0.05 0.60 -2.24 1
106007 3gkj_A_232 1.0 I AD -64 -24 -112 10 DESVDEVTAPCS TS-SBTTB---- 5.22 3.61 -0.03 0.59 -1.56 1
54435 1mtz_A_212 1.2 I AD -50 -44 -94 8 MNGPNEFTITGT HT-SBTTB--ST 5.14 3.58 0.03 0.63 -1.74 1
23138 2cnq_A_27 0.6 I AD -55 -30 -111 2 IYEVDAGTLLFV EEEEETTEEEEE 5.22 3.52 -0.11 0.39 -1.53 1
9477 4gq4_A_248 0.6 I AD -61 -31 -106 -7 NPSIDLHTDSLE --EEETTEE-HH 5.22 3.59 -0.05 0.46 -1.19 1
34497 1jb7_A_237 0.8 I AD -54 -30 -116 -8 VHELDEYTNELK EEE-SSSEEEEE 5.30 3.66 -0.10 0.40 -0.33 0
100311 5l9z_A_504 0.8 I AD -58 -16 -107 -1 LKMVDDQTLPPL ---SBTTB---- 5.15 3.67 -0.07 0.57 -2.31 1
66229 5ab4_A_200 1.1 I AZ -38 -51 -115 31 SRCVAPVTNLLE S-EEETTEEGGG 4.82 3.82 -0.05 0.35 -2.36 1
24499 5hop_A_133 1.6 I AA -59 -48 -87 -29 SILTGFNTRKVS EE-SBSS--S-B 4.67 3.78 -0.03 0.41 0.65 0
80857 2wzb_A_372 1.7 I AA -60 -45 -84 -43 TIIGGGDTATCC EEEESTTHHHHH 5.00 3.70 -0.08 0.49 0.61 0
83376 4zr7_A_75 0.7 I AD -59 -13 -113 -15 WELADNLTSIAI HTT--TTEEEEE 4.96 3.64 -0.10 0.59 -0.87 1
51313 4nlm_A_280 0.9 I AD -59 -23 -111 -7 DTNFDKNTFLTF -SS-BTTBEEEE 5.33 3.65 -0.12 0.49 -0.89 1
37196 1jdw_A_270 1.1 I AD -67 -22 -114 -8 FAQRSQVTNYLG EE---SS--HHH 5.00 3.66 -0.14 0.51 -0.07 0
37163 2ci1_A_142 1.4 I AA -73 -13 -100 -31 FVGLSKRTNQRG EEEESSS--HHH 5.13 3.59 -0.17 0.62 0.06 0
87580 4maa_A_138 1.4 I AD -64 -18 -96 -12 GKDCNASTFRWS TTT--TTEEE-S 5.59 3.44 -0.04 0.61 -1.65 1
61688 1gve_A_169 1.5 I AD -57 -25 -118 21 QGMYNAITRQVE EEE-BTTB-GGG 4.96 3.66 -0.09 0.52 -2.26 1
214 1pn0_A_462 1.5 I AD -56 -35 -106 16 NYDENLVTDKKS ---SBTTB-STT 4.98 3.68 -0.05 0.53 -1.94 1
36160 3zzs_A_49 1.5 I AD -55 -33 -101 -15 IAQFTEHTSAIK EEE--SS-SEEE 4.98 3.60 -0.14 0.56 -0.29 0
113012 3i45_A_116 1.6 I AD -55 -33 -99 -3 WEKGNRYTYRLR TTT--TTEEE-S 5.67 3.39 -0.03 0.63 -1.28 1
4071 3qc7_A_238 0.7 I AD -65 -17 -110 -21 LPAATTTTLGGV --B--SSS--B- 5.07 3.67 -0.15 0.45 -0.16 0
14434 4ia6_A_300 0.9 I AD -52 -37 -114 19 STYGDQNTPAPI -EE-BTTB---- 5.02 3.64 -0.12 0.45 -1.80 1
48634 4e5v_A_291 0.9 I AD -62 -31 -106 -22 KDFPTETTCSYR TT---SS---B- 5.13 3.65 -0.12 0.45 0.03 0
22270 3hrp_A_88 1.0 I AD -59 -21 -118 2 VIGIDNNTLYCL EEEEETTEEEEE 5.10 3.70 -0.08 0.43 -1.88 1
62172 4j4h_A_104 1.2 I AD -67 -21 -110 -24 ILMADDRTFLAH EEEE-SS-EEEE 5.47 3.63 -0.09 0.46 0.02 0
103547 1oi2_A_151 1.2 I AD -46 -38 -112 28 AVKDSLYTAGRR S-BS-TT-SSB- 5.30 3.64 -0.08 0.51 -1.78 1
23972 2xe4_A_424 1.3 I AD -54 -33 -123 21 MEYSSLATPNTW EEEEETTEEEEE 4.79 3.81 -0.08 0.36 -1.33 1
71905 2gia_A_149 1.3 I AD -61 -43 -103 -4 VEVHSRYTNATF EEEE-SSEEEEE 5.14 3.67 -0.15 0.49 0.17 0
33902 3bvx_A_839 1.3 I AN -60 -30 -114 -28 MFIEDANTRLTL EEEE-SSEEEEE 5.59 3.56 -0.16 0.33 0.17 0
97701 1xkw_A_466 1.4 I AA -55 -29 -91 -35 WDQDTPATRFKP EEEE-SS-EE-- 5.15 3.58 -0.13 0.57 -0.02 0
92557 1s9r_A_230 1.6 I AD -67 -20 -111 -19 VVGVSERTDLQT EEEESSS--HHH 5.14 3.56 -0.22 0.51 0.10 0
21101 3f8x_A_52 1.8 I AD -74 -9 -117 -20 VVFSNPSTFDPY EEEE-SS-SS-E 6.31 3.32 -0.06 0.57 -0.09 0
3404 3zss_A_224 1.3 I AA -63 -34 -79 -44 RSEGTPHTPHGT GGS--SS--S-- 4.96 3.58 -0.09 0.67 0.49 0
108309 4tz1_A_455 1.2 I AA -49 -45 -88 -41 GEGVGWETNRAD SBS-STTTT--- 4.62 3.89 -0.14 0.35 0.68 0
43240 2e26_A_2432 1.5 IV AN -73 -17 -87 -58 QRILVSDTFNKW ---EETTTTSS- 5.95 3.48 -0.01 0.60 0.23 0
33918 3bvx_A_641 1.4 I AD -61 -35 -107 20 SDSKPEHTSYAS -SS--TTEEE-E 5.50 3.45 -0.02 0.60 -1.34 1
94924 2zog_A_114 2.1 I AD -61 -31 -101 14 GWDSEPFTLVER T-SS-TTS-EEE 5.64 3.42 0.01 0.67 -1.19 1
29989 5b5q_B_359 2.2 IV AN -78 -6 -98 -45 WYLKDPLTDALN HHHH-SSS-TGG 6.02 3.43 -0.07 0.61 0.06 0
45221 2z9w_A_303 0.7 IV DD -79 3 -121 -5 DSIASPTTTAVR GGGB-SSEEEEE 5.50 3.46 -0.10 0.70 -0.37 0
96230 2i0z_A_377 0.8 I AN -77 -11 -105 -38 KEMSSKFTNGLY TTTEESSSBTEE 5.73 3.47 -0.15 0.59 0.21 0
48061 3gjy_A_36 0.9 I AD -65 -34 -105 -22 ELEADSYTTDGW EEEE-SSSTTEE 5.42 3.59 -0.12 0.46 0.21 0
76681 5bpk_A_357 1.3 I AD -66 -27 -115 0 FDTIQPDTVTPS HHT--SS----G 5.59 3.54 -0.06 0.45 -0.51 1
95348 2e7z_A_37 1.4 IV AN -61 -27 -124 -34 ISEPHPTTPPNS -SS--SSS-TT- 5.48 3.71 -0.12 0.29 0.43 0
76572 4mby_A_216 1.6 I AD -68 -20 -115 24 DPSKNENTRYYG -TTS-TTEEEEE 5.16 3.53 -0.06 0.72 -1.27 1
42491 3gq8_A_680 3.2 IV AP -68 -41 -99 -114 GRIKARDTVTGG TEEEESS---SS 6.08 3.58 -0.22 0.39 0.12 0
19649 1ofd_A_1211 1.6 I AA -65 -49 -92 -25 SDVQLSKTQNLT SS---SSSS--- 5.80 3.51 -0.02 0.50 0.23 0
42222 2cxi_A_218 1.3 I AD -68 -38 -114 -16 PIINSEFTGRVT TTEEBSSSS--- 5.69 3.56 -0.09 0.38 0.31 0
27251 2ymv_A_50 1.7 I AA -62 -51 -76 -33 PSRVVRSTDRSS GGG--TTTSGGG 5.52 3.60 0.11 0.41 0.08 0
96024 1r4x_A_736 0.5 I AA -58 -32 -95 -37 VKDCDPTTGETD EEEB-TTT--B- 5.42 3.60 -0.07 0.51 0.19 0
17021 4yhb_A_60 0.7 IV AN -63 -24 -93 -50 LWFPNPETGEHV EE---TTT---- 5.54 3.56 -0.10 0.56 0.30 0
110046 3pe7_A_270 0.8 IV AA -66 -30 -84 -45 IYSADPETLENR EEEE-TTT--EE 5.43 3.56 -0.02 0.55 0.20 0
95474 3h20_A_28 0.8 I AA -63 -26 -90 -43 IGVRDATTGQMM EEEEETTT--EE 5.52 3.55 -0.04 0.55 -0.02 0
18535 2wuq_A_28 0.9 IV AN -71 -16 -87 -49 FLVRDLYTGEEL EEEEETTT--EE 5.57 3.53 -0.04 0.55 0.05 0
42988 2ez2_A_389 0.9 IV AA -76 -10 -89 -47 SAGRNNVTGEHH HH-B-TTT-SB- 5.51 3.60 -0.04 0.63 0.15 0
42402 5le5_I_112 1.0 I AN -61 -22 -105 -36 IAGLDPKTFKPF EEEE-TTT--EE 5.36 3.80 -0.11 0.42 0.19 0
2413 4i3g_A_795 1.3 IV DN -78 3 -86 -71 LQFWDAATDNWK GEEEETTTTEEE 5.60 3.55 -0.10 0.71 0.34 0
14225 5ioj_A_559 2.0 I AA -55 -60 -97 -28 IWFACVTTGFHV EEEEETTTEEEE 5.64 3.63 0.04 0.29 0.33 0
3450 4xrw_A_149 1.0 I AA -77 -28 -95 -21 LVTNPELTFSFT HHT-TTTEEEEE 5.08 3.62 -0.04 0.57 0.29 0
67795 4kty_A_362 1.5 I AA -79 -47 -80 -32 GNVNSKLTKDSV SSB-TTT---EE 5.32 3.62 0.03 0.54 0.49 0
80344 2e52_A_199 1.9 I AD -68 -20 -108 7 PKKQSKKTSVSD HHHHHTT--GGG 5.14 3.63 -0.05 0.63 -1.22 1
99303 3vup_A_67 2.6 IV AN -57 -43 -133 -30 IHIQGETTPAFN EEETTSSSSEE- 5.21 3.75 -0.15 0.35 0.41 0
25586 5nhm_A_198 1.0 I AD -59 -40 -102 16 GYMSLLNTDQKR EES-STT--HHH 5.03 3.63 0.02 0.52 -2.01 1
36686 3ikw_A_178 1.1 I AD -69 -23 -116 -9 FVELEKTTFFKK HHHHHTTEEEET 4.95 3.66 -0.12 0.45 0.07 0
60586 1jzt_A_130 1.4 I AD -71 -5 -115 -23 EYLKPEKTLCIV GGGSTTTEEEEE 5.54 3.56 -0.09 0.54 -0.17 0
38115 3cwn_A_9 1.9 I AD -67 -28 -114 -25 LTSLRQYTTVVA HHHHTTTSEEEE 5.11 3.64 -0.16 0.38 0.32 0
101863 1qd1_A_241 1.0 IV AN -72 -25 -90 -53 NLLDFEVTGLHT EES-TTTS-HHH 4.83 3.66 -0.12 0.62 0.61 0
47489 3mvs_A_172 1.2 IV AN -65 -16 -102 -54 QELDYEVTQAYQ S---TTT-SEEE 5.02 3.74 -0.15 0.50 0.57 0
87411 4us5_A_188 1.2 IV AN -70 -17 -90 -49 YAYAHFITPQFT EEEETTT-GGGH 5.30 3.61 -0.09 0.61 0.30 0
19765 4l77_A_38 1.2 I AA -65 -26 -97 -40 LRDEAETTPIGW HHHHHTT-SEEE 4.53 3.74 -0.14 0.52 0.70 0
60903 1q40_B_406 1.3 I AA -75 -50 -76 -42 TRHDIIATPELF EE--TTT-GGG- 5.17 3.67 0.01 0.51 0.54 0
38298 3t2c_A_150 1.3 IV AN -77 -14 -101 -56 MFADPFTTAGLV HHH-TTT-THHH 5.03 3.74 -0.18 0.46 0.51 0
112937 2yxn_A_248 1.4 I AA -79 -19 -96 -42 VWLDPKKTSPYK -BSSTTTS-HHH 5.06 3.65 -0.09 0.61 0.53 0
65974 3kom_A_396 1.7 I AA -58 -33 -103 -31 GSVWLNNTQEGA T--BTTT-STT- 5.01 3.71 -0.16 0.36 0.29 0
77016 1zk4_A_208 1.8 IV AN -69 -14 -105 -72 AMSQRTKTPMGH HHTSTTT-TTSS 5.15 3.73 -0.20 0.47 0.45 0
16838 4g5h_A_154 1.8 IV AN -74 -17 -83 -66 RNIRSEQTLICG HHS-TTT-EEEE 5.31 3.59 -0.07 0.69 0.47 0
30996 1psw_A_292 2.0 IV AN -59 -34 -99 -46 GPSSPDFTPPLS SSS-TTSS---- 5.53 3.65 -0.07 0.42 0.38 0
56188 5tj3_A_191 2.3 IV AN -57 -34 -98 -58 FITSTYYTKELP EEEETTT-SS-- 5.06 3.62 -0.23 0.44 0.49 0
71454 3pop_A_70 2.1 I AD -74 -47 -98 -1 CGQDFVGTPRRD -SSSTTTSS--S 5.57 3.53 0.00 0.46 0.09 0
91539 1vh4_A_49 1.2 I AD -64 -29 -118 5 KHENWKYTPLEG TSTT-TT---HH 5.46 3.61 -0.10 0.44 -0.59 1
68740 1n7z_A_102 1.2 I AD -65 -26 -120 4 TRYPDPYTFRIN TTSS-SS---TT 5.06 3.71 -0.13 0.42 -0.25 0
6598 4hz4_A_83 2.0 I AD -60 -31 -119 13 YDTENRFTPAHK H-TT-SSS--SS 5.27 3.51 -0.12 0.59 -0.38 0
10475 3h5l_A_158 2.1 I AD -67 -18 -99 -10 DPDRYWGTFQYD -TTT-TTEEESS 6.13 3.29 -0.07 0.68 -0.82 1
54611 3rmq_A_44 2.3 I AD -71 -21 -101 13 QTERGDLTAGLW -GGGTTT-GGG- 5.87 3.36 0.00 0.72 -1.38 1
82562 4ci7_A_200 1.3 I AD -51 -42 -97 2 TKPSNMDTAPTQ ---TTTTSS--- 4.94 3.60 -0.09 0.63 -1.30 1
101615 4y04_A_213 1.3 IV AN -52 -45 -87 -60 IGKFGADTDNWI HHTTTTTTTTT- 5.58 3.67 -0.04 0.38 0.44 0
75121 4n4j_A_200 1.5 IV AN -52 -40 -100 -53 GSHTHAYTVNVL TSGGGTTTTTTT 5.25 3.71 -0.11 0.36 0.51 0
101851 2o2g_A_134 1.7 I AA -63 -29 -88 -20 AAAERPETVQAV HHHH-TTTEEEE 5.42 3.55 0.05 0.61 -0.80 1
107985 3gwq_A_197 1.9 I AD -63 -27 -105 8 AITRYPDTLKLA HHHTSTTTEEEE 5.28 3.60 0.04 0.56 -1.95 1
