82654 4hg2_A_87 0.7 VIII AZ -86 -11 -143 76 AVAPAEDTGLPP EE--TT-----S 5.76 3.59 -0.10 0.52 -0.33 0
19767 4l77_A_16 1.1 IV DZ -90 -2 -146 71 TTADHYHTPLGP TT--TTS----T 5.83 3.54 -0.11 0.57 -0.30 0
2051 5jgk_A_110 1.3 IV AZ -80 -14 -164 85 KIVNALDTGLPD EE-BTTB----T 5.34 3.72 -0.13 0.36 -0.32 0
108150 5cjz_A_548 1.4 IV DZ -103 -15 -156 93 ADITNNMTIKDW GG-BTTB-HHHH 6.00 3.64 -0.13 0.42 -0.18 0
1881 1us0_A_188 1.5 IV DZ -91 -6 -146 78 IECHPYLTQEKL EE-BTTB--HHH 5.29 3.73 -0.07 0.51 -0.30 0
46914 1rwh_A_301 1.5 IV DZ -122 29 -142 75 SISREANTGYDL GGG-TTS-HHHH 6.44 3.32 0.00 0.73 -0.15 0
27406 3eof_A_222 1.7 VIII AZ -75 -53 -136 78 VFTDVRYTKKDN HHHHTTS-HHHH 6.05 3.54 0.02 0.40 -0.35 0
605 5efz_A_294 1.8 IV NZ -133 -18 -110 85 ISHDQFFTVDDC BTT-SSS-HHHH 6.12 3.55 0.11 0.65 -0.18 0
53853 4ehc_A_234 1.6 IV DZ -114 5 -145 89 YTTTATNTPFVT EE-BTTB--EEE 6.69 3.36 -0.04 0.60 -0.15 0
12016 3ujc_A_17 2.0 I AZ -61 -36 -119 43 FLENNQYTDEGV HHHHTTTSHHHH 5.66 3.47 -0.07 0.59 -1.14 1
14745 3ka7_A_37 2.2 IV DZ -85 19 -135 53 PITGGRFTNLSY SSSBTTSSEEEE 6.56 3.17 -0.08 0.72 -0.43 0
60625 2wyh_A_290 2.3 IV AZ -89 -25 -125 31 QETDGWYTLANT TTS-SSSS-GGG 5.79 3.52 -0.03 0.57 -0.20 0
57159 5m33_A_160 0.8 IV DZ -87 -7 -137 38 CCGSSTLTALTT --S-TT-GGGHH 5.38 3.59 -0.08 0.57 -0.45 0
55775 5hwa_A_71 1.1 IV DZ -93 -5 -150 90 TTGGSRDTHPDG E--BTTBSS-SH 6.02 3.56 -0.11 0.52 -0.25 0
1980 3ub1_A_125 1.3 IV AZ -67 -9 -173 93 FSRYPSDTQDFV T-B-TT-HHHHH 5.51 3.74 -0.32 0.28 -0.41 0
61624 3piu_A_34 1.4 IV NZ -153 -35 -143 66 PYHEVHNTNGII B-BTTTBTTSBE 6.54 3.54 0.01 0.38 0.03 0
106793 2dgk_A_413 1.7 IV GD -108 36 -132 24 FTLGGEATDIVV EE-STT-TT-EE 6.59 3.04 -0.03 0.81 -0.38 0
71976 1elk_A_132 1.7 IV DZ -97 12 -123 32 FRSSPDLTGVVT HTT-TT-HHHHH 6.12 3.30 -0.01 0.74 -0.39 0
52557 4r1d_A_526 1.0 IV DZ -98 14 -128 35 KGKGQANTKRGY TS--TT--S--- 6.15 3.25 -0.06 0.77 -0.37 0
91566 4bz4_A_38 1.3 IV DZ -101 3 -147 77 TFFDKNNTSADM EEEBTTB-EEEE 5.88 3.52 -0.06 0.60 -0.22 0
63698 4ohj_A_187 1.7 IV DZ -85 -4 -132 75 LYRSSDKTGGYW TTSSTT-SEEEE 6.05 3.41 -0.06 0.69 -0.25 0
29781 4e2x_A_100 1.8 I AD -83 -18 -109 29 DFLATELTGPDP HHHHTTT-SSS- 6.02 3.37 0.02 0.66 -0.75 1
99719 1bf2_A_717 2.4 I AD -80 -26 -109 30 DWNDGASTFVAP GGG-STTSB--T 5.69 3.48 -0.07 0.63 -0.62 1
14050 3nbc_A_12 0.7 VIII AZ -65 -43 -121 82 NITNVAYTNRLI EEEESS-TT-EE 5.66 3.64 -0.11 0.57 -0.29 0
40541 3uxf_A_167 0.9 IV AZ -84 -12 -158 85 PMTNPQDTAKWN SEE-TT-TT-EE 5.31 3.76 -0.19 0.41 -0.37 0
100932 5ffx_A_83 1.0 IV DZ -108 14 -164 76 RYVDAQDTRRKN EEE-TT-TT-EE 5.57 3.73 -0.10 0.46 -0.26 0
62100 3u7q_B_260 1.2 IV DZ -98 17 -157 44 DPEEVLDTPADG --TTTTS---SS 5.89 3.55 -0.12 0.51 -0.38 0
13941 2j9o_A_197 1.3 I DD -91 -5 -120 23 LLDIMRRTVTNT HHHHHTS-S--S 5.90 3.30 -0.06 0.77 -0.29 0
53114 4xlz_A_217 1.5 IV AZ -92 -31 -120 73 RAHRSQFTDDIW HT-TTT--HHHH 6.53 3.18 -0.03 0.61 -0.25 0
66178 3tah_A_157 1.6 IV DZ -105 12 -126 80 VKKAAHTTTSTV HHHHHTSSTTT- 6.76 3.13 -0.02 0.81 -0.07 0
31478 5xjn_A_125 1.6 VIII AZ -83 -15 -115 82 AIAQKAFTPRRY HHHHTT--HHHH 6.89 3.03 -0.04 0.73 -0.16 0
40576 4pdx_A_310 1.8 IV DZ -95 -6 -145 51 LCTAENATHTLH EE-TTSS-SS-- 5.89 3.67 -0.01 0.45 -0.46 0
19189 4z80_A_236 1.2 IV DZ -102 6 -146 63 STVCNFVTESNP TTTTTTSSSSS- 5.93 3.50 -0.09 0.63 -0.33 0
3406 3zss_A_175 1.2 I DD -94 -1 -119 17 SRLAAALTPQVD HHHHTTS-HHHH 6.00 3.32 -0.02 0.71 -0.33 0
46479 5jfn_A_286 1.5 I DD -86 5 -118 21 IVKAVLSTGKKA HHHHHTTSSSEE 5.59 3.41 -0.06 0.76 -0.68 1
64715 3cl5_A_103 1.7 VIII DZ -78 12 -146 96 FYEGVNFTPYHA EE--TTSSGGG- 5.70 3.64 -0.21 0.62 -0.16 0
42308 4nzk_A_181 0.9 I AD -75 -3 -133 25 YAALEAHTNEYI HHHHHTTTTSS- 5.68 3.51 -0.06 0.57 -0.91 1
98710 4ak2_A_629 1.1 IV DD -94 1 -137 25 PMSYFENTTNLS GG-STT-TT-GG 5.62 3.59 -0.06 0.54 -0.47 0
73846 5gqf_A_368 1.3 IV AG -101 -28 -104 69 HINTQDYTQPGS T-STTT----TT 6.45 3.24 0.09 0.76 -0.16 0
33135 5kdw_A_393 1.3 IV AZ -73 -30 -131 50 PMDKAADTARFQ -B-TTTTHHHHH 5.68 3.58 -0.06 0.47 -0.55 0
74286 5wlh_A_1269 1.4 I AZ -81 -29 -113 44 EVFDRFFTYDLK HHHHHTTTT-HH 5.48 3.52 -0.03 0.63 -0.57 1
74526 4fk9_A_82 1.5 IV DZ -86 8 -120 37 HTWYPGETQSLA GGG-TT-TTHHH 6.43 3.15 -0.04 0.77 -0.48 0
41762 3rga_A_232 2.4 IV DB -116 2 -149 101 LARHHLMTLPAP HHHTTS--S--- 6.53 3.45 -0.09 0.52 -0.15 0
28232 5uj6_A_625 1.0 IV AZ -82 -7 -139 65 HIASRDWTDRAG EEETTT--EEEE 5.81 3.44 -0.10 0.62 -0.35 0
32785 1byr_A_63 1.2 IV DZ -89 10 -128 50 VIDERGNTGRAS EEESTT--SHHH 6.51 3.19 -0.07 0.73 -0.42 0
56142 4g8t_A_286 1.8 IV DZ -101 -9 -138 85 TATNMIATDWRQ EEESSSS-SHHH 6.00 3.62 -0.04 0.57 -0.23 0
75299 4o59_O_97 1.9 IV DZ -123 6 -131 62 VESTGVFTTMEK EE-SSS--SHHH 6.74 3.28 0.03 0.64 -0.19 0
16881 4bb9_A_195 0.7 VIII AZ -79 -12 -147 78 MDCCMNNTAVFL HHHHHT-TTTEE 5.65 3.65 -0.17 0.52 -0.43 0
95449 1s4k_A_90 1.3 IV NG -108 -50 -101 79 SSFQSIYTEGDF HHHHTTSTT--H 5.84 3.52 0.07 0.64 -0.20 0
48744 4km6_A_191 2.2 I AZ -57 -41 -114 39 VLCNEIWTHSYK HHHHHTTTTSB- 4.81 3.78 -0.05 0.50 -1.93 1
22160 1rv9_A_93 2.8 IV Dp -93 28 152 111 AAEALGGTPDAD GGGSSSS--B-S 6.50 3.54 -0.18 0.24 -0.19 0
30176 1dyp_A_58 1.1 IV DZ -93 11 -157 77 ATKWNFQTENYG TTTEESS----T 6.10 3.52 -0.09 0.54 -0.31 0
71028 5lxx_A_71 1.2 VIII AB -69 -7 -147 99 PGGIDVHTRFQM E-EEES-B-TT- 6.83 3.26 -0.16 0.51 -0.22 0
13893 3ss7_X_29 1.4 I DD -83 1 -115 25 TTWFNPGTTSLA -EEE-TT---HH 6.30 3.16 -0.06 0.75 -0.71 1
36770 3ch4_B_106 1.4 IV AZ -80 -18 -131 47 PIWLVSDTRRVS SEEEE----SHH 6.75 3.33 -0.07 0.50 -0.47 0
83058 1rk6_A_65 1.6 IV AX -60 2 166 96 PGFIDSHTHDDN E-EEESS---TT 6.56 3.51 -0.14 0.27 -0.24 0
11165 2z8f_A_229 1.7 IV DZ -90 8 -115 56 SWVVNTETDGSK EEEE----HHHH 6.56 2.96 -0.03 0.87 -0.19 0
7704 3d1p_A_116 1.8 VIII AZ -85 -13 -125 89 SSHGYSNTSLYP HTTT--SEEE-T 6.57 3.22 -0.06 0.69 -0.14 0
49093 2ciw_A_11 2.1 IV DZ -95 8 -145 65 GYPYDNNTLPYV TTTT-SS----- 6.40 3.37 -0.07 0.61 -0.30 0
37033 4mjd_A_55 2.2 IV DG -92 -12 -102 42 EERPQTDTSHPI HT-S-SS-B--E 6.43 3.04 0.03 0.86 -0.26 0
14728 3ka7_A_301 1.1 IV AG -73 -16 -109 61 GVLLTPYTRRIN SEEE--SSSSEE 6.61 3.10 -0.00 0.75 -0.29 0
57061 2w8t_A_69 1.7 IV ZZ -140 32 -146 40 KDTILLGTYNYM EEEEE-S---TT 6.86 3.16 -0.03 0.71 -0.10 0
47429 5mji_A_232 1.9 IV DD -94 14 -111 27 AIRVNVNTPAIR ------S----- 6.88 2.88 -0.02 0.81 -0.43 0
49419 5kux_A_10 2.5 IV DD -105 7 -111 26 VNVPNCNTTKYQ EE-S---SHHHH 6.74 3.02 0.02 0.81 -0.45 0
42908 4ihq_A_416 3.9 VIII AZcis -69 -11 -125 83 IIDIDPVTNDVV EEEEETTTTEEE 5.46 2.63 0.25 1.17 0.18 0
64039 5ahk_A_363 1.2 IV DZ -103 10 -125 41 VTFIDEYTTWNL HHSS-S-TTSSS 6.25 3.25 -0.03 0.76 -0.29 0
111571 5iqn_A_18 1.3 IV DZ -108 5 -128 86 KPCTVSTTNATV ---EE--SEEEE 6.61 3.34 -0.06 0.68 -0.16 0
49885 4s2x_A_113 1.2 IV DD -101 10 -115 17 DAEINMQTSSTP GGG-----SSS- 6.72 3.04 -0.03 0.76 -0.35 0
41831 4be3_A_257 1.3 IV DZ -92 0 -127 48 NLLKSNFTKKSD ESSS-S-SSGGG 6.28 3.17 -0.08 0.74 -0.23 0
66108 5gwn_A_410 1.2 VIII AZ -88 -23 -128 86 FFWGATNTSRES EEEE-S-TTT-- 5.57 3.51 -0.17 0.63 -0.23 0
107524 5i4a_A_543 0.8 I AZ -70 -9 -115 36 LVEVNKNTNINS EEEEETT----- 5.75 3.33 -0.08 0.76 -0.92 1
83112 5mbx_A_139 1.4 IV AZ -73 -35 -129 74 EFLNESETPMAS GGTT-SS-SSSB 5.80 3.58 -0.06 0.52 -0.45 0
11756 5dql_A_413 1.5 I AZ -77 -9 -120 36 VDPNSSTTALTG H-TT-S--SSTT 6.42 3.10 -0.06 0.72 -0.50 0
50264 5vsm_A_91 1.6 IV DZ -103 11 -140 86 KCGFCFHTAKTS --TT-SS----- 6.19 3.43 -0.03 0.68 -0.13 0
69440 5fzp_A_82 2.0 VIII DZ -88 5 -145 96 ATLGSGSTWLTA EE-S-SS-EEEE 6.53 3.35 -0.13 0.58 -0.15 0
55702 5fre_A_131 2.2 VIII AZ -78 -15 -130 83 KEVKDTNTKFLN EEEE-SS---GG 5.66 3.62 -0.15 0.64 -0.31 0
95305 2e7z_A_583 1.1 IV AZ -72 -5 -129 74 YYHEPLQTEISD -----SSSTTT- 6.17 3.44 -0.09 0.64 -0.43 0
38838 3wnd_A_270 1.5 I AG -71 -18 -107 45 ECTVSKFTKKIE EEEE-TTS--B- 5.87 3.13 -0.09 0.84 -0.70 1
93787 1e2w_A_166 1.8 IV DZ -87 11 -116 50 DGKKSNFTIYNA TS-B-SSS--B- 6.50 2.97 -0.07 0.85 -0.30 0
71079 2z7b_A_132 2.1 IV GD -108 48 -137 14 RDKHGDETDLFG HHHH-S-S---- 6.99 3.00 0.01 0.75 -0.42 0
28287 5uj6_A_70 1.2 IV DZ -90 8 -113 40 HLPHTWNTDAYT -SS--S-GGGGT 6.85 2.88 -0.07 0.81 -0.37 0
91191 4bnd_A_211 1.6 IV DZ -109 -10 -125 60 ILYFGDMTQPGG EEEEES--STTS 6.59 3.17 0.02 0.72 -0.18 0
65508 2fue_A_217 1.6 IV DZ -109 3 -128 56 IHFFGNETSPGG EEEEES--STTS 6.12 3.39 -0.01 0.72 -0.24 0
17189 1qzg_A_139 1.7 IV DZ -115 4 -121 43 FSSNSKDTLCPQ TT-S-S--S--- 6.38 3.27 0.01 0.72 -0.25 0
95689 2xbl_A_84 1.7 IV DD -88 22 -122 16 LPAVALTTDTSI --EEETT--HHH 6.36 3.08 -0.04 0.78 -0.54 0
55793 4uj7_A_595 0.5 IV DZ -89 3 -155 89 VNVTSDKTETAT -EEEES-TTTEE 5.74 3.69 -0.20 0.47 -0.34 0
88680 3qb8_A_117 1.8 VIII DZ -95 -8 -119 96 FAIGSEVTGKGL EEEEESS-SSSH 5.90 3.34 -0.05 0.81 -0.08 0
14352 4j7h_A_356 3.0 IV AZ -71 -40 -124 49 VDGGFLDTVELA E-TT-TTSEEEE 5.74 3.48 -0.07 0.54 -0.52 0
92143 5jug_A_133 2.3 I AG -86 -11 -106 41 SGLSSPNTADIA HHHHSTT-HHHH 6.77 3.03 0.03 0.74 -0.44 0
103537 1oi2_A_330 2.6 IV DZ -114 -25 -150 97 NLIGAYCTSLDM EEEE-SS--TTB 6.46 3.56 -0.00 0.42 -0.16 0
33242 3ake_A_87 0.9 IV AG -95 -22 -106 65 DLTSFLHTPEVD E-GGGSSSHHHH 6.46 3.19 0.09 0.72 -0.25 0
45393 4lgy_A_723 1.0 I AG -69 -19 -102 31 ALTNIAATQIGD HHHHHTTS---S 5.97 3.31 0.06 0.74 -1.61 1
108662 1uh4_A_526 1.8 IV DG -110 -11 -96 53 SFDWSQATPSNS ---TTSSSTTSH 6.07 3.02 -0.05 0.92 -0.16 0
69474 3ip4_B_34 2.1 IV DZ -109 -7 -116 51 GAEPNSNTNVID -SSTT-S--TTT 6.07 3.29 -0.04 0.77 -0.23 0
78168 5ke1_A_560 1.4 IV AZ -83 -14 -157 59 MGTVEAMTRTAG E-SSSSBTT-SE 5.72 3.62 -0.11 0.38 -0.37 0
68467 5mx9_A_355 2.2 IV DD -124 0 -107 17 TNNTICNTNPYN TT-S---SSTT- 6.68 3.05 0.03 0.80 -0.01 0
110795 5kla_A_1293 0.6 IV DD -81 -2 -138 19 LDELHEHTEQLI HHHHTTSHHHHH 5.18 3.60 -0.16 0.50 -0.44 0
28746 3wpc_A_161 1.0 IV AZ -73 -38 -125 41 QLDPTSLTGLHA EE-TTTSTT-TT 5.22 3.70 -0.01 0.45 -0.56 0
74714 3eh1_A_778 1.3 I AD -88 -32 -118 26 NALPNMFTNTRE HHGGGTSTT-S- 5.60 3.61 0.00 0.50 -0.14 0
7097 4m91_A_93 1.5 IV DZ -112 -23 -132 45 MVDYDEGTDVFQ EEETTT-HHHHH 5.80 3.59 0.01 0.50 -0.08 0
42060 2bry_A_80 1.8 IV AZ -67 -37 -128 31 YQQGQACTNTKC GGGGTTTTT-EE 5.15 3.68 -0.02 0.37 -0.90 1
24327 3b4u_A_215 2.0 IV NZ -140 -6 -138 59 SGVANFLTQEVR ESGGGT-HHHHH 6.19 3.57 0.07 0.55 -0.11 0
99150 3s8g_A_127 2.4 IV DZ -104 6 -150 51 PLLANEATVLYT HHHTTS--STTT 6.06 3.55 -0.06 0.52 -0.29 0
106990 1kdg_A_692 2.4 IV AZ -66 -17 -134 61 NHWVSSTTIGSS S--B-TT-B-S- 4.44 3.78 -0.07 0.51 -1.12 1
62754 3rzi_A_369 1.0 IV DZ -91 12 -131 35 CDPMHGNTHESS E--STTSEEE-T 6.20 3.25 -0.03 0.73 -0.35 0
73672 4hhj_A_340 1.4 I AG -72 -5 -110 43 MVTQMAMTDTTP HHHHHT----SH 6.37 3.16 -0.08 0.82 -0.52 0
5702 2nnu_A_125 1.8 IV AZ -67 -15 -111 58 FDGDICNTMHYT ETT-TTSEEEEE 5.77 3.25 -0.03 0.81 -0.45 0
29876 5h06_A_88 2.0 VIII DZ -86 -7 -129 85 LDATGYFTSNYF HHHHSSS-SEEE 5.84 3.53 -0.03 0.64 -0.17 0
78020 2gak_A_312 2.3 I AZ -51 -34 -111 33 LMEWAQDTYSPD HHHHHTTSSSGG 5.38 3.56 -0.04 0.61 -1.96 1
27241 2ymv_A_186 1.3 IV DD -84 10 -125 17 SELAWWTTPFAT HHHHHTT-TT-S 5.34 3.56 -0.06 0.63 -1.44 1
77585 2xsg_A_759 2.3 I AZ -78 -1 -118 35 PSDWGTDTAPAF ---TTTT----- 5.13 3.58 -0.05 0.76 -1.34 1
105916 3drf_A_561 1.2 IV DD -102 -9 -132 26 LDYGAMNTWSEI --TT---HHHH- 6.33 3.42 0.01 0.52 -0.20 0
83965 4rd8_A_125 1.8 IV NZ -126 -40 -121 31 ASSHGELTHAIQ --SS-SSHHHHH 5.81 3.63 0.08 0.42 0.17 0
70081 5h02_A_65 1.1 IV DZ -93 -4 -134 59 KKVLDVATGTGF -EEEES--TTSH 5.68 3.51 -0.04 0.62 -0.36 0
74988 1ixh_A_250 1.2 IV AZ -77 -17 -118 74 GEDAWPITSTTF STT--SBEEEEE 6.20 3.38 -0.01 0.67 -0.29 0
56441 2o1q_A_101 1.8 IV AZ -61 -40 -160 81 ANARHDKTEFPV TT-EES--EEEE 5.93 3.67 -0.13 0.30 -0.36 0
109183 2nzl_A_57 2.0 VIII AZ -60 -29 -145 82 MLRNVAETDLST -SS--TT-B--E 5.72 3.55 -0.13 0.51 -0.55 0
31441 2d1g_A_164 0.9 IV DZ -106 21 -140 40 NFALNDNTFGTT HSEEESSEE-SS 6.33 3.38 -0.02 0.73 -0.33 0
59873 2yna_A_98 1.0 I AG -71 -13 -109 31 VDVANPSTPAYT ESS--TT--SEE 5.44 3.49 -0.04 0.75 -1.56 1
102071 3q2i_A_241 1.7 IV DD -99 14 -111 24 SMNVTMLTYPKN EEEEESB-SSS- 6.56 2.90 -0.03 0.85 -0.21 0
111989 3c6a_A_428 1.4 IV DZ -120 22 -129 30 AVYHSNTTSHFI EEEEES---TTT 6.17 3.23 -0.05 0.77 -0.10 0
93880 5ui9_A_231 1.6 IV DD -108 19 -123 27 IVDVSYATKLGT EEEEES----SS 6.11 3.28 -0.05 0.83 -0.17 0
7993 1lzl_A_203 2.3 IV AZ -94 -18 -150 38 SMTNFVDTPLWH HHHH-SS-SS-- 5.66 3.73 -0.05 0.34 0.02 0
9037 3h6p_C_44 2.4 IV DD -93 7 -121 26 SSAWQGDTGITY GGG--TTSSS-H 6.34 3.34 -0.01 0.70 -0.53 0
93965 5xdc_A_207 3.0 I AD -74 -18 -110 27 DSLGMRQTDSGS B-SS-TTS---- 5.76 3.47 -0.01 0.64 -1.52 1
106909 2f5g_A_24 0.5 I AZ -77 -2 -118 32 IPKHRRNTLVNE -BSS-TT-S-HH 5.42 3.41 -0.06 0.78 -1.12 1
67389 5v01_A_48 1.7 I AZ -63 -30 -119 42 ALCAQADTAAFY HHHHSTTGGGTE 5.76 3.55 0.08 0.51 -1.08 1
74949 2a40_B_59 1.9 I AD -66 -17 -112 26 LNQDDPNTYHYV HTSSSTTS-EEE 5.49 3.55 -0.03 0.68 -1.81 1
2433 4i3g_A_602 0.8 IV AZ -74 -2 -118 62 VADANPNTIVVL HHHH-S-EEEEE 6.09 3.29 -0.04 0.78 -0.23 0
52569 4r1d_A_424 1.4 IV AZ -65 -17 -118 67 AAGYHSETYAHY HH---TTEEEEE 5.56 3.49 -0.05 0.72 -0.47 0
90876 1qwr_A_32 1.4 IV DZ -84 6 -128 63 YSIPSESTGECW ---SSSSEEEEE 5.66 3.38 -0.11 0.77 -0.41 0
9024 2q28_A_293 1.5 IV AZ -64 -34 -129 42 KKGWAADTQFIQ TTTS-TT-EEEE 5.54 3.64 -0.08 0.46 -0.89 1
100954 5nuv_A_535 1.3 IV AZ -65 -6 -133 31 FKCGSDWTRVVF ----STT--EEE 4.99 3.53 -0.19 0.74 -1.39 1
55042 1o98_A_156 1.9 IV AZ -63 -18 -133 52 GRDVGPQTAPQY SSSS-TT-HHHH 5.40 3.65 -0.06 0.55 -1.11 1
52215 5fmd_A_510 1.0 I AZ -62 -25 -117 31 SFEFGLNTTAKA EEEEETT---EE 5.02 3.68 -0.05 0.59 -1.64 1
1551 5mu9_A_90 1.5 IV AZ -62 -34 -121 36 GWQGTAFTTNPH EE---TT---GG 5.34 3.61 -0.02 0.49 -1.49 1
67678 3o94_A_19 1.7 IV AZ -63 -30 -134 46 VADSGKLTAGAP HSTT-TT---HH 4.71 3.83 -0.05 0.40 -1.32 1
54619 5kxh_A_276 1.7 I AD -63 -13 -111 29 CVGYSRSTATPL HH-S-TT-S--- 5.15 3.49 -0.08 0.77 -1.66 1
20691 4mai_A_32 1.1 IV AZ -65 -44 -131 42 PCKLRSNTYQVT TTT-STTTT--S 5.35 3.66 -0.02 0.40 -0.66 1
21539 5xb7_A_353 1.7 I AG -66 -37 -105 33 SIHNSFETYWRG --SSSTTTTSB- 5.70 3.50 0.05 0.53 -1.87 1
2749 2h88_A_150 2.3 IV ZZ -119 39 -132 38 CCCVADRTGHSL EE-STT-HHHHH 6.71 3.09 0.01 0.79 -0.22 0
43256 2e26_A_2287 0.9 VIII AZ -68 -11 -148 76 LKARSGSTRLRW GGG-SSSBEEEE 5.85 3.52 -0.20 0.53 -0.45 0
13932 3g5s_A_134 1.8 I AZ -64 -23 -115 38 VLATGPLTSEAL EE---TT--HHH 5.23 3.50 -0.04 0.74 -1.69 1
44413 5m17_A_213 1.2 IV AZ -49 -38 -125 43 LSPGGSITIRNT HSTT-TT--TTS 4.74 3.75 -0.06 0.43 -1.95 1
68394 5sv5_A_871 1.7 IV DZ -80 13 -143 75 ANRIGLNTTIKG -EE--SSEEEEE 6.16 3.45 -0.00 0.67 -0.08 0
2000 1vyb_A_137 1.8 IV DZ -83 5 -116 35 QRDLDSHTLIMG TTT--TTEEEEE 5.81 3.38 -0.02 0.78 -0.61 1
99573 4xuw_A_106 1.0 IV AD -75 -3 -141 26 PYKISPSTNCNN SS--STT--GGG 5.58 3.53 -0.16 0.47 -0.88 1
35923 3fwk_A_110 1.0 I AD -75 -9 -117 26 VFIDHDDTFKTL EE---TT--HHH 5.64 3.40 -0.06 0.73 -1.34 1
67744 4r9i_A_22 0.8 IV AZ -89 -21 -132 41 HHMTKNYTEAQL ----SSSHHHHH 5.45 3.63 0.01 0.51 -0.39 0
69109 5tip_A_26 1.8 IV DZ -116 21 -156 73 PQITFFKTVYRR ----SS------ 6.92 3.34 -0.05 0.54 -0.22 0
85057 2c61_A_136 1.9 IV DZ -109 -16 -149 59 STIDGTNTLVRG HHHHTTS--BTT 6.21 3.56 0.03 0.45 -0.23 0
111779 2yjg_A_350 1.1 IV DD -98 16 -121 15 LSRGRDETLPDQ HT--TT---TTH 6.41 3.18 0.01 0.76 -0.47 0
67041 4qtq_A_127 1.3 IV DZ -100 -3 -161 69 LYVDSNSTFYHG EEEETTS-EEES 5.49 3.77 -0.09 0.40 -0.25 0
14239 5ioj_A_482 1.9 IV AZ -88 -19 -152 80 DVDDARNTRLGL EES-TTS--EEE 5.74 3.70 -0.08 0.42 -0.32 0
106310 3sz3_A_96 1.2 I AD -71 -8 -121 23 GWVLNCYTQMGE HHHHHTTS-HHH 5.16 3.62 -0.04 0.70 -1.54 1
59467 4pkf_B_62 1.7 IV AD -98 -26 -126 24 WLRDVENTTCSR EES-SSSEE-TT 5.57 3.60 -0.01 0.50 0.11 0
619 5efz_A_95 2.0 IV AD -82 -7 -141 14 LSSSASNTGGSL SSS-TTT--GGG 5.80 3.60 -0.07 0.38 -0.39 0
20644 3a09_A_397 0.8 I AD -66 -21 -124 22 YEYERQWTNDVA HHHHHTT--HHH 5.02 3.67 -0.05 0.56 -1.33 1
17574 3m6z_A_326 1.4 I AD -69 -10 -124 22 SISMIATTPYRT -HHHHTTS-HHH 5.37 3.59 -0.06 0.63 -1.63 1
111462 2qzu_A_303 0.5 I AG -61 -40 -109 42 QNNLFDNTIVVF HTT-STTEEEEE 5.29 3.57 0.02 0.60 -1.26 1
42020 4h0a_A_137 1.1 IV AD -62 -31 -138 27 SAEIFNHTSINP GGGTTTS----S 5.13 3.84 -0.11 0.30 -0.51 1
19653 1ofd_A_1151 2.6 IV NZ -94 -53 -111 46 NCPVGVATQQER --TTSSS---HH 5.82 3.56 0.08 0.48 -0.11 0
996 3dup_A_9 1.5 I AD -73 -7 -120 21 KHVQDCNTHDLS HHHHHTT----T 5.46 3.53 -0.03 0.68 -1.35 1
44924 1h16_A_163 1.7 VIII AZ -97 -28 -147 93 CRKSGVLTGLPD HHHHTSS-S-TT 5.53 3.73 -0.12 0.40 -0.22 0
65116 3lfu_A_410 2.2 I AZ -51 -39 -118 31 AFERVVNTPTRG HHHHHTTSS--- 4.60 3.78 -0.19 0.48 -1.53 1
72763 2f1n_A_16 2.4 IV AD -81 -14 -140 29 LQGASATTESKW EEE-TTS-HHHH 6.29 3.46 -0.07 0.41 -0.39 0
109316 3ffv_A_80 1.2 IV DD -93 -1 -132 24 TIHTFYTTQFAG HHHHHTSSEE-- 6.18 3.47 -0.02 0.58 -0.37 0
20120 2yic_A_1018 1.6 IV DZ -110 9 -138 38 EGQGPDHTSGRI SSS-TTSS---H 5.71 3.56 -0.01 0.62 -0.27 0
89198 3hq1_A_370 0.8 I AZ -75 -15 -114 30 YGGDLVYTAFSG TTSTTTTEE--H 5.30 3.63 0.01 0.60 -1.61 1
65018 5d3q_A_197 1.5 IV AZ -95 -20 -131 33 VDPQGQRTIGVI H-TT-SSEEEEE 5.76 3.58 0.01 0.47 -0.20 0
95486 5kfz_A_142 1.6 I AD -71 -13 -129 20 SADLLPSTYIEG -GGG-TTEEETT 5.35 3.65 -0.01 0.46 -1.26 1
109769 4dwd_A_248 1.7 I AG -62 -28 -108 36 TVSAGEQTYTLQ EEEB-TT--SHH 4.76 3.65 -0.07 0.71 -2.04 1
7435 2xhg_A_298 1.8 IV AZ -60 -35 -121 30 EQANVARTVGWF TT---TT--S-- 4.94 3.78 -0.03 0.43 -1.47 1
76198 1qf8_A_151 0.8 IV DD -77 4 -126 21 KSSRHHHTDGAY SSGGGTTSBGGG 5.63 3.48 -0.01 0.69 -1.28 1
26023 5c40_A_95 1.8 I AD -59 -19 -125 27 NDISTEFTYQTK TT-B-TTEEEET 4.98 3.68 -0.11 0.62 -1.90 1
36258 1tu9_A_39 0.7 IV AZ -60 -30 -126 52 IRAKFATTDMTA HHHHTTT--HHH 5.07 3.72 -0.06 0.54 -1.81 1
37901 1gkm_A_62 0.8 IV AZ -61 -32 -122 48 GFGLLASTRIAS -SGGGTT-B--H 4.30 3.90 0.00 0.50 -2.48 1
90461 5t5i_B_89 1.9 I AG -71 -15 -109 30 LMYGWSCTECEA EEEE-TTS-HHH 5.74 3.49 -0.01 0.73 -1.55 1
56227 3hkw_A_549 1.0 IV AZ -67 -39 -131 61 LDLSGWFTAGYS ---TTTTS---T 5.22 3.65 -0.08 0.47 -0.60 0
105797 4m51_A_69 2.2 IV ND -123 -61 -137 20 EFSANKATLQYG GGTT-SSSS--S 5.96 3.64 0.01 0.25 0.41 0
97940 1tvf_A_171 0.8 I AD -65 -17 -116 28 KAIGMKNTHFVN HHTT-TT-B-SS 5.53 3.50 0.04 0.67 -1.34 1
13945 2j9o_A_149 1.0 IV AD -94 -26 -134 22 QEWGLENTVINN HHTT-SS-B--S 5.74 3.56 -0.00 0.41 0.12 0
54687 5t5i_C_73 1.0 I AZ -56 -26 -112 35 IDGDVYNTKRIG E-S-BTTEE-TT 5.39 3.55 -0.06 0.73 -1.76 1
95880 4wz4_A_211 1.1 IV DZ -104 -7 -120 35 PALGLEQTHLDV HHTT-SSEESS- 5.78 3.45 0.01 0.75 -0.26 0
89513 1es5_A_134 1.3 IV DD -130 -10 -118 28 TNLGLHNTHFDS HHTT-SS-B-SS 6.43 3.33 0.05 0.68 0.03 0
7728 5fia_A_298 1.8 IV AZ -43 -40 -162 53 SNDKISATVIHT -----TT-HHHH 6.52 3.47 -0.13 0.25 -0.71 1
87919 1gqi_A_379 1.1 IV DD -106 1 -134 21 LFAGMSRTNMMM HHHH-SSSEEEE 6.01 3.50 -0.01 0.56 -0.22 0
13611 3c9f_A_238 1.9 IV AZ -71 -19 -135 37 LRQFFPDTIIQY HHHH-TTSEEEE 5.57 3.71 -0.08 0.43 -1.21 1
70342 1sq9_A_101 3.0 IV XZ -10 -53 -168 38 RITREDETKKVI EEEE-TTT--EE 5.10 3.74 -0.13 0.38 -1.42 1
108472 1f2t_A_14 2.5 IV AZ -87 -44 -157 86 NFRSHSDTVVEF SBTTBSSEEEE- 5.72 3.72 -0.14 0.34 -0.10 0
110916 2wol_A_168 0.7 I AD -67 -10 -125 20 VLTPDEHTIVFR EEEEETTEEEEE 5.40 3.58 -0.07 0.61 -1.55 1
78558 2a1i_A_133 1.1 IV AZ -52 -43 -135 37 DYVLGQSTCALF SEEEETTEEEEE 5.11 3.84 -0.09 0.30 -0.81 1
4107 4uu3_A_33 1.1 IV AD -65 -13 -142 28 IYVKNENTLDYR EEEEETTEEEEE 5.33 3.69 -0.09 0.34 -1.16 1
79663 3u9w_A_1215 1.2 I AD -70 -18 -132 24 SRQIGPRTLVWS EEEEETTEEEEE 4.93 3.73 -0.10 0.40 -1.32 1
100380 1vkw_A_196 1.5 IV AD -89 -34 -145 29 IQKRGEDTYCLI EEEETTTEEEEE 6.21 3.56 -0.02 0.30 -0.03 0
13705 2x8t_A_423 1.8 IV AD -72 -40 -161 15 WRKTGKNTADIT EEEETTTEEEEE 6.04 3.54 -0.06 0.29 0.26 0
32553 5b4z_A_139 2.3 IV ND -71 -67 -148 29 VVTTGGATLNAE B-EETTTEE-HH 6.11 3.52 -0.06 0.39 0.31 0
51585 4iqb_A_150 1.3 IV DD -86 12 -124 17 AKYVDCHTDYSG -----TT---TT 5.74 3.43 -0.06 0.71 -1.05 1
111743 4h5i_A_226 1.5 IV AZ -44 -50 -127 34 INFIADDTVLIA EEEEETTEEEEE 5.04 3.80 -0.00 0.30 -1.92 1
95163 4rlz_A_392 0.8 I AD -56 -33 -133 28 GIAVNGNTPFRQ EEE--TT---BT 5.42 3.69 -0.08 0.33 -1.17 1
26499 2v3g_A_43 0.9 IV DD -100 27 -128 28 HQFINWSTDFSW EEEEETT--HHH 5.82 3.42 -0.01 0.80 -0.67 1
7883 4aql_A_272 1.4 I AZ -68 -5 -117 31 NNLLTNKTVMAH TT--STTEEEEE 5.20 3.56 -0.10 0.77 -1.63 1
67855 3qvs_A_139 1.4 I AZ -74 -5 -120 37 KSFADDETVVIN HHH--TTEEEEE 5.42 3.48 -0.06 0.77 -0.91 1
104679 5h3z_A_79 2.2 I AD -74 -29 -135 24 TIKSGTSTLIFE EEEE-SSEEEEE 4.85 3.77 -0.14 0.30 -0.10 0
107169 1rjd_A_187 0.2 IV DD -109 9 -137 8 TRLLDVCTKREI HHHHHTT--TTS 6.00 3.58 -0.05 0.49 0.12 0
37902 1gkm_A_54 1.8 IV ND -110 -64 -132 22 RTAYGINTGFGL ---TTTTB-SGG 5.93 3.60 0.03 0.24 0.42 0
89463 3a35_A_67 1.1 IV DD -94 -7 -131 20 IDQAINTTTFRE ESTTTTTSSGGG 6.00 3.50 -0.02 0.56 -0.25 0
98611 2nxw_A_126 1.2 I AD -78 -19 -124 23 FQVFKEITVAQA HHHHTTS-S-EE 5.50 3.60 -0.07 0.55 -0.50 0
89033 1ydy_A_83 1.2 IV DD -121 2 -140 13 DHYLDRVTDVAD SSB-TTTBSHHH 5.89 3.59 -0.09 0.45 0.21 0
96838 3e0h_A_139 1.9 I AD -74 -33 -124 23 YLDNPAETAPDQ E-S-TTSS-GGG 5.12 3.71 -0.09 0.41 -0.19 0
40232 5f8c_A_92 0.7 IV DD -121 19 -130 9 AHRAGMLTRAAG HHHHTTTSGGGG 6.35 3.42 0.02 0.64 -0.06 0
77055 5a0y_A_336 1.2 IV DD -90 -3 -141 17 QYATAAYTDNIL HHHHTTTBTTHH 5.80 3.63 -0.06 0.45 -0.17 0
108178 5cjz_A_329 0.7 IV DD -111 17 -140 29 KMRYAVSTRESE HHHHHTS--GGG 6.34 3.39 -0.04 0.60 -0.29 0
38665 5ec6_A_85 2.1 IV DG -104 -9 -107 41 YDFGTYNTLIMP E---SSSB---- 6.53 3.21 0.06 0.77 -0.30 0
108194 5cjz_A_70 0.5 IV NZ -106 -42 -110 32 YLGEINSTTDEY TTSTTTSSSSSE 6.53 3.30 0.05 0.55 0.00 0
35284 5fuk_A_69 1.8 IV AD -63 -34 -156 19 LTSREADTISLE TTSSSSS-B-GG 5.79 3.65 -0.07 0.22 0.10 0
67107 5lrt_A_429 1.3 I DD -88 -10 -122 23 MHEPPNDTRAYF HHS--SSSTHHH 6.61 3.16 -0.03 0.69 -0.34 0
90690 4qjv_B_47 1.9 I AD -62 -27 -120 27 YTIEHPITMARK EEEESTTSTT-E 5.90 3.47 -0.03 0.54 -1.50 1
85143 3rkc_A_560 1.9 IV AZ -66 -17 -128 40 GYPYNYNTTASD ---SSTTSS--- 5.89 3.53 -0.07 0.55 -1.04 1
83214 4p04_A_23 1.1 I AG -61 -12 -109 37 PYGNAPLTALVD SSSS-TTEEEEE 5.74 3.32 0.03 0.79 -1.29 1
36848 3k1t_A_384 2.3 I DD -97 -4 -113 19 TFETPCSTPDCA E--S-SS---TT 6.33 3.24 -0.01 0.74 -0.30 0
103856 3nuq_A_193 2.5 IV AZ -81 -38 -154 36 TYCDYSRTDTLV E----SS-SS-- 6.97 3.41 0.03 0.30 -0.12 0
78236 3iar_A_173 2.2 IV DZ -104 12 -125 47 CKKYQQQTVVAI HHHTTTTTEEEE 6.01 3.32 -0.02 0.86 -0.31 0
18383 5jed_A_225 1.0 I AG -61 -46 -106 44 MMVESLNTDRPY HHHHHTTSSS-E 5.44 3.61 0.05 0.53 -1.64 1
18551 5aeg_A_528 1.0 I AG -65 -16 -107 39 WCDFSAFTPMMR HHHHHTTSS-EE 5.16 3.52 -0.09 0.86 -1.39 1
104762 1p6o_A_79 0.4 IV AZ -68 -13 -130 52 EGKVYKDTTLYT -HHHHTTEEEEE 5.20 3.62 -0.08 0.62 -1.53 1
26657 3tg7_A_294 0.6 IV AD -69 -23 -137 27 VDIETPDTHISY B-EE-TTEEEEE 5.66 3.66 -0.08 0.35 -0.98 1
43428 4tpn_A_227 1.5 IV ND -129 -23 -140 11 AQDGLTETTPEQ TGGG-SSS-HHH 6.08 3.58 0.03 0.37 0.35 0
23341 3m0m_A_330 0.6 IV AD -92 -26 -130 22 IDQFHNVTDPIE E---BSSS-HHH 5.89 3.60 -0.03 0.41 0.05 0
105980 5njl_A_278 3.4 IV PZ -127 -106 -131 38 ISSKDSETGKYK S-----SSS-EE 6.97 3.35 0.12 0.49 0.30 0
106502 3w5n_A_563 1.3 IV NZ -122 -33 -122 31 ETYEPRFTFHGF EEE--SS--EEE 6.59 3.27 0.05 0.56 0.11 0
31944 1vh5_A_32 0.7 IV AD -60 -32 -142 19 FEHIGDDTLEAT EEEE-SS-EEEE 4.98 3.69 -0.18 0.27 0.01 0
81818 4x33_B_95 1.3 IV AZ -45 -49 -140 31 DVACGWDTTVIV EEEE-SSEEEEE 4.82 3.82 -0.08 0.25 -0.62 1
8012 3fov_A_114 1.6 IV AZ -70 -38 -123 44 AILIAPNTAPRH EEEE-TTS--EE 6.04 3.51 0.08 0.43 -0.83 1
25620 4l8p_A_94 1.8 IV AD -67 -20 -144 21 ITIDSENTATGR EEE-SSSEEEEE 5.17 3.70 -0.17 0.36 -0.22 0
