111769 5x57_A_68 0.2 I' ad 48 46 76 -1 LVRILRSTVMVR EEEEETTEEEEE 5.22 3.39 -0.03 0.79 -2.27 1
23380 1q9u_A_85 0.3 I' ad 43 44 73 0 VVYQENGTTKIG EEEEETTEEEEE 5.24 3.39 0.00 0.81 -3.56 1
5239 5g23_A_151 0.3 I' ad 53 47 83 -11 VAYLEGGTWKRQ EEEEETTEEE-S 5.34 3.61 -0.02 0.66 -2.14 1
53263 4gzk_A_283 0.4 I' ad 46 47 76 13 TKVEINGTVYDD ---EETTEE-TT 5.38 3.43 -0.04 0.67 -1.75 1
89883 4ye7_A_11 0.4 I' ad 52 41 80 -11 FSTRVDGTDVPV EEEEETTEEEEE 5.26 3.42 -0.03 0.80 -2.40 1
65139 3wx7_A_349 0.4 I' ad 46 50 81 -2 DYVLHLGTVYQA -EEEETTEEEEE 5.28 3.39 -0.00 0.75 -1.92 1
69783 4asc_A_555 0.4 I' ad 43 51 91 -5 SLVSLVGTLYAI EEEEETTEEEEE 5.25 3.59 -0.06 0.62 -1.66 1
74851 2bhu_A_52 0.4 I' ad 51 39 92 -12 VAVRVNGTEHVM EEEEETTEEEE- 5.28 3.42 -0.08 0.74 -2.35 1
108465 1f2t_A_77 0.4 I' ad 55 42 86 -7 LIFEKDGTKYRI EEEEETTEEEEE 5.54 3.47 -0.01 0.70 -1.58 1
86542 3vgi_A_223 0.4 I' ad 52 42 89 -10 VPIIVNGTPVNA EEEEETTEEEEE 5.34 3.39 -0.03 0.74 -2.14 1
13747 2x8t_A_44 0.4 I' ad 55 52 87 -9 SIIETNGTFYVF EEEEETTEEEEE 5.41 3.49 -0.01 0.57 -1.60 1
66770 1w6s_A_525 0.4 I' ad 49 45 92 -14 MTYTHKGTQYVA EEEEETTEEEEE 5.46 3.47 -0.07 0.72 -1.78 1
77189 4h14_A_215 0.5 I' ad 60 39 81 9 HFYQEGGTFYAY EEEEETTEEEEE 5.25 3.51 0.04 0.73 -0.95 1
93987 4n01_A_47 0.5 I' ad 54 44 76 -4 WSETFDGTKTDF EEEEETTEEEEE 5.26 3.39 0.02 0.80 -1.83 1
29904 5xn3_A_182 0.5 I' ad 54 38 82 1 LGYAIGGTYLGP EEEEETTEEEEE 5.37 3.40 -0.01 0.82 -1.72 1
106004 4k8w_A_78 0.5 I' aa 42 48 57 25 VVYEVDNTLKVG EEEEETTEEEEE 5.33 3.25 0.03 0.88 -1.71 1
49000 3tfj_A_185 0.5 I' ad 53 39 91 -8 DYFDFEGTKHLI EEEEETTEEEEE 5.28 3.53 -0.01 0.68 -2.18 1
34168 4a5s_A_519 0.5 I' ad 54 41 65 17 DFIILNETKFWY EEEEETTEEEEE 5.38 3.35 0.02 0.84 -1.63 1
70267 2nn5_A_8 0.5 I' ad 48 55 65 -8 TFRLENQTIYFG EEEEETTEEEEE 5.35 3.44 0.05 0.74 -2.26 1
68507 5e9p_A_502 0.5 I' ad 50 42 88 -2 DLLEINGTDYTN SEEEETTEE-TT 5.46 3.37 -0.04 0.71 -1.78 1
79783 4m1u_A_271 0.5 I' aa 49 52 57 26 PVIKINNTLWES -EEEETTEEEEH 5.28 3.43 0.04 0.75 -1.48 1
82249 1w66_A_151 0.5 I' aa 52 44 60 27 GVRVSRATTLHG EEEEETTEEEEE 5.33 3.27 0.02 0.87 -1.30 1
81175 3or1_A_292 0.5 I' aa 55 46 59 27 CMTYESGTLSID -EEEETTEEEE- 5.17 3.43 0.06 0.77 -1.17 1
46378 3uue_A_285 0.5 I' ad 49 53 80 5 HQGIYFHTQIGA TTSEETTEE--G 5.24 3.49 -0.02 0.64 -1.56 1
91702 3sri_A_137 0.5 I' ad 45 56 81 -14 EDAEVAGTQYRL EEEEETTEEEEE 5.52 3.55 0.03 0.69 -1.87 1
29919 1ooe_A_227 0.6 I' ad 60 31 82 -4 KITTENGTSTIT EEEEETTEEEEE 5.41 3.33 -0.04 0.83 -1.86 1
108712 1uh4_A_159 0.6 I' ad 54 43 84 1 GSYTYNGTPTEK TS-EETTEE-EE 5.25 3.49 -0.04 0.71 -1.57 1
24464 4hwv_A_276 0.6 I' ad 41 46 81 -3 WHETVHGTDYSG ---EETTEETTS 5.34 3.35 -0.00 0.82 -2.47 1
42509 3gq8_A_538 0.7 I' ad 45 44 91 -8 TVARVAGTDYND EEEEETTEEE-S 5.17 3.54 -0.07 0.70 -2.09 1
5559 4qrl_A_125 0.7 I' ad 48 52 80 -12 LRLEYEGTKSIF EEEEETTEEEEE 5.41 3.51 -0.01 0.73 -1.97 1
47021 4h87_A_173 0.7 I' ad 48 51 85 2 LETLKGGTILGT EEEEETTEEEEE 5.17 3.62 0.06 0.63 -1.48 1
43459 3d3b_J_45 0.7 I' aa 49 48 62 18 PLPTRSRTHLRL EEEEETTEEEEE 5.21 3.35 0.04 0.84 -1.62 1
74115 5bmt_A_172 0.8 I' ad 44 47 84 -5 EPETVDGTDRVY --EEETTEEEEE 5.28 3.57 0.02 0.70 -2.52 1
83708 5nir_A_58 0.8 I' ad 46 56 88 -13 ICVCDTGTVLCD EEEEETTEEEEE 5.12 3.64 0.05 0.62 -2.19 1
72906 3mwx_A_10 0.8 I' ad 47 45 82 1 EKITYLGTPAIK EEEEETTEEEEE 5.12 3.47 -0.02 0.78 -1.82 1
64691 2e3h_A_257 0.8 I' ad 52 42 68 18 NDGAVAGTRYFQ BSSEETTEES-- 5.60 3.47 0.01 0.61 -2.24 1
77440 3ucp_A_63 0.9 I' ad 30 52 90 -16 DVKIDNGTVSVD EEEEETTEEEEE 5.00 3.44 -0.06 0.79 -2.78 1
93318 4c1o_A_422 1.1 I' ad 46 53 71 13 HDMGVANTFSRP S-SEETTEE--T 5.38 3.43 -0.00 0.64 -2.35 1
85233 1nkg_A_37 0.4 I' ad 46 50 70 10 TSIIHYGTELQY EEEEETTEE-B- 5.27 3.40 -0.03 0.80 -1.77 1
52712 2zux_A_110 0.5 I' ad 48 41 83 -4 VRAVVNGTEQPA EEEEETTEE--- 5.19 3.45 -0.02 0.81 -2.46 1
53652 5ggn_A_114 0.6 I' ad 54 38 90 2 VYVAVDGTTVLE EEEEETTEEEEE 5.48 3.37 -0.03 0.75 -1.26 1
22757 1f0l_A_518 0.6 I' aa 57 43 59 29 YQKTVDHTKVNS EEEEETTEEEEE 5.19 3.33 0.03 0.86 -0.61 1
97079 4pq9_A_95 0.6 I' ad 54 54 83 -3 RAAKDGGTYYAG EEEEETTEEEEE 5.47 3.50 0.06 0.67 -0.96 1
35110 4ktp_A_662 0.7 I' ad 61 32 75 5 NEAVSGGTFIGG S-SEETTEE--S 5.56 3.35 -0.06 0.80 -3.11 1
3261 3v4k_A_228 0.7 I' ad 37 64 73 9 VERMHNDTWVKL EEEEETTEEEE- 5.29 3.47 0.05 0.68 -1.45 1
33703 4qtc_A_503 0.7 I' ad 45 48 65 14 FQTIADHTPVAI EEEEETTEEEEE 5.44 3.15 -0.01 0.92 -1.31 1
30206 5o9e_A_145 0.8 I' ad 47 46 85 1 LLHEHRGTPTAI EEEEETTEEEEE 5.49 3.36 -0.03 0.74 -1.52 1
52620 3h0n_A_26 0.8 I' ad 56 38 96 -2 TPGSRRGTPHTG S-EEETTEEE-- 5.38 3.49 -0.02 0.66 -1.51 1
84808 5m45_A_208 0.9 I' aa 49 41 64 20 RKVGANDTLFRD EEEEETTEE-HH 5.44 3.21 0.00 0.94 -1.39 1
46310 5dut_A_153 1.1 I' aa 52 46 59 28 WLIKKNNTYPTI E-B-BTTB---E 5.45 3.27 0.01 0.84 -0.99 1
80109 3ugf_A_165 0.8 I' ad 50 36 87 -3 GWYVSNGTWRIA -EE-STT-EEEE 5.55 3.40 0.00 0.76 -2.31 1
100096 5dze_A_108 0.9 I' ad 50 42 91 -10 TNYYTAGTGNRE EEEEBTTB---- 5.17 3.49 -0.05 0.72 -2.17 1
94475 3qex_A_715 1.0 I' ad 49 38 93 -2 NVWDMEGTRYAE EEEEETTEEEEE 5.17 3.54 -0.03 0.66 -2.14 1
106059 5ere_A_581 1.3 I' ad 57 34 88 1 TSIGLHGTNYRL EEEEETTEEEEE 5.45 3.46 0.01 0.66 -2.49 1
45992 2xbg_A_74 2.3 I' aa 53 46 61 34 WLVGVNATLMET EEEETTTEEEEE 5.68 3.23 0.02 0.80 -0.68 1
53288 5djo_A_129 0.3 I' ad 47 44 86 -12 ARSCVNGTLVCS --EEETTEE--S 5.23 3.36 -0.03 0.80 -1.99 1
9203 1ze3_H_227 0.4 I' ad 57 31 90 -9 VQLTRNGTIIPA EEEEETTEE--T 5.22 3.41 -0.06 0.80 -2.26 1
80599 2ff4_A_23 0.4 I' ad 52 36 85 -5 LQMTIDGTPVPS -EEEETTEE--- 5.30 3.38 -0.03 0.84 -1.67 1
19592 3idu_A_479 0.4 I' ad 53 43 82 -12 VRVYINGTLYKN EEEEETTEEEEE 5.39 3.40 -0.03 0.78 -1.79 1
48775 2ra9_A_44 0.4 I' ad 54 33 84 -4 GDWTYLGTSLPA S-EEETTEE--H 5.24 3.38 -0.05 0.83 -2.45 1
69258 2bf6_A_408 0.5 I' ad 49 42 85 -2 GDLFKNGTKIDN -EEEETTEEEEE 5.24 3.44 -0.05 0.75 -1.94 1
95981 2j2j_A_377 0.5 I' ad 42 56 70 21 INGFINDTPVIR EEEEETTEEEEE 5.35 3.47 -0.01 0.67 -1.35 1
28898 4tq1_A_72 0.5 I' ad 52 40 96 -13 IWFEYEGTPLKW -EEEETTEE--T 5.26 3.46 -0.01 0.70 -1.93 1
90804 4ccd_A_628 0.5 I' ad 54 41 77 2 AFGMLNGTILWK EEEEETTEEEEE 5.33 3.37 0.01 0.79 -1.75 1
50159 4rks_A_62 0.5 I' ad 46 42 90 -5 THIYFNGTESTD --EEETTEEE-- 5.08 3.47 -0.03 0.76 -1.98 1
45033 3qs2_A_89 0.5 I' ad 47 47 88 -1 VGVDYNGTAVEK EEEEETTEEE-T 5.10 3.54 -0.01 0.66 -1.70 1
72577 4uz1_A_402 0.5 I' ad 48 45 81 7 TDVQVKGTSLPR TS-EETTEEHHH 5.20 3.41 -0.02 0.75 -1.83 1
18850 4aw7_A_532 0.6 I' ad 47 44 89 -12 PVVKINGTAVSV -EEEETTEEE-- 5.17 3.45 -0.06 0.74 -2.19 1
38466 1wv3_A_54 0.6 I' ad 49 48 68 16 GTWQANHTSINK S-EEETTEE-SS 5.25 3.43 -0.03 0.76 -1.56 1
54818 2dyo_A_76 0.6 I' ad 52 50 67 6 FWFEHNKTPIPW EEEEETTEEE-T 5.16 3.40 0.02 0.81 -1.87 1
24828 4jr6_A_219 0.6 I' ad 49 40 85 -5 PTVRVNGTEYEW SEEEETTEE--- 5.27 3.31 -0.04 0.82 -1.96 1
68673 2axc_A_94 0.6 I' ad 52 44 81 0 LAAPGAGTLGIS EE--BTTBEEEE 5.14 3.45 -0.05 0.77 -1.81 1
40873 5hrb_A_144 0.6 IV aa 52 47 54 31 YGLFKNQTLVPL TEEEETTEE--- 5.23 3.37 0.03 0.85 -1.20 1
20850 3a4r_A_386 0.6 I' ad 48 42 92 -11 LSFFFDGTKLSG -EEEETTEE--S 5.15 3.49 -0.04 0.71 -2.41 1
73486 2je8_A_264 0.7 I' ad 54 37 85 1 VNVSLNGTTVTE EEEEETTEEEEE 5.39 3.43 -0.03 0.74 -1.91 1
69381 2fa8_A_54 0.7 I' ad 43 45 90 -20 FEITVDGTIIWE EEEEETTEEEEE 5.22 3.51 -0.06 0.75 -2.10 1
103907 3bdi_A_10 0.7 I' ad 45 45 100 -5 EFIDVNGTRVFQ EEEEETTEEEEE 5.15 3.57 -0.04 0.57 -1.89 1
9391 3cp7_A_100 0.9 I' ad 52 43 88 -8 VLETKGGTTVQQ EE--BTTB-HHH 4.90 3.59 -0.03 0.72 -2.29 1
105029 3c2u_A_441 1.0 I' ad 45 48 83 3 LVTADNGTFSMP EEEEETTEEE-T 5.01 3.54 -0.08 0.67 -2.51 1
95735 2hal_A_61 1.1 I' ad 51 39 89 6 FYFNRGGTYYSI EEEEETTEEEEE 5.20 3.54 0.01 0.63 -1.66 1
70275 2y5p_A_329 1.1 I' ad 46 46 89 -13 VSYDVDGTVIKT EEEEETTEEEEE 5.13 3.52 -0.03 0.66 -2.38 1
86886 1yqs_A_32 1.2 I' ad 48 46 98 -5 VRVDDNGTIHQL EEEEETTEEEEE 5.02 3.62 -0.06 0.52 -1.86 1
52749 5koe_A_503 1.4 IV aa 52 42 52 40 LYRPENRTTPDP E---STT---SS 6.23 3.03 0.06 0.80 -1.15 1
95731 2hal_A_123 1.4 I' ad 37 48 94 -14 LVTTVNGTPMLI EEEEETTEEEEE 5.27 3.51 -0.05 0.68 -2.28 1
77943 4rv5_A_91 1.9 I' ad 51 39 104 -20 DKGGVNGTPIKL HTTTBTTB-EEE 4.95 3.63 -0.07 0.62 -2.27 1
74029 2qjl_A_69 0.7 I' ad 43 56 69 17 IITLINDTDWEL EEEEETTEEGGG 5.09 3.40 0.01 0.80 -0.77 1
5415 5x40_A_64 0.7 I' ad 61 33 83 0 GRVLLGGTATGH EEEEETTEE--- 5.24 3.37 -0.01 0.83 -1.42 1
84458 4n13_A_201 0.8 I' aa 54 44 64 23 NILSVNSTYPTK EE-EETTB---H 5.12 3.31 0.01 0.88 -0.90 1
91985 4nsv_A_30 0.8 I' ad 51 38 89 -11 AAYSRQGTMWCT EEEEETTEEEEE 5.31 3.37 -0.08 0.81 -2.09 1
19858 5k62_A_368 1.0 I' ad 56 28 86 -4 LEKTFLGTSLGQ HH--BTTB-SS- 5.38 3.28 -0.05 0.87 -1.98 1
41169 1nu0_A_36 1.0 I' ad 47 48 87 -8 AIKAQDGTPDWN EEEEETTEE-HH 4.96 3.56 -0.05 0.72 -2.19 1
100236 5mri_A_230 1.2 IV aa 56 42 60 34 AKWGSDNTIFFT EEE-STT-EEEE 5.63 3.30 0.02 0.81 -1.00 1
64818 3rlo_A_744 1.8 I' da 88 20 64 33 LAPKSGNTGELR EE--TTTT-EEE 5.60 3.28 0.11 0.88 0.01 0
30739 2cir_A_27 2.6 IV da 73 5 41 52 HILKYGATVYSW EEETBTTEEEEE 6.37 2.71 0.07 1.03 -0.98 1
77594 2xsg_A_662 0.9 I' ad 54 38 79 13 TMDNDAGTMSTM T---TTTHHHHH 5.45 3.41 -0.02 0.74 -1.54 1
21441 4ie5_A_108 0.4 I' aa 45 49 61 23 CTYKYLNTRLFT BEEEETTEEEE- 5.30 3.34 0.04 0.82 -2.05 1
102281 3pfg_A_170 0.5 I' dd 67 21 100 -10 GTVEAGGTTVTR EEEEETTEEEEE 5.43 3.47 0.01 0.69 -2.11 1
63179 1gv9_A_216 0.5 I' ad 54 46 69 6 KITYYQKTLTVM EEEEETTEEEEE 5.35 3.34 0.01 0.79 -1.83 1
54314 5wzq_A_6 0.6 I' ad 49 39 96 -11 MQFTMSGTMLRF EEEEETTEEEEE 5.41 3.50 -0.02 0.67 -2.57 1
109500 5fkt_A_613 0.7 I' ad 55 43 90 4 FYALANGTFYVS EEEEETTEEEEE 5.46 3.52 0.00 0.53 -2.09 1
91706 1x6o_A_151 0.8 I' ad 52 34 88 -3 VVVSAMGTEQVL EEEEETTEEEEE 5.51 3.36 -0.00 0.73 -2.23 1
60225 2vfo_A_597 0.9 I' aa 54 33 61 23 LTAISGSTPDAV EEEEETTEEEEE 5.56 3.25 0.01 0.88 -2.13 1
65734 4ozu_A_296 0.4 I' ad 61 25 82 5 YYQYHGGTLRSV EEEEETTEEEEE 5.35 3.31 -0.01 0.85 -1.95 1
102356 4m9k_A_1042 0.4 I' ad 57 41 79 8 AGVYKEGTFHTM EEEEETTEEEEE 5.43 3.41 0.04 0.76 -1.58 1
61 4qa8_A_128 0.6 I' ad 53 43 64 10 EFLVTNKTMYTK EEEEETTEEEEE 5.45 3.20 0.04 0.91 -1.68 1
38340 4pw0_A_18 0.6 I' ad 51 43 81 6 QYIEVNGTRYAY EEEEETTEEEEE 5.26 3.54 -0.03 0.68 -2.13 1
49263 1zjc_A_275 0.6 IV aa 49 48 37 34 LPLSYNGTIIDQ S-EEETTEEEEE 5.23 3.44 0.02 0.93 -1.69 1
20007 5dkx_A_884 0.6 I' ad 48 53 70 12 RFIFDANTLTSA EEEEETTEEEEE 5.39 3.36 0.04 0.76 -1.52 1
88241 3zx3_A_240 0.7 I' ad 52 48 79 -6 LQFRLYGTDYTV EEEEETTEEEEE 5.37 3.56 0.02 0.70 -1.69 1
71037 3i4z_A_404 0.7 IV aa 52 40 54 34 SFSYRDRTPYLS EEEEETTEEEEE 5.36 3.20 0.00 0.93 -1.11 1
36966 2wy3_B_94 0.7 I' aa 51 49 59 26 LWLYQNDTVIRN EEEEETTEEEE- 5.47 3.31 -0.00 0.78 -1.16 1
91714 4p0z_A_99 0.8 IV aa 56 33 58 33 DHIYTGKTLFLT -EEEETTEEEEE 5.44 3.22 -0.01 0.90 -0.97 1
97434 5cph_A_144 0.9 I' ad 56 31 67 19 VYVHRNETIYHQ EEEEETTEEEEE 5.46 3.19 0.05 0.93 -1.65 1
68774 1p3c_A_68 0.9 I' aa 50 42 58 20 YPGMNDSTAVNG EET-BTTB-TT- 5.44 3.24 0.03 0.90 -2.29 1
536 2z0d_A_170 1.6 I' ad 54 35 60 15 VHIAMDNTVVME EEE--TTEEEHH 6.07 3.02 0.08 0.88 -1.80 1
101197 5lxz_B_588 1.0 I' aa 46 50 64 24 PSASTHVTDVDQ --EEETTB-SS- 5.40 3.26 0.07 0.82 -1.40 1
22264 3hrp_A_161 1.4 I' aa 51 36 61 35 IAAVGNNTVLAY EEE-STTEEEEE 5.62 3.14 0.02 0.89 -1.26 1
103330 4n0r_A_68 1.4 I' aa 54 44 56 29 GFYDGENTYRIR -EE-STTEEEEE 5.66 3.23 0.05 0.84 -1.53 1
62054 3kgy_A_118 1.7 I' dd 91 17 83 23 PWVRPGGTTFYF -EEETTTEEEEE 6.66 3.13 -0.01 0.71 -0.17 0
73112 4eby_A_39 2.3 I' ad 61 24 105 0 SYYLENGTTLSV EEE--TT--HHH 6.20 3.19 -0.06 0.69 -0.96 1
113544 1mj5_A_213 1.3 I' ad 58 34 83 7 RQIPIAGTPADV GGS-BTTBSHHH 5.48 3.33 -0.01 0.79 -1.40 1
29255 4evw_A_56 1.6 IV aa 51 25 55 39 IVRNVYDTAVFV EEESSTTHHHHH 6.05 2.97 0.05 0.92 -1.94 1
52730 4pio_A_160 1.9 I' da 87 -4 65 26 LVVFLGSTIGNL EEEE-TTGGGGS 6.59 2.91 0.06 0.83 -1.31 1
30545 1wzn_A_112 2.0 I' aa 72 59 60 16 AVTMFFSTIMYF EEEE-SSGGGGS 6.54 3.19 0.09 0.68 -0.17 0
96547 2uz0_A_77 1.7 IV aa 61 26 55 36 NTSNGWYTDTQY --TTSTTSB-TT 6.00 3.00 0.11 0.91 -1.35 1
45334 3pf2_A_286 0.9 I' aa 58 49 63 37 PTVDNQNTLKIT --TTTTSEEEEE 5.67 3.31 0.05 0.78 0.02 0
31226 5t3b_A_358 1.0 I' ad 67 23 90 -7 WKNQAGGTPFMV HHHHTTT--EEE 5.28 3.48 -0.05 0.75 -1.76 1
54164 3vsn_A_512 1.2 IV aa 51 50 52 34 EPNSLNNTNGRV STT-STT--EEE 5.44 3.36 0.03 0.80 -1.00 1
34354 2qxf_A_240 1.5 I' aa 54 33 57 27 FGAWRGNTSWVA G-GGGTTB--EE 6.01 3.02 0.03 0.96 -1.40 1
100252 5mri_A_128 1.6 I' ad 58 37 59 14 ITDLINNTFIRT -GGGGTTB-B-T 5.83 3.10 0.06 0.91 -2.00 1
15793 5gkv_A_270 1.6 I' dd 72 15 84 7 GALAHGGTLDGR HHHHTTTEETTE 6.18 3.15 0.03 0.81 -1.36 1
74177 3l1w_A_200 2.2 I' ad 60 30 66 17 RGTFQNFTYTKP S--B-TT-TT-- 5.57 3.28 0.03 0.85 -2.15 1
27089 5a0n_A_75 3.1 IV da 63 17 53 32 FATYNNLTVITS --EE-TT-EEET 6.26 2.95 0.04 0.89 -2.09 1
11163 2z8f_A_287 1.4 I' dd 69 4 109 -9 FMTSSGGTGSGE HHHHHTTTTTTT 5.23 3.46 -0.10 0.82 -1.84 1
54805 4eoj_B_282 1.5 I' aa 61 36 64 26 FVYITDDTYTKK HHHHTTTSS-HH 5.49 3.40 0.00 0.84 -0.90 1
109552 5fkt_A_258 2.3 I' dd 72 26 90 9 YRSTDGGTTWSR EEESSTTS--EE 5.73 3.36 0.00 0.66 -0.89 1
53718 5flh_A_49 1.4 IV aa 54 48 52 36 GGEQTENTFNFF -GGGTTSS--EE 5.28 3.31 -0.00 0.89 -0.46 0
60451 5fnp_A_175 1.6 IV aa 52 50 52 46 KHTTNNVTPPPE HHHTTTT---TT 5.37 3.30 0.01 0.85 -0.04 0
72898 3mwx_A_76 1.6 I' dd 62 14 61 12 PNRISDGTFSFR -SEEETTEEEET 6.11 2.87 0.03 1.00 -2.49 1
106631 3n75_A_153 1.2 I' ad 56 34 83 -8 TPGHMGGTAFQK SSTTTTTGGGGG 5.30 3.42 -0.03 0.82 -1.66 1
98798 3lyd_A_103 0.5 I' ad 60 24 66 12 YAYRHHGTITIA EEEEETTTEEEE 5.81 3.00 0.07 0.99 -2.34 1
79866 5b42_A_11 0.6 IV aa 58 25 49 32 ILGQMDETFILV EEEEETTTEEEE 5.95 2.97 0.06 0.98 -2.32 1
25112 4udk_E_302 0.7 IV aa 54 31 49 37 IYYGCADTVTGL EEEEETTTEEEE 5.88 3.02 0.05 0.95 -2.00 1
12377 3was_A_342 0.8 I' aa 54 32 58 25 IYYASSDTRMHV EEEEETTTEEEE 6.03 3.01 0.06 0.91 -2.36 1
84615 4g6t_A_34 0.9 IV aa 56 33 47 32 CNMIIDNTFALT EEEEETTTEEEE 5.86 3.04 0.07 0.94 -2.10 1
87827 4q7f_A_250 1.5 I' aa 59 23 65 34 IQPGTRGTTVGR EEE-STTSEEEE 6.48 3.01 -0.01 0.83 -1.10 1
6510 3edf_A_525 0.5 I' aa 48 43 64 29 HFGPEENTWVYF E---BTTEEEEE 5.49 3.33 -0.00 0.76 -1.63 1
82849 2e4t_A_496 0.8 I' aa 51 45 63 31 IVNIKDNTFTYT E---BTTEEEEE 5.19 3.39 -0.02 0.75 -1.17 1
35873 4avs_A_109 0.9 I' ad 50 41 77 11 AEFWINGTPLVK EEEEETTEE--- 5.29 3.39 -0.02 0.78 -1.69 1
12760 5jov_A_138 1.0 I' ad 52 41 78 1 TPIEVEGTKGYT EEEEETTEEEEE 5.32 3.45 0.01 0.75 -2.33 1
1221 1kyf_A_807 1.0 I' ad 59 29 84 -1 IQFRYGGTFQNV EEEEETTEEEEE 5.25 3.31 -0.00 0.82 -1.81 1
36797 1m0w_A_136 1.1 I' ad 48 43 75 -1 LIDKKKGTEQIK EEEEETTEEEEE 5.33 3.37 -0.06 0.77 -2.81 1
55945 3zja_A_101 1.1 I' ad 50 50 73 9 VHETIDGTMKEV EEEEETTEEEE- 5.15 3.53 -0.00 0.75 -1.46 1
19434 3udf_A_313 1.2 IV aa 52 41 56 37 EFRAYANTYPAQ G---BTTBEEEE 5.46 3.36 0.03 0.84 -1.30 1
80237 3bwz_A_140 1.2 I' ad 48 51 80 11 VPNAIDGTVLFD -TT-BTTEEEEE 5.04 3.48 -0.04 0.71 -0.97 1
108117 3k59_A_131 1.3 I' ad 53 44 84 -1 EGDMHNGTIVNA EEEEETTEEEEE 5.21 3.51 -0.02 0.71 -1.62 1
72695 1rl0_A_34 1.4 I' ad 56 23 70 22 TSLIYGGTDVAV TT---TT----B 5.93 3.18 0.03 0.85 -1.99 1
64466 5g38_A_141 1.5 I' ad 38 63 90 8 GEFNVNGTKGQI EEEEETTEEEEE 5.23 3.66 -0.01 0.36 -1.46 1
77647 4trt_A_281 1.7 I' aa 51 49 65 26 EFLVSEGTLRLA EEEEETTEEEEE 5.37 3.49 0.06 0.67 -1.57 1
81557 3mtr_A_511 1.8 IV Xd 16 99 86 -7 QVEPYSSTAQVQ EEEEETTEEEEE 5.07 3.72 0.18 0.21 -0.78 1
22392 1k7c_A_17 2.2 I' ad 46 45 86 0 KNGGGSGTNGWG TTTTSTT---GG 5.51 3.45 -0.01 0.65 -2.07 1
71092 1oao_C_636 2.5 I' dd 72 20 87 4 AGMIGGGTQTPG HHHH-TT---TT 6.28 3.21 0.03 0.72 -1.28 1
75458 5g28_A_183 0.9 I' dd 68 22 89 1 RATMLGGTDSTI GGG--TTHHHHH 5.76 3.30 0.04 0.77 -1.70 1
20844 4nf0_A_68 1.7 I' aa 60 32 59 27 VEVYPNSTLFGD EEEE-TTSS--T 6.13 3.11 0.06 0.83 -1.61 1
18490 2q35_A_149 2.0 IV da 95 16 61 43 GFTPVGATSLIL TS---SSHHHHH 6.05 3.21 0.09 0.83 0.00 0
31976 4el6_A_79 1.7 IV aa 58 37 63 47 LFDNVNYTGRIT EESSSTT-SSEE 6.02 3.09 0.03 0.75 -0.59 1
95797 3mjf_A_220 1.7 IV aa 67 26 57 57 KRVGDGDTGPNT -EEETTTEEEE- 6.00 3.16 -0.01 0.87 -0.01 0
16395 3sny_A_57 1.7 IV aa 60 34 61 46 VYENDNFTGTKW EEEETTTEEEEE 6.18 3.10 0.02 0.78 -0.62 1
28601 5gt5_A_180 2.2 I' ad 53 50 75 12 LVDSKKGTSGVT SEEEETT-EEEE 5.66 3.35 0.03 0.66 -1.32 1
42267 2vbk_A_371 2.7 IV aa 60 55 63 51 AIILDSETMCIG EEEEESSEEEES 5.84 3.48 0.06 0.49 0.04 0
42157 4at0_A_70 3.0 IV dd 87 10 106 52 FIYLGGGTPLQK -EE--SS-HHHH 5.68 3.55 -0.13 0.54 0.38 0
23430 1w23_A_29 0.8 I' aa 53 41 60 20 ELLNFNDTQMSV TSSSSTTSSS-G 5.72 3.23 0.03 0.83 -2.25 1
92660 4xfk_A_439 1.2 I' ad 58 27 69 16 ARIKADGTEYGF -SSBSTTSS-EE 5.85 3.22 0.04 0.82 -2.47 1
87878 1pu6_A_189 0.4 I' aa 52 38 58 29 ALALYENTISLA HHHTTTT-S-HH 5.68 3.20 0.01 0.89 -1.79 1
24481 4hwv_A_72 0.6 I' aa 54 40 65 24 IQALYGNTAVIA HHHHTTT--EE- 5.43 3.33 0.01 0.80 -1.48 1
21957 4afk_A_57 0.7 I' ad 62 26 88 5 ENDRDLGTAPGG EE-TTTTSSSS- 5.58 3.36 0.01 0.77 -1.71 1
3030 4za9_A_355 0.7 IV aa 60 35 49 32 APFESQVTWVAL --GGGTT-EEEE 5.46 3.20 -0.03 0.92 -1.48 1
95253 2noo_A_283 0.7 I' ad 52 37 67 20 IDNALYGTQQVA HHHHTTT-SEE- 5.80 3.14 0.02 0.87 -1.57 1
56194 5tj3_A_150 0.8 I' aa 56 32 62 31 LGLATNFTSKVV HHHHTTT-S-EE 5.54 3.23 -0.03 0.85 -1.56 1
105015 1tuh_A_82 1.1 I' ad 57 35 69 16 YGGETGGTFKAV HHHTTTT--EEE 5.44 3.34 -0.04 0.83 -1.89 1
25831 2w39_A_160 1.6 IV da 107 30 49 37 DVNTDGNTGCGV BHHHHTS--EEE 5.93 3.29 0.11 0.80 0.22 0
18873 4aw7_A_337 1.0 I' aa 57 31 61 23 ITAANNYTSYSA -SGGGTT--BTT 5.75 3.13 -0.01 0.88 -1.84 1
47253 4kt6_A_289 1.4 IV aa 54 47 46 52 DDAKRKSTIGRQ H-GGGTTEESSG 5.94 3.22 0.05 0.78 -0.81 1
61253 5o2x_A_136 1.5 I' aa 51 44 69 37 VLISNNNTWVVK HHHHTTSEEEEE 5.59 3.32 -0.00 0.73 -0.37 0
12660 5el9_A_193 1.5 I' ad 59 37 71 8 SDPRRGGTIPSS B-TTSTT--S-T 5.92 3.26 0.03 0.74 -1.78 1
100497 2i74_A_506 1.8 IV aa 60 32 53 35 IRVSDNNTNISG EETTTTTEEEES 5.98 3.13 0.04 0.84 -1.69 1
72809 3acx_A_258 1.9 I' aa 58 36 62 30 EVRQANYTLHER HHHHTTT-SSS- 5.96 3.05 0.03 0.86 -0.96 1
46615 5m7y_A_385 0.7 I' ad 60 26 73 7 LKETDAGTGYMH HHHTSTTSSS-- 5.66 3.26 -0.02 0.90 -2.11 1
17728 1kwf_A_251 1.0 I' ad 59 32 73 12 VKKYNNGTGLVP HTTTSTTS---- 5.83 3.24 0.02 0.76 -2.07 1
19511 4z8t_A_201 1.6 I' ad 56 36 62 15 SSLAKSETGAKI HHHHHTTSSS-- 5.70 3.22 0.05 0.87 -2.05 1
22296 5a1i_A_334 0.4 I' dd 63 15 80 14 ISIFHYGTSQKS EEEE-TT--SS- 5.57 3.32 0.00 0.86 -2.34 1
107120 4hno_A_113 1.1 I' ad 55 31 86 20 HPGSHLGTGEEE --EE-TTS-HHH 5.43 3.48 -0.04 0.72 -1.10 1
49153 5mf2_A_113 1.2 I' ad 57 25 70 21 IILNTNGTLTGQ EEEE-TT--BS- 5.85 3.06 -0.03 0.93 -1.41 1
95130 4bby_A_367 1.4 I' ad 48 51 69 16 FIMGSEGTLGVI HHTT-TTSS-EE 5.78 3.38 0.05 0.73 -1.53 1
28913 3lqb_A_142 1.0 IV aa 58 27 59 34 QKTNNQNTPYDY --B--TT----T 5.85 3.17 0.03 0.84 -2.04 1
36919 4w7w_A_91 1.6 IV aa 59 30 58 35 LDLHNYATYSGK EEE--TTEETTE 5.51 3.33 0.03 0.82 -1.86 1
110106 1p57_A_66 1.8 I' ad 61 30 86 40 RTAGAAGTSGFF HHH--SS--SEE 5.70 3.46 -0.08 0.65 0.09 0
25712 1kko_A_239 0.3 I' ad 48 43 73 3 LHIDVYGTIGLI EEEE-TTHHHHH 5.67 3.31 0.04 0.76 -2.82 1
95344 2e7z_A_118 1.2 I' ad 61 27 103 -9 NQQSEYGTLRRF GT---TTHHHHH 5.32 3.58 -0.00 0.61 -2.38 1
113369 2rb7_A_327 1.4 IV aa 54 29 53 35 WGAEGFNTLHSR -----TT-TTST 5.95 3.09 -0.01 0.90 -1.81 1
7607 4h0c_A_146 0.8 I' ad 51 41 77 16 YKGDFKQTPVFI --B--TT-EEEE 5.25 3.46 -0.04 0.73 -1.76 1
3342 1xcr_A_54 4.9 IV pa 99 118 49 52 VKGICGKTRIAE SS--BSS-EEEE 6.66 3.36 0.19 0.33 0.16 0
23516 5t5i_D_92 1.0 IV aa 58 36 59 35 IRPYTDSTATPS SB---TTSS--B 5.37 3.38 -0.03 0.85 -1.16 1
85921 3a72_A_250 1.9 I' ad 48 40 78 6 EYGSFFGTETYS EEEB-TTSSS-B 5.20 3.38 -0.05 0.83 -2.27 1
12853 4fke_A_735 0.4 IV aa 59 43 59 36 ETLTKNWTERPE HHHTTTTTS--S 5.64 3.30 0.00 0.83 -0.37 0
101057 1hyo_A_367 0.4 I' aa 63 39 71 28 LELSWKGTKAID HHHTTTTTS-EE 5.56 3.34 0.02 0.78 -0.75 1
63069 4kt3_A_71 0.8 I' ad 51 45 80 7 AQESQYGTGRIA HHHHTTTTBHHH 5.34 3.36 -0.02 0.77 -1.35 1
91423 5wqw_A_974 0.9 I' ad 47 46 80 24 LHETGNGTSKLA HHHHTTTTSHHH 5.43 3.33 -0.02 0.77 -0.20 0
18622 5a95_A_193 1.1 I' aa 69 31 62 22 EPTTMGNTLGER EE--TTTTSS-- 5.55 3.32 0.02 0.82 -1.06 1
86231 2q7s_A_197 1.1 I' ad 48 49 84 24 VLGDRDGTTCEP EEESTTTTSS-H 5.62 3.47 -0.01 0.66 -0.22 0
1768 5gsm_A_182 1.6 IV aa 69 36 58 41 DEPSYWETIFQP SS-STTTTTTST 5.40 3.39 0.03 0.75 -0.28 0
99694 4oy6_A_114 1.7 IV aa 74 42 55 46 QLCSGGRTESGR -TTTTTTTGGGT 5.39 3.32 0.09 0.84 0.39 0
98468 4i4o_A_86 2.2 I' ad 56 33 92 36 GNIAGDGTYNDN EEESSSS-SGGG 5.29 3.63 -0.04 0.54 0.16 0
97543 5kc8_A_123 1.7 I' ad 55 33 75 7 IQRSTAGTPRSG EE--STT----- 5.72 3.29 0.02 0.77 -2.42 1
13782 1ah7_A_62 0.9 I' ad 55 43 68 20 NPYYDNSTFASH TTTTTTTT-GGG 5.40 3.43 0.01 0.75 -1.57 1
14112 4b8e_A_479 0.6 I' aa 52 47 64 27 VSLSNKYTTASV EEEETTTTEEEE 5.45 3.33 -0.00 0.80 -0.80 1
109614 3wa1_A_152 0.7 I' aa 54 46 69 27 QFYTQNKTRVLS EEEETTTTEEEE 5.47 3.41 0.03 0.75 -0.75 1
64676 5x4r_A_175 0.7 I' aa 57 44 75 33 LLPDGCGTLLRA EEEETTTTEEEE 5.12 3.53 -0.05 0.65 0.03 0
38585 2x5r_A_99 0.7 I' ad 47 50 83 -3 VVAIRNGTYYLD EEEETTTTEEEE 5.54 3.34 -0.04 0.79 -1.28 1
56949 4ut1_A_581 0.7 I' aa 59 48 71 27 SKTMNNGTTTLT ---BTTTTB-HH 5.54 3.38 0.05 0.73 -0.12 0
8651 5edf_A_83 0.7 IV aa 54 46 60 35 RYTQDNATKWLS TSEETTTTEE-- 5.47 3.39 -0.00 0.79 -0.86 1
36124 4we2_A_45 0.8 I' ad 73 37 80 20 NDLTNGGTKLTI GG-BTTTTEEEE 5.51 3.38 0.04 0.75 0.01 0
13492 3dao_A_66 0.9 I' dd 74 21 108 10 LYITDGGTVVRT EEEETTTTEEE- 5.68 3.52 -0.06 0.59 -0.28 0
97608 4kq7_A_161 1.6 I' ad 35 64 76 13 SAGPENGTGLSC EEESSTT-EEEE 5.50 3.57 0.01 0.59 -1.27 1
104227 3ks6_A_8 3.2 IV da 84 1 104 66 IASHRGGTLEFG EEEETTTHHHH- 5.81 3.50 -0.10 0.63 0.31 0
33391 1g61_A_2190 1.9 I' ad 61 55 107 -2 KGTANKGTTSVG E--BTTTBS-GG 5.66 3.56 -0.02 0.38 0.00 0
100370 4bpz_A_187 0.8 I' ad 57 31 82 8 NSFVSDGTLKIR TEEEETTEEEEE 5.70 3.37 -0.02 0.71 -2.13 1
37936 1sby_A_237 0.8 I' ad 53 35 82 9 IWKLDLGTLEAI EEEEETTEEEE- 5.58 3.30 -0.02 0.76 -1.92 1
89042 3eby_A_136 0.9 I' aa 59 40 58 28 RFDLSGGTVRLK EEE--TT--EEE 6.13 3.15 0.05 0.78 -1.36 1
50491 5a57_A_1169 1.6 I' ad 57 33 70 11 NNATVDDTSYFQ GG-SBTTB---E 6.05 3.11 0.01 0.86 -1.60 1
93891 5wl1_A_239 2.1 IV aa 67 40 60 49 ILPNANWTWYLR -EEETTTEEEEE 6.71 3.07 0.01 0.70 -0.29 0
79627 5kco_A_358 0.4 I' ad 48 48 89 -6 IKTEWEGTWWKS EEEEETTEEEEE 5.83 3.39 -0.04 0.66 -1.65 1
103627 3mnm_A_569 0.5 IV aa 55 35 53 33 VNYSVNSTQAEE EEEEETTEEEEE 5.56 3.31 0.01 0.86 -1.95 1
44031 2rfr_A_108 0.6 I' ad 53 42 76 9 VFRCVSGTFGSH EEEEETTEEEEE 5.51 3.34 -0.01 0.72 -1.98 1
33654 1p1m_A_24 0.8 I' ad 57 37 75 8 AVEIENGTIKRV EEEEETTEEEEE 5.48 3.35 0.00 0.80 -1.67 1
85565 3hzp_A_89 0.8 I' ad 44 50 92 2 SKFTYKGTQNDD EEEEETTEEEEE 5.37 3.51 -0.11 0.54 -1.97 1
110958 5uqd_A_1344 0.9 I' ad 56 47 92 -8 METLDMGTFRFG HHHEETTEESS- 5.78 3.45 -0.03 0.55 -1.26 1
22018 3pnn_A_188 1.0 I' ad 38 74 91 -27 GIERTDGTISFR EEEEETTEEEEE 5.65 3.48 0.02 0.52 -1.24 1
71948 2guf_A_68 1.3 I' ad 52 37 91 -4 SSIFIRGTNASH -EEEETTEEGGG 5.51 3.25 -0.08 0.71 -1.61 1
96251 4x28_A_377 2.6 IV ap 69 29 85 108 ILTFGGGTNEVQ HHHHSSS-HHHH 5.73 3.65 -0.16 0.45 0.35 0
100509 2h62_C_49 1.3 IV aa 54 33 56 39 PDDAINNTCITN -TT-BTTEEEES 5.67 3.23 -0.01 0.84 -1.60 1
72469 5e9n_A_28 1.6 I' dd 66 16 78 6 PAVLAGGTFPGP EEEEETTBSS-- 6.32 2.94 0.00 0.86 -1.59 1
19853 5k62_A_395 1.0 I' dd 68 2 72 8 RCGTEDGTTIFA --SEETTTEEB- 6.36 2.90 0.04 0.94 -1.85 1
53865 4ehc_A_14 0.4 IV ag 53 39 75 -47 PLQLVNTTEPVV E-EEETTTEEEE 6.44 2.90 0.01 0.91 -0.47 0
7567 4e6f_A_142 0.8 I' ag 52 43 69 -42 IRFTYRETEKYK EEEEETTTEEEE 6.29 3.01 -0.03 0.89 -0.48 0
18323 4wsf_A_66 0.9 I' ad 53 32 68 -18 AYQKQQDTLIVW --EEETTTEEEE 6.42 2.91 0.01 0.88 -1.19 1
2597 2q43_A_69 1.8 IV ag 61 46 72 -57 YRYPVAITGVIG EEEEETTTEEEE 6.23 3.07 -0.03 0.86 -0.28 0
105541 2jhf_A_140 1.3 I' ad 53 32 68 11 PIHHFLGTSTFS EEB-STTT--SB 5.80 3.19 0.02 0.92 -2.72 1
21379 5e75_A_226 1.2 I' dd 72 18 95 11 SGWNNGGTRDEG HTTTSTT---HH 6.03 3.35 0.01 0.64 -1.13 1
23714 2p97_A_127 0.4 I' ad 50 43 65 -25 LALLLEETTLIT EEEEETTTEEEE 6.47 2.88 -0.02 0.90 -0.89 1
43269 2e26_A_2144 0.7 I' dd 66 6 81 3 HGSCINGTKCIC SEEEETTTEEEE 6.27 2.97 0.03 0.92 -1.83 1
25795 5jgf_A_106 0.9 I' dd 63 6 75 5 FYTIRNGTNLSA EEEEETTTEEEE 6.26 2.86 0.01 0.95 -1.85 1
64696 2e3h_A_220 0.9 I' ad 63 21 69 5 DRVLVGGTKAGV -EEEETTTEEEE 5.96 3.06 -0.00 0.95 -2.14 1
7864 3klk_A_831 1.2 I' ad 52 34 65 1 KQILKDGTTWTD SEEEETTTEEEE 5.52 3.16 0.04 0.91 -3.55 1
29122 2vk2_A_168 0.8 I' ad 59 18 63 17 RSQSGDFTRSKG EEEE-TT-HHHH 6.28 3.01 0.02 0.91 -2.07 1
95705 2fcj_A_32 2.0 IV ab 62 46 97 -137 VIVCTNGTISDA EEEE--S---HH 6.31 3.44 -0.15 0.59 0.07 0
90757 1hn0_A_383 3.0 IV ag 53 35 72 -53 VKGSALVTTHHW STT---S--TTH 5.55 3.11 0.01 1.00 0.06 0
93751 2wjn_C_136 1.8 I' ad 48 42 88 6 CYTCHRGTPLPP HHHHHTTSSS-S 5.42 3.49 -0.06 0.65 -1.49 1
93294 2izr_A_130 0.8 I' aa 64 29 62 38 LFDLCDRTFSLK HHHHTTT---HH 6.35 3.08 -0.01 0.71 -1.03 1
92504 5dnk_A_414 1.9 I' aa 70 27 57 22 ANTKLNNTKLNE HHHHTTT--HHH 6.49 2.89 0.03 0.88 -1.22 1
66485 4rz9_A_12 0.5 I' ad 53 37 78 18 DAHSIHGTNPQY T---BTTB-GGG 5.42 3.32 -0.04 0.81 -1.18 1
97727 1xkw_A_115 0.5 IV aa 57 46 56 31 VQPFQLLTTAYY EEEEETTEEEEE 5.59 3.28 -0.00 0.81 -0.78 1
75714 2q9u_A_318 0.7 I' ad 50 52 70 16 ASPTLNNTMMPS E---BTTB--HH 5.46 3.40 0.01 0.70 -1.37 1
100830 1wmx_A_33 0.9 IV aa 68 27 58 44 ELETIGDTLPVD -B--SSSS--EE 5.61 3.17 -0.06 0.89 -0.51 1
25900 4ajy_V_130 1.1 I' ad 43 45 66 13 DGLLVNQTELFV -B-EETTBS-B- 5.34 3.25 -0.05 0.89 -2.14 1
28227 5uj6_A_668 1.0 I' aa 49 46 61 25 KQKTENYTATFE EEE-BTTEEEEE 5.53 3.17 0.01 0.88 -1.21 1
70049 2gzq_A_105 1.8 I' ad 56 33 83 4 SKELVKGTDKNC SSEEETT--TT- 6.41 2.93 -0.04 0.81 -1.16 1
13175 3iay_A_130 0.3 I' aa 50 41 67 26 NGIKDENTSTVV SSS-BTTB-EEE 5.43 3.32 -0.06 0.79 -1.44 1
104091 1juh_A_190 1.0 I' ad 53 37 79 11 RTDTVNGTAPAN ----BTTEESSS 5.62 3.32 -0.04 0.76 -1.56 1
46311 5dut_A_137 0.4 I' ad 51 41 84 -4 SACPYQGTPSFF EEEEETTEEE-- 5.45 3.36 -0.04 0.76 -1.96 1
36958 2wy3_B_144 0.8 I' ad 50 36 72 17 CLRCENGTTKII EEEEETTEEEEE 5.36 3.32 -0.05 0.80 -2.43 1
72872 1ucd_A_40 0.9 I' ad 49 50 74 17 LWPQQSGTSLTN EEEEETTEE--S 5.29 3.51 -0.00 0.68 -1.10 1
63790 5gqu_A_173 1.6 I' ad 50 33 61 16 QMRKRNYTIWEL B-EEETTTEEEE 5.92 3.05 0.05 0.90 -2.33 1
72679 4qdc_A_51 0.4 I' ad 50 41 72 4 HSIEAFGTKLVV EEEEETTEEEEE 5.50 3.24 0.02 0.80 -2.61 1
80465 5hnv_A_110 0.6 I' ad 62 23 74 14 RFWEENGTAYMG EEEEETTEEEEE 5.63 3.28 0.02 0.84 -2.42 1
84830 3kan_A_109 0.8 I' ad 44 43 75 12 WQIGKIGTVMTF GG-EETTEEGGG 5.55 3.32 -0.02 0.76 -2.59 1
78801 4xdu_A_16 0.9 I' ad 44 38 75 12 RAELVIGTLCRV EEEEETTEEEEE 5.63 3.21 -0.03 0.88 -1.91 1
49354 4xgv_A_22 0.9 I' ad 54 39 73 4 LEGKTMGTFWRA EEEEETTEEEEE 5.41 3.36 0.07 0.79 -2.75 1
28198 4y9w_A_94 1.0 I' dd 66 19 80 6 DTIYLGGTSITN EEEEETTEEEEE 5.58 3.35 0.01 0.81 -2.31 1
85961 4znm_A_81 1.1 I' ad 49 46 89 -17 SLVREGGTHRPE EEEEETTEEEEE 5.46 3.52 0.03 0.67 -2.32 1
44526 4wk0_A_255 3.1 I' ad 56 55 73 22 GVPKGNLTYGYV EETTTTTTT-EE 5.21 3.52 0.11 0.60 -0.24 0
73223 3bc9_A_197 1.1 I' ad 64 32 87 4 GEFDQKGTVRTK S-S-BTTBSSBT 5.74 3.27 -0.01 0.78 -0.84 1
102103 3tbd_A_244 1.3 I' da 75 19 65 30 LRPALGGTYVQR EE---TTS---T 5.89 3.13 -0.02 0.89 -0.62 1
26540 4qek_A_75 0.4 IV aa 57 17 49 41 GGQSSFYTDWYQ --TT-TTSB-SS 6.28 2.69 0.01 1.03 -1.37 1
91578 4h18_A_143 0.8 IV aa 52 14 46 47 EGKFSYYTDWVE --TTSTTSB-SS 6.42 2.60 -0.02 1.04 -1.34 1
16288 3ven_A_360 1.6 I' ad 69 50 69 13 RIAPMGDTAAWG ------S--B-S 6.51 3.12 0.09 0.64 -0.49 0
39425 4kqi_A_52 0.5 I' ad 67 33 84 12 GMPGLNGTPQVG T-GGGTTS---- 6.00 3.23 0.01 0.65 -1.09 1
21769 4zlf_A_340 1.9 IV da 63 14 57 51 HGDVNRLTTDPQ HHHHTTS-SS-B 6.57 2.88 -0.01 0.85 -0.80 1
44865 1yht_A_240 1.7 IV da 71 16 53 37 YWSYDGDTQDKN E--SSTT-S-HH 6.18 2.93 0.01 0.91 -1.28 1
49449 1qlw_A_197 2.9 IV ap 62 49 123 106 LAIKLDGTVLLS HHHHHTSEEEEE 6.63 3.43 -0.19 0.36 0.08 0
37713 1gci_A_210 0.7 IV da 80 21 53 48 QSTYPGSTYASL EEEETTTEEEEE 6.16 2.89 -0.00 0.97 0.02 0
96617 3mqd_A_393 0.3 I' da 84 13 69 29 NSFGFGGTNATL EEEETTTEEEEE 6.41 2.88 -0.01 0.91 -0.28 0
