59669 5vgl_A_29 1.4 I AD -67 -19 -116 17 VHALLPNTKPEQ EEEEETTS-HHH 5.68 3.46 -0.02 0.55 -1.51 1
79432 3zid_A_58 1.5 IV ND -126 -17 -125 12 DLKELKFTAAKD HHHT-SSS-GGG 6.23 3.48 0.08 0.49 0.19 0
50650 3bmv_A_437 1.7 IV DN -91 1 -129 -15 AINRNLSTSYNI EEE--SS--EEE 5.67 3.64 -0.07 0.43 0.07 0
53595 4yl8_A_232 1.7 IV DA -91 7 -94 -32 YEQNDRLTPKIG EETT-SSS-SEE 6.34 3.16 -0.05 0.78 -0.21 0
53716 5flh_A_71 1.7 I AD -76 -30 -128 9 PAHSHADTYEVF EEEE-SS-EEEE 5.33 3.74 -0.07 0.30 -0.01 0
75569 5ktk_A_326 1.8 IV DN -96 -5 -88 -49 AGLTDMDTLAFI ------S---GG 6.34 3.37 -0.03 0.70 0.19 0
4987 4pmx_A_180 1.8 I AD -70 -8 -115 10 ARRHFPHTKLMI HHHH-TTS-EEE 5.46 3.59 -0.05 0.52 -1.74 1
8226 5tde_A_345 1.8 IV AN -80 -43 -149 -13 GGSIANFTNVAA ---B-SSS-HHH 5.91 3.58 -0.11 0.36 0.33 0
105377 3dha_A_120 1.9 IV DN -103 -10 -114 -33 GNGAFTNTPIIV TGGG-SSS-EEE 5.77 3.66 -0.05 0.42 0.43 0
106753 5dmd_A_126 2.0 I DD -101 -6 -101 15 KQVILTNTNYKT EE----SSS--S 6.44 3.16 0.05 0.71 -0.35 0
78700 4czx_A_252 2.1 I AD -69 -22 -106 18 MHPRMLTTAIVV E-SSSTTEEEEE 5.49 3.55 0.07 0.57 -1.82 1
81015 3vs8_A_173 0.6 IV DD -90 11 -108 2 ADRGWFETTVTH HHTT-TT-EEEE 5.67 3.46 -0.02 0.73 -1.54 1
72358 3ajd_A_133 1.1 IV DD -111 -16 -97 10 NRMGVLNTIIIN HHTT--SEEEEE 6.74 3.08 0.06 0.73 -0.08 0
97901 3ie4_A_63 1.1 IV DN -114 2 -120 -24 WTFRDRITALKP EEEEESS----T 6.69 3.32 -0.03 0.53 0.15 0
37775 4rcj_A_457 1.3 I AA -86 -25 -101 -21 KSPVDYGTSAGV -S--BSS---S- 6.48 3.32 0.00 0.40 0.03 0
7908 2yyy_A_178 1.3 IV DD -105 15 -116 -25 ADPNDDKTGPVN S-TT-SS---SS 6.42 3.38 -0.06 0.63 -0.02 0
52194 3fka_A_64 1.3 I AN -80 -14 -114 -32 EDAADAETDPFW HHH--SS----E 6.27 3.51 -0.09 0.45 0.16 0
25842 2w39_A_57 1.4 IV DN -124 24 -127 -28 ILRADHTTTLSP EEE---S----T 6.63 3.36 -0.05 0.56 0.17 0
90073 4p6b_A_203 1.4 I AD -73 -13 -111 10 DPLDMQDTGFSL TTTT-TT-BSS- 5.73 3.45 -0.00 0.64 -1.33 1
72504 1wkr_A_120 1.4 I AD -78 -11 -104 5 TLSPHTSTSIPT SEES-TT----- 5.53 3.49 -0.00 0.63 -1.81 1
11235 3p24_A_78 1.5 IV DA -92 2 -87 -32 HVSMDKRTKIQL EEEE--S-EEEE 6.53 3.06 -0.01 0.76 -0.41 0
84525 3lew_A_296 1.5 IV DN -108 10 -128 -28 FHYLDTTTKGSY HHHH-SSSTT-S 6.37 3.43 -0.10 0.54 0.21 0
25231 2osx_A_264 1.5 I AD -88 -22 -113 -20 IRQVDQDTWVCV HTTT-SSSEEEE 6.55 3.29 -0.05 0.50 0.13 0
110850 2yk4_A_310 1.5 I AD -72 -3 -109 5 EIKKNPHTRYEI HHHH-TT-EEEE 5.58 3.48 -0.06 0.67 -2.01 1
56248 3hkw_A_129 1.6 IV DN -109 9 -133 -34 DLLEDSVTPIDT HHHH-SSS---E 6.77 3.38 -0.09 0.42 0.20 0
55861 1w2w_B_318 1.6 IV DN -94 12 -113 -57 KTTIDNVTETGD GGGB-SS--SGG 6.16 3.49 -0.09 0.55 0.25 0
103315 4n0r_A_438 1.6 IV DN -95 1 -127 -18 DISRDLVTSTAG STTT-SSEEEEE 6.29 3.45 -0.06 0.46 -0.01 0
51865 4lhs_A_268 1.7 I AN -67 -26 -118 -24 LRQKHPDTPIIV HHHH-SSS-EEE 5.53 3.67 -0.14 0.35 0.26 0
50831 3ahc_A_284 1.8 IV DD -104 14 -110 -25 AAQTDDMTRPFY HHTT--SS---E 6.33 3.22 -0.07 0.75 0.05 0
21433 4ie5_A_279 2.0 IV DN -113 14 -92 -47 KISWDIETPGLA EETT-SSS-EEE 6.40 3.11 -0.02 0.84 0.21 0
94368 4wui_A_59 2.0 IV ND -136 -45 -125 4 TVLVVATTPIAD EEEEESSS-HHH 6.27 3.55 0.07 0.32 0.36 0
84742 2p35_A_74 2.1 I AD -75 -9 -111 14 AADRLPNTNFGK HHHHSTTSEEEE 5.49 3.52 0.03 0.69 -1.58 1
21189 1fc6_A_357 2.2 IV DN -114 8 -108 -40 GNSIDSATPLVV S--S-SSS-EEE 6.62 3.30 -0.07 0.61 0.19 0
109173 2nzl_A_158 2.2 IV DD -117 10 -111 16 AIFVTVDTPYLG -EEEE-S-SS-- 6.87 3.08 0.02 0.75 -0.17 0
35713 4txr_A_50 2.3 IV DN -107 13 -118 -44 GMKIDSKTPECR HHHH-SSSHHHH 6.49 3.32 -0.08 0.62 0.21 0
97853 2xjp_A_50 1.8 IV DN -103 21 -124 -42 YSLKDSSTYSNA --TT--SGGG-H 6.53 3.38 -0.11 0.49 0.10 0
80291 2wnp_F_118 1.8 IV DN -95 0 -102 -57 TVLCDMDTDGGG EEEEE-SGGGS- 6.43 3.34 -0.08 0.58 0.21 0
111188 3u9j_A_9 1.8 IV DN -95 -1 -117 -34 PEEVDVFTAPHW -GGG-SSHHHHH 6.29 3.49 -0.06 0.43 0.14 0
85155 3rkc_A_481 2.0 IV DN -126 24 -128 -34 AAEYDQTTYGSS EEEEESSSSSBT 6.45 3.39 -0.09 0.54 0.26 0
22322 5usw_A_156 2.1 I DD -86 -6 -118 -22 PSYQDLFTDISS TTSB--SHHHHH 6.52 3.29 -0.07 0.49 -0.06 0
15438 4wwh_A_323 2.1 IV DN -118 10 -120 -29 PQVNDTETYDNG ---SBSSS-B-S 6.57 3.37 -0.05 0.53 0.21 0
38204 4nuu_A_229 2.2 IV DA -103 6 -103 -26 ERDWDCNTKKDV SS--B-SSSTT- 6.61 3.14 -0.03 0.72 -0.03 0
112651 5b66_B_433 2.2 IV DA -94 -4 -87 -45 IFEFDTETLNSD EEEEE-TTTT-- 6.56 3.20 -0.03 0.73 0.08 0
48391 5b6d_A_99 2.3 IV NA -107 -87 -61 -26 DGRTLRGTAYGP SSSB-STT-HHH 5.78 3.53 0.21 0.36 0.40 0
21869 1muw_A_91 2.4 IV ZN -112 35 -140 -29 MATTNLFTHPVF EEE---SSSGGG 6.63 3.33 -0.12 0.52 0.08 0
113540 1mj5_A_246 2.4 IV NA -151 -76 -84 -40 NAEPGALTTGRM EEEE-SSSSHHH 6.44 3.51 0.09 0.29 0.23 0
91698 3sri_A_161 2.4 IV DD -105 -25 -98 17 IIENSKTTFLKP EETTBSSSTTSB 5.92 3.44 0.06 0.74 -0.09 0
80286 2wnp_F_217 3.2 IV DD -119 21 -117 -25 GSAGNSLTGHNN -TT---SGGGTT 6.64 3.26 -0.04 0.67 0.15 0
111508 5efr_A_399 1.4 IV AD -90 -21 -123 -15 NIVGNQKTKEHV EEE--SSS-HHH 5.19 3.76 -0.08 0.36 0.53 0
24239 3amr_A_34 1.7 I AN -78 -14 -113 -37 AIWLDPKTPQNS EEE--SS-GGG- 5.68 3.62 -0.07 0.41 0.29 0
106763 5dmd_A_49 1.7 I AD -80 -15 -109 -24 IILQSVNTPALG EEEEESS-TT-E 5.35 3.59 -0.10 0.54 0.23 0
88673 3qb8_A_184 1.8 IV DA -117 -14 -84 -25 PFDSINCTEYIK TTTT--S-SEEE 6.67 3.09 0.05 0.68 0.16 0
86784 3nvw_C_656 2.4 IV NN -106 -55 -111 -31 ETVFAKDTVTCV EESS--SEE-ST 6.34 3.57 0.06 0.29 0.32 0
23740 5ljx_A_215 2.4 IV NA -127 -79 -76 -26 FKHWCTSTCQFG ES---SS--BTT 6.01 3.50 0.16 0.39 0.30 0
23752 1nr0_A_591 0.4 I AD -64 -7 -134 14 VIWLNETTIVSA EEEEETTEEEEE 5.31 3.65 -0.08 0.44 -1.38 1
107522 5i4a_A_562 0.6 I AD -64 -29 -119 7 IIKLDENTYIYY EEEEETTEEEE- 5.26 3.66 -0.08 0.40 -0.87 1
94846 5jph_A_62 0.6 I AD -71 -21 -111 -18 IRPINETTVKIE EEE-SSSEEEEE 5.55 3.63 -0.07 0.37 -0.22 0
111758 4h5i_A_21 0.7 I AD -61 -31 -133 15 AKFLNNDTLLVA EEEEETTEEEEE 5.36 3.69 -0.09 0.27 -0.61 1
35494 1mo9_A_162 0.7 IV AD -68 2 -138 5 AKVIDNHTVEAA -EEEETTEEEET 5.22 3.69 -0.10 0.42 -1.21 1
2201 2bmo_A_318 0.7 I AD -61 -18 -124 14 WNPIDENTTEVW EEEEETTEEEEE 5.11 3.67 -0.10 0.46 -1.69 1
54755 5f30_A_365 0.8 I AD -65 -17 -115 5 LVKVDDDTWTVD EEEEETTEEEEE 5.17 3.67 -0.06 0.46 -1.86 1
59012 3rqt_A_57 0.8 I DD -78 2 -118 8 YHQPNDTTLDIE EEEEETTEEEEE 5.59 3.56 -0.03 0.62 -1.55 1
53758 2frg_P_74 0.8 IV DD -114 -15 -131 4 RAPAGRRTFLTD EEEETTTEEEEE 6.20 3.46 -0.02 0.46 0.20 0
59179 5w83_B_59 0.9 I AD -68 -15 -120 9 GEFVDDYTVNVV EEEEETTEEEEE 5.54 3.51 -0.09 0.51 -1.19 1
100156 4n5u_A_619 0.9 IV AD -65 -22 -135 15 CVSMGSTTVRVS EEEEETTEEEEE 5.23 3.68 -0.11 0.33 -0.84 1
29222 5bva_A_218 0.9 I AD -59 -29 -130 6 IIPISPDTDSLG EEE-SSSEEEEE 5.08 3.74 -0.12 0.27 -0.21 0
50568 5a57_A_387 0.9 I AD -64 -26 -107 -7 YKKINETTAEYL EEEEETTEEEEE 5.27 3.63 -0.09 0.41 -1.12 1
64886 5le5_M_46 0.9 I AD -65 -16 -114 -4 IMRVNNSTMLGA EEEEETTEEEEE 5.35 3.56 -0.04 0.45 -1.59 1
65302 5ws7_A_141 0.9 I DD -99 -12 -120 -14 FKFQGQDTILDY EEEETTTEEEEE 6.49 3.39 -0.03 0.43 0.03 0
46015 1rwz_A_93 0.9 IV ND -145 -6 -108 -14 LIVEDESTLKVK EEESSSSEEEEE 6.63 3.30 0.02 0.63 0.30 0
35324 2f69_A_270 1.0 I AD -68 -12 -107 -21 TLSLDEETVIDV -EE-SSS-EEE- 5.49 3.58 -0.10 0.48 -0.56 1
4273 1zld_A_112 1.1 I AD -65 -19 -107 -9 LNRVNADTVRVN EEEEETTEEEEE 5.45 3.52 -0.05 0.46 -1.33 1
15890 3w7t_A_115 1.1 IV AD -67 2 -133 0 LRFATPRTSLLE EEEEETTEEEEE 4.98 3.73 -0.17 0.45 -1.14 1
72499 1wkr_A_198 1.1 IV AD -87 -20 -140 12 SIRYGSSTSILS EEEETTTEEEEE 6.34 3.43 -0.08 0.37 -0.15 0
3452 4xrw_A_99 1.3 I AD -80 -22 -121 7 VEPVSAATAKVR EEESSSS-EEEE 5.12 3.68 -0.01 0.42 -0.34 0
91193 4bnd_A_176 1.8 IV AD -104 -25 -137 4 FEVAGTTTINGF EEEETTTEEEEE 5.55 3.71 -0.04 0.26 0.28 0
58842 5i9j_A_324 1.1 I AD -87 -20 -125 9 LQRVEDNTLISY EEEETTTEEEEE 6.07 3.41 -0.06 0.51 0.05 0
38504 3wit_A_611 1.3 IV DD -97 -11 -128 2 QLQVGESTVIRL EEEETTTEEEEE 6.38 3.38 -0.02 0.47 0.04 0
82964 4boq_A_277 1.3 I DA -88 -9 -102 -34 RNFPDPDTPPLT EE-SSSSS--B- 6.43 3.31 -0.04 0.54 0.02 0
113120 3hny_M_2288 1.4 IV DD -93 -13 -122 -18 QGNQDSFTPVVN E--SSSSS-EEE 6.29 3.46 -0.05 0.45 0.16 0
69162 4mzv_A_112 1.5 IV DN -91 -12 -148 -24 KQCQGTSTCWCV EEEETTTEEEEB 5.87 3.59 -0.11 0.23 0.40 0
57802 3fbu_A_80 1.5 I DD -100 -2 -98 -17 HKYFGEHTYEIG EEEETTTEEEEE 6.37 3.09 -0.02 0.78 -0.07 0
27076 5a0n_A_195 2.5 I AD -67 -13 -125 8 GMRVSSDTNVYI ----BTTBSHHH 5.01 3.72 -0.15 0.47 -0.86 1
64685 5x4r_A_93 1.3 I AD -65 -26 -118 -23 AGHATGTTPQKL E--B-SS-B-SE 5.21 3.64 -0.17 0.32 0.26 0
33792 3v4g_A_127 1.4 IV AD -69 -46 -136 20 GVVAGDDTIFIT EEEE-SSEEEEE 5.19 3.76 -0.03 0.25 0.26 0
39839 5g2p_A_437 1.5 I AD -67 -34 -108 9 IGGAMPNTMRIG ---SBTTEEEE- 5.28 3.65 0.00 0.44 -0.90 1
67839 1is3_A_93 1.6 I AD -73 -10 -109 -24 TITFDTHTFYIQ EEEE-SSEEEEE 5.57 3.62 -0.11 0.44 -0.45 0
17390 3dmc_A_85 1.7 I AN -63 -28 -132 -15 RVTSNETTVVFE EEEE-SSEEEEE 5.48 3.70 -0.16 0.23 0.24 0
15217 3s5q_A_175 1.8 I AD -77 -11 -117 -22 ADWTSGTTNPDG GG---SSB-TTS 5.48 3.65 -0.13 0.49 0.18 0
60292 3vx0_A_390 1.9 I AD -58 -29 -133 9 PIYKDDTTIAMR EEEE-SSEEEEE 5.16 3.69 -0.11 0.30 -0.40 0
110843 1rkq_A_112 2.0 I AN -66 -20 -129 -15 FHALDRTTLYTA EEEE-SS-EEE- 5.56 3.70 -0.13 0.26 -0.02 0
7452 4ow5_A_361 1.0 I AD -77 -16 -123 0 RDMCDSTTKCCY --SSTTT----- 5.30 3.71 -0.12 0.43 -0.20 0
37495 1m2d_A_45 1.1 IV DD -95 9 -137 7 DPQLFMTTVITP -HHHHTTEEEEE 5.73 3.55 -0.08 0.40 -0.33 0
29257 4evw_A_44 1.2 I AD -87 -22 -115 -24 FAAYFASTPFLF GGGGTTTS-EEE 6.12 3.55 -0.07 0.39 0.25 0
52958 4c5w_A_252 1.3 IV DD -87 2 -126 -12 AFQILSSTFVDF HHHHHTT-EEEE 5.71 3.60 -0.09 0.49 -0.01 0
86280 2hi0_A_105 1.6 IV NA -99 -70 -88 -11 ADHCQIKTGPFP HHTSSSS-EE-T 4.94 3.84 0.10 0.27 0.63 0
60718 3u2u_A_174 1.8 I AD -66 -27 -114 -9 FFSSWATTDIRK HTTTTTTS-GGG 5.60 3.58 -0.07 0.41 -0.38 0
18017 3ge3_A_278 2.6 IV NA -135 -47 -77 -41 GPVMDYYTPLED HHHHHTTS-GGG 6.76 3.25 0.12 0.55 0.24 0
49139 3i33_A_64 1.4 I AD -78 -24 -117 21 VAMNPTNTIFDA TTT-STTEE--G 5.35 3.61 0.00 0.58 -0.61 1
100259 5mri_A_64 1.5 I DD -87 -1 -109 15 VAKLANNTHQHV HHHHHTTEEEEE 5.68 3.41 -0.02 0.78 -0.80 1
67741 4r9i_A_103 1.6 IV DD -81 4 -122 16 AVNTNLNTKNEV HHHHHTT-B-SS 5.38 3.55 -0.08 0.69 -1.42 1
101338 2j6a_A_100 1.6 IV NA -108 -41 -84 -17 LHTLLLQTSIAE HHHHHTTEEEEE 6.25 3.39 0.11 0.58 0.33 0
19450 2gnp_A_259 1.7 I AD -78 -5 -106 -1 YENLQERTIAIS -HHHHTTB-B-- 5.57 3.48 0.01 0.70 -1.20 1
45161 5ipy_A_164 2.0 IV ZN -125 39 -128 -27 CASGHFSTPNVP E---SSSEE--- 6.98 3.11 -0.04 0.69 0.06 0
61028 2b9w_A_163 0.9 IV DN -83 11 -114 -73 DLWINPFTAFGY HHHTTTTIIIII 6.24 3.48 -0.15 0.48 0.25 0
102959 5j8q_A_200 1.2 IV DA -99 -11 -90 -45 VVDGAQSTPHMK EEE-TTTTTTS- 6.04 3.46 -0.02 0.63 0.29 0
13630 3c9f_A_96 1.7 IV DA -108 -16 -87 -36 SPNGLKSTPIFI SSTTTTTHHHHT 6.02 3.44 0.04 0.72 0.34 0
50358 1dk8_A_245 1.8 IV NN -103 -49 -80 -59 SDIYLEYTRTGS SHHHHTTTTS-- 6.30 3.51 0.05 0.44 0.25 0
39182 1hq0_A_892 1.9 IV AN -80 -4 -127 -85 LAGFTSTTGVKK -TT-TTTHHHHH 6.11 3.60 -0.17 0.34 0.24 0
40314 3iup_A_333 2.0 IV DN -100 0 -113 -92 VVAELKTTFASH HHHTTTTTT--- 6.52 3.48 -0.12 0.42 0.19 0
89337 5e3e_B_186 2.1 IV DN -89 3 -115 -70 ELLNRVSTGNVK HHHHHTTTSSBS 5.86 3.58 -0.09 0.43 0.31 0
65767 5ted_A_102 2.1 IV AN -64 -46 -138 -41 IYTMGAHTVPEL EGGGTTTHHHHH 6.45 3.45 -0.10 0.39 0.30 0
8397 3dsk_A_319 2.1 IV NA -91 -65 -61 -54 LFATCFNTWGGM HHHHHTTHHHHH 5.97 3.53 0.06 0.45 0.37 0
656 3kki_A_234 2.2 IV DP -97 13 -105 -108 MTASLAKTFAYR EEEESSSTT-SS 6.81 3.33 -0.12 0.57 0.18 0
62557 2vfr_A_158 2.5 IV DN -98 -13 -102 -61 ERFGGAVTSLGA TTGGGTSS-TTT 6.48 3.44 0.01 0.48 0.25 0
55751 4roc_A_215 2.7 IV DA -98 -11 -97 -40 ANETWLVTGRHP HHHTTSSTTS-S 5.91 3.50 -0.06 0.61 0.30 0
85988 1ywf_A_210 1.3 I DA -89 -10 -96 -33 MIQQRFDTELAP HHHTTTTS---H 5.20 3.63 -0.04 0.65 0.40 0
29473 1mun_A_40 1.4 I AD -67 -30 -129 17 SEVMLQQTQVAT HHHHHTSS-HHH 4.94 3.78 -0.09 0.28 -0.39 0
75985 4qi3_A_43 1.4 I AN -85 -9 -111 -33 LPSDALTTDASE B-TTTTTS--S- 5.09 3.71 -0.09 0.50 0.49 0
79176 4in0_A_63 1.5 IV DD -92 -2 -121 -16 YLVDVDQTAVYT EEEETTT--HHH 5.32 3.64 -0.01 0.57 0.38 0
8744 4wks_A_143 1.9 I AD -55 -40 -134 18 READGKTTSCLG HH--SSS-S-TT 4.93 3.72 -0.13 0.26 -0.31 0
55616 2eab_A_409 2.6 IV PA -112 -114 -82 -12 GDNAHGNTPWGS -SSTTSSSGGGG 6.83 3.35 0.17 0.32 0.26 0
42050 2bry_A_288 2.3 IV PA -126 -142 -66 -28 IVYYKDETHYFV EEEEESSEEEEE 6.55 3.30 0.30 0.39 0.06 0
30559 4hl2_A_187 2.4 IV PA -157 -99 -59 -40 FYPGPGHTSDNI E---SSSSTT-- 5.69 3.60 0.28 0.30 0.14 0
50227 5htx_A_256 2.5 IV PA -107 -153 -59 -34 AVTSLGSTLAIK EEEEESSSEEEE 6.72 3.15 0.25 0.43 0.04 0
80362 5ew0_A_184 2.6 IV PA -160 -109 -63 -37 MYLGEAHTKDGI E----SSSSS-- 6.07 3.55 0.27 0.23 0.12 0
77123 2okx_A_561 2.7 IV PA -110 -133 -73 -15 TRLCMEDTFVDC HHHTBSSSB-S- 5.93 3.41 0.29 0.45 0.17 0
2126 2i71_A_350 0.6 I DD -86 -5 -126 10 GGLPYAGTYVYK TT--TTT-EEEE 5.83 3.46 -0.09 0.58 -0.37 0
36675 3ikw_A_260 0.8 I AD -78 -16 -116 -21 CNANPGKTPVMK ----TTTS-TT- 5.31 3.63 -0.10 0.44 0.30 0
92974 5b5z_A_36 0.9 I AD -69 -25 -122 11 FGYHKYNTLLAT TT--TTTEEEEE 5.56 3.53 -0.05 0.48 -0.76 1
73256 2olm_A_68 1.0 I AD -88 -21 -113 -13 RVKSISMTTFTQ -EEETTT----H 6.21 3.42 -0.02 0.48 0.06 0
69392 4xr9_A_327 1.1 I AD -78 -35 -108 2 LGRDRNDTTIAV TT--TTT-EEEE 5.59 3.61 0.01 0.48 -0.14 0
63195 4uyp_A_116 1.3 I AD -74 -21 -123 16 ITTNSAYTSFYY EEE-TTT-EEEE 5.07 3.64 -0.06 0.52 -0.38 0
15127 1d5t_A_163 1.3 IV DN -89 -8 -141 -34 EGVDPQNTSMRD TT--TTTSBHHH 6.01 3.61 -0.13 0.27 0.36 0
33598 1kxg_A_274 1.3 I DN -87 -4 -129 -17 ISLDGDVTFFGA EE--TTTSEEEE 5.53 3.64 -0.10 0.43 0.31 0
98726 4ak2_A_485 1.4 IV AN -74 -22 -150 -9 LKHNPNNTKATI EEE-TTT-EEEE 5.83 3.68 -0.13 0.22 0.31 0
60348 5b66_U_27 1.4 IV DN -95 -13 -135 -36 EKIDLNNTNIAA TSEETTTS-GGG 6.31 3.60 -0.11 0.26 0.34 0
12457 5kds_A_647 1.4 I AD -82 -6 -124 1 IKAEPKTTPNIF HHHSTTTS---E 5.57 3.57 -0.10 0.48 -0.51 1
16260 4z0g_A_77 1.5 IV DN -116 12 -125 -57 SSPMDTVTEADM E---TTT-SHHH 6.25 3.56 -0.14 0.39 0.29 0
56578 4exk_A_375 1.0 I AD -71 -23 -119 -7 NTPSPDLTVMSI ----TTT-EEEE 5.46 3.63 -0.08 0.47 0.08 0
35680 4wbd_A_166 1.0 I AD -75 -17 -117 14 KKSSAASTSLDQ S---TTT-B--H 5.19 3.56 -0.09 0.60 -0.47 0
22590 4jrf_A_318 1.2 I DD -88 -6 -129 8 DAQTQAQTTSAV GG-BTTTS-EEE 5.45 3.64 -0.09 0.52 -0.10 0
35911 3fwk_A_226 1.2 I AA -78 -29 -104 -26 SLGNVEETLPNP S---TTTB---G 5.70 3.56 -0.06 0.39 0.23 0
22767 1f0l_A_445 1.5 I AD -91 -36 -95 -12 LDVNKSKTHISV EEE-TTT-EEEE 5.45 3.53 0.03 0.62 0.47 0
103725 1xk7_A_132 1.2 I AA -68 -41 -106 -33 QYGTEEYTNLPA SSS-TTTTTS-- 5.91 3.59 -0.05 0.33 0.29 0
75090 4n4j_A_431 1.6 IV AN -71 -40 -100 -62 LEMICYLTGNVY HHHHHTTHHHHH 6.05 3.54 -0.08 0.39 0.33 0
83261 5anp_A_146 1.7 IV NN -103 -45 -91 -55 RIIELDITPFFK HHHHHTTHHHHH 6.41 3.48 -0.00 0.40 0.26 0
92886 3be6_A_47 1.9 IV AN -81 -29 -125 -51 SLHDLDITIPLI ES-TTTTHHHHH 6.06 3.62 -0.10 0.30 0.35 0
106481 3w5n_A_851 1.9 I AA -87 -37 -74 -38 LSTGFLGTPRLL ----TTTHHHHH 5.77 3.54 0.03 0.58 0.29 0
108675 1uh4_A_418 2.1 IV DN -99 -3 -140 -70 ATNFDGFTQPVS EB-TTTTHHHHH 6.42 3.59 -0.13 0.27 0.20 0
77349 5c17_A_161 2.2 IV DP -107 15 -126 -100 EAPWAGGTCKQI TS-TTTTGGGG- 6.85 3.42 -0.13 0.38 0.16 0
36799 1m0w_A_98 2.2 IV AN -76 -19 -136 -73 ALSDSEFTGKLW HHHTTTTHHHHH 6.07 3.61 -0.17 0.32 0.21 0
1444 1of8_A_179 2.3 I AD -79 -10 -125 -2 GAIGARTTESQL EEE-TTTTT-HH 5.49 3.66 -0.10 0.52 -0.04 0
60575 1jzt_A_210 0.5 I AA -76 -21 -106 -28 SHIRENQTTHYV GGS-TTT-EEEE 5.14 3.68 -0.10 0.49 0.43 0
59542 3f4a_A_136 0.9 I AD -75 -19 -124 -13 YGDDESVTAGYL HTT-TTTEES-- 4.87 3.78 -0.12 0.38 0.53 0
35563 3caw_A_229 1.0 I AN -73 -23 -129 -27 IVIKPAKTDVDK EEE-TTTS-HHH 5.30 3.72 -0.15 0.28 0.48 0
36571 3k7p_A_112 1.0 I AN -86 -12 -108 -36 VCVGERTTGVEV EEEETTTS-HHH 5.60 3.64 -0.10 0.48 0.32 0
99575 4lfl_A_106 1.0 IV DN -91 -6 -109 -47 IAIGTGITGYDR EEEETTTB-HHH 5.45 3.63 -0.13 0.50 0.44 0
151 3io3_A_229 1.0 I AD -81 -18 -114 -27 QFTNPELTTFIC HHT-TTTEEEEE 5.30 3.68 -0.13 0.44 0.42 0
60648 1jyh_A_55 1.2 IV DN -95 -4 -124 -43 YYDNPDETPAEK E-S-TTTS-GGG 5.50 3.69 -0.14 0.39 0.43 0
91298 1pby_C_50 2.9 IV AN -65 -34 -143 -63 QVADTLNTYPNW TS--TTTT-TTT 6.13 3.56 -0.19 0.42 0.20 0
102753 3h8g_A_386 1.6 I DA -91 -9 -100 -24 IVALGSHTTGLM HHHHTTTSEEEE 6.69 3.14 -0.02 0.59 -0.24 0
46732 5hus_A_66 1.7 I AD -77 -25 -101 13 DLVESQDTFVYL HHHHSTTEEEEE 5.69 3.43 0.05 0.64 -0.97 1
60748 3dnj_A_48 0.8 IV DN -96 8 -116 -41 LILNDDYTPMEF EEE--SSSBHHH 6.45 3.35 -0.07 0.53 0.10 0
38882 2y7e_A_12 1.2 IV DN -103 -22 -110 -32 AAITGAETTRAD EE-S-SS--TTT 6.53 3.39 -0.02 0.46 0.27 0
70063 3cm3_A_1082 1.4 I DD -90 7 -109 -25 PLVDDTTTDISK ----SSS---GG 6.09 3.42 -0.08 0.64 -0.30 0
32660 1l3k_A_113 2.0 I DD -102 -2 -102 3 VGGIKEDTEEHH EE--TTT--HHH 6.35 3.20 0.04 0.72 -0.31 0
103759 3w0k_A_262 2.0 IV DD -94 19 -103 -15 EFGCFNKTSNDV EE---TTS-HHH 6.63 3.10 0.05 0.78 -0.55 1
44946 5j4m_A_260 2.0 IV DD -114 19 -113 -23 NGFADNTTTYTA EEES-SSSEEEE 6.59 3.22 -0.03 0.75 0.02 0
14960 3o83_A_392 2.0 I AD -71 -13 -131 16 LATRGPYTFCGY EEEE-TTS-S-- 5.26 3.72 -0.06 0.48 -0.83 1
60492 4nog_A_111 1.3 IV DN -97 16 -123 -46 RAFGNDVTGPAC TTSEESSHHHHH 6.46 3.45 -0.09 0.46 0.10 0
29952 3fg9_A_60 1.8 I AA -82 -27 -95 -39 INIFDSLTPSKI TT---SSHHHHH 6.08 3.44 -0.03 0.52 0.27 0
57613 3vor_A_145 2.1 IV DN -87 -1 -126 -34 LAATDNTTILRS T----SSSEEE- 6.22 3.52 -0.10 0.36 0.14 0
11755 5dql_A_416 2.1 IV NA -101 -44 -74 -38 NSSTTALTGSTE T-S--SSTT-HH 6.86 3.19 0.10 0.58 0.22 0
103308 1z6m_A_12 2.5 IV DN -103 22 -101 -53 ATKVNTETGLHI GGG--SSSSEEE 6.91 3.05 -0.07 0.70 -0.00 0
23642 5mpw_A_135 2.6 IV DN -121 9 -125 -76 MYACSTTTYQGF EEEEESSS-SEE 6.38 3.44 -0.12 0.41 0.16 0
14835 3r3c_A_119 1.3 I AD -71 -25 -114 -15 RIHAGSTTWFWD EEEE-SSEEEEE 4.97 3.67 -0.13 0.38 0.32 0
49290 3rx9_A_133 1.5 IV AD -67 -31 -137 16 RDELEPDTPRLI GGG--SSS-EEE 5.45 3.65 -0.05 0.31 -0.15 0
16900 4kh9_A_205 1.5 I AN -72 0 -112 -32 ISLHNDITEYDV EEEE-SS----- 5.40 3.67 -0.09 0.55 -0.05 0
35368 2ij2_A_435 2.7 IV PA -132 -128 -66 -23 LDIKETLTLKPE --EEESSSEEET 5.74 3.60 0.28 0.49 0.19 0
93669 2oit_A_179 2.7 IV PA -119 -108 -86 -23 AVLQVTETVKVC EEEEESSSEEEE 5.75 3.54 0.24 0.41 0.18 0
44265 4lix_A_506 2.7 IV PA -120 -145 -59 -29 NDVWIGKTLYRM G-EEESSSEE-- 6.17 3.42 0.28 0.49 0.04 0
54029 3wva_A_8 1.9 IV NA -120 -76 -71 -22 VATAECFTHANI EEEEESTTTTHH 5.79 3.45 0.15 0.41 0.41 0
40463 2wag_A_167 1.5 IV DD -94 -2 -122 -12 IWIRSVLTKPSL EEEE-SSS---- 5.85 3.58 -0.02 0.48 0.09 0
10011 2xzi_A_78 1.9 I AD -62 -50 -114 -27 FAEGRRHTNQDF EEEEESSSS-SS 6.28 3.45 -0.02 0.29 0.24 0
8606 4a37_A_216 2.0 IV NN -104 -53 -112 -31 AFHGNLRTNAAG HHTT-SS--TTS 6.51 3.52 -0.06 0.29 0.29 0
30790 4hfv_A_91 2.1 IV DN -103 -16 -154 1 IAATYKYTSPDN HHHT-SSS-GGG 6.17 3.67 -0.07 0.19 0.36 0
55957 4q7q_A_246 2.7 IV PA -134 -101 -79 -23 PPAAVNLTYDGL -GGGBSSBSSSS 5.83 3.65 0.24 0.33 0.19 0
74723 3eh1_A_723 3.1 IV PA -143 -112 -81 -16 GFMTFDSTIHFY EEEEESSSEEEE 5.62 3.60 0.27 0.36 0.21 0
92383 3h2z_A_51 3.1 IV NA -178 -95 -58 -50 QVHVVGETEQVD EEEEESSSEEEE 5.70 3.73 0.25 0.33 0.12 0
2337 1bhe_A_46 3.4 IV PA -131 -119 -74 -25 VRLSAGSTSVFL EEEE-SSSSEEE 5.90 3.58 0.26 0.39 0.13 0
112885 4ijn_A_209 3.8 IV PA -122 -135 -61 -33 VDTSMGLTPMEG EEES--SSTTSS 6.43 3.41 0.31 0.34 0.12 0
15797 5gkv_A_158 0.8 IV AN -68 -34 -113 -46 ASGYHPVTYGYL -----TTHHHHH 5.56 3.75 -0.07 0.30 0.44 0
74778 5go5_A_129 1.5 IV AD -91 -38 -128 3 AVAGHRRTYGDP EEEE-SSSTT-T 5.76 3.61 -0.05 0.36 0.37 0
112000 2pet_A_124 1.9 IV DA -100 1 -92 -38 EVSPNKGTLSVM EEEE--SS--TT 6.76 3.10 -0.08 0.65 -0.02 0
39579 3cl6_A_212 2.0 IV DN -114 7 -110 -47 VIPYTLDTNDMR E----SSSBGGG 6.18 3.38 -0.09 0.65 0.27 0
84165 5m5z_A_93 2.1 IV DD -116 -5 -98 3 GCSSQTTTPALV T----SS--EEE 6.59 3.07 0.04 0.81 0.02 0
95379 2gke_A_17 2.2 IV DN -101 15 -89 -49 FVVVDGVTQNVF EEEEE-SSS--- 6.26 3.18 -0.03 0.84 0.03 0
83803 5ljm_A_112 2.3 IV NA -124 -28 -81 -19 FRSIKTYTGPFV HHB---SSSHHH 6.64 3.12 0.10 0.74 0.29 0
88105 2epl_X_123 2.3 I AD -73 -59 -129 12 FELYMEDTYEIE EEEE-SS-B--T 5.07 3.74 -0.06 0.36 0.52 0
51205 1qw9_A_128 2.4 IV DN -119 28 -96 -76 NMAVNLGTRGID EEEE--SS--HH 6.77 3.16 -0.06 0.76 0.16 0
13535 3jq1_A_370 2.7 I AD -71 -19 -117 -12 LKYQNWKTQKDE -TTS-TTT-SS- 5.36 3.71 -0.07 0.43 0.07 0
57958 2y8d_A_2484 2.8 IV AD -66 -48 -145 8 YREAEGDTETNE HHHH-SS----S 6.28 3.51 -0.07 0.33 0.26 0
78745 2wdc_A_143 2.8 I NA -101 -46 -73 -16 LDGGDTWTNSGL EE-S--SSSSHH 6.62 3.16 0.06 0.63 0.14 0
51514 2xw6_A_81 0.9 I AN -79 -9 -119 -32 IFFRDPLTAQPH EEE--TTT--TT 6.01 3.55 -0.10 0.40 0.14 0
28280 5uj6_A_142 1.4 IV DN -112 3 -100 -49 TPFLSFDTPNTL GGG--SSS-EEE 5.89 3.49 -0.04 0.67 0.35 0
40561 4pdx_A_656 1.5 IV ND -113 -45 -95 -5 DLWVNIVTPNLE -S---SSS---- 5.67 3.51 0.09 0.57 0.48 0
109256 1ds1_A_136 1.7 IV NA -148 -69 -75 -17 LSSETSETLLEF TSTT--SS-EEE 6.27 3.37 0.16 0.56 0.36 0
82039 3ktc_A_91 1.9 IV NA -104 -82 -65 -29 KWSRGAFTNPDP GGTT-STT-SSH 4.95 3.71 0.20 0.35 0.52 0
67391 5v01_A_34 2.0 IV NA -127 -89 -58 -32 LTTAESCTGGNL EEEEESTTTTHH 5.89 3.53 0.16 0.36 0.33 0
66659 2gt1_A_279 2.0 IV PA -128 -98 -62 -25 NITVYGPTDPGL EEEEESSS-HHH 6.14 3.53 0.16 0.28 0.33 0
25592 5nhm_A_154 2.3 IV NA -102 -96 -65 -23 RYMNGASTNPDF GGTT-STT-SSH 4.94 3.75 0.24 0.28 0.39 0
68809 3rc1_A_257 2.3 I AA -77 -31 -98 -25 LWMNRVFTPPAT EEEES-S---TT 5.82 3.44 0.01 0.46 0.17 0
19880 5k62_A_64 2.5 I AD -62 -35 -103 -10 LFPEFALTGYSF E--TTTTT-S-- 5.57 3.61 -0.01 0.37 -0.80 1
102199 4r1d_B_121 1.3 IV ND -135 -14 -117 -13 SSEVASKTYLLD SSTT-SSEEEEE 6.25 3.47 0.01 0.48 0.36 0
83334 4xfj_A_202 1.4 IV NA -145 -46 -69 -23 TKDVYSYTEDPT -GGG-SSS--TT 6.40 3.31 0.12 0.65 0.38 0
67445 3bb0_A_232 1.5 IV ND -94 -61 -136 1 KTTKRFATQSEH HHS--SS--S-- 6.51 3.48 0.03 0.31 0.33 0
58005 1n62_A_137 1.7 I AA -89 -25 -92 -40 GGNLCRCTGYQN TT---SSSTTHH 6.37 3.24 -0.06 0.50 0.18 0
47201 3bwh_A_172 2.1 I AD -71 -43 -114 5 QIANNVGTKFKP HHHT-SS--B-- 4.90 3.76 -0.04 0.37 0.31 0
21563 5xb7_A_45 3.0 I AD -73 -24 -106 9 VIRIGESTWSTC EEEESTT-HHHH 6.15 3.41 0.04 0.53 -0.93 1
40283 1l6r_A_94 1.3 I AD -80 -22 -131 13 LEEMSKRTSMRS HHHHTTTSS-B- 5.31 3.69 -0.09 0.40 0.08 0
10356 4q7o_A_44 1.3 IV DN -107 7 -112 -90 CFKNITTTGHFG HHHHTTTTSEEE 6.43 3.54 -0.13 0.44 0.19 0
100605 4ead_A_171 1.4 I AD -77 -4 -119 2 FYATRDITATVD HHHHHTTTT-S- 5.25 3.69 -0.06 0.55 -1.28 1
81345 5mqn_A_440 1.5 IV ND -106 -52 -83 2 FAQAFVKTNPDV TGGGGTSS-HHH 6.17 3.45 0.08 0.61 0.22 0
109453 3ppl_A_258 1.5 IV DN -109 28 -120 -49 FTSTSKITLAGA EEESTTTS-TTS 5.88 3.54 -0.09 0.64 0.30 0
57212 4bza_A_248 1.7 I AA -73 -30 -85 -30 QFDKARETKVLP -GGGTTTT-EEE 5.19 3.58 -0.00 0.51 -0.08 0
94658 2vpa_A_146 2.1 IV NA -117 -67 -64 -40 GLKVGETTRPIS T--BTTTB---- 5.08 3.71 0.21 0.46 0.41 0
104833 2omz_B_42 2.5 IV NA -123 -93 -84 -24 ITGQGADTPPVG EEEBTTTBSSTT 6.51 3.63 0.16 0.28 0.22 0
100436 4m2m_A_252 1.4 IV DN -117 16 -134 -56 FPLRDRTTLFLS HHHHHTTT---- 6.49 3.54 -0.10 0.36 0.28 0
69190 2wnf_A_223 1.7 IV DP -101 -2 -137 -101 WVISATTTGRIS HHHHHTTT---- 6.68 3.50 -0.18 0.31 0.12 0
96864 2qcu_A_468 1.8 IV NA -114 -57 -59 -41 DDALWRRTKQGM HHHHHTT--GGG 5.48 3.58 0.20 0.59 0.43 0
13564 3e8m_A_13 2.1 IV NA -117 -66 -75 -10 TDIDGVWTDGGM E-STTTTSSSEE 4.94 3.73 0.22 0.47 0.62 0
9578 4d6g_A_771 2.2 IV ND -108 -68 -134 9 KFFVNVNTDREQ GGGBTTTBSSSS 5.70 3.72 -0.05 0.40 0.36 0
40676 4rk6_A_228 1.3 IV DN -98 3 -110 -54 TGYTSVTTGYDI HHHHHTTTTS-T 6.06 3.54 -0.05 0.54 0.32 0
25785 5jgf_A_222 1.7 IV DN -101 -21 -112 -32 PFDKEDQTIPVI ---TTTT---EE 6.48 3.48 -0.01 0.41 0.29 0
3571 5xh6_A_607 1.7 IV DN -97 8 -148 -85 KMIPKCSTQLKA HHHHHTTTT-HH 6.86 3.48 -0.14 0.26 0.18 0
30485 4gy7_A_678 1.8 I AD -67 -25 -122 11 RRYIAKYTINPA HHHHHTTTHHHH 5.06 3.70 -0.07 0.45 -0.50 0
29449 4z67_A_117 1.8 IV DD -89 12 -126 7 MVHQDLTTGFPL HHHHHTTTTS-H 5.35 3.65 -0.05 0.62 -1.19 1
25546 4rp9_A_14 1.9 IV NA -110 -51 -58 -41 VFFNQVMTNAPL THHHHTTT-HHH 6.98 2.97 0.12 0.64 0.22 0
86968 3bux_B_261 2.0 IV NA -135 -51 -60 -39 NWNSLAVTHPGY HHHHHTTS-TTB 6.84 3.17 0.13 0.63 0.29 0
57528 3m6n_A_241 1.6 IV DN -101 5 -131 -84 QQVREMTTAVPL HHHHHTTT---H 6.79 3.45 -0.15 0.33 0.20 0
80194 3gwn_A_90 1.6 I DD -85 4 -119 -8 SYKKFITTGKTA HHHHHTTSGGG- 5.68 3.51 -0.03 0.61 -0.40 0
15291 1c0p_A_1109 1.8 IV DN -95 -5 -98 -55 GHWYKDITPNYR GGTTTTTSTT-E 5.87 3.45 -0.06 0.65 0.32 0
21023 1m22_A_78 1.8 IV AA -92 -43 -91 -31 RIAALDRTGPRL HHHHHTTSTT-- 5.45 3.66 0.06 0.45 0.48 0
67259 1v5v_A_264 1.9 IV NA -109 -69 -83 -43 YTLYGNETKELQ ---BTTTB---- 5.73 3.67 0.11 0.34 0.27 0
21839 4uf0_A_1075 2.0 IV ND -107 -62 -101 24 HTILGMNTVQLY S--TTTSS-EEE 4.83 3.83 0.14 0.41 0.66 0
89917 4nv0_A_58 2.1 IV NA -109 -57 -81 -41 SDFDYTITKQRT E--TTTTB-SS- 4.66 3.78 0.14 0.44 0.31 0
63915 1uwk_A_454 2.2 IV PA -148 -107 -65 -26 VSSPNAETEAMR EE-TTTTTTT-T 6.97 3.28 0.18 0.27 0.21 0
88411 1f0x_A_83 2.5 IV DD -84 13 -121 6 TGLTEGSTPNGN --SSSTTS--BS 5.99 3.33 0.00 0.70 -1.07 1
27345 3rft_A_238 0.9 IV DD -95 11 -135 -8 RRHITETTPPPD HHHHHTTS---- 5.91 3.59 -0.06 0.45 -0.05 0
107119 4hno_A_133 1.2 I AD -76 -1 -125 16 LNEVLNNTEGVV HHHHHTT--S-E 5.26 3.58 -0.07 0.66 -1.31 1
86521 5eck_A_180 1.2 I AD -85 -21 -116 11 KAGMKSITSPSC HHHHTTTS--BS 6.33 3.26 0.02 0.63 -0.23 0
48408 2i7g_A_68 1.3 I DD -87 -2 -113 8 LAAAAVKTKNIR HHHHHTT-SS-E 5.58 3.51 -0.01 0.72 -0.80 1
68403 2qm8_A_166 1.7 I DD -82 0 -101 -10 ETAVADLTDFFL HHHHHTTSSEEE 5.53 3.52 -0.04 0.71 -1.08 1
24935 2y2m_A_451 2.2 IV NN -122 -23 -105 -41 QNNHAFDTKRSP ---TTTT--B-- 6.97 3.30 0.00 0.43 0.26 0
63592 3vnr_A_231 2.6 I AN -82 -12 -102 -42 LPHWAARTPEQY --GGGSS-HHHH 6.83 3.18 -0.07 0.52 -0.06 0
28014 2hqs_A_363 0.4 I AA -78 -9 -90 -40 IAKQDLATGGVQ EEEEETTT--EE 5.63 3.54 -0.04 0.62 -0.09 0
91214 5tpk_A_847 0.4 IV AN -71 -21 -98 -47 LFALHPFTGELS TEEE-TTT-EEE 5.65 3.68 -0.06 0.43 0.31 0
96879 2qcu_A_188 0.5 IV AN -73 -16 -96 -56 VEAEDIDTGKKY EEEEETTT--EE 5.59 3.56 -0.13 0.46 0.36 0
111556 4mxt_A_162 0.5 I AN -77 -27 -101 -40 YLFVTKDTYRLH EEEE-TTT--EE 5.87 3.56 0.00 0.42 0.25 0
6190 1ueb_A_84 0.5 IV DN -77 1 -112 -48 MVFMDLETYEQF EEEEETTT--EE 5.62 3.62 -0.09 0.51 0.30 0
29847 5h06_A_461 0.5 I AA -78 -13 -103 -34 GQLVDLLTGKVH S-EEETTT--EE 5.55 3.60 -0.07 0.55 0.24 0
86572 4lim_A_332 0.5 I AA -77 -21 -93 -42 PFCIHPATGNVC TT-B-TTT-BB- 5.70 3.59 -0.06 0.46 0.24 0
103076 2y53_A_25 0.5 IV AN -75 -1 -101 -47 ITLTDPVTGVAL EEEE-TTT--EE 5.55 3.58 -0.10 0.55 0.23 0
65858 4cvb_A_129 0.6 I AA -74 -12 -95 -41 IQAIDGKTGSLI EEEEETTT--EE 5.53 3.58 -0.07 0.58 -0.11 0
85318 3scy_A_58 0.6 I DD -79 5 -109 -23 TFRFNEETGESL EEEEETTT--EE 5.55 3.53 -0.05 0.70 -0.38 0
45133 5ipy_A_419 0.7 I DN -87 -5 -95 -43 NSYKSVITGTMA ---B-TTT--B- 5.56 3.46 -0.09 0.70 0.28 0
53649 5ggn_A_137 0.7 I AA -80 -8 -101 -35 VIVLNQATGHVM EEEE-TTT--EE 5.65 3.59 -0.05 0.57 -0.01 0
89151 4b2n_A_263 0.7 I DA -81 -2 -106 -30 PALFDMETLTLA HHHB-TTT--B- 5.57 3.58 -0.07 0.56 -0.11 0
91497 4acf_A_97 0.7 IV AN -78 -9 -96 -59 FFVHDPFTLEPY EEEE-TTT--B- 5.72 3.56 -0.09 0.56 0.31 0
5862 3bws_A_220 0.7 IV AN -76 -26 -91 -49 VHVFDLKTLAYK EEEEETTT--EE 5.52 3.60 -0.04 0.51 0.40 0
107373 3tow_A_133 0.8 I AA -81 -23 -90 -45 PIQETVDTQEVA E--B-TTT--B- 5.58 3.54 -0.09 0.59 0.31 0
63355 4hkh_A_44 0.9 IV DN -73 23 -149 -32 YIPTDNNTGKLT E--B-TTT--B- 5.72 3.65 -0.09 0.35 -0.03 0
65072 1s1d_A_111 0.9 IV DN -82 4 -100 -56 LYSVDDRTGVVY EEEEETTT-EEE 5.86 3.47 -0.09 0.66 0.25 0
12502 4xq7_A_142 1.0 IV AN -80 -27 -87 -62 FTIQTRGTAEPI EEEE-TTT--EE 5.99 3.49 -0.02 0.48 0.34 0
68218 4mv4_A_343 1.0 I AN -72 -11 -113 -44 INAEDPKTFLPS EESB-TTT--B- 5.53 3.78 -0.11 0.42 0.38 0
10513 2p1m_B_413 1.1 I AA -79 -13 -95 -40 PKAPDYLTLEPL TT---TTT---T 5.65 3.57 -0.04 0.57 0.14 0
103873 4a02_A_178 1.2 I AD -78 -20 -128 14 AVWGIGDTVNAF EEEEESSSSEEE 5.66 3.57 -0.03 0.53 -0.07 0
6193 1ueb_A_43 1.4 I AN -88 -11 -119 -39 AKFKNLETGATV EEEEESSSS-EE 5.45 3.68 -0.12 0.40 0.45 0
27478 3cbn_A_40 1.7 I AD -86 -12 -129 1 VTAGHRTTFEVT -----SSEEEEE 6.04 3.58 -0.05 0.42 -0.00 0
52476 5c55_A_197 1.5 I AD -97 -18 -115 -4 ILTGSETTVDFA EEE--SS-HHHH 5.71 3.49 -0.08 0.52 0.27 0
49522 3rpd_A_78 1.6 IV AN -68 -16 -114 -57 QTRQHFVTTFIE TT-S-TTHHHHH 5.60 3.69 -0.13 0.34 0.45 0
10432 2z81_A_158 1.8 I AD -78 -45 -102 -19 LRIGNVETFSEI EEEEESSS--EE 6.46 3.49 -0.04 0.39 0.20 0
60944 1l7a_A_269 1.1 IV DN -100 2 -94 -52 IGLIDKVTPPST EETT-SSS-HHH 5.96 3.39 -0.02 0.72 0.26 0
79604 3e0x_A_196 1.1 IV AN -100 -24 -99 -71 VAKDELLTLVEY EETT-SSS-HHH 5.97 3.48 -0.11 0.51 0.19 0
59123 2yim_A_334 1.4 IV AN -73 -35 -102 -48 PAPRFSRTASSQ -SSEESSS---- 5.76 3.65 -0.05 0.38 0.38 0
86062 3qho_A_383 1.8 I AD -67 -27 -103 -15 WNPDSGDTGGIL SSS--TTT--SB 5.52 3.63 -0.02 0.43 -0.41 0
103648 2qf4_A_246 2.3 I AN -59 -41 -127 -22 THSTDYLTREVT ESTT-SS--EEE 5.46 3.65 -0.15 0.27 0.42 0
85393 5a8c_A_248 2.3 I AD -81 -23 -132 -1 MMSDKPTTGFQY EEESSSSS--EE 5.80 3.62 -0.03 0.34 0.05 0
93328 4c1o_A_189 1.3 I DD -86 -4 -108 -7 FEGNDPYTSMRR E----TT--EEE 6.20 3.33 -0.01 0.58 -0.64 1
82192 4xpq_A_105 1.6 IV DD -112 -11 -134 -2 GFGLNFQTVHQR ESS--SS-S--T 6.15 3.55 -0.00 0.40 0.24 0
27228 1ogo_X_24 1.7 IV DN -110 5 -129 -33 SGEINTQTPVQP TEE--SSS---T 6.59 3.45 -0.08 0.41 0.21 0
22338 3edy_A_543 1.8 IV GN -88 32 -120 -34 GPGWDPVTGWGT -SS-BTTTBT-E 5.96 3.43 -0.08 0.64 -0.60 1
59522 4czg_A_164 0.7 I ND -76 -63 -95 -15 VVDIGGGTTEVA EEEE-SS-EEEE 5.47 3.60 0.05 0.36 0.47 0
71959 5oho_A_554 0.7 I AD -65 -40 -113 -10 IVRLERETFQVL EEEE-SSEEEEE 5.04 3.78 -0.07 0.27 0.30 0
79832 1gut_A_19 0.8 IV AN -91 -35 -113 -34 GLKKGVVTAEVV EEEE-SSEEEEE 5.23 3.74 -0.03 0.33 0.50 0
20408 4xe7_A_238 0.9 I AD -74 -40 -116 -14 INDLGAGTSDNA EEEE-SS-EEEE 5.24 3.73 -0.04 0.30 0.48 0
4200 5ljw_A_163 0.9 IV NA -91 -58 -84 -31 IVDIGAGTTDIC EEEE-SS-EEEE 5.54 3.66 0.06 0.41 0.46 0
37032 4mjd_A_68 0.9 IV AD -55 -51 -136 -1 TIYTGASTVAVE EEEE-SSEEEEE 5.12 3.74 -0.13 0.34 0.51 0
55322 4xy5_A_95 1.0 I AD -78 -50 -99 -19 CVHQGRTTCVMD EEEE-SSEEEEE 5.19 3.72 0.01 0.33 0.54 0
46725 5hus_A_145 1.1 IV AD -85 -29 -140 10 FCEALDATVRFH EEEE-SS-EEEE 5.34 3.75 -0.04 0.26 0.40 0
9675 5ktc_A_8 1.1 I AD -63 -47 -119 -3 FNLKANTTYLRL ---B-SSEEEEE 5.39 3.66 -0.01 0.27 0.28 0
49128 3i33_A_204 1.2 I AN -85 -30 -126 -25 IFDLGGGTFDVS EEEE-SS-EEEE 5.56 3.70 -0.09 0.27 0.47 0
101374 1ewf_A_216 1.2 I AD -65 -32 -126 -3 PPATTAETLDVQ --EE-SSEEEEE 5.21 3.73 -0.13 0.30 0.32 0
24984 1eaz_A_216 1.3 I AD -68 -16 -122 -16 YFQLDENTIGYF EEEE-SSEEEEE 5.52 3.59 -0.11 0.36 -0.13 0
66891 4k6n_A_298 1.5 I AD -60 -33 -134 16 LLMEGSITNVAV BEEEESSSEEEE 4.92 3.80 -0.11 0.28 -0.20 0
64657 2ov9_A_89 1.7 IV DN -80 16 -112 -44 VTRHDPVTGPEN --SSSTTT-TT- 5.88 3.51 -0.11 0.62 -0.05 0
50712 1bkr_A_26 1.9 IV ZN -113 33 -135 -92 VNIHNFTTSWRD ---SSSSGGGTT 6.87 3.39 -0.14 0.40 0.17 0
31784 3qy7_A_197 2.4 I AA -89 -18 -108 -31 SDAHNVKTRNFH --B-SSSSS--- 6.58 3.23 -0.07 0.47 0.21 0
85720 5tle_A_154 3.0 I AD -58 -43 -120 16 VLKIGEHTPSAL EE--SSS-S-HH 4.88 3.75 -0.08 0.31 -0.64 1
38261 4g78_A_32 1.1 IV DN -91 5 -137 -12 LQKLQDDTSPDF HHS--SS--THH 5.65 3.71 -0.07 0.38 0.26 0
93332 4c1o_A_123 1.1 I AD -74 -27 -131 0 QREFHVSTDTWK EEEE-SSEEEEE 5.33 3.68 -0.07 0.37 0.34 0
10120 4n03_A_48 1.5 I AD -65 -18 -127 -5 GPGVTDKTIKLG -TTB-SSEEEEE 5.19 3.70 -0.15 0.34 -0.33 0
3616 5ay6_A_272 1.7 I AN -73 -19 -121 -24 PVTGSMTTTRIN S----SSEEESS 5.34 3.63 -0.15 0.40 0.37 0
28281 5uj6_A_128 2.1 IV DD -91 3 -132 3 GEHAGGYTACSF EEEE-SSS-EEE 6.35 3.37 -0.01 0.53 -0.32 0
93326 4c1o_A_210 3.0 IV DA -97 2 -104 -26 GVGQGRITAIVS EEEETTTEEEEE 6.97 2.92 -0.06 0.71 -0.04 0
10980 3ckc_A_504 2.1 I AD -67 -45 -109 -25 VRFGMFTTNKYL HHTT-SSSTT-- 5.38 3.73 -0.04 0.31 0.46 0
53135 2xn6_A_316 2.0 IV DN -89 -2 -104 -48 NADFSGLTEDNG T---TTTBTT-- 5.97 3.40 -0.08 0.65 0.27 0
1108 5dvi_A_380 2.1 I AA -91 -25 -96 -26 SMAHNMATTLAV -TTTTSSS-HHH 6.27 3.36 0.01 0.52 0.12 0
49304 5xev_A_338 2.1 IV NA -105 -70 -72 -40 ANLDDYETRDTR --B-SSSS---- 5.45 3.69 0.18 0.39 0.36 0
48131 5hwh_A_16 1.8 I DN -89 -3 -105 -42 IDLQAGVTPGCF E--BTTTSTT-T 6.08 3.43 -0.08 0.55 0.18 0
100437 4m2m_A_223 2.2 I AN -79 -29 -109 -36 SYGTLSKTFGLP EEEESSSSSS-G 6.54 3.39 -0.04 0.42 0.19 0
72387 4d9b_A_285 2.3 IV AN -91 -44 -119 -71 VLLDPVYTGKAM ----TTTHHHHH 6.93 3.42 -0.06 0.34 0.16 0
25359 4wks_C_612 2.3 I AD -84 -21 -119 8 DAQRPLDTPQGI -TTSTTT-SEEE 5.71 3.52 -0.04 0.52 -0.08 0
15718 3m0f_A_35 1.3 IV ND -111 -50 -89 -10 HSLSVFSTFEQF E---TTTTHHHH 6.07 3.53 0.10 0.50 0.38 0
7191 2vqp_A_178 1.3 IV AN -84 -9 -108 -61 LNTLENITTTEF GTT-TTTS-HHH 5.23 3.73 -0.10 0.46 0.46 0
74912 4ycb_A_58 1.4 I AA -95 -35 -92 -28 LIVSAHRTPDRL EE--TTT-HHHH 5.75 3.59 0.05 0.51 0.42 0
80520 5c5d_A_39 1.5 I AA -94 -35 -92 -28 RIGDAHKTAEHV EE--TTTSHHHH 5.95 3.56 0.01 0.49 0.35 0
59005 3rqt_A_143 1.6 IV AN -76 -12 -114 -53 AKSDVNQTPVGT -SS-TTTS---S 5.41 3.67 -0.16 0.41 0.44 0
47854 3v7b_A_89 0.7 IV DD -93 3 -127 2 WAAPIDTTEPAE HHS-TTTSEEE- 5.98 3.47 -0.01 0.52 -0.44 0
66540 2zou_A_119 0.8 I AN -83 -7 -113 -29 QIIDEEETQFMS EES-TTTEEEET 5.49 3.63 -0.08 0.50 0.22 0
109243 1ds1_A_274 1.0 IV DD -103 -1 -134 0 LIVDNFRTTHAR EEEETTTEEEEE 5.53 3.62 -0.09 0.41 0.17 0
45487 5hsx_A_260 1.0 IV AD -78 -8 -136 5 AFWDNRATAHLA EEEETTTEEEE- 5.17 3.67 -0.16 0.40 -0.03 0
98976 1w0n_A_116 1.0 IV DA -110 -8 -87 -29 ALTSDDGTWDAY EES-SSSS--EE 6.65 2.98 0.10 0.75 -0.26 0
60008 1qwo_A_312 1.7 IV ND -113 -96 -111 9 PVQDHTSTNSTL ----SSS--HHH 6.75 3.41 0.11 0.31 0.28 0
31758 1xlq_A_54 0.7 I DD -83 -4 -119 -10 VYVNEAFTDKVP EEE-TTTGGGS- 5.51 3.57 -0.10 0.55 -0.08 0
96565 5xbf_A_1963 0.8 I AD -78 -11 -110 -5 ELVPENLTRLMS GTS-TTTGGGS- 5.71 3.47 -0.08 0.59 -0.64 1
61651 4xba_A_79 1.0 I DD -88 -8 -112 -22 MTRDPHLTHVHP EE--TTTTTS-H 5.48 3.63 -0.09 0.48 0.24 0
3565 5xh6_A_688 1.2 I AD -67 -30 -117 -8 LSKYTKTTSIDL HHHBTTTTTS-- 5.68 3.57 -0.09 0.38 -0.21 0
42969 3db2_A_263 1.3 I AD -81 -12 -129 16 WWSNSDVTDEHS GTTSTTSGGGGE 5.08 3.70 -0.10 0.47 -0.19 0
84852 4la2_A_55 1.3 I AD -82 -37 -93 -10 QPGSPRTTGLVQ ----TTTHHHHH 5.51 3.58 0.02 0.53 0.16 0
110111 4mz7_A_589 1.6 IV DN -89 4 -111 -44 DVIAPLITPQKK HHH-TTTGGG-S 5.80 3.54 -0.12 0.57 0.22 0
81131 1q6z_A_377 1.6 IV DD -89 1 -124 9 LNESTSTTAQMW EEE-TTSHHHHH 5.97 3.35 -0.06 0.60 -0.43 0
34023 1ra0_A_64 1.7 I AD -81 -22 -105 -11 PHIHLDTTQTAG EEE-TTTTT-TT 5.03 3.66 -0.06 0.55 0.28 0
40617 4lxq_A_108 1.8 IV AN -86 -13 -99 -50 KGVFTSITPILN EES-TTTHHHHT 5.13 3.63 -0.16 0.54 0.51 0
93977 4n01_A_314 2.2 IV DD -120 5 -101 -4 EITPGVRTVDAL HHSSSS-HHHHH 6.85 3.00 0.01 0.72 -0.10 0
87162 5bxa_A_120 0.9 I AD -74 -12 -125 -3 VGSARFITTAPF ES--TTTB---T 5.48 3.60 -0.08 0.46 -0.53 1
7084 5hj9_A_145 1.1 I AA -86 -16 -94 -22 DINTMSGTVSGN ----TTT-SS-- 5.76 3.44 -0.04 0.68 0.03 0
110931 2wol_A_48 1.1 I AD -86 -12 -113 13 DSLDPARTYYVW S-SSTTS---HH 6.16 3.28 -0.01 0.70 -0.38 0
30661 1odm_A_177 1.1 IV AD -76 -18 -140 1 RHFKPDDTLASV GG--TTT---EE 5.91 3.58 -0.12 0.27 0.09 0
49501 4q82_A_194 1.2 I AD -71 -15 -123 -7 LRAHLDTTPIAA HHHHTTT---SE 5.39 3.65 -0.08 0.40 -0.23 0
93365 1uwc_A_181 1.3 I AD -74 -22 -112 -16 QVSSPETTQYFR TTT-TTT-SEEE 5.30 3.72 -0.10 0.43 0.11 0
32709 4jjj_A_183 1.4 I AD -79 -12 -119 11 ARESVWETIPHP TT--TTS---EE 6.13 3.34 -0.04 0.65 -0.50 0
2056 5jgk_A_40 1.4 I AD -79 -11 -120 -2 DYSGVANTSQKP HHHTTTT-S--S 5.31 3.64 -0.08 0.47 -0.43 0
31632 1rf6_A_260 1.6 IV DD -85 7 -129 -4 VGINETRTGIID EE--TTT-HHHH 5.32 3.60 -0.11 0.58 -0.44 0
74533 2dkj_A_351 2.3 IV AN -78 -10 -115 -63 DPKPPRVTSGIR -SS-TTT-SEEE 5.34 3.71 -0.18 0.37 0.43 0
72363 3ajd_A_54 1.4 IV DD -93 9 -106 2 SPFSIGSTPEYL -SS-TTSSHHHH 6.42 3.18 0.01 0.78 -0.52 0
79561 4zpc_A_203 2.6 IV DN -97 2 -87 -51 HLNPGVVTGSAV HH-TBTTTTB-T 5.92 3.39 0.02 0.76 0.24 0
89049 2w18_A_1097 1.1 I AD -79 -40 -101 -12 IVINPKTTLSVG EEEETTTTEEEE 4.82 3.75 0.03 0.45 0.60 0
110274 2zkm_X_28 1.2 I AD -70 -26 -109 -15 IKWDDETTVASP EEE-TTT--EEE 4.92 3.77 -0.05 0.46 0.21 0
92096 3b08_B_198 1.3 I AD -79 -54 -111 -8 GWQCPGCTFINK SEE-TTT--EE- 5.45 3.73 0.04 0.28 0.45 0
71271 3dra_B_372 1.6 I AD -82 -44 -97 -14 QEINPILTITKE --EETTTTEEHH 4.97 3.71 -0.03 0.39 0.55 0
60220 2vfo_A_642 1.7 I AD -71 -11 -131 5 PYWENNSTSLKA EEEETTTTEEEE 4.94 3.82 -0.12 0.36 -0.58 1
83631 4i1f_A_239 1.8 IV ND -111 -37 -100 -7 NITCITCTDVRS --B-TTT--B-S 5.77 3.61 0.07 0.42 0.40 0
87040 4bn4_A_281 1.9 I ND -90 -49 -113 -9 VPRCPVCTGVVK --B-TTT--BEE 6.03 3.47 0.03 0.33 0.33 0
33186 4opm_A_89 0.4 I DD -90 -4 -112 -21 NRVAHYLTTNYH HHHHTTTTTTSE 6.04 3.48 -0.04 0.60 -0.00 0
65495 4k70_A_406 0.6 I AD -92 -14 -112 4 EPLYGDVTAALG HHHHTTTTTTTT 5.71 3.55 -0.02 0.56 -0.26 0
24535 4i71_A_243 0.7 I AD -70 -6 -129 -4 GTMWAMSTHEEI HHHHHTTTTHHH 5.48 3.55 -0.14 0.51 -0.56 1
83572 3g0t_A_124 1.3 I DD -83 7 -115 8 SFLVANRTHKNR HHHHHTTS-TT- 5.49 3.48 -0.05 0.73 -1.37 1
93422 5uro_A_251 1.4 IV DD -100 3 -109 11 GPLNWYRTRELN HHHHTTS-HHHH 6.22 3.20 -0.01 0.78 -0.32 0
98413 3oti_A_151 1.6 I DD -103 0 -117 17 RSIASFLTDLMD HHHHTT-HHHHH 5.71 3.45 0.00 0.73 -0.30 0
9673 5ktc_A_32 1.8 IV DD -107 -21 -103 18 RNNDKLNTYISK HT-TTT-TTS-- 6.92 2.99 0.04 0.70 -0.12 0
104864 5mal_A_63 1.9 IV DD -112 -20 -86 -2 DVLAKQLTPVNS HHHHHT-TT-ST 6.96 3.01 0.11 0.69 -0.08 0
15448 4wwh_A_106 2.2 IV DD -92 1 -114 6 PIDGSSLTNTLQ -SSTTS-HHHHH 6.76 3.11 0.00 0.65 -0.52 0
41032 4r6h_A_82 1.3 I AD -77 -8 -113 -18 KIRYGEYTADLR HHHHTTTB---T 5.85 3.49 -0.06 0.54 -0.31 0
99384 3hje_A_277 1.6 I AD -85 -15 -105 1 NYSNLLFTDNED HHHHTTS---HH 6.28 3.22 -0.02 0.72 -0.33 0
83683 5nwp_A_26 1.7 I AD -56 -28 -117 20 IGPADAHTYPRV E-GGGTT--SEE 5.22 3.68 -0.07 0.47 -2.33 1
66022 4qdn_A_38 2.2 I AD -71 -27 -122 18 ETGWGRHTVGNN HHTTTTS--TT- 5.73 3.48 -0.05 0.48 -0.50 0
94088 3s9d_A_66 0.9 IV DD -91 10 -107 4 QIFNLFSTKDSS HHHHHTTSHHHH 6.24 3.22 -0.03 0.78 -0.81 1
12920 3wxy_A_55 1.1 I AD -81 -4 -116 9 MLEINRKTRIDH HHHHHTTS--SE 5.80 3.41 -0.05 0.68 -0.77 1
46121 2g5g_X_158 1.3 I AD -86 -17 -120 20 LKGYVSTTNEVK ---SSSS-HHHH 5.95 3.46 -0.01 0.56 -0.46 0
60552 4aru_A_260 2.0 IV NA -129 -30 -88 -29 QFDLMSRTPYIA HHHHHTTSHHHH 6.39 3.40 0.09 0.61 0.33 0
112534 4c2v_C_824 2.5 IV NA -117 -37 -68 -31 DVDRMYGTIDSP -HHHHTTTSB-- 6.47 3.25 0.11 0.69 0.34 0
28459 3njd_A_273 0.7 I AD -81 -7 -125 4 FDGIARHTPEGH HHHHHTTSHHHH 5.64 3.57 -0.11 0.56 -0.27 0
68854 4uho_A_104 0.9 I AD -81 -7 -105 -14 AEKIAQMTPGTL HHHHHTTSSTTE 5.59 3.48 -0.06 0.69 -0.34 0
96520 1w5q_A_131 1.0 I DD -85 -3 -120 -18 DVCLCEFTTHGQ EE-STTTBTT-- 5.62 3.49 -0.10 0.61 0.04 0
104040 2d5w_A_195 1.2 IV DD -120 18 -140 4 NFFLKFATPQAL HHHHTTTSHHHH 6.95 3.24 -0.05 0.54 0.01 0
108193 5cjz_A_71 1.2 IV ZD -110 32 -129 9 LGEINSTTDEYV TSTTTSSSSSEE 6.82 3.21 0.00 0.64 -0.49 0
7565 4e6f_A_152 1.3 IV ND -135 -52 -109 1 YKAEEWITDKYA EEGGGTTSHHHH 6.75 3.44 0.11 0.38 0.32 0
100330 5l9z_A_355 1.3 I AD -74 -14 -107 20 GAPLLSDTFAAG --TTTTTSTTHH 5.32 3.55 -0.05 0.68 -1.49 1
27616 1fj2_A_124 1.3 IV DD -79 1 -130 -1 SLYTALTTQQKL HHHHHTT-SS-- 5.60 3.57 -0.07 0.54 -0.44 0
8553 5w83_A_111 1.4 I AD -76 -16 -106 -13 NELFKKYTQNNP HHHHTTT-SSS- 5.50 3.54 -0.08 0.59 -0.24 0
109701 1ftr_A_96 2.6 IV NA -117 -46 -59 -36 RIGQCVMTAPTA HHHHHTTTSTT- 5.64 3.46 0.16 0.71 0.49 0
61612 3piu_A_153 2.9 I AD -61 -54 -98 -9 DRDLKWRTGVEI HHHTTTTT--EE 5.26 3.68 0.06 0.31 0.03 0
98326 2fba_A_169 1.6 IV DD -108 -17 -112 20 NEGKLVLTDSGD STT--SSTT-TT 6.10 3.48 0.06 0.63 -0.10 0
113718 2olr_A_391 2.1 I AD -78 -15 -104 9 FTAKLAGTERGI EEEEETTGGGT- 6.16 3.28 -0.01 0.68 -0.77 1
50472 5a57_A_1356 2.2 IV DN -109 9 -123 -20 HELPNTWTDSKK EE---SSTT-SS 6.95 3.26 -0.04 0.52 0.05 0
36706 3ikw_A_8 2.5 IV DA -114 16 -88 -21 AQTKNTQTLMPL -S----SSEEE- 6.98 2.90 -0.00 0.83 -0.15 0
76130 5cdv_A_116 2.5 IV ND -102 -86 -83 2 TLVALRGTLGGL EEEEESSTTTTT 5.60 3.68 0.17 0.25 0.47 0
64454 4d53_A_108 1.6 IV DA -111 8 -88 -18 EALINTDTDKIG HHHT-SS--EEE 6.86 2.92 -0.01 0.82 -0.13 0
60638 2wyh_A_123 1.7 I AD -61 -34 -127 -1 PLGYFPDTFGNM SSEEESS-SSB- 5.50 3.68 -0.05 0.30 -0.28 0
14417 4ia6_A_414 1.9 IV DD -105 7 -114 7 IYALYSDTEGNY EEES-SSS--SS 6.58 3.15 0.01 0.71 -0.28 0
50654 3bmv_A_382 1.2 IV DD -95 7 -103 -2 MTSFNTSTTAYN -----TTSHHHH 6.48 3.10 -0.02 0.79 -0.53 1
77633 2xsg_A_162 1.6 IV DA -99 6 -89 -37 SLVVDLETNNTS EEEEESS--SSE 6.31 3.25 -0.00 0.76 -0.13 0
92124 1xg0_C_150 1.7 I AD -73 -46 -114 22 ASQKKLSTPQGD SSS--S------ 6.47 3.24 -0.02 0.47 -0.31 0
41085 4gwb_A_75 1.7 I DD -88 12 -108 -4 FQIHDPTTKDRQ HHHS-TTSTTEE 6.48 3.12 -0.02 0.78 -0.74 1
52542 2vo9_A_101 1.2 IV ND -118 -51 -132 17 DVIWESTTSRWK SEE--SSSHHHH 6.42 3.50 0.05 0.26 0.32 0
87772 2f2h_A_276 2.0 I ND -90 -70 -100 9 WLTTSFTTNYDE EEE--SSS---H 6.06 3.42 0.15 0.44 0.33 0
91107 3gqv_A_237 1.5 IV DN -88 1 -108 -48 RYALDCITNVES -EEEESS-SHHH 5.86 3.53 -0.09 0.63 0.29 0
51488 3h49_A_295 1.9 I AD -73 -34 -121 21 VLSVGATTGVKN HTSSSSSSS-SS 5.57 3.64 -0.05 0.41 -0.29 0
41980 5um2_A_60 2.1 I AD -80 -44 -86 5 LNVSYDPTREFY EEEE-STTHHHH 6.42 3.30 0.11 0.52 -0.50 1
79944 5exh_C_77 1.1 I AD -83 -15 -106 -14 TSCTNRRTHQIC HHHH-SS----- 5.89 3.48 -0.01 0.56 -0.24 0
58493 3a2z_A_180 1.2 I AD -91 -19 -111 16 LKDTFDDTTILG EE-SSSS--EEE 6.18 3.38 0.02 0.62 -0.28 0
82971 4boq_A_215 1.3 I DD -88 -2 -112 6 DWIKRDDTWGGA HHHTSSS----H 5.96 3.29 -0.06 0.69 -0.53 1
36897 4w7w_A_289 1.5 I AD -73 -15 -112 6 WKPDYPFTVQPG --TT-TT----- 6.04 3.37 -0.02 0.56 -1.09 1
98196 1ups_A_178 2.0 I AD -71 -13 -104 11 TFFSKKDTWRIA -BTT-TTEEEEE 5.85 3.45 0.01 0.62 -1.92 1
42581 3zf8_A_226 2.3 I AD -78 -5 -110 -3 FSTIGPHTSWVL HHH--TTEEEEE 5.53 3.53 -0.07 0.65 -1.04 1
85633 2inu_A_441 1.1 IV DD -127 -6 -104 15 ITSYSSDTAIRP EEE-SSS-EEE- 6.09 3.26 0.08 0.75 0.10 0
14950 1fs7_A_120 2.3 I DD -78 0 -114 4 GAPVDGKTGPLP ---SSTT-SSSB 5.71 3.42 -0.04 0.70 -1.04 1
113305 4yuc_A_214 2.5 IV DD -100 5 -107 16 RHPNGKNTTPED T-TTSS---TTT 6.78 3.02 0.01 0.78 -0.39 0
87779 2f2h_A_187 1.6 IV DD -120 17 -123 8 NRDGGTSTEQAY ----TTSBS--S 6.81 3.06 -0.03 0.73 -0.17 0
112411 3bon_A_49 1.5 IV DN -100 17 -115 -39 IPERDTFTNPEE EEEE--SS-TT- 6.57 3.19 -0.12 0.61 0.04 0
25092 3pc7_A_849 1.8 I AD -92 -45 -99 21 KVLLDIFTGVRL ------STT-EE 5.81 3.44 0.04 0.61 0.03 0
78441 2gc7_D_22 1.4 IV DA -108 -1 -97 -23 AMEEGRDTEAVK S-STTSSSHHHH 6.21 3.27 -0.05 0.74 0.11 0
111013 2o70_A_92 1.8 I AD -85 -10 -99 -7 QSQAGMTTLDSA HHHTT-SS--HH 5.86 3.34 0.02 0.74 -0.43 0
92013 4pfy_A_433 2.2 I AD -71 -24 -123 7 LILNNFTTGVSA EEEE-TTSB--S 5.48 3.61 -0.01 0.41 -0.63 1
77802 1w7c_A_631 2.8 I AD -62 -47 -129 4 NSRSGPETQNWA S-TT-SSS-GGG 5.28 3.72 -0.05 0.27 0.29 0
21220 2v03_A_173 3.0 IV NA -122 -92 -63 -25 FVSSMGTTGTIT EEEE-SSSHHHH 5.07 3.84 0.26 0.26 0.45 0
40421 3ijl_A_214 0.6 I AD -75 -10 -127 -5 IETIRSVTDLPI HHHHHTT----E 5.13 3.69 -0.13 0.46 0.04 0
57784 5dmm_A_243 0.6 I DD -88 -5 -112 -22 LQHLHGLTVLPL HHHHHTT--S-E 5.77 3.48 -0.07 0.61 0.05 0
74469 3mcx_A_406 0.8 IV DD -98 6 -125 -11 NDIISRRTTDTS HHHHTTT-S-GG 5.87 3.49 -0.05 0.62 0.11 0
4070 5xnh_A_9 0.8 I AD -78 -6 -119 -13 IERVKEKTTIPV HHHHHTT--S-- 5.59 3.48 -0.16 0.55 -0.05 0
82802 2wxf_A_703 0.8 I AD -83 -16 -117 -11 VKVSSQKTTKPQ HHHHTTTS-HHH 5.23 3.65 -0.07 0.48 0.21 0
67269 1v5v_A_135 1.0 I AD -75 -20 -115 -18 KRTIEQFTKLDL HHHHHTTS---- 4.96 3.67 -0.20 0.46 0.48 0
94384 4at7_B_137 1.0 I AN -80 -15 -124 -19 AIQLTTVTEDKY HHHHTTT----- 5.23 3.65 -0.16 0.40 0.47 0
78535 2qed_A_229 1.0 I AN -69 -15 -130 -30 INEINKETILQQ HHHHHTT----S 5.07 3.67 -0.20 0.34 0.54 0
36877 2c6u_A_150 1.0 I AD -85 -7 -115 -7 VEYIKARTHLIR HHHHHTT--S-E 5.34 3.56 -0.08 0.68 0.02 0
39289 4oa3_A_24 1.1 I DD -93 -8 -101 -16 IRDAEKNTSGEI HHHHTTTBS-EE 5.29 3.51 -0.07 0.74 0.18 0
45597 3hr0_A_716 1.2 I AD -77 -12 -117 0 IAYLTTVTTWTI HHHHHTTS-TTH 5.53 3.63 -0.07 0.57 -0.43 0
341 3h05_A_153 1.5 IV DD -96 6 -100 -20 GKDISTYTTPTV T---TTTS-HHH 6.10 3.22 -0.02 0.77 -0.18 0
94688 3dew_A_169 1.5 IV DA -93 5 -99 -25 TLATEGLTSHSP GGGSTTTS---G 6.40 3.12 -0.03 0.75 -0.17 0
42366 1jnr_A_363 2.0 IV DN -90 -4 -156 -27 FEDFLDMTVSQA HHHHHTT-HHHH 5.99 3.62 -0.16 0.22 0.36 0
90654 5nqv_A_58 0.4 I AN -76 -13 -117 -31 EKYLSGFTKVDD HHHHHTT--TTS 5.23 3.65 -0.18 0.44 0.37 0
53048 3i2k_A_54 2.5 IV DN -98 14 -136 -85 FAWSTQSTNWLE HHHHTTT--THH 6.52 3.50 -0.19 0.31 0.22 0
110336 3hka_A_56 1.4 IV AN -82 -15 -113 -57 VAEVMRWTDVSI HHHHTTT--S-H 5.53 3.67 -0.20 0.37 0.40 0
579 4i0o_A_26 2.6 IV DN -99 6 -100 -61 ALGEDEITLESV HHHTTSSS-S-- 5.71 3.59 -0.05 0.62 0.37 0
90314 2wf7_A_11 1.8 IV NA -121 -55 -84 -34 FDLDGVITDTAE E--BTTTBTHHH 5.51 3.71 0.12 0.41 0.40 0
4437 5hdm_A_165 1.8 IV ND -125 -68 -101 -6 KAGSGVATLGLP -TT-SSSS---B 5.40 3.76 0.16 0.24 0.47 0
7801 3klk_A_1474 1.8 I NA -100 -47 -71 -27 RYDLGMSTPNKY TT-SS-SS-BTT 5.38 3.57 0.20 0.60 0.49 0
26479 2v3g_A_259 2.5 IV PA -132 -108 -63 -36 WFHENKETDWRI EE--BSSSB--T 5.92 3.50 0.32 0.27 0.13 0
64957 3nvs_A_340 2.7 IV PA -104 -146 -56 -36 YNWRVKETDRLA GGGGGSSS-HHH 6.65 3.22 0.25 0.41 0.08 0
91870 3d0j_A_44 1.0 I AD -80 -16 -131 -2 HLEIHHSTDEQF EEEEESS--EEE 5.82 3.54 -0.08 0.42 0.03 0
71096 1oao_C_583 1.6 I AD -76 -20 -117 19 LEQVCLYTLMEN -----TT-SSSS 5.97 3.37 -0.05 0.58 -0.81 1
106347 1m4l_A_206 1.8 I AA -98 -28 -90 -15 LLYPYGYTTQSI EEES-SS-S--- 6.03 3.26 -0.02 0.69 0.22 0
24922 2y2m_A_627 2.1 I AD -74 -47 -106 -1 VLSSRVTTTFKS HHHHTSS--HHH 5.25 3.68 -0.01 0.41 0.29 0
5042 5vg3_A_275 1.2 IV DN -84 4 -111 -45 ELHWHPNTHEWQ EEEE-SSS-EEE 6.30 3.38 -0.11 0.54 0.07 0
23314 1v0w_A_81 1.9 IV DN -118 -15 -135 -51 NIGNATRTVDIS HHHT-SSEEEEE 6.35 3.58 -0.12 0.24 0.24 0
42261 2vbk_A_401 2.2 IV NN -79 -62 -115 -35 DLDYCGSTGVVI EEEEESSEEEEE 6.21 3.57 -0.02 0.36 0.29 0
20880 3g23_A_9 2.3 IV AN -65 -17 -132 -80 IAICAPSTPFTR EEEE-SSS---H 6.03 3.67 -0.21 0.30 0.27 0
97428 5cph_A_184 2.4 IV AA -84 -14 -84 -50 DGEIFTETTVYN -TTT--S----- 5.99 3.41 -0.01 0.65 0.23 0
48091 4esm_A_233 1.4 I DD -100 -10 -114 17 NTRYRIDTFQKT TB---SSS--SE 6.52 3.20 0.01 0.69 -0.23 0
8176 4y9t_A_118 1.8 I DD -95 -6 -96 -5 FDRQITSTPSDF ESS---SS--SE 6.79 2.96 0.01 0.77 -0.29 0
15807 4p8n_A_419 2.0 IV DD -132 2 -136 -6 YTAKDSRTTAET -TTT-SS--HHH 6.66 3.38 -0.09 0.42 0.25 0
60094 3oa5_A_89 2.6 IV DD -134 -2 -90 3 INKEIRDTGGRS T-SS--SS---- 6.78 2.93 0.09 0.84 0.17 0
6057 4pqg_A_142 2.2 IV PD -116 -102 -90 -11 RKDYFSYTRYCS EEEEESSSEEEE 5.29 3.75 0.22 0.47 0.21 0
47578 4m0w_A_279 2.6 IV PA -115 -135 -69 -22 THITAKETLYRI EEEEESSSEEEE 6.09 3.44 0.30 0.43 0.08 0
44555 4wk0_A_27 3.6 IV AP -63 -28 -139 -101 VEFYRPGTDGVS EEEE-SSSTT-E 5.41 3.75 -0.30 0.42 0.00 0
69096 5tip_A_242 1.1 I DD -101 -6 -116 -20 TATPSATTQASQ E----SSS--EE 5.95 3.51 -0.04 0.58 0.26 0
65250 1v05_A_2674 1.1 IV AN -68 -19 -126 -41 VGVHGPKTPCEE EEEE-SSS--SE 5.39 3.70 -0.15 0.28 0.45 0
94440 5lun_A_71 1.3 IV DN -90 5 -104 -37 SSCVSDLTYSGY HT---SS-S-EE 5.71 3.48 -0.10 0.66 0.18 0
87075 4n1i_A_253 1.7 I AA -87 -18 -93 -19 ANSGASWTNDVS TTS--SSBS--E 6.07 3.25 -0.02 0.67 -0.21 0
104387 4giw_A_73 2.0 IV DN -94 1 -85 -61 PFRKDLITGQRR SEEEETTTEEEE 6.14 3.39 -0.03 0.69 0.20 0
70690 2zq0_A_189 1.6 I AN -84 -8 -126 -21 WIPGDYDTQEYD E-B-BSS----- 5.98 3.55 -0.12 0.41 0.21 0
111647 4xzf_A_140 1.6 I AN -73 -44 -116 -41 FGANNAFTMPLH S-TT-SSEEEEE 6.13 3.52 -0.07 0.31 0.31 0
90731 1hn0_A_710 2.3 IV AP -64 -23 -111 -109 LDSPKPHTLMQR HS-SSSS-B--- 6.29 3.56 -0.21 0.38 0.23 0
82927 5mfa_A_322 0.9 I DD -97 -4 -104 -19 ACPGSNITIRNQ SSTT-SSS---B 6.15 3.34 -0.03 0.63 -0.06 0
6097 4rsc_A_386 1.8 I AD -83 -19 -110 13 NLVTLPNTTATA B----TT---EE 6.48 3.24 -0.00 0.62 -0.57 0
105038 3c2u_A_376 2.0 IV DN -92 15 -118 -83 ESLQSKFTQAHI S-TT-SS--EEE 6.63 3.33 -0.18 0.50 0.19 0
106826 2dgk_A_59 2.1 IV DA -107 19 -97 -39 NARQNLATFCQT --TTB-S--S-- 6.69 3.06 -0.03 0.77 -0.04 0
88494 5gjh_A_116 2.4 IV NN -106 -40 -123 -97 KGNYFLWTEKFP TS-EESSS-EES 6.54 3.53 -0.10 0.32 -0.01 0
86380 3sc7_X_205 2.3 I AD -89 -25 -126 5 SFWTSADTINWT EEEEESSSSS-E 5.50 3.59 -0.09 0.47 0.24 0
59017 3rqt_A_21 0.5 I DD -85 0 -105 -22 KSIAPYETDVPV S---TTT-SHHH 5.51 3.53 -0.06 0.67 -0.29 0
9598 4d6g_A_528 0.7 I DN -90 -4 -109 -34 AGNMPYHTSAHW GGG-TTT-GGGG 5.74 3.57 -0.13 0.52 0.26 0
14694 2pyx_A_300 1.1 I DN -84 0 -114 -27 YVYSSSHTNDID EEE-TTT--HHH 5.13 3.66 -0.14 0.59 0.40 0
110919 2wol_A_154 1.2 I AA -94 -26 -94 -17 PYPGPYRTDEPL ----TTT--S-- 5.41 3.53 0.03 0.71 0.44 0
67775 4kty_A_670 1.4 IV AN -102 -26 -92 -48 HLDGPGVTRPMK EEEETTTEEEEE 6.37 3.33 -0.03 0.53 0.30 0
14228 5ioj_A_536 1.4 I AN -72 -28 -135 -11 TGLNDQVTDGCM SS--TTT---B- 5.51 3.60 -0.14 0.30 0.39 0
7786 3klk_A_1621 1.1 I AD -67 -43 -121 -18 YYNLGTSTQQFL B-B-SSSS--B- 5.27 3.66 -0.03 0.30 0.48 0
88289 4i0w_A_11 2.1 IV ND -109 -60 -126 11 VGIDFINTIPKQ ---BTTTB--HH 5.56 3.73 0.06 0.27 0.49 0
12961 1ru4_A_356 2.5 IV DP -100 5 -134 -103 AKSNSWDTGPAA EESSTTTTS--- 6.95 3.46 -0.16 0.33 0.11 0
61727 5m45_B_691 0.9 I AD -81 -23 -130 5 AVIESDATTFVV EEEE-SS-EEEE 5.30 3.81 -0.08 0.43 0.39 0
63807 5gqu_A_33 1.3 I AD -69 -55 -115 13 LLEEGKNTKKWV EEEE-SS-EEEE 5.10 3.66 -0.05 0.26 0.22 0
80760 2r6z_A_234 1.5 IV AD -65 -66 -127 19 YQYTGKSTRFDV EEEE-SSEEEEE 5.26 3.73 0.03 0.34 0.43 0
52777 4dt5_A_126 1.8 I AN -76 -42 -118 -41 AKSFARNTATTT EEEEESSEEEEE 5.78 3.59 -0.12 0.31 0.36 0
109525 5fkt_A_432 1.3 I AN -71 -2 -129 -17 LMYGTGATIYAT EEEE-SS-EEEE 5.38 3.68 -0.21 0.36 -0.03 0
66394 5i5d_A_532 1.4 I AD -72 -14 -131 6 VTAADGSTLAIT EEEE-SSEEEEE 5.35 3.70 -0.12 0.36 -0.50 1
19710 1ofd_A_169 1.7 IV DN -95 9 -130 -26 VCSFSCRTIVYK EEEEESSEEEEE 5.63 3.57 -0.14 0.47 0.32 0
