111322 2qrl_A_19 0.9 VIII AB -72 -30 -124 135 LEARAALTPTTV T----SS-HHHH 6.40 3.55 -0.17 0.47 -0.06 0
106278 4gpv_A_143 1.3 VIII AB -76 -20 -101 119 TDNASTQTKTNL TSSSBS-BTTB- 6.79 3.04 -0.16 0.76 0.02 0
105655 3weu_A_257 1.4 VIII AB -50 -48 -117 111 PEIVNISTLSDT TTS--SSBHHHH 5.34 3.72 -0.20 0.52 -0.31 0
29091 3oh8_A_427 1.1 VIII AB -68 -42 -132 105 LSHTFRYTDIGA TT---S-SSHHH 6.06 3.52 -0.18 0.46 -0.27 0
93002 4zkq_A_74 1.2 VIII AB -69 -28 -139 127 TAVLPLSTDITC EEEEES-SS-S- 5.66 3.72 -0.29 0.39 -0.22 0
50788 5hjm_A_41 0.6 IV DB -104 -9 -151 106 VIFPVTDTNIAK EEEEBS-HHHHH 6.79 3.42 -0.11 0.46 -0.15 0
26315 4s1h_A_193 0.8 VIII AG -60 -42 -100 95 LLCSFKDTLNNK EEEEES-TTTS- 5.80 3.35 -0.12 0.77 -0.15 0
113184 2r2d_A_231 1.1 VIII AB -61 -51 -136 99 RAGVLHDTIGYD --SS-S-HHHHH 5.88 3.59 -0.14 0.42 -0.29 0
57859 4c12_A_81 1.2 VIII AZ -72 -28 -141 95 TQVVVPDTLRVA EEEE-S-HHHHH 6.04 3.46 -0.10 0.48 -0.25 0
81045 4rxt_A_41 1.2 VIII AB -71 -34 -162 109 IPIIVKDTTSFY --EEES-TTSHH 6.60 3.47 -0.16 0.34 -0.21 0
12809 3s44_A_199 1.2 VIII AB -61 -39 -132 98 VKYHFLSTDYFE EEEEES-HHHHH 5.99 3.55 -0.19 0.49 -0.37 0
71074 3rd5_A_45 1.2 VIII AG -72 -46 -103 91 VIMAVRDTRKGE EEEEES-HHHHH 6.04 3.34 -0.04 0.69 -0.18 0
48250 2oze_A_221 1.2 VIII AB -82 -21 -140 112 FVPYLVDTDSAT EEEEES-TT-HH 6.54 3.50 -0.14 0.47 -0.16 0
74738 3eh1_A_562 1.3 VIII AB -69 -27 -125 100 DSFRCTLTNIPQ TTEEESBSSEES 5.87 3.53 -0.15 0.57 -0.22 0
42376 1jnr_A_223 1.3 VIII AB -79 -6 -133 126 LLFRPRSTGEAA SSS--S--SGGG 6.19 3.43 -0.18 0.60 -0.00 0
52163 1y02_A_29 1.3 VIII AB -63 -28 -143 105 CGAHFANTARKQ T----SSGGG-E 5.26 3.69 -0.28 0.43 -0.35 0
4458 4tme_A_128 1.1 VIII AB -68 -32 -145 108 YAQCVSRTGSYL EEEEESS--TTH 6.19 3.60 -0.16 0.40 -0.28 0
62912 4zr8_A_99 1.3 VIII AB -69 -39 -106 141 EGPKFHKTVRTE TEEEESS---SH 6.65 3.33 -0.17 0.52 -0.02 0
35829 3fpc_A_84 1.6 VIII AB -62 -33 -100 119 RVVVPAITPDWR EEEE-SB---SS 6.26 3.30 -0.15 0.75 0.04 0
29683 3tvq_A_82 1.6 VIII NB -90 -49 -96 106 VRAHRVETGPFA EEEEESS-TTEE 5.34 3.56 -0.05 0.70 -0.20 0
99434 5cr4_A_68 1.8 VIII AB -68 -35 -135 127 EACKPKNTIPTV EEE--SS----S 6.20 3.47 -0.19 0.43 -0.14 0
5533 4m7t_A_30 1.9 VIII AB -80 -12 -122 136 SVSKRKETGEMD GT---SS-SB-- 6.28 3.50 -0.17 0.57 0.03 0
40575 4pdx_A_318 2.1 VIII AB -76 -35 -138 129 HTLHNFYTLRGA SS---SS-TT-- 5.11 3.72 -0.35 0.38 -0.24 0
36187 1z45_A_612 1.2 VIII AB -76 -22 -130 113 AKPSQINTLNNE -----SB-TTS- 6.30 3.44 -0.19 0.55 -0.13 0
63637 3wzs_A_739 1.2 VIII AB -72 -40 -92 125 IVHNPKDTSRSP EEE--S--SS-T 6.30 3.37 -0.15 0.67 -0.02 0
36038 5n2c_A_148 1.3 VIII AB -82 -51 -96 130 GKEKPQATGHDE ETSS-SS--SSH 6.01 3.50 -0.10 0.64 -0.09 0
8395 3dsk_A_386 1.4 VIII AB -61 -36 -114 114 LRFEPPVTAQYG HHHS-SS-EEEE 5.85 3.52 -0.10 0.60 -0.02 0
14596 2p6w_A_45 1.4 VIII AB -76 -32 -107 110 EESEPLETEEHA E-S--S--SHHH 6.00 3.39 -0.10 0.75 -0.06 0
33472 3ihv_A_456 1.4 VIII AB -61 -47 -99 116 GYGNPSNTSACD HTT--S--TTTS 5.84 3.48 -0.14 0.66 -0.04 0
73661 4hhj_A_626 0.5 VIII AB -67 -37 -117 124 MEGEGVLTKADL HHHTTSS-HHHH 6.39 3.42 -0.18 0.55 -0.08 0
80847 5iff_A_89 1.2 VIII AB -75 -47 -105 113 AHEHGILTYNDI HHHTTSS-HHHH 5.45 3.59 -0.09 0.65 -0.13 0
91476 4acf_A_441 1.3 VIII AB -63 -54 -102 139 LTEGGVFTNDLI HHGGGSS-HHHH 5.70 3.79 -0.16 0.44 -0.11 0
33428 3wh1_A_21 1.4 VIII AB -52 -37 -99 117 PNRNPFYTYDGL TT--TT--HHHH 6.66 3.08 -0.14 0.74 0.08 0
110016 1vkh_A_43 1.5 VIII AB -80 -18 -89 120 AWNDPENTPNDF TTT-TT--GGGG 6.91 3.01 -0.07 0.84 0.10 0
85160 3hn0_A_249 1.5 VIII AB -64 -46 -99 148 IFAQGALTPKSI SS-TTS--HHHH 6.85 3.36 -0.15 0.47 0.01 0
73995 1mtp_A_148 1.8 VIII AB -67 -30 -101 113 LLPQGAVTPDLR SS-TT-S-TTEE 6.54 3.19 -0.10 0.72 0.03 0
95934 3vn5_A_108 1.8 VIII AB -66 -20 -94 108 SSLNPRDTKRLS HHT-TT--TTT- 6.83 2.96 -0.09 0.85 0.14 0
72602 4uz1_A_97 1.9 VIII AB -80 -6 -98 105 LLLNTSVTCNDG E-SSTTSB-TTS 6.51 3.00 -0.03 0.98 0.10 0
56215 5x03_B_283 2.1 VIII AB -81 -18 -114 101 DDYDSEFTYDVD EE-STT-B-SS- 6.57 3.18 -0.15 0.71 -0.13 0
91399 4ecf_A_136 0.6 VIII AB -71 -32 -110 127 KIFTGQITNWKE HHHTTS--BGGG 6.00 3.54 -0.14 0.62 -0.03 0
40326 3iuw_A_24 0.6 VIII AB -89 -38 -105 112 AVKERRKTFEIR HHHTTS--EEEE 6.04 3.49 -0.11 0.68 -0.13 0
51979 3ren_A_73 1.1 VIII AB -63 -46 -109 129 KSSEGDITKGHS S-TTSS---TT- 6.18 3.51 -0.12 0.53 -0.03 0
58029 3c5n_A_428 1.3 VIII AB -88 -13 -136 120 LNFQGRVTQASV ---TTS--B--T 6.61 3.31 -0.13 0.55 -0.07 0
15439 4wwh_A_289 1.3 IV NP -104 -89 -56 142 SIVAGEQTQTVF HHHTTSS--EEE 6.60 3.54 0.06 0.53 -0.10 0
93009 1h4x_A_40 1.4 VIII AB -78 -24 -127 129 AIFQGAVTTIIW HHHHTS-SEEEE 6.63 3.40 -0.19 0.49 -0.10 0
104015 2d5w_A_458 1.4 VIII AB -65 -41 -126 138 RASECKWTGMFE -GGGTSS-SEEE 5.56 3.72 -0.19 0.42 -0.10 0
105664 3weu_A_124 1.6 VIII AB -72 -16 -91 112 PWRNASKTASSE -BSSTT--SHHH 6.58 3.02 -0.08 0.90 0.18 0
29002 5ftb_A_187 1.7 VIII AP -68 -50 -96 150 LTKIFRQTEPEF E---SS---HHH 6.77 3.42 -0.12 0.48 0.04 0
79845 5ht2_A_303 2.0 VIII AB -64 -49 -100 129 KPKHCQYTWDTK --GGGS-SEETT 6.95 3.19 -0.09 0.59 0.02 0
73422 1jz8_A_19 2.0 VIII AB -81 -10 -122 104 DWENPGVTQLNR GGG-TT-SEES- 6.22 3.27 -0.15 0.67 -0.10 0
45140 5ipy_A_318 2.2 IV NP -104 -66 -67 147 GMQDQWFTFNMF S-S--SS-HHHH 5.92 3.62 -0.13 0.57 -0.15 0
45625 4d0q_A_61 1.6 VIII AB -76 -20 -108 119 ENGDFGQTEDGS TTTT--SEE--- 6.91 3.04 -0.08 0.74 0.07 0
68822 4qn8_A_34 2.0 VIII AB -62 -40 -108 141 LLDPNTFTKSEG HT-TTSS---SS 6.38 3.46 -0.17 0.52 0.04 0
45077 5u4u_A_645 0.7 VIII AB -66 -37 -116 133 LPVNSFQTSTFQ SGGG-S-BTTB- 6.78 3.28 -0.16 0.49 -0.05 0
60402 5u3q_A_190 1.3 VIII AB -66 -45 -83 115 YLKNFNMTKKKA HHHH-SS-HHHH 6.49 3.26 -0.07 0.72 0.06 0
103712 3v46_A_248 1.5 VIII AB -92 -24 -120 129 SAASSILTVANI --TT-SS-TTTH 6.60 3.43 -0.16 0.53 -0.11 0
11965 3pme_A_1132 1.6 VIII AB -85 -32 -93 107 SDISKLYTKNPI SSTT-S--S--E 6.62 3.03 -0.02 0.85 -0.02 0
15763 4k90_A_366 1.6 VIII AB -67 -46 -117 111 AGNFEYNTNGQG TT---S--TTSS 6.20 3.49 -0.11 0.52 -0.14 0
104353 2ivf_C_167 1.9 VIII AB -71 -42 -85 130 ILCRSMATGDGL EEEEES---TTS 6.92 3.17 -0.10 0.66 0.06 0
91853 2nwf_A_93 1.0 VIII AB -66 -43 -122 109 QLGQLVDTNARN -GGG-S--B--B 5.82 3.55 -0.17 0.51 -0.21 0
37034 4mjd_A_53 1.3 VIII AB -62 -31 -137 116 MREERPQTDTSH HHHT-S-SS-B- 5.87 3.64 -0.25 0.43 -0.23 0
113747 2olr_A_60 2.2 VIII AB -64 -38 -87 122 AVDTGIFTGRSP EE---S-SS--G 6.71 3.14 -0.10 0.72 0.11 0
60562 4aru_A_117 1.7 VIII AB -56 -51 -87 104 AIHHQQNTQQAD --EE-S-TTS-- 6.36 3.29 -0.05 0.70 0.07 0
6910 3ks3_A_105 1.3 IV NP -93 -61 -64 151 DGQGSEHTVDKK TT---SSEETTB 6.78 3.39 -0.06 0.61 -0.05 0
30844 4cfs_A_209 1.5 VIII AB -60 -43 -119 99 MMANLTKTRPIR HHHT-SS---EE 5.50 3.69 -0.20 0.51 -0.38 0
86736 3sy6_A_40 2.2 VIII AB -52 -43 -105 105 SSDDRPSTRGII EE--SSS--EE- 5.79 3.59 -0.09 0.66 0.01 0
85795 1j83_A_1055 0.2 VIII AB -75 -12 -128 131 VNPDSPITAINV E-TT-S----EE 6.48 3.40 -0.17 0.56 0.01 0
26082 3e4v_A_150 1.5 VIII AB -83 -47 -87 118 IDTARKETRLIH E-TT-S----EE 6.55 3.30 -0.04 0.69 -0.04 0
58538 5nxf_A_978 1.5 VIII AB -69 -28 -98 120 QFGGGSDTTRST TTS-SS---EEE 6.69 3.22 -0.11 0.71 0.07 0
40038 2ozl_A_208 1.7 VIII AB -58 -37 -122 126 VERAAASTDYYK HHHH-S---GGG 5.85 3.55 -0.22 0.49 -0.07 0
33077 4izh_A_265 0.6 VIII AB -103 -28 -119 99 RRAPILLTEDMV S-----B-HHHH 6.56 3.36 -0.06 0.64 -0.15 0
79762 4eps_A_339 1.5 VIII AB -68 -22 -115 116 DVAGTPYTATND TSTT----GGG- 6.70 3.30 -0.12 0.66 0.01 0
90325 3jum_A_53 2.1 VIII DB -99 -6 -122 99 GVGGLWTTDSGQ EEEEES--TTSS 6.84 3.21 -0.05 0.71 -0.07 0
23187 5ujc_A_207 0.2 VIII NB -103 -50 -110 114 KEPRPILTASED --------SHHH 6.57 3.44 -0.03 0.53 -0.15 0
85297 3scy_A_275 0.9 VIII AB -87 -43 -100 131 IQTVAADTVNAQ EEEEES-SS--- 6.32 3.42 -0.14 0.59 -0.10 0
10244 4ac1_X_13 1.0 IV NB -100 -48 -80 113 LIVYFQTTHDSS EEEEE---B-TT 6.80 3.15 0.03 0.80 -0.07 0
95015 4dmv_A_243 1.2 VIII AB -62 -37 -86 125 IRANSLFTEQEL TTTTT----HHH 6.78 3.15 -0.12 0.71 0.13 0
66938 4g54_A_350 2.2 VIII AB -58 -47 -89 123 ESAVARMTTRAQ -GGGG-B-SHHH 6.84 3.03 -0.02 0.76 0.11 0
50682 3bmv_A_27 0.8 VIII AB -81 -16 -144 112 DRFVDGNTSNNP GGT----GGGS- 6.47 3.51 -0.15 0.46 -0.17 0
97691 1xkw_A_613 1.3 VIII NG -84 -63 -99 91 DSGTRYSTFTPR -TT-BS-TTS-S 6.24 3.51 0.06 0.54 -0.24 0
100623 5ajg_A_224 1.5 VIII AB -76 -28 -145 104 LLRLTADTRAAA -EEEES-TT--- 6.09 3.62 -0.13 0.41 -0.24 0
32990 1kgd_A_855 1.7 VIII DB -101 -15 -114 109 FIAAPTITPGLN EEE--S--TTS- 6.41 3.23 -0.07 0.78 -0.09 0
52507 4e15_A_171 0.8 IV NG -111 -46 -95 96 LMRPNVITAQRS GG-TTTS-HHHH 6.54 3.26 0.02 0.71 -0.15 0
33666 1y08_A_210 1.1 IV NG -116 -54 -92 90 GIFDAVFTRGDQ -TTTTTS-SS-G 6.43 3.29 0.07 0.71 -0.15 0
104517 3hx3_A_169 1.2 VIII AB -95 -42 -129 111 NWQSQEITFDEI T--TTTS-HHHH 6.00 3.69 -0.09 0.46 -0.19 0
110013 1vkh_A_77 1.6 VIII AB -74 -34 -117 124 YRLSPEITNPRN ---TTTS-TTHH 6.29 3.52 -0.12 0.53 -0.04 0
25886 1ufy_A_51 1.9 VIII DB -85 4 -120 105 FTVTEDLTSAFP EEE-TT--S--H 6.97 3.10 -0.11 0.74 0.01 0
8097 5upi_A_69 2.0 VIII AB -82 -14 -113 105 IYRSDRVTGPMQ --B-TT--SS-- 6.60 3.09 -0.11 0.77 -0.04 0
102973 1gu2_A_76 1.0 VIII NZ -91 -47 -112 95 PLAPRVNTKRFT -S-TTTSTTTTT 5.70 3.66 -0.02 0.54 -0.24 0
75114 4n4j_A_236 1.9 IV NB -106 -55 -99 100 NRCSGCHTRHKF H-S-SSS-TTT- 5.93 3.66 0.06 0.58 -0.20 0
70921 5b2r_B_401 1.4 IV DB -107 -22 -101 107 DLLRKQRTFDNG -SS--SS-GGGG 6.33 3.40 0.00 0.78 -0.10 0
61734 5m45_B_523 1.7 VIII AB -55 -51 -120 130 DINMPTETPDTD EEEE-SS--HHH 6.15 3.69 -0.16 0.41 -0.15 0
17109 3gd0_A_351 1.8 VIII AB -56 -36 -112 122 GFYQEPVTNHYA TTT-SSSS-HHH 5.78 3.60 -0.15 0.62 0.06 0
91255 5l9a_A_133 1.9 VIII AB -66 -38 -111 116 KTMTKDDTIMNP SSSB-SSS---- 6.14 3.44 -0.16 0.61 -0.10 0
22409 3ly1_A_138 2.0 VIII AB -66 -31 -118 98 QLVIPELTYGDG EEEEESSS-THH 6.17 3.37 -0.12 0.63 -0.13 0
9577 4d6g_A_776 2.2 VIII AZ -68 -33 -120 88 VNTDREQTPLYM TTBSSSS-SS-S 6.38 3.32 -0.08 0.61 -0.26 0
88283 2z2n_A_12 2.4 IV NZ -167 -91 -122 89 LNLTNQDTGPYG EE--SSS--EEE 6.79 3.47 0.23 0.37 0.06 0
53475 5b1a_A_501 1.8 VIII AB -50 -53 -99 120 GCPPPYHTFEEP -SS--SS--SS- 5.95 3.49 -0.14 0.59 -0.03 0
69623 5bp8_A_259 1.8 VIII AB -90 -13 -143 122 GGPVPSITPIVY TS---SS---HH 6.74 3.44 -0.15 0.45 -0.13 0
107928 3tew_A_225 2.1 VIII AB -58 -43 -119 112 SSPEKWSTASDP --TT-SSTTSSS 5.06 3.77 -0.22 0.50 -0.25 0
112910 3l4e_A_39 1.1 VIII AB -97 -18 -130 115 ASTVEEVTFYVE GGGG-S--HHHH 6.60 3.43 -0.07 0.56 -0.09 0
54794 4qy7_A_85 1.6 VIII AB -62 -45 -144 128 GLSEIDNTDDLK E-TT-S--TT-- 6.68 3.54 -0.16 0.35 -0.16 0
52198 5fmd_A_642 1.7 VIII AB -60 -40 -112 103 WPARPANTSQGL -TTS-S------ 6.15 3.46 -0.12 0.59 -0.18 0
53279 4gzk_A_67 2.0 VIII AB -63 -42 -108 132 LFANARQTGTQL GGTTSSS-TTS- 6.14 3.50 -0.11 0.62 0.02 0
17697 5mzn_A_1239 0.2 VIII AB -70 -37 -117 103 DFKKAQHTCLAK HHHT-SSEEEEE 6.52 3.24 -0.13 0.60 -0.16 0
46309 5dut_A_193 1.4 VIII AB -75 -31 -122 108 KLYQNPTTYISV HHHS-SS--EEE 6.60 3.28 -0.05 0.58 -0.07 0
43215 2e26_A_2634 1.8 VIII AB -64 -19 -147 101 PDAKEIATRFRW GGG-SSSBEEEE 5.99 3.61 -0.20 0.45 -0.30 0
16422 4zcr_A_644 1.8 VIII AB -65 -42 -123 110 AKKLFENTTLIV HHTTSSSEEEEE 6.15 3.57 -0.13 0.48 -0.19 0
68374 1n12_A_61 1.9 VIII AB -79 -33 -117 112 VTITATNTYNNA EEEE-SSEETTE 6.46 3.40 -0.09 0.58 -0.11 0
77629 2xsg_A_231 2.0 IV NB -119 -65 -91 102 TAQDGVDTGAIL SEEEESS-EEEE 6.45 3.52 0.02 0.57 -0.15 0
5789 5bp3_A_977 2.1 VIII AB -57 -43 -121 130 MLLLDDATPVWV --B--SS-EEEE 5.63 3.68 -0.26 0.44 -0.18 0
101248 4blu_A_233 2.0 IV PB -73 -129 -87 117 DSDRRGMTASGM --SSSS--EEEE 6.79 3.26 0.00 0.36 -0.16 0
109873 4n0n_A_208 1.9 VIII AB -57 -42 -118 100 YFVVPKYTVLDF EE---SS-SS-- 6.08 3.50 -0.12 0.55 -0.19 0
10787 5jrh_A_421 2.3 IV NB -122 -47 -130 124 ETGGFMITPLPG GG-S--B---TT 6.72 3.54 -0.03 0.41 -0.14 0
104855 5mal_A_205 3.3 IV PB -79 -160 -67 113 APWLHSVTLPVE S-SB--S-SSGG 6.54 3.32 0.12 0.41 -0.12 0
62156 3szy_A_93 3.8 VIII AP -52 -42 -80 137 NYLYEPSTGEEV SEEEETTTTEEE 6.34 3.34 -0.12 0.78 0.28 0
68782 1p3c_A_11 0.9 VIII AB -74 -37 -142 110 GRTKVANTRVAP --EE-S-TTSTT 6.63 3.49 -0.11 0.42 -0.21 0
52177 4peo_A_71 1.3 VIII NG -101 -58 -97 90 FHIRSVDTNNDE EEEE-S-TT-HH 5.80 3.63 0.01 0.59 -0.21 0
22170 5eyn_A_258 2.1 VIII AB -92 -40 -148 117 KAVKPIDTTGAG -----S--TTHH 6.04 3.63 -0.20 0.34 -0.17 0
105145 4e4r_A_129 2.6 IV PB -87 -123 -85 122 AAHSTGDTVRPA SSTT---THHHH 6.57 3.44 0.05 0.40 -0.15 0
41427 4i79_A_180 3.6 IV PB -97 -106 -101 110 HAVTFLRTPEIL EEEEESSTTEEE 6.00 3.83 -0.05 0.38 -0.05 0
73931 1xub_A_208 1.9 VIII NB -82 -58 -139 114 GVVEDAATGSAA TBSS-S--HHHH 6.56 3.51 -0.12 0.35 -0.15 0
12472 3a8g_B_117 1.1 VIII AB -76 -35 -111 114 GRPAPVETTTFE -----S------ 6.74 3.23 -0.11 0.63 -0.10 0
84388 2j91_A_236 1.1 VIII AB -83 -48 -100 121 FKRAFIITGQTY -S-B-S--SSS- 6.73 3.22 -0.17 0.56 -0.13 0
16425 2pq8_A_434 1.6 VIII AB -65 -25 -125 117 QYKKPPITVDSV TS---SS---GG 6.07 3.50 -0.17 0.53 -0.09 0
3324 1xcr_A_306 1.8 VIII AB -74 -36 -101 117 RIDQPKETHSIG EES--SS--STT 5.86 3.47 -0.14 0.71 -0.09 0
98204 1ups_A_122 2.1 VIII AB -69 -53 -154 113 RNEWRGYTTKYG ---EESS-BSSE 6.30 3.62 -0.20 0.36 -0.20 0
84888 4qas_A_44 0.6 VIII AZ -71 -45 -120 97 LDVMVLKTWGYR EEEEES-SSSSS 6.59 3.39 -0.06 0.50 -0.29 0
3044 4za9_A_150 1.5 VIII AB -61 -31 -117 99 DGGKYIQTYGMH -SS---BSS-EE 6.71 3.07 -0.13 0.68 -0.14 0
44772 3l0q_A_322 1.5 VIII AB -71 -27 -134 112 NEGGQSATGALI EEEEES-SHHHH 6.52 3.50 -0.13 0.46 -0.16 0
87013 3mfi_A_228 1.6 VIII AB -72 -42 -124 106 PEGRDLITDWDD TT---S--SHHH 6.58 3.46 -0.06 0.48 -0.19 0
106357 1m4l_A_108 1.6 VIII AZ -74 -36 -125 88 DIFLEIVTNPDG EEEEES-S-HHH 5.95 3.58 -0.04 0.51 -0.30 0
101157 2z6r_A_195 0.8 VIII AB -94 -38 -140 113 MKKGGVFTDDTL HH--SSS-TT-E 6.88 3.44 -0.10 0.43 -0.16 0
55581 2eab_A_689 0.9 VIII AB -76 -33 -126 110 LFPGDLITIDNS TTTSSSS-TT-H 5.91 3.55 -0.15 0.54 -0.18 0
67627 4ru4_A_577 2.0 IV NG -118 -43 -102 95 GGNSAVLTTNTT SSSS--BSTT-- 6.43 3.39 0.04 0.68 -0.15 0
29745 4n6o_A_101 2.3 VIII AB -72 -45 -139 113 QGVPKDYTGEDV TT---SB-GGG- 6.24 3.61 -0.16 0.39 -0.24 0
102580 1m70_A_156 0.9 VIII AB -82 -24 -118 118 DFREGNRTNDGD HHHHTS--TTTT 6.13 3.46 -0.12 0.63 -0.08 0
75194 3qwg_A_52 1.2 VIII AB -80 -35 -118 121 QLRSGNRTNPSG HHHHTSS----H 6.05 3.61 -0.15 0.51 -0.18 0
98849 5ejr_A_2184 1.5 VIII AG -73 -22 -107 95 EWMKGLYTNVNE HHHTT------H 6.55 3.26 -0.08 0.71 -0.06 0
69054 4z8t_B_58 1.8 VIII AB -80 -37 -97 101 TSDAGRLTDAKE -STTTT---HHH 6.13 3.26 -0.07 0.77 -0.09 0
87244 5kd5_A_660 1.9 VIII AZ -66 -29 -162 96 YHRCEYKTDFWQ HTTT-S-TTHHH 5.32 3.79 -0.20 0.30 -0.35 0
73086 1n62_C_44 0.6 VIII AB -77 -24 -118 128 IMKTRLATPEHL HHHTTS---SEE 5.56 3.52 -0.30 0.57 -0.09 0
38873 2y7e_A_160 1.0 VIII AB -77 -43 -107 112 LIKKGIITQNPL HHHTTS---SS- 5.65 3.65 -0.10 0.59 -0.18 0
74093 1gs5_A_208 1.4 VIII AB -83 -43 -92 123 LIEQGIITDGMI HHHTT-S-THHH 6.51 3.37 -0.06 0.68 -0.06 0
94265 5g2u_A_388 1.6 VIII AB -70 -45 -129 128 HSEYEYVTTPGR EESSSSSEEEEE 5.90 3.66 -0.22 0.41 -0.20 0
33746 2qe8_A_289 2.3 VIII AB -62 -28 -150 106 TDEKLSWTDSFN E-GGGS-EEEEE 5.80 3.71 -0.20 0.36 -0.40 0
110210 3cov_A_114 2.1 IV PP -123 -97 -76 134 YPDGLRTTVQPG -TT-S-SEEE-- 6.90 3.49 0.04 0.40 -0.13 0
53999 3cxn_A_61 1.2 VIII AB -97 -38 -105 109 YIQQKKVTNKES HHHTTS--SHHH 5.95 3.48 -0.03 0.71 -0.14 0
84963 2x7q_A_97 1.5 VIII AB -86 -13 -131 105 GSNRDDVTDAKQ ESS-TT-SSGGG 6.84 3.27 -0.12 0.58 -0.12 0
79438 5ik4_A_3049 2.0 VIII AB -72 -14 -128 110 QSPNSASTSADT E---TT---B-- 6.21 3.42 -0.16 0.63 -0.08 0
38193 2fq3_A_336 1.6 VIII AZ -83 -13 -123 96 TNRIPSKTPEVY -SS-TTS-HHHH 6.60 3.29 -0.08 0.67 -0.12 0
99483 4ouj_A_68 0.5 VIII AB -94 -28 -137 104 KSMNIYNTNLVL EE--SSSTTEEE 5.68 3.74 -0.06 0.47 -0.21 0
9757 2ayd_A_347 0.9 VIII AB -84 -39 -145 97 VERSSHDTKLLI EEE-SSSTTEEE 5.46 3.78 -0.12 0.36 -0.26 0
22288 1w0h_A_177 1.2 VIII AZ -83 -45 -123 91 YVRPEINTQLSD EB--SSS-S--H 5.12 3.83 -0.03 0.47 -0.36 0
88483 3nke_A_206 1.4 VIII AB -78 -51 -95 146 PAIGFVHTGKPL TT--SSS-SSTT 6.32 3.50 -0.14 0.51 -0.07 0
104321 1llf_A_313 2.0 VIII AB -101 -28 -118 99 RPDGKNITDDMY ---SSSS-S-HH 5.32 3.71 0.03 0.63 -0.19 0
97521 3kwe_A_55 2.6 IV NP -118 -92 -62 140 SIRADEGTPFHI EEEESSS--EEE 6.75 3.52 0.03 0.46 -0.13 0
59053 5bmn_A_301 1.6 VIII AB -69 -54 -130 127 VVHDPRLTWNTV EEE-SSS-HHHH 5.98 3.67 -0.10 0.37 -0.15 0
39360 5gng_A_176 1.8 IV NB -102 -64 -99 98 SSRDKIFTPANQ ETT-SSS-HHHH 5.50 3.86 0.03 0.48 -0.22 0
61911 3nsx_A_95 2.1 VIII AB -53 -46 -112 125 IIVSGKTTFGLF EEEESSS-EEEE 5.45 3.62 -0.23 0.57 -0.05 0
85000 5a7g_A_529 2.4 VIII AB -54 -45 -114 101 YLQIGANTQAAQ EEEEESS-EEEE 5.28 3.66 -0.14 0.59 -0.23 0
31219 3b34_A_31 1.5 VIII AB -80 -41 -148 110 FDLDAQKTVVTA EE--SS-EEEEE 6.75 3.49 -0.12 0.37 -0.20 0
47958 3okp_A_175 1.1 VIII AB -85 -46 -92 100 GVDVKRFTPATP -B-TTTS----H 5.74 3.50 -0.01 0.76 -0.14 0
4959 5ly9_A_160 1.2 VIII AB -93 -26 -135 101 AATRTELTQTGY ----SSS-SS-- 6.03 3.57 -0.06 0.49 -0.22 0
74939 2a40_B_174 1.6 VIII AB -91 -30 -138 112 NADCSYVTSSQW --STTTS-GGGG 6.12 3.70 -0.09 0.41 -0.23 0
29188 2g8s_A_233 1.7 VIII AB -68 -34 -125 132 NYGWPLATWGIN B--TTTB-SSB- 6.35 3.48 -0.19 0.46 -0.10 0
82552 4ci7_A_314 2.1 VIII AZ -78 -55 -118 90 YEDKTLLTDTDN TT-SSSS-SS-- 5.97 3.57 0.03 0.48 -0.29 0
67863 4m85_A_137 1.2 VIII AB -63 -21 -160 104 TSLLESNTHVKW HHHHHT-TTS-E 6.11 3.67 -0.19 0.37 -0.32 0
106706 5f18_A_102 1.7 VIII AB -56 -67 -110 110 APLSPYNTNCTI -TTTTT------ 5.79 3.69 -0.10 0.44 -0.25 0
37210 4d6z_A_430 1.5 VIII NB -95 -45 -92 105 NIDPYIYTPFGS G--TTT--TT-- 6.06 3.42 -0.04 0.74 -0.14 0
7998 1lzl_A_122 1.8 VIII AB -59 -36 -123 109 YRLAPETTFPGP ---TTTS-TTHH 5.43 3.70 -0.19 0.48 -0.26 0
42524 3gq8_A_427 1.3 VIII AB -72 -37 -133 115 TDDPNLLTETVV -S-TTS--SEEE 6.24 3.58 -0.13 0.46 -0.16 0
93109 2pfz_A_84 1.8 IV NB -115 -44 -142 105 DGLPFLATGYDA GGSTTS--SHHH 5.90 3.66 -0.07 0.38 -0.14 0
101061 1hyo_A_322 0.9 VIII AB -87 -37 -106 137 NFKHMYWTMLQQ ETT--SS-HHHH 6.88 3.33 -0.09 0.54 -0.03 0
81749 5k7f_A_178 1.2 VIII AB -62 -45 -95 132 FKPDGRLTDEQI --TTSSS-HHHH 6.88 3.20 -0.14 0.58 0.03 0
98614 4kt6_B_146 1.4 IV AP -57 -39 -65 121 EFAHYQDTMLDM GGGG-SS-HHHH 6.90 2.76 -0.09 0.91 0.18 0
56566 2zb4_A_57 1.7 VIII AB -65 -34 -125 122 RCRMNEDTGTDY HHHTSSS-SSSS 5.76 3.61 -0.21 0.47 -0.14 0
26604 3tg7_A_882 1.8 VIII AB -62 -40 -84 105 FMSMGALTDLGQ S--S-SS-TGGG 5.86 3.26 -0.02 0.84 0.23 0
40698 4uxu_A_24 0.8 VIII AB -73 -27 -131 116 ALRPVEDTDKVL TS---SSTTS-E 6.14 3.49 -0.17 0.52 -0.11 0
106234 4lh6_A_211 0.9 VIII AB -79 -25 -93 109 GSLRQLDTKIVA HHHT-SBHHHHH 6.98 2.95 -0.06 0.81 0.04 0
41311 3kb9_A_134 1.4 VIII AB -61 -31 -86 111 DHLHHEDTLVAG GGTT-SSHHHHH 6.47 3.09 -0.04 0.85 0.22 0
40860 1nnf_A_56 1.6 VIII AB -81 -8 -143 102 DVFYTEQTATFA SEEEES-GGGHH 6.49 3.25 -0.18 0.56 -0.14 0
33403 1g61_A_2102 0.9 VIII AB -66 -32 -87 112 EIIKSKNTALGN EEE--SS--HHH 6.13 3.22 -0.09 0.85 0.13 0
32741 4j7n_A_242 1.0 VIII AB -60 -36 -87 111 LNPQAPCTQPPS E-TT-S--STTT 6.38 3.12 -0.07 0.81 0.16 0
44251 3o9z_A_33 1.7 VIII AP -62 -23 -93 146 VASLDPATNVGL EEEE-SS---GG 6.73 3.10 -0.15 0.75 0.19 0
22560 1n62_B_216 0.9 VIII AB -64 -33 -92 128 VHPSPLETCQCV B----SS--EEE 6.15 3.41 -0.12 0.67 0.16 0
86781 3nvw_C_743 1.0 VIII AB -66 -32 -91 119 QDHFYLETHCTI B----SS--EEE 6.18 3.41 -0.12 0.71 0.10 0
46534 1t0f_A_31 1.2 VIII AB -67 -44 -106 147 KDYIPWLTVQEV GG---SS-GGG- 6.64 3.38 -0.17 0.49 -0.01 0
17824 2r9f_A_261 1.6 VIII AB -65 -39 -97 129 IRDLEAITFKNL SSTT-SB-TTS- 6.46 3.24 -0.19 0.71 -0.01 0
20951 3iv0_A_79 0.6 VIII AB -74 -23 -123 108 APITAYSTGDKY --EEESSTT-HH 5.90 3.49 -0.20 0.62 -0.13 0
53370 5ciy_A_292 1.0 VIII AB -59 -30 -87 117 SYKVHPSTSQAY TS---S-HHHHH 6.91 3.03 -0.06 0.78 0.20 0
104034 2d5w_A_252 1.2 VIII AB -60 -41 -80 119 VYRFIQNTNSLL EEEE-SSHHHHH 6.99 3.00 -0.01 0.77 0.19 0
28956 1xru_A_117 1.4 VIII AB -79 -46 -119 121 VVFASIDTGTPA EEEEES-TTS-- 6.50 3.47 -0.14 0.48 -0.16 0
46937 1rwh_A_59 1.6 VIII AB -86 -43 -114 139 AGRTSVFTDLSL TT-S-SBTT--T 6.61 3.47 -0.13 0.46 -0.11 0
11279 2fyf_A_300 1.2 VIII AB -58 -40 -83 113 PYTTPFVTDPGL TTEEES--SGGG 6.44 3.10 -0.08 0.84 0.14 0
61314 1ux6_A_1029 1.3 VIII AB -58 -23 -104 104 VTQSYWDTNPTR S-EE-S--SSS- 6.76 3.12 -0.07 0.75 0.14 0
32728 4jjj_A_33 1.8 VIII AP -63 -44 -76 143 VPYHSVETMIVE EE-SBSSS---S 6.85 3.03 -0.12 0.73 0.13 0
77209 4h14_A_37 0.7 VIII AB -74 -16 -100 136 APSISTDTVDVT ---B-SS----T 6.97 3.08 -0.16 0.71 0.09 0
38963 2zwa_A_486 1.2 VIII AB -75 -23 -125 132 MIKSLSHTRFRH E----SB--BS- 6.46 3.39 -0.21 0.47 -0.09 0
101932 5jbn_A_44 1.3 VIII AB -64 -40 -109 141 PSKKPMFTLEER GGG--SS-HHHH 6.65 3.32 -0.18 0.50 -0.01 0
23273 1k4i_A_81 0.9 VIII AB -60 -42 -125 137 LDLPQMVTHNAD TT--BS-SS--- 6.50 3.40 -0.20 0.43 -0.10 0
102533 3dxl_A_198 0.6 VIII AB -70 -27 -124 134 MKGIRYITKDNQ HHHTTSB-TTS- 5.96 3.55 -0.25 0.52 -0.09 0
102179 2nsz_A_394 0.8 VIII AB -87 -28 -116 128 LWKSSTITIDQM HHHTT-S-HHHH 6.78 3.36 -0.11 0.53 -0.08 0
76180 3g3t_A_310 1.1 VIII AB -75 -30 -106 116 DFLKGKYTVDQV HHHHTSS-HHHH 5.74 3.53 -0.09 0.74 -0.01 0
6245 5j90_A_475 1.1 VIII AB -72 -29 -126 128 NYSGGAITTEFG --STTSS-TTT- 6.65 3.37 -0.15 0.48 -0.06 0
71529 4wji_A_207 1.3 VIII AB -65 -32 -107 124 ADDLETVTESEV HHT-SSS-HHHH 6.28 3.40 -0.09 0.66 0.08 0
23845 2x8x_X_154 1.4 VIII AB -74 -24 -84 116 VAGNQVLTQEKV EES-SSS-HHHH 6.30 3.29 -0.08 0.81 0.12 0
44827 3t5n_A_92 1.7 VIII AB -47 -47 -87 131 ILRVGTLTSDDL EE-SSSS-HHHH 6.16 3.29 -0.18 0.73 0.15 0
1240 3kra_B_126 1.3 VIII DB -89 -4 -114 109 GSVDPARTDDPD HT--TT-TTHHH 6.99 3.00 -0.09 0.75 0.00 0
84457 4n13_A_214 1.5 VIII AB -77 -36 -87 123 TINSNKYTIKRN HHHTT-S-SEEE 6.08 3.29 -0.06 0.86 0.04 0
54583 4yar_A_167 2.1 VIII AB -57 -26 -93 104 HGGDRWITGDSY -SS-TTS-B-EE 5.16 3.33 -0.10 0.98 0.25 0
674 3kd3_A_180 0.1 VIII AB -75 -37 -102 139 LYEKGYATKFIA HHHHTS-SEEEE 6.33 3.43 -0.17 0.57 -0.04 0
72955 3bpt_A_211 0.3 VIII AP -79 -48 -88 145 VYRAGIATHFVD HHHTTS-SEE-- 6.32 3.53 -0.15 0.58 -0.02 0
28588 5gt5_A_302 1.0 VIII AB -78 -11 -111 106 RAAQTRITSGMA HHHHTTS-HHHH 6.80 3.09 -0.10 0.73 -0.00 0
8695 2wbn_A_248 1.3 VIII AB -66 -21 -112 119 QIEEGIITDAEV EE-TT-S-HHHH 6.37 3.42 -0.14 0.65 0.09 0
65086 3gon_A_268 1.5 VIII AB -69 -47 -93 111 GLSTDIYTPLLR HH-TTT--HHHH 6.71 3.23 -0.08 0.66 -0.07 0
19782 5l37_A_60 1.3 VIII AB -62 -34 -79 119 SVASSWFTGTPP HHHHHTS-SS-- 6.25 3.08 -0.06 0.84 0.20 0
45779 4a7k_A_73 1.5 VIII AB -72 -37 -85 113 LVNPYATTNNQS EE-TTSSTT--- 6.73 3.01 -0.05 0.77 0.11 0
59480 4f55_A_194 1.7 VIII AB -63 -45 -134 119 IFEPRAFTAVAD HHSTTS-HHHHH 6.65 3.44 -0.11 0.43 -0.12 0
25032 4uas_A_46 1.2 VIII AB -72 -16 -98 117 YRELLTTTGGKE HHHHTTS-SHHH 6.29 3.25 -0.13 0.81 0.13 0
103892 4a02_A_48 1.9 IV AP -80 -46 -74 150 SAGGNLNTNVGR GGGTT-S---GG 6.99 3.21 -0.09 0.67 0.05 0
10492 4olt_A_203 1.9 IV AB -77 -22 -74 123 EEPAHADTSRID TSGGG---HHHH 6.96 2.88 -0.04 0.83 0.26 0
93485 4f1v_A_1018 1.2 VIII AP -69 -49 -83 140 YQTSGVLTAGFA HTSTTSS-TTB- 6.05 3.54 -0.10 0.67 0.07 0
80737 1c7k_A_110 2.2 VIII AB -73 -15 -86 118 GGPGPSCTNPYP TTT-TT----S- 6.99 2.82 -0.10 0.86 0.12 0
99627 4fh0_A_41 1.2 VIII AB -85 -35 -121 128 RYYPQILTNKEA SSSS--S-HHHH 6.92 3.32 -0.13 0.48 -0.12 0
33286 2zws_A_206 1.6 VIII AB -61 -36 -84 122 PVHSTSMTNANH ---B-SS-TT-- 6.10 3.26 -0.08 0.86 0.19 0
36730 3jz0_A_251 1.7 VIII AB -72 -37 -85 113 EQYNLKVTHDIL TTS--SS-HHHH 6.62 3.07 -0.08 0.83 0.05 0
80410 1p3d_A_434 0.4 VIII AB -78 -28 -102 99 DPILVSDTSQLG --EEES-GGGHH 6.18 3.34 -0.08 0.78 -0.07 0
21954 4afk_A_100 1.5 VIII DB -101 -4 -136 112 TDTIETDTLQSD SS-----TT--- 6.72 3.29 -0.13 0.55 -0.12 0
87946 5hqt_A_195 1.8 IV DB -99 25 -126 131 QGVIFGCTEIGL SSEEE-STTHHH 6.94 3.28 -0.09 0.69 0.15 0
53298 2vyo_A_189 2.0 VIII AB -62 -30 -104 127 HDGQEADTSRLE EGGGGSS-HHHH 5.71 3.57 -0.18 0.75 0.12 0
108239 4r81_A_133 1.9 IV AP -67 -47 -67 154 VLCSAGHTEEDL EEEE-SS-HHHH 6.96 3.08 -0.12 0.68 0.09 0
15045 5m12_A_180 1.1 VIII AB -85 -21 -114 135 NARVPKHTPTGW T----SS--EEE 6.82 3.29 -0.16 0.55 -0.04 0
79619 3e0x_A_12 1.3 VIII AB -71 -13 -108 117 GNKKSPNTLLFV E-TT-S-EEEEE 6.94 2.95 -0.12 0.76 0.08 0
70398 4di9_A_19 1.4 VIII AB -69 -30 -86 136 TPSKPRYTPPPG S----SS---TT 6.95 2.99 -0.16 0.75 0.05 0
88077 2epl_X_607 1.6 IV AP -85 -50 -65 167 KDQGLTATTANQ GGGT-SS----- 7.00 3.20 -0.11 0.68 -0.00 0
92527 3brc_A_36 1.8 VIII AB -78 -32 -136 123 YIRSARRTVVPN HHHH-S-EEE-- 6.78 3.40 -0.13 0.44 -0.15 0
87962 4dgf_A_478 1.6 VIII AG -74 -47 -96 94 VLDVIEETPKVF GGGG-SS--SEE 6.00 3.51 -0.02 0.68 -0.17 0
92984 4zkq_A_279 1.7 VIII AB -67 -22 -129 124 YSECEEVTPGRY ---S-SS---EE 5.76 3.59 -0.19 0.53 -0.04 0
4472 4ml9_A_169 2.0 VIII AB -62 -45 -120 138 GHPDDLHTFGIS E-TT-SS--SEE 6.13 3.57 -0.19 0.45 -0.07 0
28360 3x0v_A_42 2.5 VIII AB -75 -16 -103 144 IFESSSRTGGRL EE-SSSSSBTT- 6.87 3.04 -0.21 0.64 0.04 0
24199 1ei5_A_193 1.5 VIII AB -64 -30 -93 104 RAELISDTALFD T-EE--BGGG-- 6.93 2.97 -0.05 0.78 0.10 0
35452 3zj0_A_74 1.7 VIII AB -77 -17 -145 122 YLLGAPDTLSFQ EEEEES-HHHHH 6.84 3.29 -0.15 0.44 -0.10 0
83671 5nwp_A_170 1.3 IV AP -69 -40 -63 119 ILLEAKRTSLNN EEEEESSHHHHT 6.96 2.77 -0.06 0.88 0.16 0
55645 2eab_A_147 1.3 VIII AB -77 -35 -127 134 LDYGFNDTTVTE EE---S----EE 6.54 3.48 -0.17 0.45 -0.10 0
103697 4ann_A_78 0.7 VIII DB -80 -1 -119 118 YDINDNHTPFDN E---TTSEEGGG 6.98 3.02 -0.13 0.72 0.05 0
82372 4h6x_A_540 1.4 VIII AB -80 -11 -97 118 TLGDPQITIVII -S--TTSEEEEE 6.93 2.92 -0.11 0.83 0.07 0
24219 3amr_A_225 2.8 VIII AB -72 -31 -128 134 RADGRHLTRDIE EBSSSSB-S-EE 6.74 3.39 -0.19 0.45 -0.06 0
110542 1yt3_A_73 0.5 VIII DB -84 -1 -123 113 ILRDPSITKFLH HHH-TTSEEEES 6.89 3.14 -0.11 0.67 0.01 0
20360 1lu4_A_1054 0.8 VIII DB -84 -2 -100 131 AAANPAVTFVGI HHH-TTSEEEEE 6.88 3.07 -0.11 0.78 0.12 0
110071 3pe7_A_29 1.3 IV DB -94 1 -128 130 RLTPPDVTCHRN E-S-TTS-EE-- 6.58 3.32 -0.20 0.60 -0.07 0
43293 4b2f_A_124 1.9 IV DB -110 -25 -122 115 GINKTLFTEKKD G-STTTS-TTS- 6.89 3.38 -0.08 0.58 -0.12 0
76437 5hwk_A_66 1.2 VIII DB -86 -7 -132 121 YEDIIRQTAFLK HHHHTT-HHHHH 6.96 3.28 -0.12 0.55 -0.05 0
106663 4dk2_A_161 1.4 VIII AB -66 -23 -86 124 MFFPLSDTNNAL --S-TTSHHHHH 6.67 2.93 -0.11 0.87 0.17 0
30445 5d1r_A_211 2.1 VIII AB -32 -59 -113 125 QYGADMLTDPGV SS-SSS-S-HHH 6.47 3.47 -0.10 0.41 0.15 0
26809 2bii_A_78 1.2 VIII AB -60 -40 -106 116 LYDSGFLTPVSL HHHT-SS--GGG 6.65 3.33 -0.09 0.57 0.06 0
45149 5ipy_A_292 1.5 VIII AZ -82 -24 -110 97 KTANRLATADLY ---SSSS-TTEE 6.10 3.40 -0.06 0.70 -0.10 0
1573 2p3p_A_100 1.4 VIII AB -74 -9 -99 106 AGHLSGFTHTAS H-S--SS-EEEE 6.85 2.86 -0.07 0.84 0.11 0
104480 3jyo_A_158 0.8 VIII AB -52 -37 -92 110 LQVADLDTSRAQ EEEE-SSHHHHH 5.84 3.27 -0.14 0.82 0.12 0
77548 2wkj_A_82 0.7 IV AP -63 -47 -69 133 AHVGCVSTAESQ EE---SSHHHHH 6.84 3.02 -0.14 0.74 0.08 0
10810 5jrh_A_99 1.1 VIII AB -55 -39 -93 129 IIWEGDDTSQSK EEEE-SSTT-EE 5.93 3.34 -0.18 0.78 0.14 0
85694 3kq0_A_104 1.3 VIII AB -41 -49 -84 115 HLLILRDTKTYM EEEE-SSTTEEE 5.77 3.42 -0.09 0.76 0.35 0
31402 4mlo_A_162 1.5 IV NB -102 -54 -82 103 KYNSIFITDDLD HHTB-SS--TT- 6.28 3.31 0.01 0.76 -0.14 0
112479 4x2p_A_328 1.6 IV AP -75 -30 -75 135 SVIEPTLTFEGG TTB---SEEETT 6.98 2.95 -0.07 0.84 0.16 0
60071 3oa5_A_326 2.3 VIII AB -74 -24 -93 112 LMTYDFFTLGDG E-------TTSS 6.45 3.22 -0.12 0.78 0.09 0
29552 3og2_A_810 0.8 VIII AB -71 -24 -107 110 GLDENWTTGDDS ------SBT--G 6.89 3.13 -0.08 0.67 0.04 0
86877 1yqs_A_120 2.1 VIII AB -49 -41 -115 124 TNDMFAQTVPGF HHHHTSSHHHHH 5.12 3.72 -0.25 0.60 0.03 0
107199 2qfe_A_721 2.3 VIII AB -86 -37 -129 131 YQFHIEKTGPLL EEEEESS-EEEE 6.62 3.55 -0.16 0.43 -0.14 0
45356 4lgy_A_1264 1.5 VIII AB -74 -19 -96 125 HPERVFRTVANS -GGGSSBGGG-S 6.55 3.19 -0.14 0.72 0.12 0
62572 2vfr_A_11 0.5 VIII AB -77 -16 -115 118 TNWAGNITYTAK B-SSSS-B-S-S 6.75 3.23 -0.14 0.65 -0.04 0
52936 3zgj_A_229 1.1 VIII AB -69 -24 -133 123 RNAGGGITFTLI E-TTSS-EEEEE 6.91 3.31 -0.16 0.47 -0.10 0
45139 5ipy_A_338 0.6 VIII AB -83 -26 -119 131 DAILGRITLPKD HHHTTSS---S- 6.80 3.32 -0.13 0.57 -0.05 0
56318 4cnn_A_55 1.2 VIII AB -69 -36 -92 118 HFMDIASTQSVL G-S--S-HHHHH 6.93 3.08 -0.09 0.69 0.03 0
19038 3qft_A_589 0.5 VIII AB -65 -41 -101 109 FHRDGALTQLNV HHHTTSSSEEEE 5.73 3.47 -0.12 0.69 -0.08 0
