56967 4ut1_A_406 1.0 IV AB -75 -19 -167 175 LKLSLSSTPNAG EEEEESS---TT 6.88 3.43 -0.24 0.27 -0.10 0
36278 5k3x_A_374 1.3 VIII AB -60 -47 -137 147 GNVQPEETEMNG --B--SS----T 6.29 3.59 -0.22 0.33 -0.12 0
4238 3q7m_A_40 1.4 IV AB -85 -16 -156 169 PTVENQFTPTTA -----SS--EEE 6.27 3.60 -0.27 0.24 -0.10 0
27159 2co3_A_21 1.4 VIII AB -69 -28 -130 155 FSSPQDLTVSLI EBS--S-EEEEE 6.95 3.27 -0.19 0.37 -0.02 0
84156 5m5z_A_154 1.5 VIII AB -61 -41 -127 137 ENGNNWWTNQNN TTS-BSS-GGG- 6.39 3.43 -0.24 0.41 -0.13 0
17409 2zex_A_118 1.5 IV AB -89 -21 -151 162 TPDVFGSTPQLA --SSBSS--EEE 6.96 3.47 -0.20 0.28 -0.10 0
84502 4iuw_A_236 1.6 VIII AB -60 -51 -126 161 FATYMPQTPAKV HHTTSSS--SEE 6.32 3.65 -0.22 0.31 -0.12 0
49145 3i33_A_36 1.7 VIII DB -83 -5 -131 154 NDQGNRTTPSYV -TTS-SSEE--E 6.81 3.40 -0.19 0.49 0.05 0
43885 4ruq_A_111 1.7 IV AB -90 -12 -152 154 NKWPSSNTPWVQ T--S-S----EE 6.91 3.45 -0.22 0.31 -0.10 0
29718 2hx5_A_58 1.7 VIII AB -77 -36 -138 159 GSRKSEVTPEVA T-TT-SS--SEE 6.08 3.62 -0.26 0.30 -0.16 0
25222 2osx_A_413 1.1 IV Gb -80 73 133 177 YPRAVAGTPTEW EEEEESSEEEEE 6.76 3.51 -0.20 0.22 0.09 0
44320 1gvf_A_183 1.1 VIII AB -80 -21 -145 154 AHGLYSKTPKID -SS--SS----- 6.40 3.54 -0.23 0.32 -0.08 0
83251 3f0h_A_232 1.1 IV AP -64 -39 -122 -176 ERGQTPFTPAVG TTT--SS---HH 6.95 3.39 -0.18 0.29 0.03 0
2564 3isx_A_185 1.2 IV DP -89 -6 -115 172 KRIKPAVTLYGV HH---SSEEEEE 6.79 3.31 -0.23 0.40 -0.00 0
11281 2fyf_A_249 1.5 IV AP -60 -48 -123 -170 LKNQTYNTPAIA TTT--SS---HH 6.85 3.41 -0.19 0.33 0.05 0
61783 2x5o_A_335 1.6 IV AP -77 -42 -109 -121 NGLHVDGTLHLL TT---SS-EEEE 6.72 3.50 -0.17 0.32 0.06 0
99941 3ml1_A_216 1.6 IV DB -86 -3 -152 162 VVVLSTFTHRCF EEEEESSB-GGG 6.71 3.52 -0.24 0.31 -0.08 0
58200 3d06_A_147 0.8 VIII AB -88 -25 -143 156 VQLWVDSTPPPG EEEE-SS---TT 6.97 3.44 -0.19 0.34 -0.09 0
100770 5j09_A_221 0.8 VIII AB -74 -23 -135 155 SFPQPEQTITYV EEE--SS-EEEE 6.83 3.37 -0.20 0.38 -0.03 0
94533 2jgp_A_293 0.9 VIII AB -74 -29 -127 157 LNLPTDFTRPST -----SS---SS 6.68 3.42 -0.20 0.39 -0.04 0
45223 2z9w_A_245 1.3 IV AB -50 -44 -144 174 RDKPFPFTPSVS TTS--SS---HH 6.36 3.63 -0.25 0.28 -0.05 0
79471 1vpt_A_276 0.3 VIII AB -70 -30 -136 150 CNKTFPTTKAKV -SS--SSHHHHH 6.96 3.38 -0.20 0.36 -0.08 0
43404 3gwi_A_457 1.0 IV AB -93 -14 -148 166 SVVVAENTEHHQ EEEEESSSSEEE 6.56 3.54 -0.22 0.30 -0.09 0
93239 4r6y_A_195 1.2 VIII AB -71 -19 -143 165 NVGPSASTGKLT B----S-STTHH 6.88 3.37 -0.20 0.33 0.01 0
5211 5amb_A_191 1.3 IV AB -58 -35 -165 173 KQDGFTDTGAYW HTTT-SSHHHHH 6.95 3.38 -0.23 0.31 -0.07 0
48401 2i7g_A_240 1.3 VIII AB -66 -21 -140 154 HGFIADTTDKAA EEEE-SSHHHHH 6.66 3.52 -0.22 0.34 -0.01 0
25487 5a9c_A_139 1.3 IV DB -99 6 -142 133 NMHGLNNTDWRE -TTS-SSSSGGG 6.39 3.53 -0.19 0.52 -0.08 0
99447 4k9z_A_89 1.7 VIII AB -50 -41 -123 161 PVSTDTTTKPWL EEE--SSHHHHH 6.67 3.44 -0.23 0.36 0.04 0
15344 5o58_A_121 1.7 VIII AB -70 -31 -141 139 VDPSFAATAQMI E-TTSS-HHHHH 6.93 3.27 -0.21 0.37 -0.12 0
8587 2uur_A_56 1.9 VIII AB -65 -18 -142 155 QRVVGSATLQVA -EEE-SSTT-EE 6.82 3.39 -0.21 0.35 0.02 0
24168 1j1t_A_93 2.9 IV AP -54 -57 -77 -128 SQHHASDTGTIS EEEE-SSS-EEE 6.66 3.44 -0.14 0.41 0.20 0
50300 5ltj_A_455 1.0 VIII AB -67 -50 -131 146 KKELIEQTYPEI HHHS-SS---GG 6.93 3.41 -0.16 0.35 -0.11 0
31817 4j6o_A_416 1.0 IV AB -76 -28 -152 168 VDVKALKTYYEP EEEE-SS--S-- 6.96 3.42 -0.21 0.26 -0.08 0
77860 1w7c_A_55 1.3 IV AB -56 -36 -141 175 VEIEAPKTNIWT EE---SS--TT- 6.94 3.39 -0.23 0.24 -0.04 0
77521 5xgt_A_35 1.5 IV AP -66 -34 -96 -173 LAVNRTFTNAQG EEEE-SS-SSSS 6.68 3.33 -0.22 0.52 0.11 0
110050 3pe7_A_230 1.5 IV AB -66 -39 -153 160 TNMRKVKTHAEG ---EES----TT 6.95 3.36 -0.23 0.32 -0.15 0
65778 2yn0_A_125 1.6 IV AB -78 -39 -160 173 QEWDSTLTPNEK TT---S----TT 6.98 3.42 -0.20 0.33 -0.13 0
97229 2yeq_A_167 1.9 IV AB -79 -24 -121 175 SKTGNVRTHNSA -TT---S--SSS 6.83 3.49 -0.17 0.42 0.08 0
88000 3vmn_A_329 1.0 VIII AB -73 -44 -126 145 EYIYNYETGGYG GB-EESSSBTTB 6.74 3.40 -0.19 0.40 -0.11 0
112688 3bf5_A_189 1.1 IV AB -80 -25 -129 167 GLSSPKVTTIVT --SS-SS-EEEE 6.96 3.43 -0.21 0.35 -0.04 0
44694 4bq2_A_186 1.1 IV DB -90 2 -150 171 RSNPPTWTSDDR SS---SS--SSE 6.98 3.47 -0.20 0.28 -0.02 0
5192 5amb_A_475 1.2 VIII AB -79 -13 -127 159 QGICPPVTRNET H-EE-SS---TT 6.75 3.50 -0.17 0.41 0.02 0
76151 3gve_A_138 1.3 VIII AB -80 -21 -133 165 TSGENRYTPYVI TTS-BSS--EEE 6.98 3.37 -0.20 0.31 -0.04 0
64432 1kzq_A_103 1.5 VIII AB -64 -39 -126 157 IEKFPVTTQTFV GGG--SS-EEEE 6.56 3.47 -0.21 0.37 -0.04 0
97841 2xjp_A_146 1.5 VIII AB -82 -19 -128 140 GYFLPPQTGSYT EEE--SSSEEEE 6.91 3.30 -0.18 0.42 -0.06 0
73413 1jz8_A_105 1.5 VIII AB -80 -4 -127 160 TNVTYPITVNPP ESSS-SS-S-TT 6.87 3.25 -0.19 0.46 0.08 0
35012 4ous_A_1044 1.6 VIII AB -90 -12 -161 130 GRFTCPATGAYV TEEE-SSSEEEE 6.99 3.38 -0.16 0.35 -0.13 0
94292 4muv_A_313 1.7 IV NP -86 -71 -90 175 ATVSAATTVSLL SEEEESSSEEEE 6.12 3.78 -0.12 0.30 -0.14 0
2592 2q43_A_139 1.4 IV Gb -90 58 150 -152 HRHHLQGTVVLI TGGG-SSEEEEE 6.85 3.45 -0.20 0.31 0.07 0
106010 3gkj_A_201 1.6 IV AB -71 -23 -159 160 DNGQAPFTITPV GGSSSSSEEEEE 6.81 3.44 -0.20 0.26 -0.06 0
105885 3vla_A_274 1.8 VIII AB -71 -24 -130 147 ISTINPYTVLET E-SSSSSEEEEH 6.89 3.39 -0.16 0.39 -0.00 0
52240 5fmd_A_267 1.3 VIII AB -67 -44 -137 134 FLYRQHTTGEFI EEEEESSTT--S 6.95 3.41 -0.16 0.37 -0.14 0
111007 1t1u_A_117 1.4 IV AP -47 -70 -109 170 ARQHFQDTNDQL -----SSHHHHH 6.90 3.39 -0.21 0.31 0.00 0
99068 1yi9_A_129 2.8 IV NB -96 -64 -129 152 FCDEGTCTDKAN EGGG-SBSS--E 6.90 3.56 -0.14 0.33 -0.13 0
22904 2xcj_A_40 0.8 VIII AB -70 -28 -135 148 YYESGRSTPPTD HHHHTSS--BHH 6.70 3.44 -0.19 0.37 -0.06 0
76156 3gve_A_83 0.9 VIII AB -63 -41 -119 141 DIISGTKTHPII HHHHTSS--HHH 6.48 3.46 -0.16 0.44 -0.07 0
54420 1r9l_A_56 1.3 VIII AB -67 -24 -123 160 SLASGDATFTAV HHHHTSS-EEEE 6.34 3.46 -0.26 0.46 0.05 0
79404 4j3v_A_220 1.4 VIII AB -59 -34 -139 156 LSANGARTWLVD BSGGGSSEE--- 6.59 3.52 -0.23 0.31 -0.05 0
14512 5h6t_A_166 1.6 IV AB -83 -22 -153 161 NVAAGFATIGLG HHHTTS-SEEEE 6.70 3.50 -0.23 0.27 -0.10 0
84340 5ly8_A_22 1.1 VIII AB -67 -30 -135 160 YHLDFNQTPTGV EEE--SS---S- 6.19 3.63 -0.27 0.32 -0.07 0
80391 3c9a_A_127 2.7 IV AP -68 -38 -134 -107 SKIDLYETPWIE EEEE-SSS-EEE 6.27 3.59 -0.14 0.36 0.05 0
86454 3vwn_X_185 0.9 IV AB -78 -13 -142 167 DRSAGWGTRRHG HHHTTSS---TT 6.78 3.46 -0.22 0.29 -0.03 0
18985 4psy_A_70 1.1 IV AB -76 -12 -129 169 PGTDDRVTWVKS --S-TTSEEESS 6.64 3.39 -0.25 0.40 0.02 0
26687 2nxv_A_124 1.2 VIII AB -79 -11 -140 157 RPLNHSVTAQAL S-S-TTS---EE 6.68 3.46 -0.21 0.36 -0.03 0
99244 2imq_X_235 1.6 VIII AB -60 -20 -125 146 DEYDLSATPSWT S-B-TTS--B-- 6.09 3.49 -0.29 0.49 -0.00 0
57590 5gof_A_208 1.7 IV AP -79 -4 -116 -154 LVANSESTLMNT EEEETTS---HH 6.82 3.37 -0.23 0.41 0.09 0
262 5a7v_A_295 1.7 VIII AB -72 -19 -106 150 SRGDKRYTANVY TTS-TTS-TT-E 6.91 3.18 -0.18 0.59 0.07 0
67652 4ru4_A_327 1.3 VIII AB -64 -33 -144 140 SSFSGFRTSYRA TSS-TT-TT--- 6.75 3.45 -0.20 0.36 -0.14 0
87197 4r75_A_195 1.5 IV AB -83 -21 -140 166 NAARGETTVGIG HHHTTSSSEEEE 6.45 3.59 -0.23 0.31 -0.08 0
15680 2w3p_A_467 1.6 VIII AB -78 -17 -134 162 AERLGLVTASPD HHHTTSSSB--- 6.98 3.38 -0.19 0.36 -0.00 0
94182 4wa0_A_486 2.1 VIII AB -75 -11 -118 162 STADTSQTPPQI EEEE-SSSS-EE 6.78 3.39 -0.20 0.47 0.07 0
11497 1qg8_A_72 0.9 VIII AB -68 -35 -142 162 VKERTEKTRYAA HHHHHSS-HHHH 6.84 3.44 -0.22 0.29 -0.08 0
29767 4e2x_A_266 1.0 VIII AB -75 -24 -140 159 LARQGSRTPSAA EEETTSS---HH 6.82 3.44 -0.17 0.33 -0.04 0
11442 4yfu_A_854 1.3 IV AB -56 -40 -138 167 EVMEQAVTLRVP HHHHHSS--SS- 6.62 3.48 -0.22 0.27 -0.03 0
42752 3zgh_A_272 1.9 IV AB -71 -28 -169 140 NSGTSTQTMLTL SS-STTS--EEE 6.61 3.42 -0.27 0.31 -0.17 0
23408 1w23_A_235 1.3 IV AP -60 -49 -123 -172 KSDSLYNTPPTF HTTT-SS---HH 6.31 3.60 -0.23 0.26 -0.02 0
29051 3a5f_A_245 1.4 VIII AB -68 -27 -127 164 TNALFIETNPIP HHHTTSSSTTHH 6.00 3.63 -0.26 0.33 0.00 0
9410 2gzs_A_107 1.5 IV AP -76 -24 -115 -126 LKQLSEKTPPVI HHHHTTS---EE 6.09 3.62 -0.23 0.35 0.08 0
89528 4j0d_A_400 1.5 IV DB -86 -2 -150 169 PLSYLTTTSSQV GGGG-SS--TTS 6.95 3.27 -0.26 0.24 -0.05 0
4474 4ml9_A_110 1.6 IV AP -86 -20 -104 -179 VGVPGGFTEILP E--TTTB--SS- 6.74 3.37 -0.18 0.50 0.03 0
13589 5lnr_A_122 1.7 IV AP -72 -32 -80 170 IDESEVLTLADE EEEETTS--S-S 6.66 3.29 -0.16 0.67 0.12 0
91453 2v9l_A_167 1.1 IV AB -79 -4 -167 135 RQLWEGSTECLV HHHHHTSTTHHH 6.60 3.62 -0.17 0.31 -0.10 0
83478 4qdj_A_16 1.2 IV DP -95 -7 -122 -121 VRDYFNSTGFDR HHHHHTTHHHHH 6.68 3.43 -0.21 0.37 0.06 0
33157 5kdw_A_147 1.9 IV DP -104 1 -133 -120 VLTQLSGTNAAH GGGSTTTTTGGG 6.95 3.37 -0.18 0.32 0.05 0
67177 1atz_A_973 1.3 VIII AB -59 -35 -145 163 VLQYGSITTIDV EEEESSSEEEEE 6.38 3.48 -0.30 0.28 -0.07 0
36247 4fbj_A_191 2.2 IV AB -87 -43 -175 114 IPSNDQETVGYI E---SS--EEEE 6.70 3.39 -0.17 0.38 -0.10 0
82845 4fek_A_50 0.7 VIII AB -57 -40 -110 155 YVIEGDKTAIID EEEESSSEEEE- 5.91 3.50 -0.30 0.51 -0.01 0
5013 4mgq_A_204 0.8 VIII AB -65 -28 -119 160 VWPQGDATQYWP EEEEESSB--SS 6.11 3.53 -0.29 0.41 -0.01 0
41886 5jic_A_98 0.8 IV AB -57 -44 -123 179 FANVGTGTSLHY EEEESSSEEEEE 5.70 3.67 -0.35 0.28 -0.03 0
8178 3df8_A_75 0.9 VIII AB -66 -27 -123 162 ERRSGQITTYAL EEEESSSEEEEE 5.75 3.67 -0.34 0.37 -0.04 0
111902 2dul_A_110 1.0 VIII AB -49 -40 -118 144 AILKGEKTIVIN EEEESSSEEEEE 5.58 3.56 -0.30 0.44 0.03 0
61840 1nuy_A_1168 1.0 VIII AB -66 -21 -134 163 YALYGSATMLVL EEEESSSEEEEE 5.70 3.70 -0.34 0.30 -0.05 0
75964 3mwz_A_55 1.3 IV NP -99 -55 -81 -178 ETQTVAGTNYRL EEEESSSEEEEE 6.51 3.55 -0.14 0.45 -0.08 0
9444 2j7q_A_104 1.9 VIII AB -69 -29 -124 145 PFNGTAETQDLG -EEE-SS-EEET 6.99 3.25 -0.17 0.48 -0.01 0
90835 4ccd_A_307 2.4 IV AB -57 -32 -141 -175 YGRSGLMTAQEP TTT-SSSEEEET 6.45 3.57 -0.28 0.21 0.01 0
12674 4ovj_A_417 0.4 VIII AB -76 -28 -145 160 AVQYGKETPQQG HHHTTSS-HHHH 6.82 3.47 -0.22 0.31 -0.09 0
93346 4jmp_A_1103 0.5 IV DB -92 -12 -146 155 SLLLNWSTYQDS HHHTTSS-HHHH 6.75 3.45 -0.22 0.34 -0.09 0
111037 3qnm_A_62 0.5 IV AB -94 -24 -130 151 EYGEGKVTKEEL HHHTTSS-HHHH 6.98 3.52 -0.16 0.38 -0.10 0
72909 4o6y_A_187 0.5 VIII AB -71 -46 -128 154 LQVNQVITRYST HHHTTSS-TT-H 6.71 3.50 -0.19 0.35 -0.11 0
20321 3vyg_B_124 0.5 VIII AB -71 -25 -142 136 LVDKQFVTLTEL HHHTTSS-HHHH 6.03 3.58 -0.26 0.37 -0.15 0
11999 2xf7_A_31 0.6 VIII AB -86 -15 -144 158 AVNAGDLTQEEA HHHHTSS-HHHH 6.70 3.55 -0.20 0.31 -0.09 0
24283 4qbu_A_203 0.6 VIII AB -61 -40 -137 157 ACLAEVFTLEDA HHHTTSS-HHHH 6.14 3.52 -0.27 0.32 -0.14 0
44920 1h16_A_294 0.6 VIII AB -75 -36 -134 160 DLKAGKITEQEA HHHTTSS-HHHH 6.91 3.43 -0.19 0.33 -0.07 0
15433 4wwh_A_357 0.6 VIII AB -68 -47 -123 154 LIDSGYYTETQV HTTTSSS-TGGG 6.80 3.46 -0.18 0.35 -0.10 0
70891 5b2r_B_890 0.6 VIII AB -81 -20 -129 156 LLNAKLITQRKF HHTTTSS-HHHH 6.06 3.68 -0.24 0.38 -0.08 0
65410 3f7w_A_160 0.6 VIII AB -81 -23 -125 143 AADRGALTPGDV HHHTTSS-HHHH 6.74 3.37 -0.19 0.49 -0.04 0
20351 3l8e_A_61 0.7 IV AB -69 -32 -158 166 GIARGKFTEAQF HHHHTSS-HHHH 6.76 3.48 -0.23 0.29 -0.10 0
31498 1ylm_A_79 0.7 VIII AB -73 -47 -124 163 LVDEKVVTEKEG HHHTTSS-HHHH 6.49 3.55 -0.23 0.32 -0.11 0
51550 1v74_B_16 0.8 VIII AB -79 -22 -133 153 LFLASKITAIEF HHHTTSS-HHHH 6.28 3.53 -0.23 0.39 -0.07 0
91880 1w07_A_575 0.9 IV DB -110 3 -146 126 FLSTNCITPKQA HHHTTSS-HHHH 6.34 3.45 -0.23 0.51 -0.12 0
4561 4l4e_A_189 1.0 VIII AB -71 -25 -155 144 TRPDGSMTFAEA HS--SSS-HHHH 6.96 3.42 -0.20 0.32 -0.12 0
96448 5fav_A_630 1.0 VIII AB -79 -29 -143 156 VYDDRKYTLAQL HTTS-SS-HHHH 6.82 3.42 -0.21 0.31 -0.11 0
98895 4l6h_A_465 1.1 VIII AB -77 -17 -128 152 KFAKGQITAEEY HHHTTSS-HHHH 6.00 3.64 -0.24 0.41 -0.01 0
90688 4qjv_B_63 1.2 VIII AB -79 -13 -147 151 VVTDGKITPEKA EEE-SSS-HHHH 6.19 3.63 -0.25 0.33 -0.09 0
99010 1gvn_B_119 1.5 IV AB -56 -36 -119 172 IEGTGRTTDVPI E------SHHHH 6.71 3.37 -0.24 0.35 0.05 0
63502 3vk5_A_177 1.5 IV AB -67 -25 -159 179 VPVSTASTEEID -----SSSHHHH 6.59 3.47 -0.25 0.25 -0.07 0
37294 5dp2_A_204 1.7 IV DB -85 -3 -134 170 HVMNSRTTEFAS EEEE-SSTTHHH 6.93 3.50 -0.17 0.33 0.05 0
34616 5dec_A_97 1.8 IV DB -95 7 -159 178 LFARKDFTVVDQ HHH-SSSEEEEE 6.97 3.44 -0.22 0.21 -0.05 0
53628 3zuc_A_137 1.8 IV DB -98 0 -108 155 YTSWDKVTAYSA -EE-TTSEEEET 6.77 3.38 -0.14 0.65 0.06 0
109712 3oe3_A_83 2.0 VIII AB -71 -15 -106 150 EAIDKNYTYKLY EESSTT---EEE 6.71 3.20 -0.19 0.65 0.11 0
85608 2ga8_A_314 0.2 VIII AB -64 -27 -134 162 HLQSGLVTTIAE HHHTTS-SSHHH 6.68 3.43 -0.22 0.33 0.01 0
57668 5hsi_A_360 1.2 VIII AB -70 -44 -120 142 HAENHVFTEDKE HHHTTSSSS-S- 6.30 3.57 -0.19 0.43 -0.09 0
66016 4qdn_A_117 1.3 VIII AB -61 -36 -136 151 LQRYGYATDPMY HHHTTS-S-TTH 6.53 3.43 -0.24 0.35 -0.07 0
39347 4zs9_A_241 0.5 IV AB -84 -12 -144 179 ALKSGDTTFKQI HHHHTSS-HHHH 6.81 3.47 -0.22 0.28 -0.04 0
111879 3quf_A_223 0.5 IV AB -79 -17 -145 -175 DIWSGKSTFTKD HHHTTSS-HHHH 6.99 3.41 -0.21 0.25 -0.01 0
96463 5fav_A_356 0.8 VIII AB -56 -35 -138 151 DIDSGRLTEYEA HHHHTSS-HHHH 6.31 3.49 -0.30 0.33 -0.14 0
74638 4na1_A_486 1.3 VIII AB -71 -18 -128 160 VIRNKKYTDQDL HHHTTS--GGGH 6.83 3.30 -0.24 0.40 0.01 0
42169 2iwr_A_98 1.5 IV DB -99 -16 -143 151 SYQVLEKTESEQ -----SS-SSSE 6.45 3.56 -0.24 0.34 -0.13 0
32823 4ba0_A_678 0.7 VIII AB -82 -25 -152 147 YVPAVSTTEDYR E----SSGGG-- 6.85 3.43 -0.19 0.32 -0.11 0
6737 5dzo_A_55 0.7 VIII AB -77 -27 -141 136 HVTYRKDTRYKL SEEEESSTTEE- 6.73 3.41 -0.19 0.38 -0.09 0
72193 2erv_A_88 0.8 IV AB -75 -10 -158 177 GVAAFSGTRVGD EEEEESSSEETT 6.91 3.43 -0.23 0.21 -0.03 0
106252 1vkk_A_123 1.0 IV DB -108 4 -152 146 KVFEIRTTDDLT -EEEESSGGG-- 6.65 3.54 -0.17 0.36 -0.11 0
48912 5ngd_A_88 1.1 IV AB -68 -28 -158 178 WYVEPASTDPED -EEE-SSSSHHH 6.74 3.47 -0.25 0.28 -0.10 0
79307 4cg1_A_86 1.1 VIII AB -52 -46 -138 156 ITIDTITTLDQP EEE--SSTT--H 6.00 3.68 -0.27 0.29 -0.11 0
9438 2j7q_A_203 1.1 IV AB -73 -41 -140 175 YFTRCRTTLISP EEEEESSS---H 6.90 3.47 -0.21 0.27 -0.09 0
57128 3kya_A_117 1.1 VIII AB -72 -29 -109 153 VTTTASTTFSYE EEEE-SS--EE- 6.95 3.29 -0.15 0.53 0.06 0
28446 3eaf_A_376 2.1 IV AB -67 -21 -151 161 LGGITADTIDYE STT-BSS-B--B 6.63 3.55 -0.22 0.27 -0.05 0
110643 1sg6_A_374 0.9 VIII AB -64 -41 -142 162 AIGTPYETRASV ETTEESSSS-EE 6.46 3.51 -0.26 0.29 -0.10 0
107132 4asm_B_262 1.3 IV AB -74 -28 -165 152 YPAGVTSTGVNG EE--BS-SSTT- 6.84 3.45 -0.23 0.30 -0.14 0
20777 1h6k_A_215 1.7 VIII AB -74 -35 -128 147 VPMLQVWTADKP HHHH-SB---SS 6.34 3.54 -0.24 0.39 -0.11 0
78388 4nes_A_306 2.1 IV AB -86 -14 -157 170 CITLRDNTERPE EEE-SS--S-TH 6.95 3.39 -0.21 0.23 -0.08 0
76666 3tcv_A_214 0.4 VIII AB -89 -39 -132 151 SAGQQKKTLQEF TTS-BSS-HHHH 6.55 3.52 -0.19 0.36 -0.13 0
65728 4ozu_A_370 0.9 VIII AB -79 -23 -136 142 PDVEPSMTAEEW E-SS-SB-HHHH 6.99 3.32 -0.20 0.38 -0.11 0
32134 4h03_A_105 0.9 IV AB -72 -47 -151 164 AFNKEIRTENQN T--S-SS-SS-- 6.29 3.64 -0.27 0.38 -0.18 0
106596 3n75_A_616 1.4 IV AB -77 -43 -142 166 VLPTMVMTPYAA S--EESS-HHHH 6.75 3.53 -0.19 0.29 -0.12 0
26556 3keb_A_153 0.7 VIII AB -83 -13 -147 137 YSERLANTRDFF EEEE-SBTT--- 6.57 3.48 -0.19 0.41 -0.07 0
104715 5mgw_A_117 0.8 IV DB -93 -10 -157 153 THMLRAHTSAHQ SEEE-SSGGGGH 6.98 3.38 -0.20 0.30 -0.11 0
80325 3w6s_A_47 1.0 VIII AB -89 -20 -159 144 TAFPVFDTKYIP EEEEESSGGGS- 6.68 3.43 -0.20 0.31 -0.12 0
52244 5fmd_A_211 1.1 VIII AB -73 -22 -142 161 VIYEWPETNLTG SB-S-SSSSEEE 6.68 3.53 -0.21 0.31 -0.04 0
6890 2vxt_I_128 1.4 IV AB -72 -24 -166 179 PPDNIKDTKSDI --SEESSS-STT 6.94 3.41 -0.22 0.27 -0.08 0
74495 3mcx_A_78 1.6 VIII AB -77 -38 -147 146 ADVQARITKGDG SSEE-SS---TT 6.81 3.39 -0.20 0.33 -0.13 0
13212 5exe_A_384 1.1 VIII AB -87 -37 -138 146 KTGKVEQTSYWI HH---SSSEEET 6.51 3.67 -0.13 0.35 -0.12 0
78262 4miy_A_98 2.1 IV AB -61 -31 -174 159 FTEKPLATTLEG EE-S-S-SSHHH 6.34 3.43 -0.30 0.33 -0.13 0
43426 4tpn_A_293 2.4 VIII AB -69 -25 -146 154 YNASNQFTWRVA HS-SS--EEEEE 6.88 3.44 -0.20 0.31 -0.10 0
105147 4e4r_A_91 0.5 VIII AB -75 -13 -131 134 ERRKGKTTEEQA HHTTTSS-HHHH 6.69 3.39 -0.18 0.48 -0.03 0
54804 4eoj_B_284 0.6 VIII AB -69 -36 -125 159 YITDDTYTKKQV HHTTTSS-HHHH 6.86 3.33 -0.21 0.37 -0.04 0
73096 4eby_A_123 0.7 IV AB -78 -18 -130 177 SNYANLTTMESL TTTTTSS-HHHH 6.37 3.53 -0.28 0.34 -0.02 0
52510 4e15_A_121 1.4 VIII AB -59 -41 -111 148 YNLCPQVTLEQL ---TTTS-HHHH 5.87 3.67 -0.25 0.42 -0.01 0
55650 2eab_A_84 1.3 IV AB -82 -13 -155 175 TGGPGSSTSYNG --STTSSSS--T 6.59 3.57 -0.24 0.21 -0.08 0
92018 4pfy_A_314 0.9 IV AB -82 -11 -124 168 RAYENMVTAANP HTTTTSS-B--T 6.79 3.37 -0.22 0.37 0.01 0
79315 3v4c_A_467 2.1 IV AB -67 -40 -153 168 GGPYPASTNFGA --TTTTBS-TT- 6.99 3.41 -0.25 0.32 -0.11 0
112502 4oh7_A_272 0.4 VIII AB -74 -18 -150 146 AHRGEEVTDEVI --BTTTB-HHHH 6.85 3.45 -0.19 0.33 -0.07 0
18028 3ge3_A_21 2.0 IV DB -99 -19 -133 164 NWTPSYVTEEQL ----SSS-HHHH 6.40 3.71 -0.17 0.33 -0.09 0
49955 5fq4_A_242 2.0 VIII AB -77 -16 -131 161 NTNAVGLTGNHC HHHHTSS---EE 6.69 3.47 -0.22 0.33 -0.06 0
98224 4igi_A_1070 1.9 IV DB -91 10 -151 170 LVQYSDRTRPEF EEEESSSEEEEE 6.39 3.48 -0.28 0.30 -0.05 0
75728 2q9u_A_139 2.1 VIII AP -63 -31 -102 157 TLKIGKRTLKFI -EE-SS-EEEEE 7.00 3.11 -0.21 0.49 0.04 0
50086 4k4k_A_174 0.9 VIII AB -70 -29 -138 160 KADGTSLTDADL EE-SSS--GGGG 6.84 3.42 -0.24 0.32 -0.05 0
64842 2ofk_A_136 0.7 IV DB -108 -6 -159 157 LDKIPTSTPASD GGGS-S--HHHH 6.86 3.53 -0.19 0.28 -0.12 0
12415 3was_A_39 1.2 VIII AB -79 -27 -149 143 RYRYPVLTAAHT EBSS-SB-GGGS 6.84 3.43 -0.22 0.35 -0.15 0
55038 1o98_A_245 1.4 IV AB -57 -41 -172 137 EDGRPVATIQDN TTSSBS----TT 6.84 3.32 -0.26 0.36 -0.20 0
17654 1yc9_A_362 2.0 IV NB -115 -30 -159 124 AIYLPLFTGGRL EEE-----TTHH 6.91 3.50 -0.10 0.30 -0.13 0
85926 3a72_A_197 2.0 IV AB -62 -48 -154 151 DNATYGQTMVHQ -TTT-S-EEEEE 6.65 3.45 -0.26 0.36 -0.17 0
46192 3er6_A_72 2.2 VIII AB -87 -24 -134 148 QWQSFDFTNILI -GGG-S--SEEE 6.95 3.38 -0.21 0.37 -0.11 0
86439 3vwn_X_368 2.6 VIII AB -61 -43 -152 133 SSWPDPYTEHWH E--SSS--HHHH 6.86 3.37 -0.22 0.33 -0.21 0
85384 4ufq_A_38 1.6 VIII AB -73 -37 -153 139 SETNHAATIYQA -SS--S------ 6.96 3.34 -0.20 0.32 -0.16 0
63577 2p0w_A_53 1.6 VIII AB -90 -25 -135 132 RTFFPEYTHQLF GEE--S--HHHH 6.70 3.42 -0.21 0.43 -0.13 0
1261 1yar_O_221 2.1 VIII AB -69 -19 -128 141 KKLIQPRTGSDH HHHH-S-----T 6.87 3.35 -0.16 0.48 0.04 0
20733 2p9w_A_37 2.1 VIII AB -63 -31 -134 160 KNLTPEDTIYDR TT---S-EEEET 6.40 3.50 -0.26 0.33 -0.05 0
19202 4z80_A_179 2.2 VIII AB -78 -33 -141 147 ANVMPHSTTSCA -S-SSS--TT-S 6.74 3.45 -0.21 0.34 -0.13 0
18525 2q66_A_12 0.7 VIII AB -69 -42 -152 136 GITGPVSTVGAT SSS--S------ 6.56 3.45 -0.26 0.33 -0.17 0
44614 3o0q_A_36 1.0 VIII DB -98 -16 -132 142 LDGNYLETKWED TTS-BS--SHHH 6.51 3.45 -0.21 0.45 -0.11 0
87488 2j8g_A_326 1.1 VIII AB -76 -42 -148 157 LADNPSFTKEPD B-SS-SBSS--- 6.95 3.37 -0.23 0.30 -0.13 0
110495 2zyr_A_232 1.2 IV AB -63 -27 -152 157 NGYKPATTDIVP HSS--S--S--- 6.90 3.33 -0.22 0.28 -0.07 0
50217 5htx_A_413 1.5 VIII AB -74 -39 -127 147 PVKKAVHTEASY -EEE-S---HHH 6.58 3.55 -0.17 0.39 -0.09 0
51099 3na5_A_404 1.7 VIII NB -105 -52 -143 130 FDGTPWSTDKDG TTS--S-SS--H 6.67 3.57 -0.12 0.33 -0.13 0
23761 1nr0_A_526 0.9 IV AB -77 -27 -158 167 NNFELAHTNSWT GTTEES------ 6.63 3.48 -0.23 0.27 -0.11 0
56473 5caj_A_17 1.1 VIII AB -76 -29 -141 151 YQSPLTTTRYTL SSS--S----B- 6.32 3.64 -0.24 0.33 -0.13 0
11270 3umo_A_248 1.5 VIII AB -88 -40 -163 123 PPVKSQSTVGAG -S---S--TTHH 6.62 3.53 -0.18 0.34 -0.15 0
6402 5v8s_A_83 1.5 IV AB -72 -22 -167 136 THIIVNHTEPDD -EEE-S---HHH 6.43 3.50 -0.21 0.30 -0.12 0
70771 1wb4_A_933 1.9 IV AB -72 -31 -143 171 YSTYAESTTPQG S--S-SS-SHHH 6.35 3.60 -0.27 0.25 -0.09 0
98461 1z2n_X_22 1.8 VIII AB -57 -54 -142 165 QKTLFISTKNHT HHHHBSS--SEE 6.23 3.60 -0.27 0.33 -0.14 0
40169 5iuc_A_495 1.0 VIII AB -67 -35 -152 138 AAGNVNATQTEM TTS-BS--HHHH 6.76 3.39 -0.22 0.33 -0.16 0
3386 3zss_A_475 1.1 IV AB -71 -29 -143 165 RPNFFANTPDIL -EEEES-BTTB- 6.68 3.55 -0.24 0.27 -0.10 0
34116 1r7a_A_285 1.3 IV NB -120 -65 -106 154 NAVTVLDTHDGI SEEE-S--SS-B 6.88 3.42 -0.15 0.37 -0.13 0
65524 5dwa_A_248 1.5 VIII AB -59 -33 -126 143 TSPSNATTPSGR S----S--SSS- 6.66 3.41 -0.20 0.40 -0.02 0
86080 3qho_A_254 1.7 IV NB -96 -58 -106 157 FVEGTQFTNPKT EE--BS---HHH 6.47 3.66 -0.11 0.38 -0.13 0
36973 2wy3_B_50 1.0 VIII AB -64 -32 -155 147 ASIHPGETWTLH GGS--SSEEEEE 6.32 3.55 -0.24 0.29 -0.12 0
21353 5e75_A_509 1.3 VIII AB -56 -43 -138 133 YYTAPEFTINIE GSB--S------ 6.41 3.48 -0.24 0.37 -0.20 0
49909 1ofl_A_311 1.4 VIII AB -68 -21 -150 140 NYFELSETIKSR -EEEESSB-GGG 6.36 3.60 -0.21 0.34 -0.09 0
58909 4xt6_A_226 2.0 VIII AB -72 -15 -125 142 GLARRIVTGPGQ SSS--S--SS-- 6.49 3.42 -0.22 0.49 -0.00 0
65182 4y1w_A_81 2.0 VIII AB -78 -27 -150 125 DYLRATDTSTWG HHHH-S--TT-T 6.37 3.50 -0.24 0.38 -0.16 0
75888 1r89_A_380 1.3 IV DB -91 0 -151 153 AFEMRKFTTPEE EEEE-S-SSHHH 6.81 3.44 -0.21 0.34 -0.09 0
78104 4z0v_A_547 1.7 IV AB -53 -37 -167 155 ACGEPAYTNYVG TT---S-SEEET 6.81 3.40 -0.28 0.33 -0.16 0
94647 2dxu_A_19 1.7 VIII AB -70 -57 -160 127 YFQEITSTNEFA EESSBS-HHHHH 6.75 3.42 -0.19 0.40 -0.16 0
23446 4jqp_A_176 1.8 VIII AB -72 -42 -131 156 LRVIHVTTHIGI EEEEES--SS-H 6.37 3.57 -0.25 0.34 -0.12 0
47308 4xot_A_610 1.9 VIII AB -62 -41 -133 134 WTKSMSNTAVFE T-TT-S-SEEET 6.32 3.53 -0.21 0.39 -0.11 0
97973 4k7j_A_309 1.2 VIII AB -72 -27 -159 140 APESLKNTLGVC -----S---STT 5.96 3.58 -0.29 0.31 -0.15 0
62848 4pz0_A_40 1.7 IV AB -61 -39 -163 159 FAFIPKLTGVGF EEEE-SSSSSHH 6.41 3.48 -0.30 0.35 -0.16 0
67360 3gk7_A_79 1.1 IV DB -102 -1 -172 122 FTFEGWFTSPST EEEEESS--TTT 5.61 3.75 -0.27 0.31 -0.19 0
4378 1eex_G_72 1.0 VIII AB -67 -22 -130 139 NVLSNKVTAQDM HHHTTSS-TTT- 5.78 3.62 -0.29 0.42 -0.07 0
13949 2j9o_A_78 1.3 VIII AB -87 -28 -129 146 AVDEGRVTLQER HHHTTSS-SS-E 6.57 3.61 -0.19 0.39 -0.12 0
64768 1u14_A_146 1.4 VIII AB -73 -27 -129 160 VFTAGKLTRSSV HHTTTSS-HHHH 6.31 3.59 -0.25 0.34 -0.08 0
23959 2xe4_A_564 1.4 IV AB -73 -31 -156 -172 LVNAKLTTPSQL HHHTTS--GGGE 6.97 3.38 -0.24 0.28 -0.09 0
110727 3q64_A_128 1.6 IV AB -77 -16 -157 169 AFLDGHDTPSTR EEETTSS-HHHH 6.98 3.48 -0.19 0.23 -0.04 0
31233 5t3b_A_234 1.7 IV Dp -118 22 130 131 DNEIDFSTWGNR -SS--SSBTTB- 6.42 3.62 -0.21 0.36 -0.14 0
28116 4mno_A_98 1.3 IV AB -73 -29 -136 169 LLRKGKITQEFL HHHTTSS-HHHH 6.41 3.59 -0.23 0.29 -0.07 0
108714 1uh4_A_155 1.7 IV AB -50 -40 -161 169 DVQTGSYTYNGT ---TTS-EETTE 6.86 3.38 -0.23 0.32 -0.08 0
24198 1ei5_A_200 1.9 VIII AB -76 -16 -150 148 TALFDECTGYEG GGG--SS--EEE 6.50 3.53 -0.20 0.32 -0.07 0
37084 3pt1_A_274 1.0 VIII AB -77 -13 -145 154 LLQSGLATKCIF HHHHTS-SEEEE 6.59 3.50 -0.24 0.33 -0.08 0
20159 5ul3_A_711 1.0 VIII AB -71 -34 -120 156 DLNKGIITDSED HHHTTSS---TT 6.20 3.61 -0.22 0.42 -0.05 0
3426 5xav_A_421 2.0 VIII AB -68 -31 -122 158 LITPGAITLCGV GGSTTSSEETTE 6.50 3.56 -0.23 0.37 -0.01 0
22138 5giz_A_58 1.8 VIII AB -66 -43 -141 135 FALGGAETPRYR HHHH-SB-SSEE 6.83 3.54 -0.16 0.36 -0.15 0
53007 3i2k_A_455 2.6 VIII DB -85 -5 -158 150 VSSSAVDTDFTA EEESSSS-EEEE 6.56 3.56 -0.23 0.31 -0.11 0
373 2cdu_A_368 2.2 IV AB -61 -26 -153 154 RPEFMLSTDEVL S-TTBS---EEE 6.60 3.49 -0.26 0.28 -0.11 0
38862 3wnd_A_28 2.4 VIII DB -86 -5 -130 158 KGTSSDITMYNN EEEESSSEEEEE 6.29 3.55 -0.25 0.42 -0.04 0
74358 4o4f_A_103 1.6 VIII DB -88 -3 -148 153 DLKIGTQTWDPE EEEESS-S--TT 6.61 3.53 -0.22 0.34 -0.07 0
111858 2fnu_A_183 1.3 VIII AB -48 -42 -130 163 FHAIKPITTAEG --TTSSS--SS- 6.00 3.78 -0.21 0.28 0.02 0
105591 1o69_A_184 1.6 VIII AB -42 -39 -134 153 YNGNKIITTSGG --TTSSS--SS- 5.89 3.62 -0.25 0.32 0.09 0
36610 5dhd_A_636 1.9 IV XB 132 -45 -118 161 KVTDWGNTEYDV EEEESSSEEEEE 6.30 3.53 -0.15 0.53 -0.16 0
51142 3s0a_A_109 0.6 VIII NB -89 -54 -144 134 QCVSKYKTMKSV HHHHTT--HHHH 6.88 3.55 -0.12 0.35 -0.16 0
17731 1kwf_A_208 2.2 IV AB -87 -13 -169 119 RWGGSSVTNPSY SS-BTTBB-GGG 6.82 3.46 -0.17 0.33 -0.19 0
97620 2dka_A_458 1.3 IV AB -55 -40 -153 158 SDWDNEYTDLPN HHHHTTS----E 6.42 3.52 -0.26 0.32 -0.11 0
91514 5by8_A_70 1.2 VIII AB -78 -53 -156 133 NIHPFESTESLE ---TTT--HHHH 6.64 3.44 -0.19 0.37 -0.15 0
72096 1eex_B_73 1.4 VIII AB -67 -24 -120 145 PAFGLAQTVNIV TTBTTTB-B-TT 6.16 3.44 -0.22 0.55 0.05 0
105280 4yzz_A_105 1.3 IV AB -86 -40 -172 121 TMYIGKNTALTF GGGTTT-GGGHH 6.90 3.39 -0.16 0.36 -0.14 0
14686 4fch_A_187 1.6 IV AB -90 -33 -166 131 IVGSMLDTDWKV EEETTT-TTS-- 6.80 3.47 -0.15 0.32 -0.14 0
13707 2x8t_A_413 2.7 IV AB -70 -6 -146 166 HTISGEMTGTWR SEEEESS-EEEE 6.54 3.54 -0.22 0.28 0.03 0
81400 2rld_A_89 0.6 VIII AB -88 -17 -127 155 LIRTEYITREQY HHHTTSS-HHHH 6.69 3.49 -0.21 0.40 -0.05 0
56580 4exk_A_353 0.7 IV AB -83 -16 -154 157 NAASGRQTVDAA HHHTTSS-HHHH 6.67 3.63 -0.28 0.29 -0.12 0
34740 4r9f_A_400 0.7 VIII AB -77 -25 -146 158 AAQYKKSTPEQA HHHTTSS-HHHH 6.64 3.51 -0.24 0.29 -0.12 0
81919 5d2e_A_18 0.8 VIII AB -61 -27 -135 136 KVKECSLTPEEG HHHTTSS-HHHH 6.56 3.35 -0.28 0.39 -0.11 0
66427 3zt9_A_165 1.2 VIII AB -72 -22 -104 151 LLANYRLTAEEL GGG-TTS-HHHH 6.19 3.46 -0.23 0.59 0.04 0
18194 5b4s_A_23 1.2 VIII AB -68 -34 -113 159 FDKGRKLTVNQW BSTT--S-HHHH 6.47 3.52 -0.19 0.42 0.01 0
52906 5my5_A_71 1.6 VIII AB -82 -22 -128 158 FVDAGFGTARTQ HHHTTSBS--EE 6.86 3.44 -0.18 0.40 -0.03 0
20581 3oaj_A_276 1.7 IV DB -122 -2 -141 156 PGFAHDETQETM S-TTSSS-TTTT 6.67 3.57 -0.19 0.35 -0.12 0
64253 5tsq_A_38 2.1 IV AB -53 -39 -140 -180 TTVVGNQTLEKV EE-SSSS-HHHH 6.41 3.51 -0.26 0.26 -0.03 0
33960 3bvx_A_95 2.2 IV AB -93 -17 -127 167 NDPGWIQTFEEY --SSSSS-HHHH 6.48 3.61 -0.20 0.36 -0.06 0
63392 2wvx_A_529 2.8 IV AP -67 -26 -113 179 LKWGDAFTEGNS TB-STTSSSS-H 6.90 3.27 -0.21 0.35 0.04 0
10227 4ac1_X_201 1.7 IV AB -73 -20 -145 177 GFGSMADTSDYD TS--SSSSHHHH 6.53 3.61 -0.24 0.25 -0.03 0
31965 5f4w_A_98 1.8 IV AB -80 -7 -134 170 TGYDATTTSRLP SS--TTSS---- 6.94 3.32 -0.20 0.39 0.03 0
62736 3myx_A_162 2.3 IV DB -91 3 -166 177 LFEDTASTLRIG EEE-SSSS-EEE 6.84 3.51 -0.21 0.16 -0.07 0
20169 5ul3_A_406 1.9 VIII AP -74 -9 -105 165 SVYEPKRTKEWN GT--TTS-HHHH 6.93 3.12 -0.18 0.65 0.12 0
109493 5fkt_A_659 2.5 IV DP -94 3 -126 -112 AGGSSTTTYGLW EEE-TTS-EEEE 6.59 3.55 -0.11 0.37 0.12 0
28925 4oxx_A_95 2.1 VIII AB -56 -32 -101 155 GLGDSYYTTFNQ EEE-TTSSSTTH 6.79 3.11 -0.24 0.52 0.05 0
12865 4fke_A_528 1.0 IV AB -74 -10 -164 -177 TSIRLPDTVRAI SS---SS-HHHH 6.91 3.43 -0.23 0.20 -0.04 0
73684 4cdj_A_135 1.0 VIII AB -67 -34 -145 157 LDPKPCLTVLGK G-SS-SS-HHHH 6.82 3.47 -0.21 0.29 -0.11 0
108619 4jzz_A_245 1.2 VIII AB -75 -32 -146 157 NVSTVQCTHGIR SEEEESB---B- 6.85 3.41 -0.23 0.29 -0.12 0
6828 4yt2_A_179 1.3 VIII AB -85 -14 -145 157 TDGKELATEEQI TT---SS-HHHH 6.61 3.51 -0.23 0.32 -0.08 0
17412 2zex_A_74 1.7 IV AP -85 -43 -106 -139 FDSKPAGTFDVV ESS--SS-EEEE 6.71 3.47 -0.19 0.34 -0.02 0
92588 3s8s_A_142 0.8 VIII AB -75 -33 -125 152 ARVLFTSTRGAK EEEEESSHHHHH 6.99 3.30 -0.19 0.38 -0.05 0
12703 5jov_A_849 1.2 IV AB -87 -18 -166 160 FGDDIQYTDEKP E----SSTTSS- 7.00 3.46 -0.18 0.25 -0.10 0
10740 3qxc_A_6 1.4 IV AB -65 -29 -163 151 LFISATNTNAGK EEEEESSTTSSH 6.89 3.25 -0.24 0.28 -0.12 0
71753 2oln_A_34 0.8 IV AP -70 -30 -108 -122 VLVLERHTFFNE EEEEESS-TT-S 6.44 3.51 -0.16 0.36 0.16 0
98645 1ryi_A_34 1.1 IV AP -59 -40 -118 -127 TALFESGTMGGR EEEE-SSSTTTT 6.62 3.52 -0.18 0.31 0.10 0
16338 3k11_A_40 1.1 IV AP -85 -43 -100 -166 LQPAYQGTYGDL S----SS--S-- 6.62 3.49 -0.19 0.38 -0.01 0
13875 4ku0_A_538 1.5 IV AP -76 -32 -93 -141 LSWKVAGTVDWD EEEEESS-EEEE 6.97 3.34 -0.16 0.42 0.12 0
34126 1r7a_A_154 2.1 IV AP -76 -33 -114 -116 RLVWVSFTPQQV EEEE-SSSTTEE 6.61 3.50 -0.17 0.35 0.08 0
1955 1z70_X_1275 2.2 IV AP -79 -53 -87 -144 GEDGFQGTAPVD -TTS-SS---TT 6.25 3.62 -0.16 0.36 -0.01 0
29570 3og2_A_626 1.3 IV DB -106 -11 -145 163 VQADFNVTTPLE EEEEBSS---EE 6.82 3.48 -0.17 0.30 -0.10 0
15530 3w6w_A_230 1.6 IV AB -96 -34 -113 150 PFDKCQSTTKYG SGGG-SB--BS- 6.88 3.32 -0.19 0.43 -0.10 0
32473 2xfr_A_481 0.8 VIII AB -66 -38 -134 149 PFPFQEHTDLPV -----SS-SS-- 6.77 3.42 -0.21 0.35 -0.10 0
96773 1mrz_A_52 1.0 IV AB -74 -24 -160 165 DFPGLLMTVESR T---BSS-HHHH 6.99 3.37 -0.23 0.25 -0.08 0
101855 2o2g_A_70 1.1 VIII AB -74 -21 -109 155 TLLIDLLTQEEE EEEE-SS-HHHH 6.86 3.24 -0.18 0.54 0.05 0
91957 3g7q_A_348 1.3 IV DB -83 12 -135 164 WFKDLPITTELL E-TT-SS-HHHH 6.99 3.38 -0.17 0.42 0.09 0
101556 4nhe_A_273 0.7 VIII AB -60 -35 -131 157 PIQQAPHTMTEE -----SSTTHHH 6.77 3.45 -0.20 0.37 0.02 0
10010 2xzi_A_95 0.7 IV AB -62 -36 -127 169 VYKRTKTTANNG EEEEBSSSSSTT 6.90 3.38 -0.19 0.32 0.02 0
21922 3cai_A_46 1.3 IV AB -54 -40 -148 -178 FRRSGASTVGAH HHH--SSS-SSS 6.99 3.36 -0.23 0.24 -0.02 0
49757 5tee_A_469 0.4 IV AB -70 -29 -125 -178 SSTYHKKTVYTL -SS--SS-EEEE 6.99 3.35 -0.22 0.32 0.02 0
48797 1dy5_A_75 1.1 IV AP -71 -44 -86 159 NCYQSYSTMSIT -EEE-SSBEEEE 6.73 3.30 -0.16 0.51 0.04 0
90813 4ccd_A_528 1.2 VIII AB -86 -16 -114 148 WAADASSTISVI SS---SSEEEEE 6.69 3.32 -0.19 0.57 -0.01 0
67185 4pqq_A_76 1.5 VIII AB -69 -12 -141 161 TFGKYEKTHVCN EE---SS--TTS 6.88 3.39 -0.22 0.33 0.03 0
100177 5xlj_A_184 0.8 VIII AB -72 -19 -121 144 LAVSSSTTGENN EEEEESS-STT- 6.67 3.30 -0.21 0.51 0.01 0
36525 3vsv_A_208 1.3 IV DB -97 -3 -119 152 SCFYPVETGIDY -SB--SSS---- 6.87 3.28 -0.17 0.55 -0.01 0
73300 4leb_A_17 1.8 IV AP -81 -13 -140 -122 LTWSNAATYNYK EEE--SS--SS- 6.51 3.51 -0.20 0.27 0.06 0
86121 3hn3_A_607 0.5 VIII AB -85 -18 -111 151 GNKKGIFTRQRQ SB---SB-TTS- 6.09 3.49 -0.27 0.52 -0.08 0
64714 3cl5_A_112 0.9 IV AB -65 -33 -139 169 YHAFKCTTSGSN GG---SSTT--H 6.58 3.53 -0.22 0.29 -0.02 0
57029 4w7l_A_122 1.2 VIII AB -78 -11 -134 153 IILASDTTDLID EEEEESSHHHHH 6.85 3.31 -0.21 0.38 -0.02 0
97941 1tvf_A_152 1.5 IV AB -59 -40 -151 173 AKKVSKNTSDFV HHHHSSSHHHHH 6.83 3.41 -0.22 0.29 -0.06 0
82919 5mfa_A_401 1.7 VIII AB -66 -25 -120 146 PCFLAGDTRSSE --B--SSTTTTS 6.49 3.43 -0.20 0.53 0.05 0
60176 3pt5_A_47 1.9 VIII AB -78 -17 -137 162 QLARFAHTHPGG EE--SSBSSTTS 6.67 3.46 -0.20 0.36 -0.01 0
54171 3vsn_A_449 2.6 IV DP -90 8 -134 -122 IPSGTTSTQSFR ---SSSS-EEE- 6.35 3.60 -0.25 0.33 0.11 0
14988 4nyh_A_105 0.5 VIII AB -79 -4 -127 144 KPEDLPETVPYL -GGG-SS---EE 6.95 3.33 -0.16 0.48 0.07 0
21955 4afk_A_95 1.3 IV AB -76 -17 -161 -178 QAVAATDTIETD EEEEESS----- 6.70 3.49 -0.22 0.21 -0.05 0
14289 5v1y_A_111 1.6 VIII AB -60 -34 -114 162 FWMQEPKTDQDE EEE-SSSSTTHH 6.95 3.35 -0.16 0.44 0.10 0
50515 5a57_A_891 0.9 IV DB -83 7 -136 164 TKYFQHFTVSKW HHHHTTSEEEEE 6.90 3.31 -0.23 0.40 0.02 0
95038 5fmu_A_51 1.0 VIII AB -65 -28 -125 146 GFMKGLYTDAEM -TTTTSS-TTTT 6.86 3.30 -0.20 0.41 -0.01 0
60301 3vx0_A_262 0.8 IV AB -67 -16 -149 168 LLNAFKSTSGSM HHHHHSSTT--H 6.78 3.44 -0.25 0.27 -0.01 0
61925 5ep2_A_217 1.5 IV AB -61 -36 -151 166 GHVKGAFTGAST EE-TTSSTT--S 6.61 3.50 -0.23 0.27 -0.04 0
7765 4mfi_A_89 1.6 IV AP -66 -33 -119 -155 FNAALIGTDVPD HHHHTTSS---S 6.93 3.36 -0.22 0.31 0.05 0
56009 5a61_A_179 1.7 VIII AB -70 -19 -112 151 ANQLVSQTGLRQ HHHHTTSSSEEE 6.56 3.37 -0.21 0.60 0.04 0
107758 2yfo_A_589 1.9 IV Gb -86 61 165 -152 GVTAMAGTFGYE HHHHTTTT--EE 6.65 3.49 -0.23 0.29 0.12 0
96891 2qcu_A_38 1.7 IV AP -71 -15 -117 -116 AQDLACATSSAS SSSTT-SGGGSS 6.93 3.32 -0.18 0.38 0.18 0
33787 4hly_A_69 2.4 IV AP -74 3 -125 -111 VDASFKGTRGRR --GGGSSSHHHH 6.52 3.50 -0.21 0.36 0.23 0
