103338 1o8x_A_108 0.4 VIb BcisP -125 154 -76 151 FNVESIPTLIGV TT--SSSEEEEE 6.94 3.81 0.01 0.45 0.15 0
38677 3hz8_A_175 0.4 VIb BcisP -135 148 -75 149 FQIDGVPTVIVG TT--SSSEEEET 6.58 3.99 0.03 0.46 -0.01 0
57517 3h79_A_92 0.5 VIb BcisP -136 149 -77 152 MRVSGFPTMRYY TT--SSSEEEEE 6.61 3.99 0.05 0.42 -0.02 0
103303 1z6m_A_146 0.5 VIb BcisP -124 153 -75 141 AHIQFVPTIIIG HT--SS-EEEET 6.52 3.94 0.03 0.48 -0.11 0
91369 4oo4_A_73 0.6 VIb BcisP -134 136 -83 150 SEVKSMPTFQFF HT--BSSEEEEE 6.17 4.09 -0.00 0.45 -0.14 0
24830 4jr6_A_213 0.6 VIb BcisP -131 151 -76 151 VNVHATPTVRVN HT--SSSEEEET 6.49 4.03 0.05 0.45 0.01 0
86662 2imf_A_167 0.6 VIb BcisP -137 152 -76 142 RKVFGVPTMFLG TT--SSSEEEET 6.57 3.93 0.04 0.45 -0.03 0
903 3kp8_A_251 0.6 VIb BcisP -121 135 -78 157 AGITSYPTWIIN TT--SSSEEEET 6.18 4.15 0.02 0.47 0.01 0
41816 4n30_A_182 0.7 VIb BcisP -127 144 -79 146 KGITATPTLVIR TT--SSSEEEEE 6.50 4.03 0.04 0.44 -0.02 0
80794 3cxg_A_92 0.8 VIb BcisP -128 129 -81 160 HNIKALPTFEFY TT--SSSEEEEE 6.20 4.12 -0.00 0.48 0.07 0
64167 2rem_A_156 0.9 VIb BcisP -140 157 -71 150 VRPVGTPTIVVN H--SSSSEEEET 6.86 3.84 0.05 0.40 0.07 0
82020 4z7x_A_267 0.7 VIb BcisP -127 147 -68 159 RELEGTPTVFFK TT--SSSEEEET 6.47 4.07 0.02 0.46 0.06 0
38343 1jfu_A_143 1.0 VIb BcisP -134 137 -74 164 GRALGMPTSVLV T--SSSSEEEEE 6.46 4.07 0.01 0.43 0.11 0
79886 4ipi_A_185 1.1 VIb ZcisP -120 94 -89 165 HCTNIYPTPYED E----SS--GGG 4.83 4.49 -0.16 0.45 -0.06 0
81006 3vs8_A_397 1.3 IV XcisP 143 -62 -58 152 LGFGPGLTAAGL EEEETTTEEEEE 5.78 3.98 -0.05 0.85 0.04 0
12903 3wxy_A_377 1.7 IV XcisP 153 -66 -75 135 AAIGHGITLETA EEEETTTEEEEE 5.62 4.09 0.00 0.82 0.15 0
49191 3t6s_A_327 1.7 IV XcisB 153 -65 -107 134 FGGGAGYTCTAA E--BTTTEEEEE 6.57 3.75 -0.04 0.80 -0.06 0
92000 3ein_A_52 0.5 VIb BcisP -115 146 -77 151 NPQHTIPTLVDN -TT--S-EEEET 6.81 3.78 -0.04 0.52 0.16 0
101099 3nzn_A_77 0.6 VIb BcisP -138 138 -78 153 NPSVSFPTTIIN -TT--S-EEEET 6.66 4.06 0.04 0.39 0.07 0
105316 5hfi_A_176 1.1 VIb BcisP -122 150 -75 149 LGAAGFPTFALE TT--SSSEEEEE 6.85 3.92 0.03 0.42 0.18 0
101991 3lwa_A_170 0.9 VIb BcisP -130 121 -78 153 VPASVIPTTIVL --TT--SEEEEE 6.02 4.21 -0.05 0.50 -0.08 0
18350 3eoj_A_43 0.1 VIb BcisP -139 152 -65 155 AAIPLLPTDCNI -S-SSSSEEEEE 6.83 3.92 0.05 0.41 0.09 0
108505 4pq0_A_406 0.5 IV ZcisP -118 90 -89 -176 FFFLTKPTLYIP EEEESSS-EEEE 4.63 4.55 -0.10 0.42 -0.35 0
40247 3nje_A_156 1.3 VIb BcisP -143 143 -77 170 NWQGHWPTDEGS -EESSSS-S-S- 6.95 3.93 0.01 0.45 -0.00 0
38753 3ife_A_25 1.5 VIb BcisP -129 112 -70 160 EDSHTVPTTPGQ TT--SSSSSHHH 4.88 4.40 -0.06 0.50 0.14 0
56828 4e0a_A_36 2.1 VIb BcisP -128 115 -83 178 IFRSNEPTLNPS TB---SSSS-HH 5.53 4.26 -0.09 0.49 0.03 0
44203 3hs3_A_271 0.3 VIb BcisP -136 108 -70 158 LCGYTSPTISTI GGGTSSS--BEE 4.88 4.46 -0.06 0.49 -0.02 0
106619 3n75_A_304 0.6 VIb BcisP -137 124 -75 174 HAVITNSTYDGL EEEEESS-TTSE 6.18 4.12 -0.01 0.48 -0.13 0
65828 4cvb_A_430 1.7 IV BcisP -127 132 -84 -108 KTYNYCPTFLGG --EEESS-TT-S 6.81 3.77 -0.03 0.59 0.12 0
76339 2v3i_A_380 1.1 VIb BcisP -148 133 -58 160 WLDSTYPTNETS HHHSBSSTT--T 5.42 4.33 0.11 0.37 0.14 0
96462 5fav_A_428 1.0 VIb BcisP -123 156 -71 159 HVRIYQPTLATR HH--S-SEEEEE 6.66 3.90 0.04 0.49 0.04 0
30843 4cfs_A_220 0.9 VIb BcisP -133 156 -69 159 RHIFSQPTEPEY EEEE----SHHH 6.68 3.98 0.09 0.38 0.18 0
47148 3rju_A_130 1.4 VIb BcisP -139 139 -79 156 RPVFTWPTKDNR --TT-SS-HHHH 6.77 4.00 0.03 0.46 -0.01 0
65115 3lfu_A_412 0.4 VIb BcisP -135 117 -64 168 ERVVNTPTRGIG HHHTTSS----- 4.65 4.50 -0.01 0.48 0.12 0
72785 5by7_A_78 0.6 VIb BcisP -152 149 -64 162 TPDRLMPTTATV S-SSSBS-HHHH 6.35 4.10 0.06 0.44 -0.03 0
26717 3feu_A_149 0.9 VIb BcisP -127 152 -76 153 SGISSVPTFVVN HT--SSSEEEET 6.86 3.86 0.05 0.44 0.15 0
19053 3qft_A_365 1.5 VIb BcisP -134 155 -74 152 KHPFPCPTSYRT --SSSSSEEHHH 6.89 3.89 0.05 0.42 0.13 0
49266 1zjc_A_248 0.3 VIb BcisP -128 113 -75 168 AFIANIPTEEVF EEESBSS---EE 5.65 4.17 -0.09 0.52 0.03 0
4755 2qru_A_22 1.0 VIb BcisP -128 146 -64 162 YPTTTEPTNYVV E--SSSS-EEEE 6.56 3.97 0.01 0.48 0.15 0
62803 2yvs_A_131 1.1 VIb BcisP -143 113 -71 153 SFPRLVPTPRFL S----SS--SEE 4.73 4.45 0.03 0.50 -0.17 0
43612 2d5m_A_11 0.4 VIb BcisP -140 149 -71 163 ARTLAYPTPLFL S----S-EE-EE 6.94 3.91 0.03 0.44 -0.13 0
112853 4f01_A_417 0.3 VIb BcisP -116 146 -76 154 AKNTTIPTKHSQ -TT-BSSEEEEE 6.78 3.86 0.01 0.46 0.30 0
29957 2xlk_A_92 1.5 VIb BcisP -157 145 -79 159 PAVVPHPTPYRQ -EE--BS--EE- 6.82 3.99 0.04 0.44 -0.18 0
66240 5ab4_A_71 0.8 VIb BcisP -109 148 -74 163 TVAGLFPTKGKF HHTT--S-SS-- 6.65 3.93 0.02 0.43 0.33 0
31088 3oa8_A_215 0.6 VIb BcisP -119 143 -70 161 LTMATWPTYRVS HHHTT-SEEEGG 6.43 3.94 -0.01 0.50 0.26 0
57281 1w99_A_412 0.8 VIb BcisP -148 130 -73 168 YNSNITPTPEGL EE---SS--SSE 6.10 4.22 0.04 0.44 -0.01 0
94094 4ljr_A_107 1.3 VIb BcisP -148 133 -80 153 SLDFIYPTNNHK -TTB-SSGGGHH 6.00 4.23 0.05 0.47 -0.14 0
72549 4ydd_B_106 0.3 VIb BcisP -120 130 -78 172 GRVRPSPTPRSA S----BS-SS-- 6.47 3.99 -0.07 0.53 0.13 0
47049 3lgd_A_123 0.6 IV BcisP -147 122 -76 -175 QFRFAHPTPRPS EEEE-SS----- 6.08 4.20 -0.02 0.48 -0.11 0
99658 1yac_A_112 0.9 VIb BcisP -143 137 -87 149 LIIAGVVTEVCV EEEEEBSIIIII 6.37 4.12 0.05 0.45 -0.17 0
4099 4uu3_A_126 0.3 VIb BcisP -123 156 -74 143 DAGPAYPTEVID HHS---S-EEEE 6.82 3.93 0.07 0.36 0.24 0
81065 5fxs_A_1072 0.2 VIb BcisP -131 149 -71 153 VVSQGQPTLVIM EE-SSSSEEEEE 6.72 3.98 0.04 0.41 0.20 0
16480 1wvh_A_1637 0.2 VIb BcisP -132 118 -71 164 ETLVADPTPTAT HHHT-SS----E 5.40 4.37 0.00 0.47 0.16 0
