63784 5gqu_A_216 0.5 IV cisDP -94 8 -75 153 YREVRPNTASIV -B--TT---EE- 6.50 2.66 -0.26 0.69 -0.10 0
71131 1oao_C_130 1.1 IV cisDP -89 5 -57 147 PLLPPPWTGFIG -SS-TT--SS-- 6.82 2.39 -0.25 0.69 -0.09 0
34094 5aoz_A_444 1.5 IV cisDP -93 8 -65 156 FKVDSPLTIEEI EEE-TT-EEEEE 6.80 2.52 -0.27 0.63 -0.09 0
45623 4d0q_A_69 0.3 IV cisDP -94 6 -59 144 EDGSSPWTGSKA E---TT-SS-EE 6.61 2.54 -0.25 0.68 -0.09 0
50076 3pcv_A_37 1.2 IV cisDP -90 12 -68 142 FRVSPPLTTGPP TT--TT----SH 7.00 2.26 -0.26 0.64 -0.07 0
101916 3gmx_A_113 1.1 IV cisDP -83 5 -81 150 QYPNWPATNGNL E-TTTTS--S-E 5.86 2.86 -0.36 0.67 -0.12 0
68161 3vn3_A_37 1.8 IV cisDP -79 2 -55 149 AVGVSPGTAASL -EEESSS-GGGE 6.37 2.50 -0.30 0.70 -0.11 0
225 1pn0_A_321 0.8 IV cisDP -93 10 -69 155 KKIFHPYTFDVQ HHHHTTS--EEE 6.80 2.45 -0.25 0.63 -0.09 0
53733 4ix3_A_348 2.1 IV cisDB -97 -12 -132 158 LCLPLPETLNYY E-S-SSS-BS-- 6.71 2.90 -0.34 0.53 -0.01 0
58628 2oiz_A_200 0.7 IV cisDP -90 -4 -58 140 LQNASPATSIGI EEEESSSEEEEE 6.52 2.57 -0.20 0.73 -0.11 0
105427 3bkx_A_82 0.7 VIII cisAB -71 -25 -106 135 PDYGAPLTLGQA TT--SSS-HHHH 5.58 3.03 -0.47 0.57 -0.02 0
92116 1jm1_A_83 0.6 VIII cisAB -75 -12 -111 157 YFFAYPLTDEPC EEEE-SSTT-EE 6.20 2.95 -0.37 0.56 -0.05 0
29358 3nsw_A_44 1.7 VIII cisAB -70 -15 -128 162 RLYDVPKTAPSQ EE---SS---S- 5.93 2.96 -0.50 0.51 -0.02 0
43733 4wd1_A_342 0.3 IV cisAB -76 -14 -140 170 GSPGFPATDAQW S-TTSSSTTHHH 6.49 2.79 -0.43 0.52 -0.03 0
50438 5x6s_A_235 1.6 IV cisAB -77 -6 -156 178 TEANTPQTNYET EETT-SSTTEEE 6.73 2.79 -0.42 0.55 -0.02 0
77790 1w7c_A_701 1.1 VIII cisAB -75 -18 -140 154 NSNDLPNTIFST -GGGSS-B-SSS 6.63 2.76 -0.41 0.55 0.00 0
54291 5wzq_A_199 0.5 IV cisDB -89 3 -118 170 HPAGGPYTHVGM E-TT-S--EEEE 6.80 2.62 -0.38 0.51 -0.04 0
84057 5cof_A_78 0.0 IV cisAB -71 -30 -159 155 LPVDFPETGYKW ----SSBTTB-T 6.86 2.67 -0.37 0.69 0.03 0
26261 5i5m_A_181 0.1 IV cisAB -76 -18 -165 179 RVQKVPYTKYVI EE--SSB-SEEE 6.76 2.67 -0.40 0.69 0.01 0
68724 3r5g_A_286 0.6 IV cisAB -71 -17 -117 170 VFFGDPSTQGAK EEESSSS-S-HH 5.89 2.98 -0.47 0.49 -0.06 0
84088 5m5z_A_666 0.7 IV cisDB -105 20 -103 119 PDATQPFTVNPN T-TTSSS---GG 6.98 2.59 -0.21 0.65 -0.03 0
24743 1k3i_A_349 0.4 IV cisAP -67 -19 -60 151 VFQAGPSTAMNW EEE--SSSEEEE 6.21 2.61 -0.34 0.64 -0.10 0
97046 4r2f_A_399 0.3 IV cisDP -91 5 -72 179 KTFASQGTALSA E-TTTT--S--H 6.08 2.84 -0.39 0.59 -0.11 0
77140 2okx_A_185 0.5 IV cisDG -89 -2 -86 69 PAGTAPWTSLVP ETT-TT--EEEE 5.50 2.86 -0.20 0.70 0.08 0
2329 1bhe_A_115 0.5 IV cisGP -93 32 -68 -174 SGIYGPGTIDGQ -EEE-SSEEE-- 6.80 2.44 -0.33 0.58 -0.09 0
108405 4k35_A_64 0.8 VIII cisAB -75 -2 -90 141 PTTPDPYTLRLL EE--SS-EEEES 6.20 2.70 -0.39 0.58 -0.06 0
94096 4ljr_A_93 0.0 IV cisDG -93 5 -87 73 QENALPKTIMLS HHHHTTSEEEE- 5.73 2.75 -0.21 0.69 0.06 0
72505 1wkr_A_118 0.4 IV cisDG -88 1 -90 78 VGTLSPHTSTSI TTSEES-TT--- 5.45 2.77 -0.25 0.72 0.01 0
9771 4y1b_A_195 0.3 IV cisDG -95 21 -102 72 LFGWEPHTVRPG HHSSTT----TT 5.91 2.73 -0.24 0.69 0.07 0
14278 2opc_A_118 1.0 IV cisAG -66 -64 -84 63 AQRNSGATRRTI -B---SS---S- 4.40 3.43 -0.16 0.58 0.62 0
