109597 3wa1_A_398 0.2 IV cisDA -86 3 -67 -49 SYPNAPITNPLT EES-TTTS---E 5.02 3.09 -0.24 0.67 0.17 0
33764 2qe8_A_112 0.7 IV cisDA -88 8 -64 -42 IYLPPPITLSNS EE--TTTS-TT- 4.72 2.98 -0.22 0.74 0.26 0
651 3kki_A_347 0.9 I cisDA -84 3 -72 -29 SVFCRPATSKNK EEE-TTSS-TT- 4.74 3.03 -0.29 0.66 0.41 0
30158 1dyp_A_261 0.2 IV cisDD -81 16 -104 7 QGLRAPHTQWKC EEE-TTSEEEET 4.77 3.05 -0.35 0.60 0.47 0
6895 2vxt_I_78 0.3 I cisDA -85 7 -74 -14 ARDNAPRTIFII HHHTTTTT-EEE 5.14 2.89 -0.22 0.70 0.44 0
80542 5fuh_A_17 0.4 IV cisDA -91 -6 -49 -38 GTRLHPATLAIS TTTTTTTTSSS- 4.93 3.01 -0.23 0.67 0.40 0
97483 4adm_A_301 0.4 I cisAA -71 -48 -64 -39 WMGSGPLTGLAE HHT-BSTTS--- 4.61 3.20 -0.35 0.51 0.21 0
82706 2q88_A_22 0.8 IV cisDA -93 14 -70 -47 IANEPPFTAVGA E---TTT-EE-T 5.06 3.10 -0.26 0.62 0.24 0
38857 3wnd_A_50 0.8 IV cisDA -90 2 -55 -49 DAHSYPKTLKSL E-TTTTT-HHHH 5.07 2.93 -0.25 0.69 0.25 0
75204 2z6o_A_90 0.4 IV cisDA -87 6 -65 -49 IPITYPTTAPEI --TTTTTS---- 4.72 3.15 -0.25 0.65 0.26 0
52796 2qv5_A_238 0.2 IV cisDA -94 9 -58 -49 EPFGYPGTNPGP --TTTTTS---T 4.98 3.08 -0.16 0.73 0.22 0
7721 2djf_A_46 0.9 IV cisAD -85 -32 -154 27 VYLQKLDTAYDD EEEETTTEEEET 6.24 2.87 -0.24 0.72 0.16 0
1957 1z70_X_1265 0.4 IV cisDA -98 5 -77 -38 WQGEFPVTNTGE --EETTTEE--T 5.94 2.91 -0.17 0.62 0.27 0
4753 2qru_A_67 0.5 IV cisAA -77 -8 -53 -40 DYLLAPNTKIDH ----TTTS-HHH 4.74 2.93 -0.25 0.75 0.35 0
8964 1w2w_A_26 0.3 I cisDA -92 -10 -80 -26 DQLLLPYTTKYV -TTTTTT---EE 5.19 3.08 -0.20 0.57 0.30 0
964 2yln_A_60 0.0 IV cisDA -97 20 -89 -42 EGTYAPFTYHDK -SEETTTEEE-T 5.65 3.01 -0.26 0.62 0.26 0
89945 4da2_A_59 0.7 IV cisNA -120 -66 -65 -42 TPKAGGKTRYIL EE--SSS-SEEE 6.88 2.77 0.00 0.54 -0.01 0
91053 3vca_A_301 0.2 IV cisDD -101 7 -104 -19 LMFHYPSTWNHF EEEETTTEEEEE 6.26 2.84 -0.22 0.53 0.25 0
44150 1zkp_A_106 0.3 IV cisDA -97 17 -85 -39 SLTHEPHTKGIP TT-BTTTEEEEE 5.84 2.90 -0.19 0.66 0.18 0
28397 3ufb_A_398 0.3 IV cisDA -100 12 -71 -25 EGVFAPYTDIAG TTTTTTT----E 5.27 2.88 -0.16 0.68 0.38 0
13239 5exe_A_31 0.0 IV cisDA -104 11 -83 -14 SYPIRPYTGIMS E---TTTHHHHH 5.53 3.07 -0.12 0.60 0.40 0
9035 2q28_A_32 0.3 IV cisDD -106 28 -115 1 GVVGIPVTDMAR E---TTTHHHHH 6.23 2.92 -0.15 0.63 0.30 0
52993 2ehp_A_18 0.5 IV cisDG -81 4 -97 38 VPGNYPLTAENL -TTSTTSSHHHH 4.93 3.01 -0.32 0.66 0.32 0
3343 1xcr_A_44 0.4 IV cisDA -89 -1 -78 -52 DLTKEPFTFPVK -TTSTTT--SSS 5.23 3.09 -0.29 0.59 0.13 0
