54630 5kxh_A_141 0.5 IV dD 66 8 -132 -5 QRSPDKKTCPMK HTSTTSSS--TT 6.56 3.15 -0.08 0.69 0.34 0
51082 3c96_A_201 1.1 IV dZ 78 7 -151 33 DRFLDGKTMIVA S--TTSSEEEEE 6.43 3.22 -0.08 0.66 0.23 0
76450 3tg0_A_359 1.2 IV dD 84 -7 -129 28 FAKKEGNTLVIV HHHHHSSEEEEE 6.73 3.15 0.01 0.73 0.20 0
1018 3mn2_A_282 1.4 IV aZ 50 13 -133 40 NLLSDGATPTTV HHHHSSSS---H 6.86 2.86 -0.02 0.82 0.18 0
4785 2x3j_A_279 0.7 IV gD 74 -49 -95 3 SPTASIRTWFID EE-TTSSEEE-T 5.98 3.34 0.03 0.79 0.33 0
71507 2x0q_A_284 0.7 IV gD 78 -48 -95 1 LAQQSIRTFFNI EE-TTSSEEEES 6.05 3.28 0.03 0.78 0.39 0
23713 2p97_A_128 0.5 IV dD 65 -25 -102 -11 ALLLEETTLITG EEEETTTEEEE- 6.70 3.11 -0.02 0.76 0.23 0
96966 2ckk_A_44 0.7 IV gD 70 -47 -100 -12 KEVIDKYTAVVK EEEETTTEEEEE 6.36 3.28 -0.03 0.63 0.22 0
54873 1i88_A_375 2.9 IV dcisP 133 -8 -42 117 FGFGPGLTIETV EEEETTTEEEEE 5.69 3.81 0.04 0.89 0.01 0
46923 1rwh_A_233 0.9 IV gD 70 -39 -128 7 SFIQHSTTPYTG -EEETTTEE-TT 6.23 3.41 -0.02 0.54 0.25 0
19884 1k4n_A_170 2.0 IV XN 121 -31 -133 -31 LAVTDGKTTIKF EEEESSS-EEEE 5.89 3.65 -0.06 0.38 0.26 0
1235 3kra_B_163 0.8 IV dZ 73 -19 -125 37 EEIVDGNTSLDF TT--TTSS-HHH 6.66 3.07 -0.12 0.71 0.23 0
12451 5kds_A_765 0.2 IV dD 92 -14 -140 25 NFDTGGRTIVEV HH--TTS--TTT 6.00 3.43 -0.05 0.62 0.34 0
26269 5i5m_A_103 1.8 IV dN 105 -18 -118 -24 SATGWGITNESK TTT-TTTSHHHH 6.07 3.45 -0.07 0.64 0.36 0
87256 5kd5_A_587 2.3 IV dD 102 -18 -125 1 AINWASSTESSN GG--TT-TTTTT 5.76 3.39 -0.09 0.67 0.37 0
19519 2vb1_A_66 0.4 IV dD 72 4 -127 1 WWCNDGRTPGSR TT-B-SS-TT-- 6.64 3.04 -0.05 0.71 0.29 0
81623 4yzo_A_241 1.6 IV dD 60 8 -124 0 SEKEDFVTLPAV -TTS-SS--HHH 6.54 3.06 -0.06 0.78 0.36 0
80388 3c9a_A_268 1.6 IV dD 84 -1 -119 15 LGVEDGHTIADK SSSTTSSEEEET 6.73 2.94 -0.01 0.81 0.21 0
33261 2zws_A_462 1.0 IV dD 89 -29 -105 15 QEYEGGSTLYGP --TTTTS-TT-T 5.13 3.48 -0.06 0.88 0.73 0
84954 2yv5_A_39 1.9 IV ZN -169 31 -161 8 RGKVLKKTKIYA -SSSTTSS---B 4.82 3.65 0.20 0.68 0.48 0
33424 3wh1_A_38 1.0 IV dD 72 12 -132 12 GYPEFGTTGSLD T-TTTTTSSSHH 6.61 3.04 -0.05 0.77 0.28 0
40346 2rdg_A_147 1.4 IV dA 73 9 -82 -12 DKHDLYKTEPKD HHS-TTSS--TT 6.94 2.55 0.05 0.97 0.35 0
24778 3ud1_A_1189 1.5 IV dA 91 -15 -82 -20 WEDITGTTKLVY -EE-BTTB--EE 6.85 2.72 0.04 0.91 0.36 0
83996 1pbw_A_149 0.8 IV dD 77 -5 -117 14 ECSTLYRTQSSS T-TTTTSS--S- 6.67 3.01 -0.06 0.79 0.29 0
61716 4utu_A_149 1.2 IV dD 93 -6 -118 13 STTLSGYTPYSK E-TTTTSSTTS- 6.69 2.87 -0.02 0.90 0.33 0
44342 3c26_A_113 0.6 IV dA 95 -10 -96 -19 IQFLRGKTERLR HHHHBTTBSEEE 6.64 2.95 0.01 0.84 0.38 0
71385 5uvg_A_634 0.8 IV dD 81 -14 -101 -19 ITQLSGLTDHLP E-TTTTT-SB-- 6.72 2.94 -0.03 0.81 0.33 0
709 4az6_A_349 1.0 IV dD 69 -11 -111 -4 AAYFAKKTEIFN HHHHTTT-SEEE 6.25 3.18 -0.01 0.78 0.38 0
10899 3mbk_A_605 2.1 IV gA 86 -31 -71 -24 SCEELGETGIWQ EEEE-SSS--EE 6.11 3.11 0.04 0.91 0.49 0
72225 4chi_A_205 1.5 IV dD 74 -17 -100 28 PFLTDGDTNLTE EEEE-SSSBEEE 6.46 2.73 -0.04 0.96 0.29 0
62325 2dsk_A_589 1.8 IV gA 70 -41 -91 -12 MTMDYYWTPSNA E----SSS--SH 5.89 3.30 0.02 0.76 0.35 0
51878 3jyz_A_118 2.0 IV gN 112 -33 -121 -31 PYINDGNTRTAL EEEE-SS-EEEH 5.89 3.50 -0.10 0.52 0.37 0
49509 4q82_A_73 0.0 IV dD 76 10 -102 -5 SVRALDTTEAGN EEE-TTSSSSSS 6.77 2.77 0.01 0.90 0.37 0
54970 3kzx_A_131 0.8 IV dA 87 -9 -89 -23 SIIGSGDTGTIK EEEEETSSS--T 6.75 2.75 -0.01 0.91 0.36 0
37990 4r7k_A_15 1.1 IV dD 95 -16 -98 0 KKWIPGETDNFV GGG-TTSSSEEE 6.52 2.96 -0.02 0.87 0.37 0
104772 3sum_A_75 1.2 IV gA 82 -52 -73 -27 VAAPEAQTECGS EE--BTTB-TT- 5.46 3.41 0.01 0.79 0.52 0
78542 2qed_A_108 0.6 IV XA 154 -70 -62 -54 LFATPGHTLGHV EEE--SSSTT-E 5.65 3.45 0.20 0.65 0.12 0
72028 4zo2_A_235 0.7 IV XA 131 -55 -58 -46 FQLAPGHTPGLT EEE-TTSSTT-E 5.81 3.26 0.20 0.80 0.19 0
101654 4ysl_A_147 1.1 IV XA 141 -52 -66 -40 ALHTPGHTPACM EEE--SSSTT-E 5.55 3.54 0.14 0.75 0.33 0
51451 5m10_A_414 0.8 IV dD 85 -14 -125 -14 PTSYLGVTKAGF ---BTTTB-TT- 6.65 3.13 -0.07 0.67 0.34 0
105239 3b9w_A_130 2.6 IV dD 78 7 -122 1 LDNASGLTEGFQ TT-TTSS-TT-- 6.72 2.92 -0.06 0.78 0.26 0
3589 5xh6_A_163 1.0 IV aD 59 22 -145 22 LRSFDKFTTYFS HHTTTT-GGGGH 6.54 3.07 -0.11 0.71 0.22 0
17452 4hxf_B_430 1.0 IV dD 68 11 -132 22 ALRVLERTGLED HHTTTT-TTTHH 6.77 2.94 -0.08 0.76 0.24 0
59531 4czg_A_61 1.0 IV dD 78 2 -130 16 AKQMLGRTPGHM HHHHTT---TTE 6.71 2.95 -0.09 0.72 0.23 0
55557 3qzx_A_11 1.4 IV dD 81 6 -149 28 PGYTYGETENRA TT--TT------ 6.66 3.11 -0.07 0.67 0.27 0
87222 5klh_A_99 1.5 IV dD 90 -5 -128 29 TVPVSGNTDGSQ EEESTTSEETTE 6.59 3.05 -0.04 0.77 0.24 0
113268 3cww_A_486 1.8 IV dD 84 -7 -110 12 SKSFEGKTDRTE -GGGTT---EE- 6.89 2.79 -0.01 0.83 0.24 0
87692 1wd3_A_357 0.7 IV dD 97 -6 -138 16 RVTTPGYTTRYI EE-STT-TTEEE 5.99 3.37 -0.04 0.68 0.35 0
65081 5jdk_A_53 1.1 IV dZ 72 13 -128 43 HELVDRKTSEFY GG--TT-HHHHH 6.85 2.84 -0.04 0.84 0.08 0
41981 2w3x_A_121 0.4 IV dZ 99 -18 -133 50 MRGPNGRTEPVR EESSTTS-EE-- 6.09 3.30 -0.06 0.73 0.14 0
109342 3qvp_A_273 0.8 IV dZ 87 -3 -141 65 FGTHKGNTHNVY EESSTT-EEEEE 6.76 3.10 -0.05 0.71 0.06 0
75336 4ebb_A_123 1.0 IV dD 97 -1 -136 4 QSTQRGHTELLT GGGSTTS-TT-S 6.47 3.28 -0.04 0.64 0.33 0
86532 5eck_A_82 1.4 IV dG 86 -26 -88 95 KRMVDGDTSPIL HHHHSS-----S 6.74 2.83 0.00 0.93 -0.13 0
96158 4ocv_A_206 1.6 IV dZ 75 3 -149 67 LRVTHNDTKLNN -EEE-S---GGG 6.53 3.25 -0.03 0.67 0.07 0
89670 2wi8_A_277 1.5 IV gD 106 -41 -110 0 DPLAQGGTAWSK -TT--SSSHHHH 6.65 3.19 0.01 0.67 0.32 0
73374 1jz8_A_490 1.0 IV dZ 71 -1 -141 32 YEGGGADTTATD --TTTSSSTT-S 6.46 3.23 -0.02 0.71 0.28 0
52758 5koe_A_323 0.4 IV gG 71 -55 -95 39 KLFPQKATVFHH HH-TTSTTHHHH 6.61 2.99 0.03 0.78 0.24 0
40959 4c6e_A_1477 0.2 IV dZ 100 -13 -131 36 HLREPGGTHKED ---TTT-TTT-- 6.79 3.18 0.04 0.63 0.17 0
104805 2a3n_A_100 0.5 IV dD 81 1 -116 -8 TLSKSGDTKESV EE-SSS--HHHH 6.55 3.04 -0.08 0.79 0.31 0
81386 3ff1_A_140 0.1 IV dD 83 1 -117 -5 VISKSGTTTEPA EE-SSS--HHHH 6.69 2.89 -0.10 0.83 0.35 0
107658 2poc_A_452 0.1 IV dD 66 14 -128 0 FVSQSGETADSI EEESSS--HHHH 6.77 2.94 -0.10 0.74 0.28 0
16585 2e5f_A_89 0.2 IV dD 73 15 -126 0 GISRSGETTEIL EE-SSS--HHHH 6.87 2.82 -0.09 0.80 0.29 0
65375 4rml_A_244 0.2 IV aD 56 23 -142 16 MPWTPYRTDTLT EE--TT---EEE 6.71 3.00 -0.08 0.71 0.24 0
83809 5o0s_A_772 0.3 IV aZ 61 24 -159 41 GKGYWFRTPEAW S---TT---SEE 6.18 3.28 -0.11 0.65 0.17 0
111154 5b7e_A_145 0.2 IV dD 79 0 -137 12 HPHQHGKTGRQV E---TTTHHHHH 6.54 3.16 -0.04 0.69 0.30 0
