26945 2bwr_A_201 0.2 IV Dd -123 24 88 2 ARNSGNGTFQPA E-B-SSS-B--- 6.96 2.88 0.05 0.79 0.32 0
111909 1k5n_A_237 0.4 IV Dd -115 24 93 -28 TRPAGDRTFQKW -EE-SSS-EEEE 6.74 2.90 0.05 0.94 0.22 0
26952 2bwr_A_89 0.8 IV Za -132 36 63 27 STNNGNNTFVDP E-B-SSS-B-SS 6.83 2.97 0.09 0.78 0.37 0
51594 4iqb_A_51 1.0 IV Da -79 18 61 26 RRDDRTGTGTIS EE--SSS--EEE 6.14 2.44 -0.10 1.11 0.43 0
111699 4bqy_A_305 2.0 IV Dd -103 29 78 12 ACYPGNGTGYVR EEE-SSSEEEEE 6.95 2.74 0.03 0.85 0.35 0
74621 3mxn_A_535 1.1 IV Dd -108 12 92 -10 TAKVSDGTAYLD EEEEE-SS-EEE 6.93 2.70 -0.00 0.92 0.27 0
84997 3n17_A_44 1.9 IV Dd -102 19 109 -18 WHNFDNGTGIIK EESS-SSS---- 6.33 3.10 -0.00 0.83 0.30 0
4630 2asb_A_136 2.0 IV ZX -124 83 164 -39 VVRIGTETKASE EEEE-SSSS-EE 6.56 3.61 0.05 0.26 0.22 0
7015 4rdb_A_299 1.1 IV Dd -84 6 110 -7 LPRVDDGTLPPP E-----S---GG 6.69 2.89 -0.01 0.88 0.34 0
26852 1sr4_C_101 1.9 IV Dd -98 18 120 -7 FAFLGKGTTDCK E-SSTTSEEETT 6.57 3.16 -0.05 0.69 0.34 0
23560 3ayj_A_310 1.3 IV Dd -111 5 128 -6 FGRFGFGTGGFK HHHH-SSSS--G 6.52 3.30 -0.02 0.60 0.33 0
63769 5gqu_A_380 0.7 IV Dd -107 18 89 13 GLAYFDGTHLYE SSTTTTSS--SB 6.46 3.07 0.03 0.79 0.39 0
68587 4q8w_A_47 1.6 IV Ga -106 42 64 31 MPVGTAATVKAL E-B-TTSS-TT- 6.56 2.97 0.05 0.83 0.40 0
47791 3t7a_A_242 0.6 IV Dd -77 8 101 4 EFMPTDGTDVKV E----SSEEEEE 6.48 2.89 -0.06 0.87 0.36 0
74787 3edo_A_114 1.6 IV Dd -99 21 101 2 SFFTSAGTNHKA EEEE-SS--HHH 6.93 2.74 -0.06 0.82 0.29 0
102704 1wcw_A_116 0.8 IV Dd -114 22 95 -2 PHAVGDGTSKSL -SEE-SSSHHHH 6.79 2.91 0.02 0.82 0.33 0
67507 3fxa_A_82 0.4 IV Dd -121 29 119 -26 PSDAVHGTLGVL HHHHTTTGGGG- 6.85 3.22 -0.03 0.68 0.24 0
74773 5go5_A_152 0.4 IV Dd -101 8 97 -19 EVVLTDGTTWFT EEEEE-SSEEEE 6.94 2.65 -0.00 0.95 0.21 0
91315 2zk9_X_72 0.7 IV Dd -90 -8 102 -17 NLKASTGTCCVA EEEEE-SS-EEE 6.95 2.69 -0.04 0.88 0.17 0
47210 3bwh_A_75 0.8 IV Dd -90 -2 104 -29 IVAYSTGTVSYF EEEEE-SSEEEE 6.94 2.61 -0.02 0.97 0.15 0
54779 5f30_A_184 1.1 IV Dd -111 19 97 -13 YRIKYDGTRMNL EEEEE-SS-EEE 6.97 2.82 0.05 0.85 0.27 0
6739 5dzo_A_47 1.2 IV Dg -108 20 102 -41 GIVWTNGTHVTY EEEEE-SSSEEE 6.85 2.80 -0.03 0.90 0.14 0
30035 3bod_A_153 1.5 IV DX -109 14 141 -33 GVKFNVGTDDIA EEEEESSS--EE 6.54 3.25 -0.08 0.65 0.23 0
113046 3fss_A_225 1.4 IV Zb -113 46 126 -128 HLQCHRGTKEGT EEEEESSSSEEE 6.18 3.52 -0.19 0.59 -0.10 0
73038 4ery_A_234 0.3 IV Za -125 37 62 39 LAATLDNTLKLW EEEETTTEEEEE 6.90 2.67 0.02 0.94 0.31 0
48597 3hxj_A_29 1.3 IV Dd -73 7 93 -5 PILAKNGTIYLG -EE-TTS-EE-S 6.97 2.52 -0.02 0.92 0.29 0
97879 3ehg_A_356 1.7 IV Gp -94 72 83 -141 HIDTENGTKLTM EEE-SSSEEEEE 6.70 3.50 -0.06 0.65 -0.05 0
87858 4eyz_A_221 0.8 IV DX -102 9 115 -34 GIYTGNGTSDSW EEE-SSSSS--E 6.82 2.94 0.01 0.79 0.16 0
19927 4x90_A_326 1.1 IV Dd -111 15 103 -25 CFGDGDGTVNLK EEESBBSSSBGG 6.98 2.86 0.04 0.86 0.21 0
96314 3kog_A_71 1.9 IV Dd -118 19 100 -23 SFSKGNGTYEGT EESSSSSEEE-S 7.00 2.88 0.03 0.82 0.21 0
32685 4jjj_A_478 0.3 IV Dd -121 25 84 22 QPDTWTGTYTGN -----SSS---- 6.78 2.89 0.01 0.85 0.34 0
20142 2yic_A_680 0.9 IV Zb -130 84 68 -101 VNNQIGFTTAPT EE-S-BTTB-HH 6.70 3.25 0.04 0.73 -0.09 0
11024 3zyp_A_147 0.5 IV Dd -115 9 112 -16 YHLGTDGTIETW EEE-SSS-EEEE 6.79 3.04 0.04 0.80 0.27 0
82464 5fok_A_166 0.7 IV Dd -99 21 71 18 FTWGSDQTRRTT EEEETT--EEEE 6.93 2.63 0.01 0.92 0.34 0
38577 6ekt_A_95 1.1 IV Gd -102 60 68 14 GYFKVRNTTVDL EEEE-SS-EEE- 5.49 3.40 0.12 0.83 0.59 0
23864 5lw3_A_344 1.6 IV Dd -133 20 101 -14 VQERNDGTDFSS EEE-SSS-B--E 6.77 3.08 0.06 0.74 0.26 0
83846 5o0s_A_416 0.8 IV Ga -93 48 62 32 YYLADGGTAWEN HHHHHTT-EEEE 6.80 2.67 0.08 0.92 0.27 0
52056 2zpt_X_48 1.2 IV Dd -105 3 117 22 STYPKSGTTWVS EESTTSSHHHHH 6.87 3.12 -0.01 0.68 0.31 0
32627 5k6l_A_30 0.1 IV Dd -101 12 106 -7 VLLENNGTLPLE EEEEESS--S-- 6.52 3.12 -0.01 0.83 0.31 0
7787 3klk_A_1619 2.3 IV Ad -77 -12 115 -6 GKYYNLGTSTQQ S-B-B-SSSS-- 6.94 2.59 -0.04 0.90 0.30 0
89564 4mkx_A_230 0.4 IV Dd -104 20 75 18 LMQLEDKTMAIL EEEETTS-EEEE 6.93 2.68 0.03 0.91 0.34 0
20927 3iv0_A_373 0.9 IV Gd -96 77 80 5 IDTYGNGTITSN -EEETTTEEESB 6.06 3.22 0.05 0.71 0.39 0
58307 4qbb_A_127 1.1 IV Dd -151 25 99 -16 EVCVVDGTDMCL SEEE--S----G 6.90 3.09 0.11 0.68 0.22 0
96202 1hx6_A_298 1.1 IV Gd -84 70 72 -14 GGSFNAGTDINY TTB--SSTTEEE 6.13 3.16 0.02 0.80 0.39 0
102383 2pne_A_54 1.0 IV Gd -97 48 89 16 AGGASGGTGVGG -----SSSS--- 5.90 3.30 -0.01 0.76 0.44 0
28808 5a0y_B_400 1.3 IV Dd -89 -1 134 41 AMALDAGTQMFS HHHT--S--SS- 6.62 3.31 -0.07 0.57 0.22 0
76661 3vzh_A_136 0.3 IV Gg -102 76 92 -31 RRDVFLGTRECL SS--BSSSTTSB 5.83 3.34 0.10 0.71 0.34 0
44321 1gvf_A_175 1.4 IV Dd -133 15 130 -6 SLAVAIGTAHGL EEEE-SS--SS- 6.76 3.22 -0.01 0.58 0.31 0
11794 5g5g_C_467 0.7 IV Dd -101 19 105 0 TDMTDIGTGSYT -----SSS-HHH 5.70 3.38 -0.00 0.81 0.53 0
6588 5byk_A_17 0.4 IV Dd -123 21 92 23 AGLPRTGTKSLK ---TTSSHHHHH 6.74 3.03 0.02 0.82 0.36 0
23050 3uan_A_68 1.1 IV Ad -82 -15 112 36 IGVRKGGTRALL ---TTSSHHHHH 6.91 2.89 -0.04 0.82 0.30 0
40506 3uxf_A_419 0.6 IV Ga -102 45 72 37 FTTAGQGTVEIN EE-BTTTEEEEE 6.45 3.04 -0.00 0.82 0.34 0
73866 5gqf_A_197 0.3 IV Ga -99 38 61 38 DTPDSDGTKLDR SSTTTTT-B--- 6.69 2.93 0.03 0.85 0.35 0
