96105 2z3z_A_490 0.3 IV dN 76 10 -129 -39 IMAADGQTPLYY EE-TTSSSEEEE 6.60 3.20 -0.12 0.62 0.31 0
49365 2dg1_A_214 0.4 IV dN 69 4 -127 -23 ALEDDGVTIQPF EE-TTSSSEEEE 6.51 3.17 -0.08 0.68 0.32 0
72865 1ucd_A_172 0.4 IV dN 69 13 -132 -30 CFAQDGSTLIDC EEETTSSSEE-- 6.47 3.17 -0.11 0.65 0.34 0
39944 1yz1_A_154 0.4 IV dN 73 1 -125 -20 DYREDGVTPYMI EE-TTSS-EEEE 6.57 3.12 -0.08 0.68 0.33 0
21354 5e75_A_495 0.5 IV dN 70 11 -130 -29 KYDTDGTTFLEG EE-TTSSSEEES 6.51 3.17 -0.09 0.68 0.33 0
8712 4xhf_A_158 0.5 IV aN 60 39 -144 -51 AVEPDFNTIKGV EE-TTSSBEEEE 6.68 3.15 -0.11 0.62 0.24 0
5574 4a2b_A_282 0.5 IV dN 78 8 -140 -51 YRGLDGNTIKTT EE-TTS--EEEE 6.52 3.29 -0.07 0.59 0.27 0
65258 4r4k_A_75 0.6 IV dN 86 7 -131 -40 LLADDGETEKTF EE-TTSS-EEEE 6.74 3.28 -0.08 0.55 0.27 0
84992 3n17_A_72 0.9 IV aN 50 25 -143 -29 ETGGDRSTVEFS EE-TTSSSEE-- 6.52 3.17 -0.10 0.65 0.24 0
32377 5hx0_A_102 1.2 IV dN 90 -10 -114 -43 VKSKDGKTWTPE EEESSSSS--SS 6.47 3.21 -0.08 0.70 0.28 0
24808 5imu_A_223 0.1 IV dN 79 -3 -127 -21 GLRDDGTTTLLV EE-TTSS-EEEE 6.61 3.22 -0.08 0.63 0.33 0
69828 4bc3_A_57 0.4 IV dN 77 2 -119 -36 HVHKDGLTVTSP EE-TTSS-EEEE 6.57 3.23 -0.08 0.69 0.31 0
107738 4ci9_A_78 0.4 IV dN 67 19 -127 -44 LVQPDGVTLEYN EE-TTSS-EEE- 6.53 3.21 -0.10 0.68 0.29 0
3558 5xh6_A_813 0.5 IV aN 60 21 -136 -28 KKLKDQKTPIPD SB-TTSS-B--H 6.55 3.22 -0.12 0.64 0.31 0
38955 2zwa_A_562 0.5 IV aN 54 29 -134 -51 GGFMDQTTVSDK -B-TTSS-B--E 6.58 3.13 -0.12 0.65 0.25 0
78858 5i95_A_338 0.5 IV dN 68 16 -132 -39 LVCPDGKTIEAE EE-TTSS-EEEE 6.61 3.21 -0.13 0.58 0.31 0
35337 2f69_A_150 0.8 IV aN 61 27 -143 -45 YVYPDERTALYG EE-TTSSEEEEE 6.56 3.19 -0.13 0.63 0.29 0
61273 2ggc_A_219 1.0 IV dN 85 4 -137 -52 RTMKDGWTVKTK EE-TTSS-EEET 6.46 3.43 -0.10 0.45 0.21 0
58049 5ngl_A_406 1.7 IV aN 48 44 -140 -51 INNSDYKTIIRN E-TTTS--EEE- 6.78 3.07 -0.12 0.66 0.26 0
48572 2cxn_A_212 2.2 IV aD 60 29 -130 -3 IASKTFTTQETI EE-SSS--HHHH 6.82 2.86 -0.09 0.81 0.30 0
70675 2zq0_A_352 0.7 IV dN 91 -6 -126 -44 TSVKLGETDYSK S---TTT--GGG 5.95 3.43 -0.11 0.60 0.28 0
88921 5cec_A_351 1.8 IV dD 76 -9 -109 -18 GGVMAGSTTAKT -GGGTTTEEEEE 6.50 3.13 -0.05 0.69 0.35 0
37526 4lhd_A_528 3.6 IV dN 71 11 -124 -23 MIPLGSCTMKLN ---BTTT----- 6.87 2.97 -0.08 0.72 0.31 0
86901 4gn4_B_56 0.4 IV dN 98 -13 -131 -54 VYLERGKTPDHL EEEETTTS-HHH 6.09 3.43 -0.12 0.52 0.15 0
9117 2iht_A_116 1.1 IV dN 72 7 -126 -49 HDIFPNDTHQCL GG--TTTSTT-- 6.31 3.33 -0.11 0.65 0.14 0
65996 3kom_A_105 1.4 IV dN 128 -22 -130 -53 GHPEYGYTPGVE SS--TTTSTT-- 6.73 3.48 -0.02 0.35 0.06 0
7127 3s2j_A_321 2.1 IV dD 64 10 -111 -9 IGGDYDGTPFTP E---TTT-S--- 6.50 2.96 -0.05 0.83 0.37 0
71597 5jpo_A_40 0.6 IV dN 93 -13 -116 -65 PHFHFGQTNRTP TT--TTTGGGSH 6.21 3.44 -0.14 0.55 0.08 0
12449 5kds_A_770 0.7 IV dN 73 5 -123 -68 GRTIVEVTNNMM TS--TTTGGGHH 6.41 3.39 -0.15 0.55 0.07 0
94659 2vpa_A_145 0.4 IV dN 95 -13 -117 -67 PGLKVGETTRPI TT--BTTTB--- 5.94 3.54 -0.11 0.54 0.01 0
34276 4u63_A_450 1.0 IV dN 95 -6 -131 -68 AGVELGKTYPLP HT--BTTTB--- 5.99 3.57 -0.13 0.45 0.02 0
45014 3mdm_A_173 0.3 IV dN 72 6 -145 -26 EAKADGQTPVSM HHT-SSSS-EEH 6.49 3.35 -0.12 0.52 0.27 0
24377 5b0u_A_100 0.5 IV dN 65 14 -136 -45 TLVIDGVTPNMI EEE-SSSS-EEE 6.46 3.31 -0.13 0.57 0.24 0
42293 2vbk_A_170 0.7 IV dN 72 7 -136 -50 GVIDDGVTDNYQ ----SSSS--HH 6.39 3.41 -0.11 0.54 0.16 0
75795 1rmg_A_31 0.8 IV aN 50 41 -155 -48 GAVADNSTDVGP T---SSSSB-HH 6.43 3.26 -0.16 0.58 0.21 0
73430 4bji_A_310 1.0 IV dN 78 3 -143 -20 THVFDGKTLFPT ---B-S--SSB- 6.57 3.24 -0.10 0.56 0.32 0
109852 1ju2_A_81 1.5 IV dN 88 -8 -122 -22 QQEDDGKTPVER HS---SSSSEEE 6.19 3.30 -0.06 0.67 0.41 0
78842 4rzy_A_239 1.0 IV dN 83 2 -136 -35 AHVGDGKTSEDD HHTTSSS-BHHH 6.31 3.38 -0.09 0.55 0.30 0
22388 1k7c_A_83 1.3 IV dN 84 -7 -108 -38 LSTDNGRTDCSG GGG--S---BSS 6.77 3.06 -0.07 0.68 0.31 0
75837 1yu0_A_38 1.4 IV dN 76 2 -134 -37 VVVHDGATAGGF EEE--SSSTT-E 6.29 3.40 -0.13 0.54 0.32 0
30336 1c5e_A_50 0.5 IV dN 79 -3 -125 -20 LVAWDGTTDGAA EEE--S-STT-E 6.53 3.14 -0.08 0.70 0.36 0
38713 4m5r_A_140 1.0 IV dD 70 1 -110 -23 NKIKSEKTHIHI HHH--SSSEEEE 5.67 3.33 -0.03 0.79 0.53 0
70671 2zq0_A_410 0.9 IV dN 61 14 -139 -21 DYVFDFVTPYPD SS---SS-B-TT 6.63 3.25 -0.09 0.60 0.29 0
16242 3n3u_A_3536 2.1 IV cisdX 76 13 165 -48 KKSIPEATVKQM HHHS-SSHHHHH 5.11 3.12 -0.42 0.64 0.32 0
45028 3qs2_A_143 1.4 IV dN 103 -22 -123 -50 SGTTNGTTAVTD EEESSSSSEES- 6.10 3.54 -0.09 0.50 0.16 0
19852 5k62_A_396 0.6 IV dN 72 8 -125 -20 CGTEDGTTIFAG -SEETTTEEB-- 6.33 3.15 -0.11 0.68 0.37 0
32781 1byr_A_101 0.8 IV aN 57 13 -141 -9 VIIVDNVTVETG EEEETTTEEEEE 6.39 3.24 -0.09 0.64 0.34 0
25317 2z98_A_114 0.2 IV dN 79 -1 -125 -62 LVARAGVTFRYT HH--BTTTEEEE 6.36 3.31 -0.11 0.62 0.09 0
20649 3a09_A_350 0.6 IV dN 89 -12 -111 -60 NFGVPGLTYDIK HH--BTTTEEEE 6.24 3.28 -0.12 0.63 0.13 0
72462 5e9n_A_81 0.8 IV dN 70 6 -106 -55 ADGPAFVTQCPI GS--BTTTB--B 6.26 3.20 -0.09 0.71 0.19 0
62086 3u7q_B_512 1.5 IV dN 61 16 -123 -63 ETRGMQATDYNH HT-STTTTGGG- 6.67 3.16 -0.11 0.64 0.11 0
82772 3cbw_A_67 1.6 IV aN 38 59 -163 -70 FGGYSHDTFSMA EEEETTTT-SSH 6.47 3.31 -0.11 0.55 0.02 0
90444 5t5i_B_321 1.7 IV dN 108 -25 -114 -50 PRYNPGETGAND -EE-TTTSSHHH 5.28 3.75 -0.16 0.51 0.29 0
30889 2hy5_B_216 2.3 IV gA 73 -41 -62 -32 NRKAPYGTIYAW E-S-TTTSSHHH 6.42 2.90 0.10 0.87 0.26 0
15320 2jli_A_275 1.0 IV dN 104 -25 -106 -55 ILYKRGETPLPL EE--TTT-SS-E 5.91 3.50 -0.09 0.59 0.19 0
71119 1oao_C_344 1.9 IV dA 82 -20 -73 -46 VEMGGNRTPAFE EEEETTTS-EEE 6.77 2.76 0.03 0.91 0.23 0
52546 2vo9_A_61 0.5 IV dN 78 1 -117 -61 ALYAQGRTKPGA HHHHBTTTBSS- 6.42 3.25 -0.13 0.61 0.16 0
15417 3ocu_A_209 0.6 IV dN 83 4 -123 -87 NQGKFGKTFIML TGGGBTTTEEE- 6.36 3.32 -0.18 0.55 -0.01 0
56503 3znv_A_280 0.9 IV dN 90 -11 -118 -60 HLNQVGHTGGLE TGGGBTTTB--- 6.42 3.31 -0.12 0.59 0.17 0
2354 1zs9_A_18 1.0 IV dN 77 -1 -120 -63 LLDIEGTTTPIA EE--BTTTB-HH 6.41 3.26 -0.14 0.62 0.09 0
66204 1y43_B_14 2.9 IV dN 108 -16 -98 -65 WVGIDGDTCETA EEEE-SSS--S- 7.00 3.08 -0.04 0.67 0.10 0
3121 1vyr_A_356 1.4 IV dN 75 18 -132 -65 GGGAEGYTDYPS SSSSTTTT-S-- 6.62 3.25 -0.14 0.59 0.15 0
82210 3vyp_A_345 0.7 IV dN 89 1 -138 -54 SVGAQGHTNTSH GTTTTTT---BS 6.42 3.39 -0.15 0.46 0.20 0
85035 2c61_A_357 2.4 IV dN 81 0 -131 -60 SGIGAGKTREDH GS-STTTS-TTH 6.09 3.47 -0.10 0.56 0.04 0
6976 3w5f_A_404 1.0 IV dN 64 11 -122 -44 SILPDCKTAVYN EEETTSS---EE 6.75 3.09 -0.10 0.66 0.25 0
48392 5b6d_A_95 1.1 IV dN 66 16 -135 -34 AYSADGRTLRGT GG-SSSSB-STT 6.35 3.23 -0.11 0.64 0.36 0
86058 3qho_A_393 0.4 IV dN 61 16 -132 -51 ILQDDWTTIWED SB-TTSSSB-HH 6.77 3.18 -0.12 0.62 0.19 0
102878 4a0p_A_925 0.5 IV aN 60 19 -129 -34 SLNADNRTCSAP EE-TTSS-EE-- 6.74 3.13 -0.10 0.66 0.29 0
70118 1gk9_B_335 0.8 IV dN 74 21 -134 -33 LLNDDGKTWQQP -B-TTSSEESS- 6.75 3.16 -0.08 0.66 0.29 0
81425 3bex_A_19 1.2 IV dN 69 16 -126 -36 SITEDGKTFRRW EEESSSSS-EEE 6.57 3.08 -0.09 0.73 0.29 0
108269 5c0p_A_82 1.3 IV dN 79 -8 -94 -46 YKSKDLSTWKDE EEESSSSEEEEE 6.91 2.87 -0.05 0.79 0.23 0
88824 3t7d_A_113 1.8 IV gA 69 -52 -56 -39 NYGWDRWTQPSF TT---SSS---B 6.23 2.97 -0.00 0.86 0.27 0
112459 4yg0_A_97 0.2 IV aN 63 22 -141 -57 FSVTNNSTFWMF EEEE-SSS-EEE 6.58 3.29 -0.15 0.48 0.18 0
59823 2ozh_A_64 0.5 IV aN 58 30 -150 -48 RVISDYATFAYL EEEE-SSSEEEE 6.39 3.35 -0.17 0.52 0.25 0
111336 2x46_A_105 0.7 IV dN 64 15 -141 -46 VIYTDGKTCDVV EEEE-SSSEEEE 6.44 3.31 -0.15 0.53 0.28 0
90274 4cp6_A_67 0.6 IV dN 87 4 -123 -53 VQVGNGVTPVEF EEES-SSS---- 6.55 3.31 -0.08 0.62 0.23 0
48036 2iab_A_48 0.3 IV dN 98 -12 -137 -48 SYLWDGETFLVA E-EE-SS-EEEE 5.98 3.56 -0.13 0.47 0.18 0
87613 5mul_A_303 0.5 IV dN 104 -21 -115 -48 IVWNDGKTWHNR EEEE-SS-EEEE 6.05 3.51 -0.10 0.55 0.25 0
33006 4oke_A_12 0.8 IV dN 88 -8 -121 -49 EFIEDGHTIELI EEEE-SS-EEEE 6.14 3.40 -0.13 0.56 0.21 0
50170 3ksn_A_62 0.1 IV dN 97 -12 -129 -47 ILVSDGKTLWFY EEEE-SSEEEEE 5.80 3.58 -0.09 0.51 0.22 0
100301 4c5k_A_192 0.6 IV dN 93 -9 -131 -46 DLYYDGQTFYQL EEEE-SS-EEEE 6.05 3.46 -0.10 0.53 0.26 0
75910 3rl5_A_262 0.6 IV dN 104 -18 -129 -56 GTMTDGYTTYIN EEEE-SS-EEEE 5.81 3.64 -0.12 0.42 0.07 0
77747 4bfo_A_17 0.7 IV dN 112 -26 -138 -48 SYNYDGSTFSGK EEEE-SSEEEEE 5.62 3.71 -0.12 0.31 0.14 0
15772 4k90_A_282 0.7 IV gA 90 -36 -102 -36 TWISDGSTNYTT -TTB-SS-B-SB 5.86 3.47 -0.05 0.65 0.27 0
18469 1zgk_A_573 1.0 IV dN 100 -11 -141 -44 LGGYDGHTFLDS E--B-SS-B--E 5.72 3.70 -0.15 0.35 0.29 0
22597 4jrf_A_187 1.3 IV dN 72 -22 -91 -92 VKVVDGTTIPDV -EE--SSSS-SH 6.54 3.33 -0.14 0.67 -0.10 0
101394 4dmi_A_108 0.3 IV dN 95 -14 -115 -54 IEVTDGITTKIL EEEE-SS-EEEE 5.97 3.43 -0.11 0.62 0.17 0
85709 2wcw_A_43 0.6 IV dN 94 -17 -124 -47 IVAGNGRTYLAI EEEE-SS-EEEE 5.75 3.59 -0.09 0.52 0.19 0
25133 4udk_E_134 0.4 IV aN 57 26 -118 -53 AYTFDFETFHQL EEESSSS--EEE 6.74 2.94 -0.10 0.76 0.19 0
113384 4txw_A_72 0.4 IV dN 76 2 -104 -58 QLSLDGETWTDA EEESSSS--EEE 6.66 3.04 -0.09 0.77 0.20 0
105023 3c2u_A_481 0.5 IV dN 80 3 -121 -53 AYSFDGETFHTL EEESSSSS-EE- 6.53 3.22 -0.10 0.63 0.19 0
59019 3o12_A_145 0.5 IV dN 65 17 -115 -46 QVSSDKKTWPLV EEESSSS---EE 6.67 3.00 -0.11 0.75 0.29 0
50131 3r4z_A_101 0.7 IV dN 80 -18 -110 -43 ATSKDKITWKEI EEESSSSEEEEE 6.38 3.32 -0.07 0.66 0.22 0
23900 5lw3_A_70 1.4 IV dA 81 -20 -91 -46 AGAGMGQTVIKL EESSTTTEEEEE 6.30 3.11 -0.03 0.81 0.21 0
77890 4z24_A_585 0.8 IV dN 90 -8 -125 -60 CSCSIGRTVDSN -TT-BTTTB-TT 6.31 3.38 -0.12 0.55 0.05 0
72203 3q63_A_70 2.0 IV dN 65 7 -128 -52 LAVEPNKTLSYT EEEETTTEEEEE 6.58 3.24 -0.13 0.57 0.11 0
84421 3w36_A_462 1.1 IV dN 83 -3 -122 -51 TVVEPGITPGKD -SSSTTTSSSS- 6.36 3.30 -0.09 0.58 0.24 0
55682 1oyg_A_221 0.3 IV gA 84 -38 -94 -36 IFDGDGKTYQNV EE---SSSB--H 6.21 3.27 -0.03 0.72 0.24 0
48603 1y7r_A_59 1.9 IV dN 81 3 -153 -47 RVIGDGGTVFQI EEEE-SSSEEEE 6.41 3.48 -0.12 0.28 0.13 0
101793 4qgs_A_154 2.6 IV XA 43 -34 -48 -30 AVISRKTTGDKQ EEEB--TT---E 6.70 2.49 0.06 1.02 0.17 0
107632 3ppm_A_333 1.5 IV aN 57 22 -126 -59 YYETDNYTMPSP E-S--SSS---H 6.44 3.10 -0.11 0.72 0.12 0
7863 3klk_A_832 0.8 IV dN 65 1 -124 -27 QILKDGTTWTDS EEEETTTEEEE- 6.56 3.14 -0.16 0.59 0.33 0
112467 3mz2_A_154 0.4 IV dN 85 -2 -117 -42 IRWARGKTILIL HHHHTTT--EEE 6.62 3.28 -0.09 0.60 0.30 0
93279 2prs_A_44 0.2 IV dN 74 2 -108 -55 SAIADGVTETEV HHHHTTTS-EEE 6.44 3.14 -0.09 0.76 0.18 0
11719 1oi7_A_129 0.4 IV aN 61 25 -123 -63 GIISAEETKIGI EEEETTTEEEES 6.74 3.08 -0.11 0.67 0.14 0
52051 2zpt_X_87 0.4 IV dN 76 -2 -121 -54 ELIIPGITNGVE T-EETTTEEHHH 6.77 3.18 -0.10 0.58 0.15 0
16666 5azp_A_96 0.3 IV gA 91 -71 -56 -66 KGQQPGVTEDRV EEEETTTEEEEE 6.05 3.31 -0.06 0.71 0.07 0
94121 5twb_A_270 0.7 IV dB 87 -16 -164 -147 RVKGFGNTTTSI -EE-SSSSB-SS 6.75 3.45 -0.26 0.22 -0.12 0
55672 1oyg_A_335 0.6 IV dN 72 -24 -88 -53 LIASNTVTDEIE EEE-TTT-S--E 6.54 3.06 -0.04 0.77 0.14 0
