100999 4h59_A_306 0.6 II Pa -61 142 62 36 VAVIPDNTPLAA EEEEETTSHHHH 6.24 3.43 0.17 0.28 -0.87 1
95846 2gzv_A_53 0.8 II Pa -58 150 60 37 IVQVFDNTPAAL EEEE-TTSHHHH 6.05 3.48 0.17 0.34 -0.75 1
66310 4ern_A_664 0.8 II Pa -62 155 63 20 YSLVSQDTQEMA EEEEETTSGGGH 6.03 3.46 0.20 0.35 -0.97 1
29626 3og2_A_158 1.0 II Pa -71 149 63 34 RVKGKLRTDAPD G--S-TTS--HH 6.00 3.50 0.18 0.35 -0.97 1
43429 4tpn_A_212 1.0 II Pd -68 155 67 14 RGKVLPDTVIAR S----TTSHHHH 6.21 3.43 0.20 0.31 -0.94 1
69904 3ts9_A_32 1.0 II Pd -55 141 77 29 SPMSDFGTQHYE --SS-TTSHHHH 6.07 3.47 0.10 0.41 -0.82 1
98259 3h3l_A_209 1.0 II Pd -62 159 73 20 ILEFQFGTPVWR EEEEETTSHHHH 6.42 3.29 0.15 0.42 -0.55 0
60936 1j7d_A_53 1.0 IV Pa -62 151 65 31 MIIGPPRTNYEN EEE--TTSTTTT 6.20 3.48 0.17 0.37 -0.72 1
54234 5k4b_A_292 1.1 IV Pa -72 151 60 45 FFDKRDNTEFDL EEE--SSSSTT- 6.49 3.42 0.12 0.34 -0.51 0
1558 5mu9_A_38 1.1 II Pa -65 151 65 29 GWQFTPDTINWH EE---TTS--TT 6.07 3.50 0.16 0.38 -0.94 1
43706 1g3p_A_111 1.1 II Pd -68 165 75 20 DGTYPPGTEQNP SSSS-BSSSSB- 6.46 3.34 0.16 0.47 -0.50 0
47040 3lgd_A_336 1.1 IV Bd -136 137 79 18 GETDWQGTSIDR --SS--SSTTTT 6.51 3.42 0.20 0.34 -0.07 0
60120 5vug_A_21 1.2 II Pa -62 149 60 35 TRDFPENTVLAI TTTS-TTSHHHH 6.16 3.46 0.15 0.29 -0.94 1
14404 4ia6_A_505 1.2 IV Pa -88 -178 58 34 PTRDTVFTTEYS SS---SSSHHHH 6.76 3.27 0.18 0.51 -0.27 0
112380 3bon_A_392 1.3 IV Pa -59 151 58 34 DGFNLRNTNLAA TBTS-TTSTTSS 6.05 3.42 0.19 0.35 -0.88 1
7003 3w5f_A_137 1.4 IV Pa -75 144 55 50 VPGMEFRTNNQP STT--SSSS-HH 6.78 3.27 0.14 0.29 -0.53 0
110255 2zkm_X_374 1.5 II Pa -59 145 64 30 PIITHGFTMTTD -EE--TTSS--- 6.02 3.49 0.18 0.30 -1.03 1
21713 5ckl_A_35 1.6 II Bd -99 130 79 14 IDRIEVGTTAGL GGGS-SSSHHHH 6.45 3.40 0.15 0.28 -0.38 0
105566 3q46_A_59 0.6 IV Pa -62 156 53 43 DYGIIPQTWYDD EEEE-TT--BTT 6.01 3.48 0.18 0.36 -0.77 1
54256 5doc_A_30 0.9 II Pa -51 143 63 30 FHSHRQHTCLDI GGG--TTEEEEE 5.88 3.55 0.11 0.30 -1.34 1
83098 5mbx_A_336 0.9 II Pd -56 147 64 17 IQVVWEDTSPLQ EEEE-TT--TTT 6.12 3.54 0.17 0.27 -1.26 1
70983 2erf_A_79 1.0 II Pa -59 143 59 31 SLRQMKKTRGTL EEEE-TT-EEEE 5.94 3.50 0.17 0.27 -1.20 1
84604 3ie7_A_84 1.0 II Pd -64 145 68 19 DFLVEAGTSTRE --EEETT---EE 6.17 3.51 0.16 0.29 -1.05 1
78300 4zbh_A_141 1.1 IV Pa -56 139 57 49 PYPPYPNTQATV SS-B-TT-EEEE 6.24 3.48 0.15 0.27 -0.63 1
3067 4b9g_A_104 1.1 II Pa -65 149 64 26 SFSVKENTSYTF -EE--TT-EEEE 5.94 3.48 0.18 0.32 -1.20 1
113758 2ixs_A_295 1.1 IV Pa -67 156 65 38 LPELAWETEAWV GGG--SSEEEEE 6.07 3.43 0.15 0.52 -0.52 0
113358 1cs0_A_170 1.2 II Pa -82 146 65 37 CIIRPSFTMGGS EEEEETT--TTT 5.84 3.57 0.11 0.36 -0.75 0
53925 5b68_A_662 1.2 II Pa -56 145 62 25 RAQNQPGTTRDM S-S--TT--TTT 5.81 3.63 0.16 0.33 -1.78 1
3727 2apj_A_120 1.2 II Pd -68 149 77 17 VPCASGGTAIKE EE---TT--GGG 6.36 3.38 0.15 0.30 -0.78 1
96167 4ocv_A_105 1.4 IV Pa -86 161 58 48 VYKFIEHTMSYN EEE---SEE--S 6.91 3.28 0.18 0.34 -0.33 0
12653 3aj4_A_62 1.8 IV Ba -107 142 59 41 TGQECRDTQPPD EGGG--S---ST 6.63 3.31 0.20 0.32 -0.33 0
36059 4l9h_A_214 1.9 II Pd -88 155 90 12 SGYIPQGTEAKA TT-EESS-S-TT 6.80 3.24 0.10 0.47 -0.44 0
46744 3sk7_A_136 0.7 II Pa -54 140 65 25 KPKAIPNTPFWV --EE-TTSS-EE 5.69 3.56 0.20 0.25 -1.50 1
70649 2zq0_A_644 0.8 II Pa -56 134 65 25 IARKAKDTDDWY EEEEETTSS-EE 5.55 3.63 0.17 0.24 -1.67 1
65371 4rml_A_290 0.9 II Pa -50 126 54 44 LFFNKERTRNIV EEEEBTTSSEEE 5.71 3.63 0.15 0.28 -1.35 1
14045 3nbc_A_54 1.1 II Pd -55 146 70 22 TLVQLPHTTIYT EEEE-TTSSEEE 6.01 3.63 0.20 0.29 -1.20 1
8932 3llo_A_514 1.1 II Pa -56 136 63 26 VLGQLPDTDVYI EEEE-TTSS-EE 5.73 3.61 0.18 0.23 -1.83 1
12039 4ual_A_95 1.1 II Pa -64 151 62 19 AVVKMKNTERIY EEEEETTS--EE 5.58 3.61 0.22 0.34 -1.52 1
20574 2i51_A_48 1.1 II Pa -58 140 61 22 FRGFLEDTNQLR ---B-TTSS-EE 5.61 3.59 0.18 0.24 -1.84 1
108133 4zrs_A_84 1.2 II Pd -61 154 62 18 GDKRLAETPFYD --S--TTS-TTH 5.70 3.58 0.20 0.33 -1.30 1
67850 3qvs_A_369 1.3 II Pa -68 139 63 34 FFKSPMDTNVIN GBSS-TT----- 6.30 3.45 0.12 0.28 -0.75 0
83373 4zr7_A_129 1.5 IV Pa -88 155 56 42 KRTGLSDTDTDN EEE--SS-S--- 6.76 3.33 0.18 0.32 -0.45 0
67257 1v5v_A_272 1.5 IV Pa -87 158 50 46 KELQLLSTDIDE -----SS-S--S 6.80 3.32 0.11 0.33 -0.39 0
33972 4yaa_A_355 1.5 IV Pa -93 151 56 35 VGNYPDQTAVSS ETT--SSS---H 6.52 3.33 0.18 0.30 -0.41 0
28215 5uj6_A_765 1.6 II Pa -68 149 64 36 AQTEIQNTADGP --S--BT-S-HH 6.72 3.26 0.11 0.34 -0.68 0
111130 5b7e_A_447 1.7 II Pd -72 158 81 10 HPFHIHGTQFRI EEEEETT--BEE 6.77 3.22 0.15 0.36 -0.54 0
49528 3rpd_A_31 1.7 IV Pa -73 155 56 41 LWLAEPETLWSP TTTB-TT-SS-- 6.71 3.25 0.17 0.30 -0.53 0
67432 3bb0_A_385 1.8 II Pa -84 142 61 33 LGAPATNTNDIP --B--TTSSS-- 6.00 3.50 0.21 0.30 -0.97 1
112336 4cj0_A_154 1.8 IV Bd -112 149 90 2 MYLLRCGTSVSA HHHTB-SS-EEE 6.84 3.27 0.17 0.39 -0.21 0
101392 4dmi_A_123 1.9 IV Bd -134 138 77 17 RIVSPDGTTAVQ EEE--BS-S-B- 6.62 3.37 0.19 0.32 -0.01 0
107715 2nq3_A_57 2.1 IV Ba -96 134 48 56 KTEKCNNTNSPK E----SS-SS-E 6.80 3.28 0.14 0.41 -0.32 0
13586 5lnr_A_168 2.1 II Pa -83 146 65 27 RTKGEAGTGNII EE---TTS---H 6.60 3.37 0.14 0.29 -0.64 0
82526 4wee_A_198 2.1 IV Pa -78 138 50 61 ETKVHRKTLNPV E-----S-SS-E 6.77 3.28 0.12 0.35 -0.47 0
77204 4h14_A_57 2.5 IV Ba -119 132 47 53 LDRVYLNTTLLL TT----SEEEEE 6.62 3.33 0.20 0.40 -0.16 0
96916 4ms4_B_452 0.9 IV Pa -59 139 57 46 TLEIINDTIRFQ EEEE-TTT---S 6.01 3.57 0.11 0.28 -0.85 1
68372 1n12_A_71 1.0 II Pa -64 150 56 39 NAILVQNTSNTS TEEE-TT-BSST 6.35 3.47 0.14 0.30 -0.71 1
23604 3gpg_A_108 1.3 II Pa -59 142 67 22 VAIPLLSTGVYS EEEE-TTSSTTS 6.03 3.51 0.16 0.27 -1.21 1
12914 3wxy_A_247 1.3 II Pd -64 148 77 25 EPTQFDGTEDIA EEEE-TT-GGGE 6.28 3.41 0.14 0.37 -0.69 1
8823 5a07_A_89 1.5 II Pa -51 143 60 23 EPLYEKDTFDPN S-SS-TTSS-HH 5.95 3.51 0.11 0.26 -1.49 1
57152 4wqd_A_59 1.5 IV Ba -125 138 75 42 GRDGEVGTEANA -STT-SS-STTS 6.83 3.34 0.15 0.37 -0.19 0
22877 1mwq_A_10 1.8 IV Pa -60 150 64 43 FAQDIPNTLEKR EEEE-TT-HHHH 6.35 3.38 0.14 0.34 -0.49 0
76230 3vl1_A_251 1.8 IV Bd -132 105 78 23 KNNLEFGTYGKY --TT-SS-TTEE 6.29 3.49 0.14 0.35 0.11 0
9819 2pgn_A_495 2.1 IV Bd -148 142 75 12 QFGQNNWTEFMN HHSS--S-B--- 6.55 3.45 0.20 0.30 0.04 0
45496 5hsx_A_116 2.3 IV Pa -56 125 48 44 TGWHTDVTAAVN TTEE-TTTTSSS 6.22 3.41 0.12 0.41 -1.22 1
54787 5j4a_A_244 2.7 IV Ba -144 167 52 54 KTVDFMLTPDTV -EE--BS--SSH 6.93 3.26 0.17 0.39 -0.10 0
65058 1s1d_A_280 1.0 IV Pa -58 152 59 37 SFKFIPNTDDQI EEEE-TTSTT-E 6.23 3.46 0.15 0.34 -0.79 1
47321 4xot_A_527 1.3 II Pd -74 154 66 20 MVYNAPGTTSPV EEE--TTS---E 5.74 3.46 0.15 0.36 -1.19 1
15117 1d5t_A_308 1.3 II Pa -59 145 69 29 LSHPIKNTNDAN ESS--TTSTT-S 5.99 3.52 0.14 0.36 -1.01 1
25561 3goc_A_36 1.4 II Pd -79 165 76 10 EPGPPPGTGRVT -----TTSSEEE 6.70 3.32 0.13 0.41 -0.65 0
80104 3ugf_A_204 1.6 IV Pa -65 152 63 31 LLHAVPDTGLWE -SEEETT---EE 6.55 3.41 0.14 0.29 -0.75 0
90014 3r24_A_137 1.9 IV Bp -93 128 40 101 DPRTKHVTKEND -TTS-SS-S--- 6.52 3.58 0.05 0.40 -0.22 0
59837 5ctv_A_121 2.1 IV Ba -120 123 54 42 GLPKTLDTGSLA T----BS-SSSS 6.63 3.32 0.16 0.40 -0.01 0
34161 4a5s_A_597 2.1 II Pd -64 155 74 23 AINRRLGTFEVE GGTT-TTSHHHH 6.03 3.47 0.13 0.46 -0.80 1
43947 4tm7_A_156 0.6 II Pa -58 147 62 36 VNSLFPDTDAVR BTTB-TTSHHHH 6.04 3.47 0.17 0.29 -0.79 1
20162 5ul3_A_547 0.8 II Pa -63 152 67 25 SMEILMNTPYSR B--EETT-HHHH 6.12 3.41 0.14 0.37 -0.88 1
105908 3vla_A_63 0.9 II Pd -59 154 70 22 YRPVRCRTSQCS -EE-BTTSHHHH 6.12 3.38 0.13 0.41 -0.90 1
98646 3zh5_A_135 0.9 IV Pa -54 162 63 47 TLSLTPDTTLYN EEE--SSSHHHH 6.63 3.26 0.15 0.40 -0.10 0
91635 5tnv_A_175 1.0 II Pd -60 145 70 21 SLEMYEDTYIGT EEE--TTSTTSS 6.18 3.40 0.18 0.29 -0.93 1
106879 2c1l_A_318 1.1 II Pd -54 148 71 25 LRIIKQGTPEHS EEEE-TTSHHHH 5.99 3.37 0.17 0.38 -0.99 1
54298 5wzq_A_158 1.3 II Pa -65 163 67 23 SFGGRFETAGGY GGGGBTTBTTBS 6.16 3.45 0.16 0.49 -0.59 0
95940 3vn5_A_28 1.4 II Pd -55 148 69 21 RKINAPYTLWAL EE---TT-SEEE 5.93 3.50 0.13 0.37 -1.30 1
22132 5giz_A_201 1.6 IV Pa -78 171 61 31 ALVAGQRTAADA EEEE-BSSHHHH 6.50 3.29 0.20 0.44 -0.43 0
95064 2je3_A_119 2.6 IV PX -41 130 -24 78 YIFYVPDTPLVA EEEEBTTB---S 5.41 3.84 -0.06 0.30 -1.38 1
7371 4mr0_A_203 0.7 II Pa -60 143 62 34 IVFLKSHTHLEL -EE--TTEEEEE 5.97 3.53 0.14 0.31 -1.00 1
73641 1xjv_A_18 0.9 IV Pa -67 157 73 31 LNQLKGGTIVNV GGG--SSEEEEE 6.40 3.40 0.14 0.44 -0.45 0
51715 3aml_A_683 0.9 IV Pa -69 147 50 51 KVLSPPRTCVAY EEEE-TTEEEEE 6.00 3.59 0.16 0.30 -0.76 1
48490 5xkx_A_255 1.0 IV Pa -61 160 63 40 MTAQLFNTSYPY EEEEESS-EEEE 6.35 3.38 0.14 0.47 -0.41 0
61907 3nsx_A_205 1.1 II Pa -51 138 65 33 MQDFKDFTVNEK SSTT-TT---TT 5.82 3.52 0.14 0.35 -1.39 1
36646 2v0h_A_339 1.1 II Pa -59 147 61 26 GAELAAETHVGN T-EE-TT-EEEE 6.01 3.47 0.16 0.29 -1.11 1
19833 2py5_A_86 1.1 II Pa -58 141 60 42 SADGLPNTYNTI -TT--TTEEEEE 5.72 3.59 0.14 0.33 -1.01 1
97523 3kwe_A_47 1.1 II Pd -63 162 74 22 YVHIAPGTSIRA T-EE-TT-EEEE 6.27 3.31 0.13 0.52 -0.57 0
73449 2je8_A_731 1.2 IV Pa -52 137 56 48 SLEVPANTSKCV EEEE-TTEEEEE 5.91 3.52 0.12 0.28 -0.86 1
6728 3no0_A_618 1.2 IV Pa -73 156 60 44 IASSVDETHILL EEE--SS-EEEE 6.25 3.45 0.15 0.35 -0.57 0
68931 1lr5_A_93 1.2 II Pa -58 137 70 32 EIPFFQNTTFSI EEEE-TTEEEEE 5.77 3.59 0.14 0.30 -1.38 1
101954 5v0z_A_134 1.2 IV Pa -62 158 63 43 PIHIGSNTWFGG -EEE-SSEEE-T 6.30 3.33 0.13 0.45 -0.37 0
40705 4q29_A_42 1.2 II Pa -54 137 58 42 WCIVRPETKSFR EEEE-TTEE--- 5.70 3.57 0.15 0.27 -1.13 1
62120 2y0o_A_132 1.2 II Pa -55 145 58 38 QYTIPPNTKHWF EEEE-TT--EEE 6.05 3.47 0.16 0.29 -0.91 1
20049 5dkx_A_451 1.3 II Pd -66 150 76 23 TDEKKYFTWDKH SBTTBTT---TT 5.98 3.48 0.14 0.46 -1.03 1
52853 2w1j_A_121 1.6 IV Pa -59 148 55 49 LPIGGNSTHAVI -TT--TTEEEEE 5.74 3.57 0.14 0.37 -0.67 1
22724 4xqc_A_92 1.7 IV Bd -116 163 73 11 CVNLSVDTSSLD EEE--SSS-HHH 6.69 3.25 0.16 0.37 -0.05 0
28067 4zur_A_94 1.8 II Pa -57 137 59 39 TSFPVRRTSPRI -B---TT----- 6.07 3.44 0.15 0.26 -1.10 1
84153 5m5z_A_189 1.8 IV Pa -79 168 56 43 HWQVAQATSLQN E----SSEEEEE 6.58 3.35 0.21 0.38 -0.32 0
74886 1i1q_A_32 1.8 IV Pa -79 165 65 43 VCGDRPATLLLE HHTT-SSEEEEE 6.67 3.31 0.17 0.47 -0.25 0
47335 4xot_A_375 2.0 IV Pa -69 156 57 51 VQLHQHDTFYRG EEE-SSSEEEES 6.44 3.38 0.17 0.35 -0.30 0
84236 1m15_A_313 2.1 II Pd -55 152 67 22 RGTRGEHTESEG EBTTBTT---BT 5.89 3.45 0.16 0.38 -1.16 1
59027 3o12_A_33 2.1 IV Pa -67 156 55 49 TLETDEKTDFWR EEE--SS--EEE 6.40 3.38 0.15 0.35 -0.45 0
26832 3mea_A_238 0.6 II Pa -51 134 65 26 VLALYPQTTCFY EEEE-TTSSEEE 5.63 3.58 0.16 0.24 -1.74 1
25045 5ko9_A_131 1.0 II Pd -77 132 75 24 EWQRCQGTNQRQ EEEE-TT-S-EE 6.12 3.57 0.11 0.29 -1.26 1
105115 3js8_A_259 1.2 II Pa -65 142 59 33 EAIWFPFTSNPW EEEE-TT-SS-E 5.75 3.58 0.19 0.26 -1.27 1
62049 5ut3_A_554 2.3 II Ba -73 111 64 21 SLGQGTFTKIFK EEEEETTEEEEE 4.87 3.71 0.16 0.45 -1.36 1
81799 4x33_B_325 2.5 II Ga -81 94 57 37 RVFGGCATTWIV EEEE-SSEEEEE 4.73 3.73 0.10 0.59 -0.30 0
50432 4u5r_A_47 1.1 IV Pa -55 147 60 46 FKDMPKETMYVG EEEE-TT-EEET 5.94 3.49 0.11 0.41 -0.72 1
7815 3klk_A_1348 1.1 II Pd -60 150 67 19 NLDGQQYTAVRG -BTTBTT-S-B- 6.04 3.49 0.14 0.35 -1.28 1
35166 4ktp_A_59 1.4 II Pa -57 145 67 38 AACIVTDTWDKA --EEETT--B-T 6.28 3.43 0.14 0.35 -0.79 1
69107 5tip_A_81 1.5 II Pd -69 136 74 24 TKGGNGGTTYYP E--S-TT--SSH 5.99 3.54 0.14 0.28 -1.13 1
28353 3x0v_A_96 1.7 IV Ba -116 142 65 22 YYLDGENTPQLY E-SS-SS--EEE 6.41 3.38 0.15 0.29 -0.04 0
6589 5byk_A_15 1.4 II Pa -55 151 72 29 ISAGLPRTGTKS EE---TTSSHHH 6.11 3.46 0.13 0.45 -0.76 1
112765 2iqy_A_112 1.4 II Pd -58 142 68 20 GSGPPKDTGLHR -----TTS--EE 5.88 3.49 0.15 0.27 -1.53 1
105408 2d59_A_108 1.5 II Pa -52 136 58 38 VVWFQYNTYNRE EEEE-TT---HH 5.83 3.59 0.14 0.25 -1.12 1
14402 4ia6_A_576 0.4 II Pa -59 144 63 19 GMRKIKKTWVEE HHHHTTTSHHHH 5.62 3.64 0.17 0.27 -1.69 1
86023 5fqe_A_196 0.7 II Pa -59 127 64 27 ICKEDLFTEKHF --GGGTTSHHHH 5.35 3.65 0.14 0.25 -1.84 1
100727 1mjn_A_161 0.8 IV Pa -83 157 58 40 VMKKCSNTSYQF HHHHTTTSSEEE 6.05 3.49 0.23 0.33 -0.61 0
25279 4n49_A_470 0.9 II Pa -55 145 53 28 KLNQLRNTDSDV HHHHHTTSSEEE 5.44 3.68 0.18 0.29 -2.00 1
39529 1rtq_A_254 1.0 II Pa -63 154 64 30 DYNPRIHTTQDT GS-TTTTSTT-- 5.82 3.54 0.17 0.39 -0.93 1
79213 4fs7_A_247 1.0 II Pa -71 142 53 45 GDFALSKTGVKN -TTTTTT----E 5.73 3.58 0.19 0.29 -1.01 1
898 2hy7_A_70 1.2 II Pa -49 141 64 27 PLDDTANTVVSH GGGGGTTSEEEE 6.01 3.51 0.17 0.27 -1.28 1
53483 5b1a_A_367 1.2 II Pa -64 146 60 32 LDIVLHDTYYVV HHHHHTTBHHHH 5.59 3.59 0.20 0.31 -1.38 1
83086 5mbx_A_471 1.3 II Pa -56 158 66 23 THRTFYSTTHGA G-TTTTTSHHHH 6.06 3.45 0.13 0.44 -0.95 1
52133 2f7v_A_338 1.3 II Pa -66 135 61 34 GDIAQAHTADEF S-GGGTT-TT-E 5.56 3.62 0.17 0.27 -1.29 1
85026 5a7g_A_63 1.3 II Pa -62 139 59 35 PLGPLRFTPPQP --GGGTTS---- 5.35 3.68 0.15 0.35 -1.42 1
72917 2xwt_C_233 1.5 II Pa -61 145 53 41 SLLDVSQTSVTA SEEE-TT----- 5.94 3.52 0.18 0.29 -1.04 1
28747 3wpc_A_150 1.5 IV Pa -66 154 49 47 VSLILSRTNILQ -EEE-TTS---E 6.15 3.49 0.20 0.34 -0.71 1
14177 3kq5_A_270 1.9 IV Bd -127 140 80 -7 TNQIKVNTSDAG TT-S-BSSSS-S 6.47 3.47 0.17 0.25 0.23 0
23120 2cnq_A_234 1.9 IV Ba -133 123 49 54 ILVDEVLTPDSS EEES--S-TTTE 6.81 3.14 0.16 0.40 -0.03 0
17428 5k21_A_148 2.0 II Pa -56 134 61 28 LTVSGVATPDEK EEEESTTSTT-E 5.54 3.63 0.16 0.24 -2.04 1
64222 3mxm_A_193 2.0 II Pa -59 146 56 26 QAPTDSHTAEGD S--SSTTSHHHH 5.99 3.47 0.15 0.34 -1.63 1
16547 4wmy_A_92 2.1 IV Ba -92 97 58 56 NDMRGKCTVGDR S-TTSTT-TT-T 5.41 3.67 0.12 0.51 -0.54 0
38233 3rm3_A_57 2.2 IV Bd -109 150 73 17 PRLKGHGTHYED ---TT-SS-HHH 6.53 3.43 0.19 0.35 -0.31 0
48270 4xtb_A_172 0.7 II Pa -61 137 58 36 LSHENAATLNDV GGGGGTT--TT- 5.95 3.49 0.19 0.26 -1.06 1
72922 2xwt_C_197 0.8 II Pa -52 133 67 29 QGYAFNGTKLDA -TTTTTT-EEEE 5.78 3.58 0.12 0.28 -1.39 1
51360 3zlc_A_219 1.0 IV Pa -61 138 55 49 IDNPLDNTAQFN ---TTTTEEE-- 5.73 3.62 0.14 0.29 -0.89 1
50106 3r4z_A_285 1.0 IV Pa -59 153 59 46 TDGPEKNTCQWA SSSTT-SEEEEE 5.89 3.49 0.12 0.47 -0.66 1
50133 3r4z_A_89 1.1 II Pa -65 145 62 30 KVFPWDKTEVWH -SSTTTT-EEEE 5.60 3.56 0.15 0.31 -1.03 1
75421 3c7m_A_17 1.9 IV Pa -57 133 55 51 PIPNADKTLIKV --SS-TTEEEEE 5.65 3.63 0.14 0.28 -0.89 1
50556 5a57_A_524 2.3 IV Pa -102 162 63 28 GGGSNDWTRLTA SSGGGSS--EEE 6.26 3.38 0.29 0.36 -0.41 0
59090 3pb6_X_349 1.0 II Pa -53 129 59 33 PFPAVWHTPADT S--TTTTSTT-S 5.57 3.57 0.18 0.25 -2.09 1
87719 1wd3_A_81 1.4 II Pa -61 138 52 35 QDTFCANTTCLI HHHHTTTS-EEE 5.62 3.62 0.17 0.26 -1.35 1
16308 3ven_A_41 2.1 IV Pa -83 140 54 48 RKKHGYNTAPVQ --TT-TTS--HH 6.72 3.27 0.17 0.33 -0.51 0
17065 5fi3_A_240 0.5 II Pa -54 135 66 28 EMQGAAGTLDGI HHHHTTT-EEEE 5.78 3.54 0.15 0.26 -1.20 1
38605 4uyb_A_182 0.9 II Pa -65 149 61 33 LEENYPETLKFM HHHHSTT-EEEE 5.84 3.48 0.19 0.31 -0.91 1
37650 4zqx_A_200 1.2 II Pa -65 136 62 42 NVIEGLDTVPEC HHHHHTT-S--E 5.95 3.50 0.14 0.28 -0.76 0
61220 2dej_A_14 2.0 IV Ba -99 136 61 36 VNLIGEHTDYTY EEEE-TT-GGGT 5.86 3.57 0.22 0.31 -0.52 0
57696 2xts_B_125 2.3 IV Pa -71 161 64 35 MPFGSAQTLSVD -STTS-S---HH 6.67 3.31 0.16 0.38 -0.47 0
31590 4c2l_A_203 2.4 II Pa -62 142 62 31 SDNPPKNTDGFD SSS--TT--SEE 6.13 3.46 0.18 0.27 -1.00 1
18938 1k5c_A_149 2.7 IV Ba -159 143 57 34 TKNLGHNTDGFD GGG---S--SEE 6.58 3.40 0.26 0.33 -0.03 0
108015 2uz1_A_106 0.6 II Pa -51 137 62 38 GALRDDETNTLQ --GGGTTS--TT 5.97 3.53 0.13 0.29 -0.98 1
73228 3bc9_A_132 1.0 II Pa -50 134 55 36 AFYWEMNTGEYA ---TTTTSHHHH 5.45 3.65 0.12 0.25 -1.73 1
10401 2z81_A_443 1.2 IV Pa -65 143 51 53 RFLNLSSTGIRV -EEE-TTS--S- 5.91 3.56 0.14 0.29 -0.68 0
66439 3zt9_A_60 1.2 II Pa -54 144 63 24 SMESSMNTGLVN HHHHHTTS-HHH 5.86 3.51 0.17 0.31 -1.79 1
16719 1io0_A_231 1.3 II Pa -64 138 52 45 KKFSIVGTRSND -EEE-TTS---H 5.73 3.61 0.13 0.28 -0.97 1
48282 4q62_A_368 1.6 II Pa -55 136 63 29 KSINLEHTGITS -EEE-TTSS--H 5.68 3.54 0.16 0.25 -1.32 1
93989 5e1w_A_150 1.9 IV Gd -103 90 68 15 LPLTHKHTKTLT HHHH-SS----- 5.55 3.50 0.14 0.65 0.33 0
45000 3mdm_A_423 2.7 IV Ba -106 104 60 27 GAPKPRFTYFPF TS---SSS--TT 5.70 3.53 0.15 0.56 0.16 0
65221 1vd6_A_21 0.9 II Pa -53 145 58 36 PLKAKENTLESF TTTS-TTSHHHH 6.05 3.53 0.15 0.30 -0.90 1
45556 2zuv_A_509 0.9 II Pa -59 149 63 38 INGGPVDTAFTG EEEE-TTSTTT- 6.32 3.38 0.13 0.36 -0.70 1
16518 4wmy_A_290 1.6 II Pa -65 117 60 20 FDWSGYGTHVGY TBTTSTTB-STT 5.50 3.54 0.16 0.47 -1.18 1
64646 4n6q_A_56 1.7 IV Pd -97 165 69 23 IRVREEGTYLAQ EEESSSSSHHHH 6.91 3.24 0.17 0.38 -0.36 0
41773 3rga_A_39 2.1 II Pd -54 144 82 31 RLVDPLGTEPVV EEE-SSSS--EE 6.12 3.42 0.10 0.56 -0.72 1
13335 2o8l_A_139 0.9 II Pa -41 130 58 33 PGDKPVATMWES -TTSSTT-EEEE 5.87 3.40 0.16 0.23 -1.81 1
71902 2gia_A_162 0.9 II Pa -64 148 60 31 PNPAAPYTFTLK E-TTSTT-EEEE 5.86 3.54 0.15 0.30 -1.16 1
31323 4tsd_A_45 0.9 II Pa -61 141 65 33 VLNLATNTEFQV HHT--TTEEEEE 5.75 3.59 0.14 0.34 -1.30 1
79035 1g5a_A_380 1.0 II Pa -60 151 63 27 RHNLPEHTAWVN S----TT-EEEE 6.12 3.48 0.15 0.33 -0.96 1
51896 1so7_A_213 1.3 IV Pa -72 158 63 45 GHFVAQDTLECQ ----SBSEEEEE 6.50 3.37 0.14 0.43 -0.37 0
17238 4ohx_A_159 1.4 II Pd -67 160 75 19 NSVSVPGTVAAV -SSS-TTEEEEE 6.17 3.44 0.16 0.51 -0.73 1
29654 5i90_A_269 1.5 II Pa -56 132 84 41 WLFGPRGTGVII TT---SS-EEEE 6.05 3.55 0.04 0.45 -0.50 1
79241 4fs7_A_36 1.5 II Pa -53 128 70 30 NFTKEHGTVEVS EE-SSTTEEEEE 5.72 3.59 0.11 0.25 -1.41 1
95502 3apa_A_134 1.5 IV Pa -62 139 46 49 AVPLHPNTVLRF E--SSTT-EEEE 6.28 3.38 0.16 0.30 -0.90 1
111173 5elb_A_12 1.5 IV Pa -73 152 62 34 LCAEYHNTQIHT HHTTSTTEEEEE 6.30 3.41 0.15 0.39 -0.57 0
46239 5wan_A_211 1.7 IV Ba -104 119 57 38 CFGKGVNTPTAF EE--SBS-TTTT 5.43 3.64 0.15 0.37 -0.06 0
21661 5txu_A_345 1.7 II Pa -57 129 58 38 LSHYYTDTKIKD HHHHSTT-EEEE 5.96 3.52 0.16 0.29 -1.26 1
41482 5hb6_A_971 1.7 II Pa -59 147 65 26 RLKSIPDTTFES HHHT-TT-EEEE 6.03 3.46 0.18 0.29 -1.23 1
92451 3nkg_A_126 1.9 IV Ba -77 125 48 53 GNGSGAYTRDIT S--SSTTEEEEE 5.62 3.57 0.17 0.40 -0.71 0
12728 5jov_A_560 2.0 II Pa -68 145 66 37 EPNVRDCTDLEY TT-SSTT--HHH 6.74 3.22 0.11 0.29 -0.59 0
79990 1ga6_A_250 2.2 II Pd -72 155 83 24 WQSVVSGTPGRR GGGGSTTS-SEE 6.70 3.31 0.14 0.40 -0.50 0
91388 2o6p_A_40 0.8 II Pa -46 120 60 35 YEVYKYNTNDTS EEEEETTSSSB- 5.62 3.56 0.14 0.29 -2.01 1
56337 5c9l_A_105 1.3 II Pa -58 141 63 30 NWQTAADTNTWS EEBSSTT-S-B- 5.77 3.56 0.16 0.28 -1.33 1
69391 4xr9_A_340 1.4 II Pa -67 139 63 37 GAAFKNDTGDVR --SSSTT----T 6.02 3.55 0.12 0.32 -0.94 1
94462 3qex_A_849 1.5 II Pd -67 157 72 9 CIAWPSGTEITD EEEEETTS---H 6.07 3.49 0.19 0.39 -0.96 1
11854 5hoe_A_126 2.2 IV Ba -103 99 72 34 TCAGGVGTPYPA T-TTTTT----- 6.05 3.44 0.03 0.49 0.06 0
78283 5f2k_A_140 0.7 II Pa -55 139 66 22 TQILPSNTVSLG S--S-TT-EEEE 6.01 3.51 0.14 0.24 -1.17 1
113879 5lwa_A_758 1.3 II Pa -56 141 62 25 PRRYPENTATFL -----TTSS-SE 5.94 3.51 0.15 0.24 -1.57 1
36034 2e1v_A_18 1.4 IV Pa -58 146 55 47 QVSPPPDTLGDK EE---TTS---E 5.96 3.58 0.13 0.30 -0.74 1
47149 3rju_A_127 1.4 II Pa -63 140 65 33 PQKRPVFTWPTK -SS--TT-SS-H 6.12 3.49 0.16 0.26 -0.95 1
50474 5a57_A_1324 1.4 II Pa -73 130 61 27 YEAGSDNTYAFV EEESSTTSEEEE 6.05 3.41 0.14 0.32 -0.83 1
57778 5hl3_A_135 1.6 IV Ba -114 117 53 40 ADPPGRLTRNLS ---SSSS--EE- 6.25 3.39 0.18 0.45 -0.09 0
40616 4lxq_A_130 1.9 II Ba -86 105 58 34 RIDNGIDTGNII E--SSSS-S-EE 5.35 3.59 0.17 0.55 -0.53 1
33138 5kdw_A_366 1.9 IV Pd -71 154 78 32 NLFALPGTTSLR -GGGSSS-HHHH 6.59 3.41 0.12 0.43 -0.41 0
29699 4ts4_A_140 2.0 IV Ba -96 103 63 36 WADDGLDTGPIL E--SSSS-S-EE 5.43 3.50 0.18 0.56 -0.23 0
32794 2wfi_A_116 2.3 IV Pa -58 136 55 48 MANRGKDTNGSQ E--SSTT-B-S- 5.90 3.50 0.13 0.28 -0.86 1
19513 4z8t_A_161 1.0 II Pa -54 134 55 45 ALRGNTATGKTR EEE--TTSSHHH 5.99 3.48 0.15 0.27 -0.91 1
83609 5j1s_A_103 1.0 II Pa -57 141 71 28 SLHGWTGTGKNF EEEE-TTSSHHH 5.91 3.51 0.13 0.33 -1.03 1
37758 4tmx_A_531 1.1 II Pa -60 138 64 28 CILGHVNTGKTK EEEESTTSSHHH 5.93 3.51 0.15 0.25 -1.40 1
100045 5he9_A_165 1.3 II Pd -62 138 77 24 YLYGPFGTGKSF EEE-STTSSHHH 6.39 3.41 0.09 0.28 -0.97 1
64412 2zq5_A_99 1.5 II Pd -68 152 76 19 FVTGLVRTGTTA EEE--TTSSHHH 5.81 3.50 0.11 0.46 -1.03 1
87286 3da8_A_152 1.8 IV Ba -113 135 59 28 LVDAGTDTGPIL E--SSSS-S-EE 5.73 3.58 0.21 0.33 -0.12 0
104315 1llf_A_390 2.1 II Pa -66 150 65 32 TQGSPFDTGIFN GGSSSTT-TTTT 6.15 3.43 0.16 0.31 -0.76 1
44412 5m17_A_217 0.7 II Pd -66 139 67 15 GSITIRNTAYDA -TT--TTSTT-- 5.40 3.64 0.20 0.25 -1.75 1
45383 4lgy_A_838 0.8 II Pa -61 137 59 36 GHNALGATALAQ T----BTSHHHH 5.69 3.57 0.17 0.26 -1.23 1
68882 3k01_A_99 1.0 II Pa -61 139 68 28 YLAPLDGTPALD -B---TTSGGG- 5.36 3.65 0.17 0.33 -1.57 1
96744 4ehu_A_126 1.1 II Pa -65 152 69 26 NDKCAAGTGRFL E-S-STTSHHHH 5.88 3.49 0.17 0.38 -1.04 1
54914 1nsz_A_212 1.2 IV Pa -51 133 58 46 DIVDIKNTDLDF --EE-TTSTT-- 5.53 3.61 0.07 0.27 -1.05 1
86052 4cgs_A_61 1.2 II Pa -56 136 65 24 RYIVNMWTPPEV SEEE-TTS-HHH 5.40 3.66 0.15 0.28 -2.22 1
17901 4qxb_A_148 1.6 II Pd -60 149 69 23 ISLEFSHTRLEN EEEE-TTSTTGG 5.80 3.52 0.14 0.44 -1.37 1
34120 1r7a_A_205 1.8 IV Ba -139 119 49 55 AGTSCFMTPKTF TTS-SSS-HHHH 6.55 3.43 0.18 0.40 -0.00 0
110595 5wf2_A_371 2.0 IV Bd -132 146 75 24 LICHLGGTSECV HHHTTSSS-HHH 6.76 3.35 0.19 0.35 -0.13 0
65148 3wx7_A_256 2.1 II Pa -62 113 61 37 YVDSALNTCAPT HHHHHTTTTHHH 5.41 3.67 0.08 0.39 -1.52 1
104088 1juh_A_199 2.7 IV Bd -143 105 69 17 PANTVWHTGANA SSSS-SSSS--- 5.86 3.56 0.24 0.41 0.29 0
40848 3k1z_A_14 3.0 II Pa -71 135 42 17 LTWDVKDTLLRL EEE--BTTTEEE 5.44 3.59 0.30 0.33 -0.82 1
44047 2gb7_A_173 0.8 II Pa -60 139 63 25 YTSNKRNTMLIS HHH--TT-EEEE 5.65 3.62 0.16 0.27 -1.51 1
30345 4ua6_A_177 1.0 II Pa -62 139 61 42 IPGDPRDTTTPR -TT--TTEE-HH 5.75 3.52 0.16 0.27 -0.90 1
93586 4oj5_A_262 2.4 IV Za -149 94 56 30 IPTSNFFTRECK -SS--SS-SS-- 5.78 3.45 0.20 0.56 0.35 0
48351 2xts_A_284 2.5 IV Ba -116 161 56 38 REETSKYTDLMP GGGTTSS-EE-T 6.78 3.27 0.21 0.38 -0.23 0
39532 1rtq_A_194 1.6 II Ba -96 146 60 28 VVFITDYTDSNF EEEE-TTS-HHH 5.54 3.67 0.26 0.33 -0.50 0
43492 2w2r_A_214 1.7 II Ba -76 101 60 30 LILSKKATGTWV EEEE-SSSSS-E 5.83 3.46 0.10 0.59 -0.45 0
101159 2z6r_A_89 1.7 IV Ba -111 117 60 37 PGDPLVATTHAE SB-TTSSSSTHH 5.73 3.59 0.20 0.38 -0.11 0
30981 2a67_A_86 1.7 II Ba -78 111 64 32 HANAFYQTNLND SSSTTTTSSHHH 5.32 3.67 0.19 0.43 -1.41 1
51606 2jen_A_96 1.9 IV Za -156 82 46 48 IVSGWHWTEGYT EEEE-SSSSS-- 5.87 3.42 0.21 0.71 0.31 0
15024 5m12_A_433 1.9 IV Ba -134 171 55 44 LILREEKTDLTQ B---SSS----H 6.69 3.35 0.19 0.42 -0.11 0
101634 3r6d_A_198 2.1 IV Ba -84 107 55 54 DETPFHRTSIGV --GGGTTEEEEE 5.41 3.63 0.14 0.47 -0.65 0
3540 5xh6_A_1067 1.2 II Pa -60 141 64 39 FYVPAPYTSKID EEE--TTSSSS- 5.99 3.56 0.15 0.28 -1.07 1
91671 2pge_A_111 2.1 IV Ba -94 114 45 46 LDSWQVSTDGRF HHHTTSSTTSS- 5.74 3.51 0.16 0.54 -0.23 0
48076 1jix_A_203 1.7 IV Ba -109 153 47 43 MVEFLFDTGLNI HHHHHSS-SS-E 6.61 3.40 0.21 0.31 -0.28 0
113438 3ftj_A_315 2.5 II Bd -97 109 70 20 ENIRGIGTNTMT TTSTTSSSSEEE 5.65 3.54 0.18 0.46 -0.10 0
44758 3kgz_A_111 0.6 IV Pa -59 142 53 48 LVFIPPMTWHQF EEEE-TT--EEE 6.06 3.41 0.20 0.27 -0.59 0
15603 2wfp_A_250 0.7 II Pa -59 158 61 26 AMFLFAETPHAY EEEE-TT--EEE 6.01 3.36 0.20 0.35 -0.63 0
82589 3en0_A_200 0.7 II Pa -54 145 52 37 GLGIDEDTCAMF EEEE-TTEEEEE 5.41 3.55 0.20 0.33 -1.21 1
93801 1e2w_A_40 0.7 IV Pa -64 152 45 48 PQAVLPDTVFEA -SEE-TT-EEEE 5.87 3.53 0.22 0.29 -0.64 0
26174 3mhx_A_7 0.8 II Pa -56 149 57 31 LSELPLHTSAVV GGG--TTEEEEE 5.67 3.55 0.18 0.33 -1.05 1
1922 3uv0_A_17 1.0 IV Pa -65 155 62 33 AILLKADTIYRI -EE--TT--EEE 6.35 3.31 0.18 0.33 -0.51 0
23809 1nr0_A_17 1.0 II Pa -50 139 56 29 LPRTARGTAVVL -----TT----- 5.46 3.62 0.17 0.24 -1.59 1
51364 3zlc_A_108 1.1 IV Pa -69 173 49 41 PFFIPYDTKVND -----SS-EE-- 6.13 3.41 0.20 0.48 -0.35 0
53940 5b68_A_342 1.2 II Pd -70 138 63 16 QSESVHGTEPDR HS---TT----H 5.54 3.73 0.11 0.25 -1.37 1
62982 3nhe_A_533 1.3 II Pa -54 133 51 42 REFASENTNHAV GGGB-TT----E 5.35 3.68 0.19 0.27 -1.38 1
71769 3h7j_A_42 0.6 IV Pa -48 145 50 53 MSYVPPHTNVEP EEEE-TTEEEEE 5.81 3.55 0.18 0.29 -0.47 0
82848 2e4t_A_505 0.8 IV Pa -49 147 45 63 TYTVPALTACHI EEEE-SSEEEEE 6.10 3.43 0.12 0.31 -0.43 0
84163 5m5z_A_116 0.8 II Pa -52 137 68 35 PIISYYYTQLVG -EE--TTEEEEE 5.82 3.53 0.13 0.30 -0.93 1
106544 3w5n_A_81 0.9 IV Pa -64 155 59 33 GPPLKPRTRYFW SS---TT-EEEE 6.21 3.43 0.19 0.31 -0.60 0
9143 3fs8_A_104 0.9 IV Pa -81 166 59 32 KVTIRENTKIGN S-EE-SS-EE-S 6.54 3.28 0.25 0.36 -0.41 0
108355 4tz1_A_116 1.1 II Pa -63 147 53 41 NAQIGFYTSIAG EEE--TTEEEEE 5.93 3.44 0.17 0.29 -0.82 1
41538 2wqk_A_155 1.2 IV Pa -53 143 54 46 NEGIPEDTYLNV HH---TTEEEEE 6.05 3.34 0.21 0.27 -0.58 0
11051 1y8a_A_273 1.3 II Pa -54 140 56 27 SAVSIPETEIYI GG---TT-EEEE 5.40 3.59 0.21 0.25 -1.61 1
80557 3pmo_A_213 0.8 II Pa -66 134 60 17 DVEIGANTTIDR S-EE-TT-EEE- 5.63 3.60 0.19 0.24 -1.59 1
9565 4d6g_A_881 1.0 IV Pa -57 156 59 53 NVEFEPHTYGIF EEEE-SS-EEEE 6.15 3.40 0.16 0.43 -0.18 0
9145 3fs8_A_86 1.1 IV Pa -80 177 64 27 ENVIYGDTIIGD T-EEESS-EE-T 6.52 3.27 0.18 0.50 -0.30 0
6960 3w5f_A_614 1.3 IV Pa -63 154 58 55 MAQKQPLTWYKA ---S-SSEEEEE 6.52 3.36 0.14 0.35 -0.26 0
105906 3vla_A_89 1.3 IV Pa -90 160 50 46 RPGCNNNTCGVF BTTB-SSEEEE- 6.11 3.44 0.23 0.34 -0.41 0
79358 4j3v_A_873 0.7 IV Pa -58 144 50 54 RFTVPGRTVSVF EEEE-TTEEEEE 5.89 3.50 0.19 0.28 -0.46 0
86920 2huh_A_143 0.9 II Pa -58 144 55 45 HGLVEPNTKLLL EEEE-TTEEEEE 6.12 3.41 0.17 0.29 -0.72 1
80910 5bnz_A_265 1.0 IV Pa -81 176 56 20 SRLNLNYTVTSK ----BTT----H 5.88 3.42 0.26 0.42 -0.52 0
91600 2xfg_B_589 1.2 II Pd -70 136 75 19 YQGLSAGTVVKS GTT--BT--EE- 6.15 3.43 0.11 0.29 -0.87 1
41302 5d78_A_348 1.4 II Pa -54 131 60 35 ISEKQANTPHKA E----TTS--EE 5.46 3.53 0.17 0.27 -1.20 1
82311 5nop_A_323 1.5 II Pa -59 140 63 26 LYKLEPDTEVVS EEEEETTEEEEE 5.39 3.60 0.22 0.27 -1.47 1
7505 3soy_A_156 2.3 II Pa -54 137 48 21 VWAKIPNTGWRI EEEEETTTEEEE 5.51 3.68 0.19 0.26 -2.19 1
4241 3bhd_A_74 1.0 IV Pa -59 162 63 31 AGVLGPHTEYKE BTTB-TTSEEEE 6.07 3.42 0.19 0.43 -0.54 1
65431 3wli_A_428 2.7 IV Pa -68 170 55 47 GYQCGGWTIEWQ HHHH-SSSSSTT 6.57 3.36 0.17 0.42 -0.18 0
20131 2yic_A_900 3.1 II Ba -73 119 58 27 VRLSGQDTQRGT EEEEETTTTT-T 5.09 3.68 0.20 0.42 -1.38 1
94887 1q7l_B_365 1.0 IV Pa -116 173 46 38 GFSPMNRTPVLL EE----S----T 6.11 3.44 0.26 0.40 -0.24 0
40356 5ah1_A_421 1.2 IV Pa -77 167 53 36 AMPRIINTDHMD E---B-S--TTG 6.27 3.39 0.23 0.36 -0.43 0
25469 5ewo_A_612 1.3 IV Bd -108 163 62 13 NVELKTNTAYHM -----SSS-B-- 5.81 3.56 0.16 0.40 -0.18 0
81106 2bm5_A_109 1.6 II Pa -69 130 54 24 TGCRLRETSLVD TT-B-TT-B-TT 5.14 3.66 0.23 0.31 -1.59 1
14999 4jbu_A_108 1.8 IV Pa -75 167 58 42 FLESSPNTQWEL HHHHS-S-EEEH 6.34 3.34 0.21 0.40 -0.28 0
36883 3hkm_A_97 1.8 IV Pa -63 157 51 55 LLTVHPNTTTSV -TTSS-SEEEEE 6.03 3.51 0.20 0.40 -0.15 0
38370 2xt2_A_152 1.8 IV Ba -151 116 46 38 KGSTFHNTKLTG TT-B-SS-B-TT 5.51 3.66 0.32 0.35 0.18 0
91012 4kxv_A_339 2.4 IV Ga -105 68 59 29 IIALDGDTKNST EEEEESS-HHHH 6.24 3.20 0.11 0.76 0.32 0
66842 2x3n_A_125 0.5 IV Pa -93 162 49 42 TVEMLFETRIEA TEEEE-S--EEE 6.00 3.50 0.26 0.36 -0.43 0
95757 4qhw_A_307 1.1 IV Pa -66 168 51 41 ASFLRPKTNTWY EEEEESS----- 6.26 3.33 0.22 0.38 -0.40 0
73696 3pyc_A_54 1.8 IV Pa -73 136 50 63 STDTVKNTLDPK E----SS-SS-E 6.94 3.21 0.10 0.38 -0.38 0
96245 2i0z_A_128 0.6 IV Pa -85 169 55 32 GVKIRTNTPVET T-EEE-S--EEE 6.09 3.43 0.26 0.44 -0.35 0
51480 5m10_A_107 0.6 IV Pa -84 170 58 19 ARDIQLNTEVTD GGGEETT--EEE 6.39 3.33 0.23 0.37 -0.47 0
45809 3ng7_X_221 0.6 IV Pa -77 171 49 36 IPEIRLQTVVTG -S-EESS--EEE 6.20 3.35 0.22 0.40 -0.43 0
54502 1lqt_A_270 0.6 IV Pa -107 172 51 45 RMVFRFLTSPIE EEEEE-SEEEEE 6.65 3.26 0.22 0.41 -0.24 0
25994 4opc_A_117 0.7 IV Pa -85 173 49 34 GVEIWDLTTAMK T-EEESSEEEEE 6.00 3.43 0.25 0.43 -0.42 0
96882 2qcu_A_167 0.7 IV Pa -106 179 51 34 GGEVLTRTRATS T-EEE-SEEEEE 6.20 3.39 0.28 0.46 -0.25 0
57722 2gf3_A_168 0.9 IV Pa -94 165 53 35 GAKVLTHTRVED T-EEE-S--EEE 6.55 3.28 0.25 0.34 -0.38 0
73162 3gmf_A_220 1.4 II Pa -56 142 60 20 DGILLAGTHDWA TTEE-TT--SHH 5.68 3.54 0.19 0.25 -1.11 1
22694 5j1j_A_93 1.4 IV Bd -124 102 95 13 IVPAASGTQSMV EE---BS-STTT 6.15 3.56 0.12 0.30 0.12 0
95406 5ilb_A_507 1.8 IV Ba -138 138 41 52 GYEEIVNTQVVA T-TT--SEEEEE 6.86 3.31 0.19 0.35 -0.03 0
28096 4zoy_A_203 1.8 IV Pa -61 152 58 37 PSPDHPNTIALG --TTSTTEEEEE 6.17 3.42 0.17 0.33 -0.75 1
50440 5x6s_A_232 2.2 IV Pa -69 148 49 45 PEKTEANTPQTN -SEEETT-SSTT 5.85 3.46 0.20 0.30 -0.63 0
31455 1id0_A_434 2.4 IV PX -73 126 27 68 DRGQRVDTLRPG S----TT---TT 6.06 3.51 0.10 0.48 -0.52 0
98741 5e4b_A_26 0.9 IV Pd -99 165 71 23 YSWKITGTTIDK EEEEE-S--HHH 6.88 3.24 0.17 0.42 -0.34 0
109943 2wb0_X_232 1.4 IV Ba -136 113 54 39 RGLQLTFTSNKT TT---SS--HHH 5.68 3.65 0.24 0.40 0.06 0
39229 4rjw_A_211 1.4 II Pa -49 127 57 34 AYRDLDDTAFDS EEEE-TTB-B-- 5.35 3.59 0.19 0.30 -1.63 1
85278 5c2m_A_78 2.1 IV Za -131 80 63 58 KGPTPHRTSAEE EE---SSB-HHH 5.55 3.63 0.09 0.57 0.05 0
15104 4w8b_A_154 1.8 IV Pa -77 154 58 34 PGWNLGNTLEAT SEEE-TTSTTS- 6.20 3.42 0.24 0.29 -0.64 0
8624 4a37_A_47 0.3 IV Pa -69 163 39 48 VEGMAPATEHCF EES--TT--EEE 5.93 3.51 0.24 0.32 -0.56 0
56716 5nzx_A_774 0.5 IV Pa -74 158 58 32 IHPLPLDTECIV EEE--TT--EEE 6.22 3.36 0.21 0.32 -0.48 0
17414 2zex_A_57 0.5 IV Pa -69 159 53 39 DIPLKPNTTYIL E----TT-EEEE 6.03 3.45 0.20 0.34 -0.51 0
96972 3dlq_R_192 0.5 IV Pa -67 161 53 40 FFGLTPDTEFLG EES--TT-EEEE 6.07 3.44 0.23 0.34 -0.45 0
81554 3mtr_A_567 0.6 IV Pa -71 166 45 39 IVGLKPETTYAV EE---TT-EEEE 6.05 3.51 0.21 0.32 -0.57 0
106036 3n1f_C_895 0.6 IV Pa -50 144 49 45 IGHLQPETSYDI E-S--TT-EEEE 5.79 3.53 0.19 0.27 -0.67 1
50496 5a57_A_1112 0.6 IV Pa -62 155 50 48 LTGLKPNTKYAV --S--TT-EEEE 5.95 3.46 0.19 0.34 -0.45 0
46796 1dfm_A_173 0.6 IV Pa -80 159 44 46 GLIEDFETDIDI EEE--TT--EEE 6.02 3.48 0.20 0.33 -0.50 0
47010 4h87_A_250 0.6 IV Pa -67 151 52 43 KTRIPPRTYCRV TEE--TT--EE- 6.04 3.45 0.18 0.29 -0.67 0
100151 4n5u_A_675 0.6 II Pa -68 149 58 28 LVGLEKWTEYRV E-S--TT-EEEE 5.74 3.51 0.23 0.29 -0.78 1
36752 5w2f_A_448 0.8 II Pa -73 150 58 31 LEKNEQHTVMKL -S---TT---EE 5.99 3.51 0.22 0.30 -0.85 1
61308 1ux6_A_1085 0.8 IV Pa -60 157 40 50 HIGWKDFTAYRW -----TT-EEEE 5.82 3.54 0.16 0.29 -0.71 1
4320 4wck_A_296 0.8 IV Pa -72 168 52 33 HFPLPHNTKIPQ EEEEETT--GGG 6.29 3.38 0.20 0.36 -0.53 0
10326 4ce8_A_9 1.0 II Pa -64 148 55 43 VFTLPANTRFGV EEE--TT-EEEE 6.08 3.43 0.18 0.29 0.00 0
36045 5od4_A_120 1.0 IV Pa -69 159 56 38 VRRIPVATPNAA EEEEETT-TT-- 6.14 3.34 0.20 0.35 -0.52 0
67479 4mea_A_324 1.1 II Pa -68 151 56 22 TAIILPDTGHWM EEEEETT--S-H 5.77 3.51 0.25 0.27 -0.97 1
9274 1osy_A_97 1.6 IV Pa -70 162 59 43 VFVVIPDTGNSE EEEE-SSSTT-- 6.17 3.35 0.25 0.41 -0.26 0
33908 3bvx_A_785 1.2 IV Pa -65 150 53 50 DIGSLDNTEIVM --TT-TTEEEEE 6.05 3.42 0.17 0.29 -0.59 1
73191 3bc9_A_556 1.2 IV Pa -57 143 50 49 INSRQPDTEFYD EE-S-TT-EEEE 5.94 3.48 0.17 0.27 -0.68 0
75805 1yu0_A_266 1.6 IV Pa -72 156 56 40 AFGTTEATSSGG HTTS-TT----S 6.14 3.40 0.22 0.32 -0.49 0
71138 1oao_C_55 1.6 II Pa -74 149 60 42 HPVGYPDTAYYL SB---TT-SSSS 6.66 3.31 0.12 0.31 -0.57 0
80504 4maq_A_71 1.8 IV Pa -72 171 63 25 TVAYPPLTNDLH EE---SS-S-EE 6.78 3.21 0.14 0.43 -0.52 0
8003 1lzl_A_72 0.7 IV Pa -74 161 67 37 RFVTPDNTAGPV EEEEESS--S-E 6.33 3.40 0.18 0.35 -0.37 0
50242 5htx_A_85 1.5 II Pd -64 131 64 19 SLDGTSATTLIL EEEE-TT-EEEE 5.84 3.59 0.18 0.24 -1.41 1
92987 4zkq_A_248 0.8 II Pa -58 141 62 21 FYKRQPYTFHRV E----TT---SS 5.69 3.53 0.22 0.24 -1.24 1
109916 4zjh_A_245 1.3 II Pa -54 133 59 21 DLNPARNTREKL E----TT--EEE 5.49 3.59 0.20 0.24 -1.84 1
112201 3nd1_A_177 1.6 II Pd -66 151 77 19 DHGWPAGTETVV HH-S-TT-SEEE 6.56 3.32 0.12 0.37 -0.75 1
24671 4l2i_A_170 0.6 II Pa -66 161 64 21 MGTVRPKTFKAM EEEE-TTSS--- 6.16 3.43 0.19 0.39 -0.68 1
31327 4tsd_A_14 2.0 IV Pd -99 158 69 15 LGHLFKKTQELE -GGGGSS-STTH 6.67 3.30 0.18 0.32 -0.45 0
47718 4gmu_A_352 1.1 IV Ba -146 150 55 38 IKTIQKNTIFTN HHHTTBS-EEES 6.82 3.27 0.21 0.29 -0.04 0
65844 4cvb_A_306 1.2 IV Pa -84 150 45 51 GTLAGTNTRFAV ---TTSSEEEEE 6.19 3.38 0.21 0.30 -0.44 0
4201 5ljw_A_154 1.3 IV Ba -134 158 51 49 GLDKLINTIIVD HTT--SSEEEEE 6.62 3.31 0.23 0.36 -0.15 0
66802 1w6s_A_276 1.6 IV Pa -63 161 55 40 GDNKWTMTIFGR S--TTSSEEEEE 5.96 3.57 0.15 0.43 -0.39 0
18251 3wt0_A_80 1.7 IV Ba -128 136 54 36 LKLPIIGTEVYD EEE-SSSEEEEE 5.58 3.57 0.32 0.32 -0.16 0
24425 5nt7_B_489 1.8 II Pa -58 130 74 36 LSEQADGTIVFV HHH--TTEEEEE 6.02 3.52 0.14 0.26 -0.84 1
58074 5ngl_A_50 2.1 IV Za -143 81 43 47 SSLTRDLTRDAV TTSSSSSEEEEE 5.39 3.61 0.25 0.62 0.36 0
32310 2okm_A_130 1.2 II Pa -60 126 55 29 YRDKARFTSFIV -HHHHTT-EEEE 5.03 3.66 0.21 0.32 -1.97 1
74065 3k1h_A_93 1.4 II Pa -70 150 63 22 LASPLFDTQLNI TTEE-TT-EEEE 5.57 3.56 0.24 0.33 -0.81 1
19150 4ofa_A_466 1.8 IV Ba -62 109 50 42 ATIFLNRTSGKM HHHHTTTS-HHH 4.96 3.62 0.13 0.54 -1.42 1
3163 3fwy_A_144 1.9 IV Pa -92 160 65 30 QHHLLDDTDVVI HTTTTSS-SEEE 6.52 3.34 0.17 0.42 -0.43 0
31628 1rf6_A_338 4.5 IV PA -82 -167 -44 -30 EELKVKETDRIQ GGGGGSSS-TTH 6.64 3.15 0.26 0.47 0.13 0
45894 5lsl_A_70 1.0 II Pa -61 127 62 23 AIKIMNNTVRLY HHHHHTTT-EET 5.06 3.71 0.18 0.31 -1.75 1
49108 4egc_B_275 3.6 II Pd -74 129 64 13 FVWDLDETIIIF EEE-TBTTTB-- 5.46 3.71 0.24 0.24 -1.55 1
89837 2jc9_A_53 3.7 II Pd -68 128 64 17 FGFDMDYTLAVY EEE-TBTTTB-B 5.32 3.72 0.23 0.25 -2.04 1
63 4qa8_A_115 1.2 II Pa -54 145 54 39 KVRMKPNTPVVA EE-SSTTS--EE 5.71 3.59 0.20 0.33 -0.93 1
26290 4a3p_A_184 1.7 II Pa -48 129 51 34 WNKYMSNTFEPL EEEEETTEEEE- 5.23 3.57 0.23 0.32 -1.70 1
62113 3u7q_B_82 0.6 IV Pa -57 130 45 44 CALGFEKTMPYV HHHTBTTEEEEE 5.44 3.55 0.20 0.35 -1.42 1
34981 4l57_A_90 0.8 II Pa -60 149 52 44 EMNDLPDTQVFI HHHHSTTEEEEE 5.69 3.52 0.15 0.30 -0.82 1
109436 4q51_A_126 1.3 IV Pa -75 126 45 52 IDTTARATSVSL EETTSTTEEEEE 5.92 3.38 0.13 0.45 -0.59 0
50329 4o6u_A_81 1.8 IV Pa -66 153 52 51 LFSNPSATLWGK TTSSS-S-EEEE 6.33 3.38 0.16 0.29 -0.48 0
10842 3ll5_A_16 1.0 II Pa -41 125 62 38 TDKSAYRTARTY B-TTSTT-B-HH 5.79 3.58 0.15 0.25 -1.24 1
1555 5mu9_A_56 1.6 II Pa -53 133 60 27 PIPNVADTFTLA E-TTSTTEEEEE 5.72 3.48 0.18 0.29 -1.44 1
55903 5nsa_A_382 2.7 IV cisBa -99 114 51 39 QLLRDPNTPLLQ EEEETTTEE-SS 6.03 2.70 -0.06 1.05 0.23 0
28523 3wis_A_166 1.1 II Pa -60 143 56 33 RLSRFEYTTLVR HHHTSTTEEEE- 5.55 3.56 0.20 0.28 -0.99 1
66094 4w6y_A_40 1.3 IV Pa -58 134 48 41 TQMPALYTWQHQ EEEEETTEEEEE 5.34 3.62 0.17 0.29 -1.51 1
47383 2e8e_A_12 1.7 IV Pa -51 117 49 38 LELSSEATFLSK EEEEETTEEEEE 5.02 3.65 0.18 0.42 -2.29 1
82795 2wxf_A_819 1.9 IV Ba -67 110 48 42 CLPTGDRTGLIE EEEEETTEEEEE 4.79 3.66 0.22 0.52 -1.60 1
14361 4j7h_A_231 0.5 IV Pa -66 140 50 50 ELMHEDETINMN HHHTSTT-B-HH 6.01 3.40 0.13 0.33 -0.61 0
54111 2jdi_H_124 1.8 IV Pa -53 144 68 57 LGAADEATRAEI SS---SSSSHHH 6.42 3.50 0.10 0.40 0.03 0
7498 3log_A_126 0.7 II Pa -50 145 61 29 QQRLAPHTPLAR GGGS-TT-EEEE 5.76 3.56 0.13 0.35 -1.29 1
112457 4yg0_A_109 0.7 IV Pa -54 157 59 47 TYLILPNTAQTN EEEE-SSEEEEE 6.31 3.35 0.14 0.40 -0.38 0
31448 2d1g_A_69 0.8 II Pa -52 139 65 28 KFVAKENTPNVN -----TT----S 5.79 3.55 0.10 0.37 -1.38 1
57563 3kwl_A_231 0.8 IV Pa -55 154 62 32 KTPNPPKTCALF -----TTEEEE- 6.12 3.46 0.13 0.43 -0.79 1
26877 1jx6_A_196 0.8 II Pd -56 148 69 19 GKFFPKHTYYSV HHHS-TT-EEEE 5.92 3.53 0.15 0.35 -1.20 1
8988 3dal_A_71 0.8 II Pa -59 147 78 33 KEYIPKGTRFGP SS-B-TTEEE-- 6.14 3.46 0.09 0.51 -0.53 0
1566 2p3p_A_190 0.9 II Pd -56 149 69 19 EDFFLPHTDRQS GGGB-TT--TTS 6.13 3.40 0.16 0.32 -1.03 1
4492 4e6u_A_117 1.0 II Pa -50 136 59 41 HNLLMVNTHIAH S-EE-TT-EE-T 5.94 3.56 0.10 0.25 -1.34 1
53020 3i2k_A_353 1.1 II Pd -66 153 69 24 TDWPLPDTAYTP SSSS-TT-EEEE 5.70 3.53 0.10 0.48 -1.36 1
64082 2gwm_A_542 1.2 II Pd -55 149 78 32 EMLFPPNTKLKI -EEE-S-EEEEE 6.89 3.25 0.09 0.39 -0.61 0
103888 4a02_A_66 1.3 IV Pa -54 151 64 36 SIEAPKNTFITG --EEETT---TT 5.92 3.47 0.10 0.48 -0.82 1
44674 4bq2_A_459 1.4 IV Pa -66 156 54 48 FTSLGNWTDPAY -S-B-SSB-GGG 6.30 3.43 0.16 0.37 -0.58 1
41559 2vk8_A_401 0.5 IV Pa -57 154 58 46 QTTFPNNTYGIS GS---SS-EEE- 6.05 3.49 0.13 0.42 -0.53 0
91927 5jlb_A_1571 0.5 II Pa -60 147 60 38 AKDLPSNTFVLE SS-B-TT-EEEE 5.85 3.53 0.13 0.38 -0.95 1
14151 3vbj_A_84 0.6 II Pa -64 152 63 28 FANISSRTIVYA T-EE-TT-EEES 6.47 3.37 0.15 0.27 -0.98 1
66995 4h2w_A_59 0.6 II Pd -55 145 75 26 TSHREAGTEALR HHT--TTEEEEE 6.25 3.44 0.14 0.35 -0.64 1
17360 5j3u_A_187 0.6 IV Pa -57 151 63 37 EKKIEASTCLIR EEEE-TT-EEE- 6.14 3.44 0.13 0.41 -0.71 1
36638 2v0h_A_404 0.8 II Pa -59 146 61 34 DVFVGSDTQLVA S-EE-TT-EEEE 6.16 3.46 0.18 0.28 -0.81 1
35326 2f69_A_237 0.8 II Pd -62 155 71 23 KVAVGPNTVMSF SS-B-TT-EEEE 6.25 3.36 0.15 0.38 -0.72 1
20959 1k8w_A_175 0.8 II Pd -57 147 69 20 EIHCSKGTYIRT EEEE-TT--HHH 6.22 3.49 0.15 0.32 -0.99 1
54450 3jsz_A_502 0.9 II Pa -60 136 63 45 DNIARWQTNVRE -SS--TTEEGGG 5.88 3.53 0.11 0.30 -0.84 1
39688 5oo9_A_82 1.1 II Pa -54 155 64 30 LITVPPNTRIHY EEEE-TT--EEE 6.04 3.45 0.15 0.46 -0.71 1
24476 4hwv_A_178 1.1 IV Pa -56 152 59 49 TISVPDNTSLLG EEEE-SSEEEEE 6.46 3.31 0.16 0.33 -0.28 0
27926 4rd4_A_225 1.2 II Pd -61 151 76 19 FDVNKPGTQFNE E----TT--GGG 6.01 3.48 0.15 0.42 -0.89 1
38117 1k0i_A_353 1.2 II Pa -67 144 61 35 VLHRFPDTDAFS HHS--TT--HHH 5.99 3.55 0.18 0.29 -0.89 1
75656 3sdb_A_51 1.0 II Pa -53 141 51 37 LAVFPELTLSGY EEE--TTTTT-G 5.42 3.60 0.19 0.26 -1.46 1
39731 5wm1_A_479 1.2 II Pa -75 140 63 33 IPDNIHNTNTLN E-SS-TTHHHHH 5.48 3.65 0.19 0.32 -0.90 1
7451 2xhg_A_31 1.7 IV Pa -58 137 55 51 FGKNFTNTGHWN HHTT-TTTT-BE 5.00 3.70 0.15 0.37 -0.76 1
108042 3vk8_A_93 0.9 II Pd -62 144 74 20 SLFEAKYTRAVL ESS--TTEEEEE 5.61 3.57 0.13 0.41 -1.26 1
34214 4a5s_A_149 1.1 II Pa -74 162 62 29 EERIPNNTQWVT SS---TTEEEEE 5.92 3.48 0.17 0.47 -0.69 1
63690 4lvf_A_27 1.3 II Pa -54 148 71 28 YKQYPPNTSKVY GGTS-TTEEEEE 5.90 3.48 0.14 0.44 -0.87 1
85963 3onh_A_536 1.4 IV Pa -59 150 54 45 DDELPCNTCSLP -TT--TT-EE-- 5.95 3.49 0.17 0.33 -0.73 1
59476 4pkf_B_19 2.0 IV Pa -53 134 51 55 QPHTEVGTARPC S-EE-TT-SS-G 5.55 3.67 0.16 0.27 -0.68 1
88815 3t7d_A_351 1.0 II Pa -54 139 65 28 NAELGSDTVRID HHHH-TTSEEEE 6.05 3.46 0.15 0.25 -1.18 1
49183 4nbx_A_61 1.2 II Pa -48 143 65 39 EYFAPANTDANN EEEE-TTSSTT- 6.25 3.45 0.11 0.35 -0.68 1
83106 5mbx_A_230 1.7 II Pa -45 129 61 31 LASLPKDTVAFD HHHS-TT-EESS 5.75 3.60 0.12 0.24 -1.71 1
51657 4dd5_A_225 0.7 II Pa -63 156 59 24 DEYIKPGTTMEK -S---TT--HHH 5.96 3.59 0.16 0.40 -1.43 1
99588 3b64_A_43 1.2 IV Pa -93 170 49 40 MMTFHDSTPMHF EEEEE-S----B 6.50 3.33 0.24 0.35 -0.42 0
91527 1vh4_A_323 1.2 II Pa -67 152 69 25 VAQHAIKTDGQM E-TT-TTEEEEE 6.18 3.43 0.18 0.39 -0.87 1
93319 4c1o_A_362 1.6 IV Ba -96 114 52 50 GEYRMMNTFDLT GGG-BBS-HHHH 6.04 3.59 0.13 0.43 -0.48 0
83843 5o0s_A_447 1.8 II Ba -81 128 64 31 FDYNYYETLDVR SSS--BT-HHHH 6.15 3.43 0.15 0.34 -0.63 0
111342 2x46_A_48 1.9 II Pa -63 147 65 32 KTGENECTYVKG -TT--TT-EEEE 6.04 3.46 0.14 0.35 -1.04 1
100289 5a10_A_76 1.5 IV Ba -114 163 70 25 PKTRVLGTRMVA -SS--BS-EEEE 6.47 3.32 0.20 0.48 -0.20 0
68848 4uho_A_190 1.6 II Pa -63 146 67 29 LQPGMAFTKGAA --TT-TT--SS- 6.02 3.49 0.13 0.31 -1.30 1
106124 3iox_A_665 1.6 IV Pa -90 154 46 43 TGQVEKNTSIFI -SS-BTT-EEEE 5.81 3.55 0.24 0.32 -0.52 0
47767 1fcq_A_190 2.4 IV Pa -82 160 52 39 YPYCYNLTPNQP -S---TTSSS-- 5.92 3.58 0.20 0.41 -0.55 0
59802 3a9i_A_136 1.0 IV Pa -66 139 51 52 VRFSAEDTFRSE EEEEETTGGGS- 5.33 3.63 0.18 0.31 -0.83 1
110260 2zkm_X_326 1.4 IV Ba -98 141 37 60 FINSSHNTYLTA EE-BBSSTTBSS 5.80 3.48 0.29 0.37 -0.29 0
58807 3p1v_A_247 2.2 IV Pa -81 -174 62 25 AVHSHFDTFYSD SS--BS-GGG-T 6.91 3.12 0.14 0.54 -0.29 0
24215 3amr_A_282 1.7 IV Ba -154 160 58 31 ETDGTSDTDGID SS----S---EE 6.94 3.18 0.23 0.33 -0.07 0
62311 2qhl_A_80 1.7 IV Ba -96 123 75 61 FDLNIIGTREDD EEEEESS--GGG 5.84 3.66 0.09 0.36 -0.37 0
21555 5xb7_A_149 2.8 IV Ba -168 116 46 43 GYQVDNETKYYD EEE-SSS---TT 6.53 3.35 0.27 0.34 0.07 0
109208 3lo8_A_24 2.2 IV Ba -144 128 59 38 AKEPPLNTYKPK -SS----SBBTT 6.65 3.31 0.19 0.33 0.03 0
99071 1yi9_A_75 0.8 IV Pa -52 158 74 32 VTPKESDTYFCM B---SSSEEEEE 6.38 3.23 0.07 0.44 -0.37 0
19728 3m1u_A_241 0.8 IV Pa -72 157 58 39 AAILRDDTSLNG EEE-STTEEEE- 6.06 3.47 0.15 0.40 -0.61 0
76834 1unq_A_69 1.0 II Pa -55 154 70 28 TERPRPNTFIIR E-SSSTTEEEEE 6.22 3.34 0.11 0.46 -0.70 1
34316 2ilr_A_409 1.2 IV Pa -75 150 63 30 PVLQAPGTGPAQ HHHHSTT--HHH 6.05 3.56 0.15 0.32 -0.88 1
112732 5aog_A_247 1.3 II Pd -63 145 76 24 RTCPAKGTDRRT HHS-STT---EE 6.10 3.51 0.10 0.45 -0.95 1
94765 3zxk_A_392 1.6 IV Pa -81 158 69 38 DLFAARNTLTRR -GGG-S--EEEE 6.93 3.20 0.09 0.43 -0.50 0
76554 5l71_A_136 1.8 IV Pa -54 152 67 37 NAIKWNFTKFLI SS--STT-EEEE 6.72 3.26 0.07 0.41 -0.73 1
97642 2dka_A_159 0.6 IV Pa -48 142 53 65 GFQSVPNTKYQD HHHTSSSEEEEE 6.29 3.52 0.11 0.30 -0.18 0
34363 2qxf_A_94 1.1 II Pa -57 148 63 35 SLFTVPKTCILG HHHTSTTEEEEE 6.14 3.50 0.17 0.33 -0.80 1
16329 3k11_A_215 1.1 IV Pa -58 144 46 58 RNRPQRNTLWLD B-SSSTTEEETH 5.91 3.50 0.13 0.29 -0.64 0
45179 5c2i_A_413 2.0 II Pa -54 138 63 24 QNFVQVNTGPDP TTSSSTT----T 5.75 3.58 0.12 0.27 -1.88 1
96748 4ehu_A_91 1.3 IV Pa -67 153 67 30 VNFIIPETRTII HHHHSTT--EEE 6.40 3.37 0.18 0.34 -0.64 0
7344 4mr0_A_511 1.5 IV Ba -90 127 51 63 INNNSKETEQPN EEE--SS--S-S 5.99 3.58 0.15 0.38 -0.47 0
27327 4myk_A_220 1.6 IV Pa -68 148 55 51 FGLTGKNTFFSF HHHH-SSEEEEE 6.24 3.39 0.18 0.31 -0.45 0
9560 4d6g_A_939 2.0 IV Ba -134 163 56 35 EEHYIKDTQFGE HHHTSSS----- 6.63 3.27 0.24 0.37 -0.13 0
7668 4hde_A_178 2.0 IV Ba -122 111 51 50 KYSGISNTPYED EEESSSS--HHH 6.23 3.48 0.17 0.45 -0.03 0
16794 1vsr_A_80 0.7 IV Ba -109 134 52 39 FKVPATRTEFWL ----SSSHHHHH 5.79 3.59 0.24 0.31 -0.28 0
85858 3wwc_A_302 0.9 IV Ba -82 124 47 53 HMWPQLNTQEFN SSS--TTHHHHH 5.24 3.60 0.21 0.42 -0.68 0
99542 1u5u_A_65 1.1 IV Ba -129 164 55 39 GFRRATHTVGTG TTS-SSS-SEEE 6.25 3.40 0.27 0.41 -0.19 0
85551 3war_A_10 1.2 IV Ba -131 154 57 35 PSRARVYTDVNT ----SSSTTTTT 6.45 3.29 0.26 0.34 -0.16 0
56083 4zh5_A_323 2.2 IV Ba -95 114 50 45 AAEEGVLTSQAR HHHTTSSHHHHH 5.41 3.43 0.27 0.61 -0.35 0
72450 5e9n_A_180 1.4 IV Ba -118 155 45 48 LGRSFTNTTASP B--BSSS----- 5.74 3.53 0.29 0.35 -0.30 0
91256 5l9a_A_129 1.5 IV Ba -99 119 48 56 DKCGKTMTKDDT TTS-SSSB-SSS 5.36 3.67 0.21 0.44 -0.34 0
75781 1rmg_A_228 1.7 II Pa -74 147 54 42 MGSLGADTDVTD EEEE-TTEEEEE 6.04 3.53 0.16 0.31 -0.72 0
18034 3rpz_A_187 2.5 IV Pa -51 139 50 63 IVLKGNQTVIAF EEE-STT-EEE- 5.01 3.66 0.05 0.44 -0.70 1
60060 3oa5_A_405 1.8 IV Pa -56 144 51 54 TYTDANQTLGSF EES--TT--BSS 5.51 3.70 0.10 0.37 -0.75 1
55706 5fre_A_85 1.3 II Pd -64 148 69 20 EGNTQNGTENLV -SS--TTEEEEE 6.19 3.50 0.16 0.28 -1.01 1
87743 2f2h_A_683 1.7 IV Bd -115 130 83 9 DYVWHEGTAFHL -S-TTBS-EEEE 5.57 3.63 0.24 0.31 -0.13 0
5251 5tck_A_237 1.4 IV Ba -104 152 50 49 DTVAASLTRLRE SSSTTSSHHHHH 6.03 3.58 0.27 0.35 -0.34 0
102146 1rp0_A_193 1.5 II Pa -53 137 60 29 HDGPFGATGVKR SSSTTTTHHHHH 5.48 3.54 0.15 0.25 -1.73 1
67552 1wpb_A_121 1.6 IV Pa -94 149 60 35 VNVEGRYTHFDA HHTS--STTS-- 6.15 3.47 0.21 0.33 -0.48 0
52825 4qfu_A_189 1.7 IV Ba -109 110 61 39 DIRGDNKTEVWD EE-TTSSHHHHH 5.33 3.73 0.21 0.41 -0.18 0
47082 1n71_A_126 1.9 IV Ba -99 117 56 39 QTDLYEHTFDKV SS-TTSSHHHHH 5.32 3.62 0.27 0.41 -0.41 0
15453 2etv_A_286 3.9 IV Ba -82 114 65 60 ILPYNYYTTNIG E----TTS--HH 5.15 3.75 0.21 0.34 -0.62 0
17715 5de3_A_81 0.8 II Pa -65 137 59 37 WRNYFDQTDALI GGGG-TT--EEE 5.83 3.59 0.17 0.27 -1.13 1
55405 3isa_A_142 2.3 IV Bd -131 122 78 3 KFGLVLGTRRFR GGT---SHHHHH 6.38 3.44 0.22 0.30 0.13 0
55027 1o98_A_313 1.0 IV Pa -84 147 57 48 KPTNLDNTIGEV ------S-HHHH 6.62 3.42 0.14 0.32 -0.51 0
28867 2qtq_A_187 1.4 IV Pa -106 -180 63 31 CFDQDTLTEQLR HH----S-GGGH 6.91 3.16 0.18 0.51 -0.22 0
10173 4nno_A_230 1.6 IV Zd -114 92 109 43 INTEKQGTPEQM STTS-SS-HHHH 6.70 3.44 0.03 0.32 -0.22 0
83365 4hfs_A_179 1.6 IV Pa -77 150 65 34 IITEIQGTNIGT EEEEETT----- 6.68 3.33 0.14 0.30 -0.58 0
112007 2pet_A_24 1.6 IV Bd -110 156 84 16 LDCTPTGTHDHY E----BS--SEE 6.92 3.23 0.13 0.42 -0.19 0
37996 3k13_A_524 1.7 IV Pa -108 -180 49 46 PNVLAVATGIEE ------SSS-GG 6.67 3.24 0.21 0.46 -0.20 0
89592 3axg_A_300 1.8 IV Ba -145 160 52 49 RGIQPFHTDMDG TTEES-S-TT-- 6.93 3.33 0.22 0.39 -0.15 0
89290 5daw_A_274 2.3 IV Ba -129 146 54 44 PRDIGLLTIRGN TT---BS-BTTB 6.41 3.48 0.22 0.34 -0.17 0
74829 2bhu_A_274 0.6 IV Pa -65 141 43 55 DGLRLDATPYMT SEEEETTGGG-- 6.36 3.30 0.13 0.34 -0.63 0
104917 1tzp_A_60 0.7 IV Pa -83 150 48 53 EHYQVMRTDQRR SSEEES-GGG-- 6.64 3.31 0.15 0.30 -0.42 0
53478 5b1a_A_485 1.0 II Pd -74 147 75 29 EVLTVDLTTTNL BB---TTGGG-G 6.71 3.32 0.15 0.34 -0.57 0
112601 1rsg_A_66 1.5 IV Pa -94 168 46 51 GASWHHDTLTNP S--EE--TTT-H 6.55 3.39 0.20 0.36 -0.32 0
60239 2vfo_A_479 2.4 IV Ba -123 179 48 38 IAIIDTNTKDFQ EEEES--TT--S 6.57 3.34 0.27 0.44 -0.23 0
65577 2aml_A_342 1.1 IV Ba -127 153 50 43 KLTERIYTDFGV -TTS--STTHHH 6.59 3.38 0.23 0.33 -0.17 0
31505 5mi4_A_555 1.2 IV Ba -149 149 51 44 QPGVKTATRVIK S-S---STTTHH 6.72 3.20 0.26 0.32 -0.11 0
112333 4cj0_A_172 1.8 IV Ba -127 153 52 47 YSHGPCHTNDAY EEE----TT--B 6.92 3.17 0.23 0.33 -0.19 0
45540 2zuv_A_632 1.1 II Pa -70 137 66 31 FGEPVLNTYPVN --S--TTEEESS 6.48 3.35 0.10 0.26 -1.16 1
88195 4kn8_A_224 1.2 IV Pa -102 173 68 33 LDTLLVHTGVTT -EEEE-S--HHH 6.97 3.16 0.19 0.45 -0.28 0
43703 1g3p_A_130 1.4 II Pa -85 162 65 27 EESQPLNTFMFQ ESS--SS-EEET 6.78 3.29 0.13 0.38 -0.49 0
9799 2ccv_A_25 1.7 IV Ba -122 176 48 43 DDPGRDNTRELA SSTT--S-EEEE 6.81 3.25 0.22 0.40 -0.20 0
59895 3k40_A_241 2.2 IV Ga -108 93 108 72 YAVVTLGTTNSC EEEEEBS-TTT- 6.07 3.60 -0.04 0.37 -0.26 0
53215 2jis_A_244 2.4 IV Ga -108 86 104 84 LVSATSGTTVLG EEEEEBS-TTT- 6.17 3.68 -0.08 0.35 -0.25 0
17802 5jdj_A_64 0.4 IV Pa -85 142 53 66 HQLIIMNTSTED EEEEE-S--GGG 6.60 3.35 0.15 0.33 -0.29 0
36708 5mix_A_94 0.4 IV Pa -92 151 49 54 YSLKIRNTTSSN T-EEE-S--GGG 6.42 3.39 0.19 0.31 -0.39 0
42208 3puc_A_66 0.6 IV Pa -91 159 43 62 FFLEIHKTDTSD EEEEE-S--GGG 6.51 3.36 0.20 0.33 -0.30 0
6736 5dzo_A_75 0.6 IV Pa -82 156 49 60 VSLTIENTAVSD --EEESS--GGG 6.19 3.45 0.19 0.35 -0.31 0
92741 1j0p_A_71 0.9 IV Pd -88 166 76 19 HAMHDKGTKFKS HHHH-SS-SS-- 6.77 3.19 0.16 0.48 -0.33 0
38663 5ec6_A_123 1.2 IV Pa -88 162 45 25 CCTNQTSTGMNA -----TT---GG 6.40 3.44 0.19 0.34 -0.64 1
12464 5kds_A_553 1.4 II Pa -69 140 64 32 LLYKQSLTQHGG EEEEETT-SS-- 6.65 3.28 0.11 0.27 -0.80 1
70375 3fke_A_234 1.5 IV Bd -153 143 68 23 DHLPGFGTAFHQ TTSSSSS-HHHH 6.65 3.37 0.22 0.32 0.04 0
52944 3zgj_A_76 1.6 IV Pa -73 161 58 33 TQALAPDTPVAR EEESSTTSHHHH 6.37 3.47 0.15 0.38 -0.80 1
95995 5g1w_A_283 2.4 II Pd -76 162 75 24 RVRETAGTDDAD EE-SSSS---SS 6.86 3.18 0.14 0.44 -0.44 0
108461 1efd_N_59 0.9 IV Pa -78 132 56 67 VPYGVADTINYR --SEES-HHHHH 6.30 3.54 0.08 0.32 -0.45 0
65268 4l9p_A_206 1.2 IV Pa -66 162 66 35 FDAGLHNTTGPS ---SSS-TTS-G 6.74 3.17 0.10 0.42 -0.48 0
11584 4q68_A_42 1.1 II Pa -78 154 69 26 DVPYVAHTLEAD T-BB-TTTT--S 6.64 3.28 0.15 0.32 -0.53 0
53581 1jr7_A_161 1.3 IV Pd -90 170 66 21 MELHNDGTYVEE EEEE-S-TTSSS 6.91 3.28 0.14 0.40 -0.39 0
67465 3bb0_A_42 2.3 IV Pa -74 166 61 34 HTVGGPLTGPPL HHHT-SS-SHHH 6.82 3.22 0.16 0.39 -0.45 0
13571 3dnh_A_139 1.2 II Pa -44 150 53 34 LYLSLPDTRLYR HHTSSTTEEEEE 6.62 3.40 0.13 0.28 -0.73 1
81162 3w0t_A_94 1.3 IV Pa -77 155 61 47 WALSRKATLELT HHTTSSSEEEEE 6.64 3.33 0.11 0.36 -0.41 0
21590 3rt2_A_83 1.5 IV Pa -72 133 50 49 LKSGLPATKSTE E--SSTT-EEEE 6.81 3.26 0.09 0.38 -0.53 0
94991 4dmv_A_484 1.7 IV Ba -131 138 52 40 FINLQENTIEKT HHHT-SS--S-- 6.88 3.26 0.15 0.32 0.04 0
104113 4yki_A_119 2.0 IV Pa -66 150 70 39 AVVKGEGTTLNQ EEEESTT-S-SS 6.66 3.27 0.09 0.35 -0.54 0
86529 5eck_A_100 2.7 IV Pp -81 159 66 -166 AISLSSGTSQGR EE---SS-SSSS 6.62 3.62 0.08 0.32 0.32 0
76893 2ium_A_604 4.0 IV Pa -56 154 64 40 IFASLPNTNAAK EEEEETTTEEEE 6.35 3.41 0.13 0.39 -0.43 0
17039 4m82_A_237 1.0 IV Ba -115 138 53 62 GYWNNFLTVAEG TTTTTSS-GGGT 6.16 3.54 0.22 0.34 -0.27 0
67105 5lrt_A_475 1.5 IV Pd -93 166 75 23 TLEPLRGTRAHV ---TTSS-HHHH 6.73 3.31 0.15 0.50 -0.33 0
63821 1rz3_A_68 1.9 IV Ba -135 149 50 43 ERAKRYHTGNEE -HHHHSSSSS-H 6.56 3.41 0.23 0.33 -0.11 0
27657 4rmx_A_480 1.1 IV Pa -103 164 48 44 YPNTAVSTGTGL EE-TTSSTTS-- 6.51 3.42 0.23 0.35 -0.37 0
92122 3cgx_A_17 1.5 IV Ba -137 149 49 46 PEPGKVKTRLGE --TTTS-HHHHH 6.85 3.27 0.22 0.31 -0.09 0
104301 1llf_A_516 1.6 IV Pa -99 156 46 49 TGKDNFRTAGYD EE-S-S-HHHHH 6.54 3.36 0.21 0.32 -0.37 0
50894 3u9r_B_350 1.6 IV Ba -121 142 50 52 EFKALFGTTLVC EESTTSSTTEEE 5.96 3.54 0.29 0.33 -0.25 0
32453 1fiu_A_163 1.1 IV Ba -139 149 50 46 LVDENIATYASL ---TTSSTT-TT 6.33 3.43 0.28 0.34 -0.14 0
66520 5veg_A_98 1.4 II Pa -60 114 55 37 FYGEYFNTTVDH GGGGGTTHHHHH 5.46 3.57 0.14 0.44 -1.24 1
6493 3kop_A_66 2.3 IV Ba -159 125 50 46 KEPGAENTTVTP S---S-SEESS- 6.29 3.37 0.26 0.33 -0.00 0
14832 4ojx_A_17 1.8 IV Ba -106 152 72 30 GGPTEYGTQCFI -SSS-SSBSEEE 6.63 3.36 0.19 0.36 -0.39 0
66221 5ab4_A_343 1.5 IV Ba -139 123 53 58 PSKFPINTHGGL GGG--B-TT-HH 6.83 3.31 0.19 0.38 -0.10 0
78152 5ke1_A_727 1.6 IV Pa -89 159 50 61 GTVSGLNTNKWY S-TTS--TTEEE 6.81 3.31 0.15 0.35 -0.29 0
67730 4r9i_A_315 0.6 IV Ba -105 137 56 31 VKRAGLLTELFE HHHTT-SGGGGS 6.57 3.23 0.22 0.37 -0.29 0
3408 3zss_A_125 0.7 IV Ba -92 120 43 51 KIPAGLDTDLVL HHHHTSSHHHHH 5.87 3.42 0.19 0.56 -0.33 0
39902 3mjo_A_186 1.0 IV Ba -110 142 47 48 LSSRAKLTNTAD HHHTTSSHHHHH 6.08 3.54 0.24 0.33 -0.31 0
35721 4ytw_B_98 1.3 IV Bd -114 166 68 13 YTRNLDHTGIMK EEEESSSTTT-E 6.67 3.30 0.22 0.37 -0.24 0
39534 1rtq_A_178 2.1 IV Zp -139 90 85 106 SALQLDMTNYKG EEEE-S--S--- 6.76 3.62 -0.01 0.35 -0.14 0
71036 3i4z_A_416 2.0 IV Ba -162 128 61 56 VYLQSFETGDWA EEE--SS-GGGG 6.98 3.28 0.20 0.31 -0.08 0
70510 3no4_A_166 1.5 IV Ba -148 140 60 52 DQEGSHATPSEV GGS-SBS-HHHH 6.20 3.54 0.29 0.36 -0.15 0
6869 3v93_A_434 0.8 IV Pa -68 164 60 52 FKFSGKGTLEQL HHS-SS-HHHHH 6.91 3.27 0.11 0.42 -0.20 0
50071 3ftd_A_38 1.0 IV Pa -105 169 59 36 VVEVGGGTGNLT EEEEES-HHHHH 6.96 3.23 0.23 0.35 -0.29 0
37798 4c97_A_224 1.0 IV Pa -89 153 59 38 YSGVGAKTSLGY HH-SSS-GGGTT 6.88 3.22 0.17 0.31 -0.52 0
90975 4u9h_L_233 2.4 IV cisPa -82 162 71 85 FGAKNPHTQFTV HHS-SSS---EE 5.74 3.01 -0.25 0.38 -0.03 0
