35660 4txd_A_220 0.4 II Pd -52 142 91 -16 EVHVEPGTVFIG EEEE-TT-EEEE 6.01 3.53 0.13 0.37 -1.82 1
103478 5fa8_A_120 0.4 II Pd -51 136 96 -13 EKELKPGTRVVS HHHS-TT-EEEE 5.75 3.55 0.11 0.44 -2.12 1
107950 2woy_A_1337 0.5 II Pd -51 134 98 -9 GSVIKAGTDLTS S-EE-TT-B-GG 5.84 3.53 0.09 0.41 -2.03 1
8313 5tl4_A_414 0.5 II Pd -56 144 88 -7 DHEIPVGTELTV -TT--TT-EEEE 5.78 3.53 0.09 0.46 -1.80 1
112854 4f01_A_413 0.5 II Pd -45 143 75 11 TTLIAKNTTIPT EEEE-TT-BSSE 5.93 3.48 0.12 0.41 -1.51 1
112067 3lae_A_48 0.5 II Pd -55 144 94 -13 EEIPDEGTICEI SS---TT-EEEE 5.81 3.46 0.08 0.52 -1.67 1
33075 4izh_A_276 0.5 II Pd -53 136 98 -11 VERLKPGTVVVD HTTS-TT-EEEE 5.80 3.53 0.08 0.50 -2.10 1
44968 1xov_A_281 0.6 II Pd -46 136 98 -16 IKWYSPGTKLSW EEEE-TT-EEEE 5.93 3.48 0.11 0.43 -2.01 1
51952 5d2k_A_227 0.6 II Pd -54 141 89 14 GEHIPAGTFIMT T--B-TT-EEE- 6.03 3.44 0.09 0.47 -1.01 1
31395 3exm_A_64 0.6 II Pd -56 142 85 -5 AVWLAPGTECVK EEEE-TT-EEEE 5.78 3.54 0.12 0.36 -1.89 1
29504 4x1z_A_446 0.6 II Pd -51 138 96 -21 RIVNAPGTPAAA GB-B-TT---B- 5.82 3.53 0.10 0.37 -2.01 1
32130 4h03_A_161 0.6 II Pd -54 144 77 9 HLKLPKNTGMLP EEEE-TT-B-EE 5.96 3.46 0.12 0.44 -1.54 1
86609 5hiw_A_294 0.7 II Pd -41 135 95 -7 GETLAAGTILYL TEEE-TT-EEEE 5.76 3.53 0.04 0.52 -2.18 1
35233 4il7_A_200 0.7 II Pd -49 133 90 -3 KIPVIAGTQITN EEEE-TT-EEEE 6.01 3.52 0.12 0.35 -2.04 1
12341 4fdb_A_67 0.7 II Pd -54 138 106 -14 LDRIAPGTVLDC HTTS-TT-EEEE 5.84 3.50 0.09 0.54 -1.74 1
53447 3wmv_A_72 0.7 II Pd -51 143 79 6 KADPPNETKLVL -SS--TT-BEEE 5.86 3.50 0.11 0.41 -1.89 1
10755 5erq_A_472 0.7 II Pd -54 139 102 -10 ECVLAKGTHMGP -EEE-TT-B--H 5.93 3.44 0.07 0.51 -1.79 1
53442 3wmv_A_116 0.7 II Pd -53 143 81 4 STNPPNETLTVM -SS--TTEEEEE 5.87 3.51 0.11 0.41 -1.93 1
63652 2uyo_A_123 0.7 II Pd -57 142 97 -8 RLDWPTGTTVYE HS---TT-EEEE 5.85 3.47 0.10 0.50 -1.77 1
17948 3laz_A_34 0.7 II Pd -58 147 92 -12 DNGLKAGTRFPD TT-B-TT-B-TT 6.02 3.44 0.12 0.47 -1.58 1
1520 4lzh_A_224 0.8 II Pd -56 139 100 -12 FENVPVGTRVQF HHH--TT-EEEE 5.90 3.47 0.06 0.52 -1.81 1
85936 3a72_A_119 0.8 II Pd -44 136 90 -9 VGSFKKGTLLLA BTTB-TT-EEEE 5.70 3.48 0.07 0.54 -2.46 1
69343 3agy_A_213 0.8 II Pd -57 137 101 -16 KKGWKEGTKITF -TT--TT-EEEE 5.99 3.52 0.07 0.49 -1.72 1
27626 4rmx_A_785 0.9 II Pd -55 148 72 18 VTPTAENTQIKA SS---TTB--EE 5.97 3.41 0.12 0.46 -1.43 1
101072 1hyo_A_168 0.9 II Pd -45 135 102 -14 SSIVVSGTPIRR TTEEETT--EE- 6.14 3.49 0.10 0.41 -1.76 1
61858 3h7c_X_302 1.0 II Pd -58 134 102 -14 AIPRLAGTRLAA B----TT-B--- 5.94 3.52 0.09 0.42 -1.86 1
46982 1vzy_A_180 1.0 II Pd -45 137 89 1 IIQLMPGTDDET EEEE-TT--HHH 6.19 3.45 0.16 0.45 -1.71 1
86296 1rcq_A_281 1.0 II Pd -60 134 102 -5 PRHAADGTLVFI -TT--TT-EEEE 5.69 3.50 0.07 0.50 -2.21 1
72077 4rfu_A_113 1.1 II Pd -53 134 98 3 QILLPVGTVCTR -EEE-TT-EEEE 6.11 3.44 0.07 0.47 -1.50 1
96823 4euo_A_253 1.4 II Pd -63 120 106 4 SLVVPKGTKNKD EEE-BTT-S-HH 5.97 3.61 0.05 0.39 -1.82 1
112624 5vac_A_261 0.5 II Pd -46 134 85 3 DGQIKDMTFIAE SS-B-TTBEEEE 5.70 3.53 0.11 0.38 -1.80 1
110217 2hlj_A_70 0.6 II Pd -40 130 84 -3 LHEVKLGTEVWV -S--BTT-EEEE 5.81 3.51 0.14 0.32 -2.07 1
10190 4n0p_A_202 0.6 II Pd -64 143 90 -16 AQVCDPGTKVVV HTT--TT-EEEE 5.73 3.56 0.12 0.43 -1.83 1
4833 4esk_A_40 0.6 II Pd -50 139 86 -3 SLMISQGTFVTV EEEEETT--EEE 5.55 3.60 0.13 0.44 -2.06 1
110734 1ucs_A_50 0.6 II Pd -47 134 85 -3 NRAVPLGTTLMP SS-B-TT-B--G 5.59 3.56 0.12 0.35 -2.20 1
96699 2r7d_A_437 0.6 II Pd -57 138 94 -6 NTPAAPGTALQV E----TT-EEEE 5.82 3.54 0.14 0.39 -1.79 1
110737 1ucs_A_12 0.6 II Pd -52 136 73 9 NQLIPINTALTL SS-B-TT-B--G 5.53 3.57 0.11 0.30 -2.17 1
21833 4uf0_A_1168 0.6 II Pd -66 123 80 0 LVWINAGTVHWV EEEE-TT-EEEE 5.69 3.59 0.12 0.25 -1.78 1
4500 4e6u_A_38 0.7 II Pd -59 138 81 -3 QVTIGAGTKLHS TEEE-TT-EE-S 6.06 3.47 0.15 0.22 -1.79 1
18788 3r90_A_127 0.7 II Pd -54 138 74 1 LYPAAVDTIVAI -----TT-EEEE 5.51 3.68 0.11 0.35 -2.29 1
79928 5azw_A_38 0.7 II Pd -53 138 90 -1 FERVTSGTKMGL EEEE-TT-EEEE 5.91 3.54 0.12 0.37 -1.67 1
90866 1qwr_A_168 0.7 II Pd -60 149 96 -8 FYYVPSGTLHAL EEEE-TT--EEE 5.86 3.44 0.11 0.52 -1.56 1
80552 3pmo_A_247 0.8 II Pd -55 140 69 14 NVQIGDHTAMAA T-EE-TT-EE-T 6.15 3.44 0.15 0.22 -1.45 1
97520 3kwe_A_63 0.8 II Pd -64 142 68 6 PFHIGSRTNIQD -EEE-TT-EE-T 5.90 3.52 0.18 0.22 -1.64 1
20446 1hj6_A_134 0.8 II Pd -42 125 97 -9 PVRYYQGTPSPV EEE--TT---SS 5.66 3.61 0.12 0.31 -2.53 1
59683 1xhd_A_37 0.8 II Pd -48 130 69 14 ESSIWFNTVIRG T-EE-TT-EEEE 6.05 3.48 0.16 0.21 -1.82 1
47495 3mvs_A_123 0.8 II Pd -54 136 105 -16 PENTPVGTPIFI ETT--TT-EEEE 5.86 3.49 0.06 0.47 -1.97 1
91218 5tpk_A_812 0.8 II Pd -50 139 94 -14 EENLPAGTSFLQ ETT--TT-EEEE 5.87 3.55 0.07 0.47 -2.02 1
4637 2sak_A_50 0.8 II Pd -59 140 106 -19 EFPIKPGTTLTK EEE--TT-EE-H 5.98 3.46 0.09 0.47 -1.81 1
58777 3tk8_A_174 0.8 II Pd -61 139 84 1 GAYVDEGTMVDT T-EE-TT-EE-T 6.23 3.41 0.18 0.22 -1.32 1
22237 3id1_A_146 0.8 II Pd -53 144 91 -16 EAQIAPGTELKA HTT--TT-EEEE 5.75 3.53 0.15 0.42 -2.03 1
27633 4rmx_A_740 0.9 II Pd -62 147 97 -14 GYAKAAGTKIVI TT---TT-EEEE 5.99 3.44 0.13 0.48 -1.37 1
80545 3pmo_A_289 0.9 II Pd -54 137 63 17 NVFVTGMTMVTR SEEE-TT-EE-S 6.06 3.47 0.18 0.22 -1.62 1
81152 1q6z_A_108 0.9 II Pd -49 141 81 4 IGVEALLTNVDA HTTT-TT--TTG 5.69 3.53 0.10 0.42 -2.17 1
43209 2g3r_A_1539 0.9 II Pd -52 147 74 4 CDPIPLDTEVTA -SS--TT-EEEE 5.71 3.48 0.12 0.39 -1.52 1
94739 3oxh_A_8 1.0 II Pd -55 135 103 -16 RSEYRQGTPNWV -S---TTSEEEE 5.78 3.53 0.11 0.39 -2.14 1
76049 3ttg_A_100 1.0 II Pa -40 123 68 23 KKYLFFRTKAKI HHT--TT---EE 5.61 3.63 0.13 0.23 -2.33 1
56265 4m0n_A_149 1.1 II Pd -48 130 91 8 VVHLNAGTVMRY EEEE-TT-EEEE 5.97 3.48 0.12 0.34 -1.15 1
66544 2zou_A_73 1.1 II Pd -47 131 86 -12 PDFYKPGTSYRV -SSB-TT-EEEE 5.64 3.61 0.13 0.26 -2.41 1
44302 6ao7_A_11 1.2 II Pd -54 138 93 -26 IHPHTAGTPIPY EEE--TTS---H 5.58 3.62 0.13 0.41 -2.11 1
76094 2d1s_A_234 1.2 II Pd -61 139 97 -25 GNQVSPGTAVLT S----TT-EEEE 5.78 3.62 0.14 0.35 -1.88 1
69553 1vbk_A_10 1.2 II Pd -51 142 79 1 VRYGEIGTKSRQ EEE--TT---SS 5.60 3.58 0.18 0.34 -1.99 1
56946 3p3c_A_32 1.3 II Pd -53 142 85 -3 IHPEKEGTGIRF EEE--TT--EEE 5.99 3.50 0.13 0.35 -1.59 1
32966 5hon_A_722 1.3 II Pd -65 140 76 -15 PEQLTTHTTTFF ES---TT--SEE 5.78 3.61 0.19 0.20 -1.27 1
81825 1o75_A_391 1.4 II Pg -46 146 88 -35 SADFTPGTEYTV EEEE-TT-EEEE 5.77 3.57 0.15 0.33 -2.10 1
28673 3wpc_A_698 1.5 II Pd -72 154 88 -8 NGSLPSGTQLQR SS-S-TT----E 6.32 3.42 0.13 0.37 -1.12 1
11973 3pme_A_1098 1.6 II Pd -62 152 74 -30 GNPLKFDTEYYM SSB-BSS--BEE 5.94 3.52 0.12 0.27 -0.51 1
107403 5a6m_A_341 2.4 II Pd -59 142 79 -2 INISVPGTSIRK EEEE-TT----E 5.98 3.53 0.13 0.24 -1.89 1
63005 4rxv_A_163 0.5 II Pd -56 132 92 1 AEVFPIGTLIVD GGGS-TT-EEE- 5.70 3.54 0.08 0.41 -1.81 1
27641 4rmx_A_687 0.5 II Pd -53 134 97 -12 GREFPTGTVIHC S--B-TT-EEEE 5.81 3.54 0.11 0.39 -2.00 1
81888 5d3x_A_342 0.7 II Pd -55 139 96 -11 VENVEDGTADYH EEE--TT--SGG 5.97 3.47 0.11 0.42 -1.90 1
94144 3lzk_A_255 0.7 II Pd -50 131 103 -1 TRPLSAGTIIGS TS-B-TTEEEE- 5.93 3.53 0.10 0.48 -1.47 1
95069 2je3_A_63 0.8 II Pd -55 128 101 -8 TGEFRDGTVTVK HSS--TT-EEEE 5.56 3.59 0.04 0.50 -2.04 1
67385 5v01_A_122 0.8 II Pd -54 138 101 -10 EDGTPAGTVWFA TT---TTEEEEE 5.90 3.50 0.08 0.52 -1.77 1
3656 1ccw_A_118 0.9 II Pd -52 143 73 23 DRVYAPGTPPEV SEE--TT--HHH 6.04 3.46 0.15 0.34 -1.10 1
75831 1yu0_A_78 0.9 II Pd -48 142 88 12 TASIKAGTIVEV EEEE-TTEEEEE 6.19 3.40 0.09 0.47 -0.93 1
101236 5lxz_B_169 0.9 II Pd -52 143 85 9 PITLPAGTKFTG -EEE-TT-EEEE 5.84 3.44 0.08 0.52 -1.63 1
18138 4y9v_A_203 0.9 II Pd -56 141 86 -2 EFVNETGTVFNF EEEE-TT-EEEE 5.71 3.54 0.11 0.49 -2.31 1
26041 3fde_A_430 1.0 II Pd -51 133 102 -8 IPGVPVGTMWRF -TT--TT-EESS 5.91 3.45 0.06 0.51 -2.02 1
28048 4zur_A_250 1.1 II Pd -64 138 80 6 NYPMGRGTPYSV EEEE-TT--HHH 5.93 3.53 0.13 0.26 -1.53 1
15548 3km5_A_1304 1.2 II Pd -56 137 93 -7 TVDLPAGTKYVA EEE--TT--EEE 5.83 3.55 0.08 0.42 -1.97 1
60878 5jqy_A_671 1.2 II Pd -58 148 85 22 YSIMHPGTHVWP EEEE-SSEEEEE 6.27 3.42 0.16 0.45 -0.42 0
75918 3rl5_A_204 1.4 II Pd -58 142 98 -11 WNLIPEGTDILM HTTS-TT-SEEE 5.88 3.45 0.06 0.57 -1.79 1
62437 4ei0_A_84 1.8 II Pd -54 135 105 -11 SIAGATGTYFDP SS---TT-EE-S 6.09 3.52 0.08 0.52 -1.73 1
79202 4fs7_A_309 0.8 II Pa -47 137 61 21 SVIVPEKTFYGC SSEE-TTTTTT- 5.74 3.45 0.15 0.23 -1.55 1
21407 3sb4_A_262 0.8 II Pd -47 139 61 13 ATTIPDFTFAQK --EE-TTTTTT- 5.89 3.55 0.17 0.21 -1.54 1
75379 5le5_H_205 0.9 II Pd -40 129 91 -10 RYRCEKGTTAVL -----TTSS-EE 5.91 3.59 0.12 0.40 -2.08 1
54919 1nsz_A_127 1.0 II Pd -59 133 91 -10 SLVSNDGTNGYP EEEE-TTGGG-- 5.50 3.61 0.08 0.31 -2.29 1
45127 1vi6_A_100 1.0 II Pd -54 130 104 -9 VGRFIPGTLTNP ESS--TTTTT-T 5.71 3.58 0.11 0.42 -2.20 1
85185 1nkg_A_470 1.0 II Pd -57 141 90 -4 DVSIPSGTIVAG EEEE-TTSS-SE 5.87 3.52 0.10 0.39 -1.78 1
88048 1us5_A_230 1.3 II Pd -61 142 90 2 GFNIPGGTYKGV EEEE-TTSBTTB 5.78 3.52 0.10 0.43 -1.62 1
83577 4m73_A_285 1.5 II Pg -59 148 78 -44 DRELPVFTLGFE GGG--TTHHHHH 6.08 3.53 0.11 0.21 -0.87 1
43274 2e26_A_2081 1.6 II Pd -57 141 73 21 SSTYYAGTTQGW -SEE-TTS-SS- 6.04 3.48 0.14 0.35 -1.04 1
52251 5fmd_A_177 1.7 II Pg -55 137 104 -30 TLNEAEGTETQS TS---TTSEEEE 6.20 3.48 0.08 0.40 -1.60 1
14634 3w5s_A_66 1.0 II Pd -57 140 76 7 FSDAAMHTPVEV E----TT-BHHH 5.69 3.56 0.14 0.33 -1.76 1
65314 5lac_A_289 4.0 IV Bp -104 108 64 -118 YTTTTIGTKSFE HHHB-BTTB-HH 5.24 3.77 0.05 0.63 -0.09 0
110036 3fpn_A_143 0.3 II Pd -53 148 82 -6 LLSYPERTKMQI HHTS-TT-EEEE 5.87 3.51 0.12 0.44 -1.80 1
106034 3c24_A_91 0.3 II Pd -52 145 86 -5 VPRVRPGTIVLI GGGS-TT-EEEE 5.77 3.51 0.11 0.41 -1.99 1
77127 2okx_A_458 0.4 II Pd -63 141 92 -12 ELEAPAGTIIDA EEEE-TT-EEEE 5.89 3.54 0.13 0.35 -1.68 1
57257 3wdn_A_41 0.4 II Pd -56 137 94 -5 CSLPEVGTKLNK EE---TT-EE-T 5.73 3.56 0.07 0.47 -2.05 1
81008 3vs8_A_385 0.5 II Pd -59 136 93 -11 LEEATVGTRIAC HHHS-TT-EEEE 5.62 3.65 0.09 0.46 -2.40 1
50976 3p0f_A_154 0.5 II Pd -52 138 97 -5 GIGIAPGTVVIT ESSS-TT-EEEE 5.84 3.52 0.09 0.50 -1.75 1
101265 5bo7_A_341 0.5 II Pd -53 135 95 -12 HYYDKKGTKFTT BTTS-TT----- 5.81 3.49 0.09 0.38 -2.26 1
7173 5dgj_A_78 0.5 II Pd -52 137 93 -11 EEGCPEGTVCSV -SS--TT-EEEE 5.78 3.50 0.09 0.40 -2.27 1
52383 2ofz_A_163 0.6 II Pd -59 133 95 0 VLQLPQGTTLPK -----TT----T 5.86 3.55 0.05 0.39 -1.96 1
85506 1el6_A_66 0.6 II Pd -59 138 104 -15 FSIKDVGTIITN HH---TTBEEEE 5.67 3.50 0.09 0.51 -2.16 1
42868 4q98_A_153 0.6 II Pd -49 142 78 1 HYGYPGGTASDN EES--TT---SE 5.79 3.53 0.10 0.37 -1.79 1
106505 3w5n_A_518 0.7 II Pd -52 139 89 -12 RVSGDAGTTVRL EE---TT-EEEE 5.81 3.59 0.10 0.44 -1.97 1
90018 3r24_A_90 0.7 II Pd -57 136 90 -6 RQWLPTGTLLVD HHHS-TT-EEEE 5.58 3.61 0.14 0.38 -2.22 1
82227 3vyp_A_217 0.7 II Pd -52 140 97 -15 EHFWKPGTAVDV SS---TT-EEEE 5.91 3.53 0.12 0.41 -1.93 1
87375 5v3w_A_1492 0.7 II Pd -55 142 66 16 LGRLPADTPMYG HHTS-TT--EEE 5.74 3.54 0.13 0.32 -1.88 1
14531 3okx_A_134 0.7 II Pd -55 128 93 6 GLDCLDGTPLVD -----TTEEEEE 5.61 3.60 0.06 0.41 -2.18 1
53454 3wmv_A_24 0.7 II Pd -52 142 72 17 SSNPANDTNLVL -SS--TTEEEEE 5.68 3.54 0.10 0.41 -1.97 1
61933 2dby_A_301 0.7 II Pd -58 131 112 -17 AWTVRRGTKAPR EEEEETT-BHHH 5.77 3.51 0.08 0.48 -2.19 1
113827 3bso_A_37 0.7 II Pd -57 137 92 -12 TAPLPPGTYEPA SS---TT--EE- 5.80 3.57 0.12 0.31 -1.91 1
53855 4ehc_A_211 0.8 II Pd -60 154 81 11 GGFVPAGTTISV TSB--TT-EEEE 6.26 3.43 0.13 0.48 -0.85 1
487 5ccb_B_61 0.8 II Pd -72 138 103 0 VIGHSYGTAFEV --SSBTTB--EE 5.77 3.51 0.16 0.54 -1.08 1
8862 2p4o_A_28 0.8 II Pd -50 139 83 18 ITSFPVNTFLEN EEEE-TT--EEE 5.90 3.48 0.08 0.50 -1.14 1
35408 5j1k_A_173 0.8 II Pa -42 142 68 25 DFIAPLNTPVYA EEE--TT-EEE- 6.17 3.47 0.11 0.37 -1.14 1
71531 4wji_A_151 0.8 II Pd -53 135 86 3 ILTPPAGTDEEA EE---TT--HHH 5.81 3.57 0.11 0.36 -1.95 1
68611 4r5r_A_40 0.8 II Pd -53 137 75 5 CKFKKKRTICRI TEE--TT-EEE- 5.77 3.55 0.12 0.31 -2.23 1
103735 4x9t_A_253 0.8 II Pd -51 140 96 -5 GLAVTKGTPPEI EEEEETT--HHH 6.09 3.43 0.09 0.48 -1.55 1
55239 5b2p_A_25 0.8 II Pd -53 129 97 -3 SAFYQKGTSLER EE-EETTEEGGG 5.68 3.62 0.07 0.42 -2.19 1
88518 2v8i_A_367 0.8 II Pd -49 135 97 -17 GYYGKKGTVLKP BTTB-TT-EE-- 5.74 3.54 0.09 0.45 -2.28 1
87525 4qp5_A_287 0.9 II Pd -50 131 96 4 DFFMNIGTPVKA EEE--TT-EEE- 5.91 3.50 0.04 0.42 -1.72 1
97692 1xkw_A_609 0.9 II Pd -57 144 90 -14 DSQNDSGTRYST -TTS-TT-BS-T 5.67 3.53 0.12 0.43 -2.05 1
25063 2ywv_A_109 0.9 II Pd -63 140 107 -13 RIGLEEGTPLEA HHT--TTEEEEE 6.09 3.43 0.10 0.48 -1.61 1
17983 4io2_A_112 0.9 II Pd -50 135 90 -6 RILMRKGTLIDG EEEEETT----S 5.84 3.53 0.08 0.35 -1.93 1
97575 2x2u_A_45 1.0 II Pd -42 137 96 -5 YVDQAAGTPLLY ETTB-TT-EEEE 5.86 3.51 0.04 0.58 -1.93 1
17524 4b2o_A_92 1.1 II Pd -49 138 100 -10 PANFPEGTPGKG -TTS-TT-SS-S 5.90 3.47 0.09 0.49 -1.94 1
95170 4rlz_A_320 1.1 II Pd -57 140 84 -6 DVPAPFGTQDFR SSSSSTT---SB 5.75 3.56 0.12 0.30 -2.02 1
67063 3hz6_A_230 1.1 II Pd -59 134 100 -11 QTGFVSGTPVLC HH---TT-EEE- 5.72 3.62 0.07 0.41 -2.36 1
105100 3js8_A_446 1.1 II Pd -62 134 86 5 DILTLPGTPYAN EEEE-TT-TTHH 5.72 3.62 0.12 0.31 -1.79 1
5302 5afo_A_187 1.2 II Pd -57 152 75 19 GCELAAGTSLDI EEEE-TT---EE 6.22 3.38 0.15 0.41 -0.81 1
66535 2zou_A_151 1.4 II Pd -55 141 96 -9 WIAPPAGTGCVI EE---TT---EE 6.00 3.48 0.10 0.46 -1.76 1
78475 2w40_A_82 2.5 IV Pg -89 172 67 -39 GITNQRETVIIW EEEE-SS-EEEE 6.84 3.25 0.18 0.25 0.04 0
106424 2wya_A_486 0.4 II Pd -53 138 87 1 TNSLFPGTWYLE GGGS-TT-EEEE 5.69 3.56 0.12 0.39 -1.84 1
85180 3ba3_A_70 0.6 II Pd -51 132 93 -8 ITIPNDGTAGNP EEEE-TT-TT-- 5.68 3.63 0.10 0.37 -2.22 1
5507 4lv5_A_413 0.7 II Pd -54 134 91 -10 SALWKVGTRGPA GGEEETT-EEEG 5.58 3.65 0.14 0.36 -2.53 1
23348 3m0m_A_259 0.8 II Pd -54 137 70 5 LGHHAPNTNIEM TTSS-TT--HHH 5.61 3.60 0.14 0.22 -2.03 1
105736 2v9k_A_481 0.8 II Pd -51 144 81 -1 HLKTQAGTYIKE EEEE-TT--HHH 6.04 3.52 0.11 0.34 -1.59 1
83715 1wn2_A_94 0.8 II Pd -58 138 83 -4 LTEIPPGTVTVL -TTS-TT-EEEE 5.71 3.61 0.14 0.29 -1.90 1
39712 3kd4_A_171 0.9 II Pd -52 136 95 -12 SISVPEGTPLAC EEEEETTS--EE 5.59 3.55 0.08 0.46 -2.35 1
98336 2fba_A_48 1.0 II Pd -51 133 99 -9 FNNGVPGTVIAS BTTS-TT-B-S- 5.86 3.58 0.12 0.40 -2.15 1
18701 5ng9_A_116 1.1 II Pd -52 133 96 -10 SIMIKKGTPIES EEEEETT-S--S 5.86 3.55 0.10 0.33 -2.36 1
44373 4b60_A_462 1.2 II Pd -51 132 100 -1 DGEYLNGTDEVD EEE--TT-SS-E 5.84 3.45 0.10 0.47 -1.82 1
64138 3qek_A_219 1.3 II Pd -57 138 91 -6 VLQFEPGTKNLT EEEE-TT-S--H 5.89 3.53 0.12 0.36 -1.75 1
63535 2nlr_A_70 1.6 II Pd -59 128 69 13 YTNCSPGTDLPV TTEE-TT---SE 5.62 3.57 0.16 0.28 -2.04 1
112251 4n0k_A_75 2.2 II Pd -56 139 92 -5 PKKYIPGTKMAF HHHHSTT----- 5.65 3.60 0.11 0.47 -2.22 1
112797 3wuc_A_27 2.4 II Pd -63 132 67 14 RGRIAKGTNRFA EEEE-TT-SB-E 5.50 3.64 0.17 0.25 -1.80 1
46391 3uue_A_129 0.4 II Pd -59 141 89 1 IQYYPKGTKLMH GGGS-TT--EEH 5.92 3.55 0.09 0.48 -1.67 1
45872 2xep_A_216 0.5 II Pd -53 138 88 -1 MQDLPDGTRVTV GGGS-TT-EEEH 5.78 3.54 0.12 0.39 -1.80 1
58199 3d06_A_152 0.6 II Pd -54 134 85 12 DSTPPPGTRVRA SS---TT-EEEE 5.82 3.54 0.13 0.36 -1.65 1
104343 1llf_A_105 0.7 II Pd -53 136 81 -1 NVVRPPGTKAGA EEEE-TT--TT- 5.73 3.54 0.12 0.28 -1.71 1
1175 5xpc_A_105 0.8 II Pd -56 153 67 15 LKSLPAQTLFIV HHTS-TT-EEEE 5.84 3.49 0.13 0.43 -1.44 1
102310 3nft_A_1244 0.8 II Pd -53 149 77 9 DSLPPDGTVWDT HT---TTEEEEH 6.12 3.44 0.14 0.39 -1.04 1
39638 1zhx_A_399 0.8 II Pd -51 135 87 0 TKNAPSGTLVGD -SSSSTT-BTTS 5.74 3.60 0.10 0.34 -2.07 1
107790 2yfo_A_236 0.8 II Pd -50 132 93 -9 VILAEKGTTETA EEEEETT--SSS 5.68 3.60 0.08 0.35 -2.53 1
73754 3nw4_A_287 0.9 II Pd -42 131 93 -16 FHRLRAGTETAT EEEE-TT-B--- 5.68 3.63 0.09 0.37 -2.45 1
41363 1p5v_B_52 0.9 II Pd -63 139 110 -23 LGGYKTGTTSTS EE---TT-BGGG 6.10 3.54 0.08 0.48 -2.04 1
64441 1kzq_A_55 0.9 II Pd -59 143 94 -10 RQICPAGTTSSC --BEETT-SS-- 5.95 3.50 0.10 0.43 -1.68 1
99195 2vhk_A_42 0.9 II Pd -53 147 84 1 TINVEPGTNGGK EEE--TT--SEE 5.88 3.49 0.12 0.43 -1.62 1
100879 4dqa_A_180 0.9 II Pd -55 137 74 13 SVKFPVGTFFSS EE---TT--BSS 5.64 3.55 0.17 0.31 -2.06 1
30963 3rwn_A_208 1.0 II Pd -54 136 94 -8 VGTWPSGTANRS EEE--TT--SEE 5.83 3.53 0.10 0.39 -2.07 1
73159 3ejv_A_115 1.0 II Pd -50 133 95 2 DGGWPTGTFGAQ TT---TT--S-- 5.90 3.53 0.07 0.43 -1.77 1
100457 4rk2_A_300 1.2 II Pd -53 143 87 8 PDGVPAGTTAAQ -TTS-TTEEEEE 5.93 3.47 0.12 0.50 -1.52 1
54484 3lvu_A_389 0.5 II Pd -56 141 90 -7 AADLPPGTLEGY GGGS-TTTTT-- 5.72 3.58 0.10 0.33 -2.09 1
69401 4xr9_A_134 0.7 II Pd -51 138 94 -6 KSTVSPGTTRTL -S---TTHHHHT 5.95 3.60 0.14 0.36 -1.80 1
24576 3cuz_A_239 0.7 II Pd -60 132 86 16 RFNLPRGTIKAT HTT--TT-SEEE 5.90 3.56 0.09 0.38 -1.64 1
50656 3bmv_A_359 0.8 II Pd -49 138 87 -9 VPAIYYGTEQYM EEEEETTGGGT- 5.88 3.56 0.13 0.32 -2.20 1
99922 3ml1_A_423 0.8 II Pd -54 140 83 7 IWKLPPGTIPDK HTT--TT-S-SS 5.87 3.65 0.11 0.37 -1.80 1
92048 4pfy_A_50 0.9 II Pd -54 133 106 -21 PWNAVAGTIGLV TTTS-TTTBTTT 5.75 3.57 0.11 0.49 -2.69 1
89911 4nv0_A_150 1.1 II Pd -54 137 71 16 THALRDRTHEFF GGGB-BTHHHHH 5.53 3.61 0.15 0.32 -1.96 1
66494 3rpc_A_29 1.1 II Pd -43 133 65 19 PFLAPKDTYPGF -----TT-B--- 5.79 3.52 0.16 0.22 -1.66 1
77369 3ucp_A_812 1.1 II Pd -53 132 96 -3 VYNAAAGTYTPG -SSB-TT---TT 5.71 3.52 0.11 0.37 -2.01 1
55862 1w2w_B_291 1.1 II Pd -43 128 110 -17 DTANKIGTLQLA -EEEETTHHHHH 5.86 3.55 0.08 0.52 -2.08 1
31876 4pfo_A_119 1.6 II Pd -58 138 92 -22 YQGKSLGTMPPH HTT--TTTS--- 5.55 3.66 0.08 0.35 -1.89 1
93065 3k69_A_148 1.9 II Pd -63 148 93 3 ADLNHHGTFLQH HHHHSTTHHHHH 6.45 3.38 0.13 0.40 -0.93 1
83416 3u81_A_161 0.3 II Pd -50 128 100 -14 CGLLRKGTVLLA TT---TT-EEEE 5.49 3.59 0.01 0.43 -2.74 1
18216 4c08_A_335 0.5 II Pd -52 131 77 9 PVPVEQDTDISG EEEE-TT-EEEE 5.47 3.58 0.10 0.29 -2.28 1
29400 2fkk_A_455 0.6 II Pd -52 134 97 -13 DTIYPIGTIYEN HHHS-TT-EEEE 5.77 3.55 0.09 0.39 -2.22 1
1482 3wqc_A_340 0.6 II Pd -45 131 95 -11 ATRFPLGTRLRI HHHS-TT-EEEE 5.72 3.56 0.07 0.36 -2.61 1
110097 3duw_A_158 0.7 II Pd -57 129 103 -10 LKLSRPGTVIIG HHT--TT-EEEE 5.50 3.62 0.08 0.39 -2.62 1
71758 3h7j_A_189 0.7 II Pd -45 124 97 -16 TVEMKFGTAYFC EEEE-TT-EEEE 5.46 3.68 0.05 0.31 -2.57 1
93171 2f9h_A_114 0.7 II Pd -63 123 110 -16 LPKITIGTTIDY -----TT-EEEE 5.49 3.64 0.07 0.39 -2.36 1
52701 2zux_A_236 0.7 II Pd -52 133 95 -12 AMKTADGTKDGT EEEE-TT-B-TT 5.54 3.56 0.05 0.45 -2.34 1
101696 5h3k_A_476 0.7 II Pd -53 127 105 -17 AGVLAVGTTLNV TTTT-TT-BEEE 5.62 3.62 0.08 0.43 -2.47 1
100475 1i8a_A_141 0.8 II Pd -56 142 73 11 TIKPTPNTVIGF S----TTEEEEE 5.68 3.60 0.16 0.31 -1.79 1
30339 1c5e_A_32 0.8 II Pd -51 146 86 10 SAKAPAMTPLML SS-B-TT-EEEE 6.09 3.39 0.08 0.52 -1.32 1
87711 1wd3_A_141 0.9 II Pd -55 127 109 -14 GVFMSPGTGYRN EEEE-TTB-EEE 5.65 3.60 0.09 0.41 -2.45 1
665 3kki_A_121 0.9 II Pd -54 140 65 10 QTICQPNTNVYI HHH--TT-EEEE 5.36 3.68 0.13 0.29 -2.19 1
94604 2bkx_A_143 0.9 II Pd -49 136 98 -4 IGFNEPGTSFKS BTTB-TT--TT- 5.96 3.53 0.09 0.43 -1.65 1
47278 2xha_A_127 0.9 II Pd -59 128 101 -13 EPGLRVGTKVKQ -TT--TT-EE-T 5.55 3.63 0.08 0.37 -2.21 1
16808 3c8i_A_66 1.2 II Pd -53 128 108 -17 GDTRKVGTRIPA TTS-STT-EEEE 6.01 3.51 0.05 0.40 -2.02 1
63788 5gqu_A_186 1.3 II Pd -64 147 89 -4 VPEIGSGTVYKY EET--TT-EEEE 6.04 3.48 0.10 0.41 -1.82 1
25608 5non_A_90 1.4 II Pd -52 137 93 -14 IGDGGVGTILDM ESSSSTT-EEEE 5.97 3.60 0.10 0.38 -2.10 1
37913 4bk7_A_49 1.5 II Pd -43 127 101 -14 EGNGGPGTIKKI E-SSSTT-EEEE 5.92 3.51 0.07 0.34 -2.54 1
77142 2okx_A_181 1.6 II Pd -65 131 112 -11 RSIGPAGTAPWT EEEEETT-TT-- 5.92 3.48 0.09 0.48 -1.74 1
38841 3wnd_A_230 0.4 II Pd -49 133 103 -16 IDSAPAGTRVGM ESEEETT-EEEE 5.83 3.55 0.10 0.38 -2.05 1
22899 1r6x_A_97 0.5 II Pd -54 141 83 -7 ANQIKPDTRIAL HHT--TT-EEEE 5.65 3.58 0.15 0.31 -2.21 1
25083 3o14_A_81 0.8 II Pd -51 130 104 -5 HGDYPAGTYVRN TEEEETTEEEEE 5.80 3.54 0.08 0.46 -1.90 1
103638 3lkm_A_637 0.8 II Pd -36 125 98 -16 MTQLKNGTKFVL HHHT-TT-EEEE 5.73 3.60 0.11 0.30 -2.52 1
9163 4luk_A_123 0.8 II Pd -52 131 96 -10 WISMEPGTVVYV EEEE-TT-EEEE 5.63 3.64 0.10 0.33 -2.75 1
48434 2c71_A_622 0.8 II Pd -57 124 96 -3 INGVRDGTIILL HHH--TTBEEEE 5.59 3.65 0.05 0.32 -2.28 1
38429 3ccd_A_56 0.8 II Pd -54 133 93 -9 TLGLTQGTVVTI TS---TT-EEEE 5.67 3.60 0.10 0.43 -2.35 1
65619 3emi_A_391 0.8 II Pd -49 125 90 -7 FATVASGTNVTF EEEEETT----- 5.38 3.67 0.11 0.27 -2.82 1
19726 3m1u_A_258 1.0 II Pd -54 134 108 -14 LATAHIGTVLPL EEEE-TT-EEEB 5.80 3.47 0.09 0.55 -2.01 1
99130 2bcm_A_36 1.0 II Pd -50 134 75 7 RSKLKDDTAIGV GGG--TT-EEEE 5.63 3.59 0.11 0.28 -2.27 1
14537 3okx_A_67 1.1 II Pd -48 134 90 -9 LAGIDDGTLLEV GTT--TT-EEEE 5.74 3.55 0.05 0.35 -2.21 1
99716 1bf2_A_732 1.1 II Pd -53 131 95 -23 TLIGGAGTTYGQ EEEESTT-EEEE 5.88 3.57 0.11 0.27 -2.06 1
8381 5tvo_B_42 1.1 II Pd -57 123 104 -11 IMRVVDGTHVSG EEE--TT--TTG 5.49 3.65 0.01 0.40 -2.52 1
53819 1qhd_A_19 1.3 II Pd -53 130 96 -24 RDKIVEGTLYSN HHH--TT-BGGG 6.03 3.55 0.13 0.22 -1.72 1
12537 1kzf_A_49 1.7 IV Pg -47 125 111 -34 DEFDGPGTRYIL -TT-STT-EEEE 5.60 3.62 0.12 0.37 -2.78 1
65203 5nji_A_1006 0.7 II Pd -51 138 80 11 MLHVTPGTVLVT --B--TTEEEEE 5.72 3.58 0.11 0.37 -1.95 1
51537 2dbn_A_192 0.7 II Pd -54 143 98 -13 IRRRPPGTTSKG EEE--TT--B-- 5.86 3.49 0.12 0.46 -1.92 1
90116 4hbz_A_152 0.9 II Pd -51 127 100 -12 LRHFAAGTFAVL GG---TT-EEEE 5.68 3.60 0.08 0.38 -2.49 1
23068 2xij_A_723 1.0 II Pd -52 142 96 -18 SNVFGPGTRIPK -EEE-TT--HHH 5.89 3.56 0.13 0.43 -2.08 1
3969 5y4z_A_319 1.3 II Pd -48 128 92 4 MTATPPGTRDAF E-SS-TT---SS 5.83 3.57 0.12 0.33 -1.95 1
15228 3s5q_A_80 1.3 II Pa -48 120 63 26 EFKTDVNTNSGV EEEE-TT-EEEE 5.50 3.65 0.07 0.25 -2.35 1
103721 1xk7_A_275 1.4 II Pd -57 124 98 8 TPEIPEGTQLIH SSSS-TT----B 5.76 3.58 0.05 0.43 -1.72 1
40838 5bxr_A_72 1.5 II Pd -56 131 92 -12 AWTLGEGTRVVS EEE--TT-EEEE 5.60 3.69 0.10 0.31 -2.61 1
42912 4ihq_A_311 2.2 II Pd -62 145 98 -4 RETGGEGTIKLF B--SSTT-B-HH 6.24 3.43 0.11 0.44 -1.30 1
28064 4zur_A_121 0.8 II Pd -59 134 92 -11 ETAISPGTWEAA TB-B-TTHHHHH 5.52 3.66 0.11 0.34 -2.34 1
64751 3zwf_A_38 0.9 II Pd -56 135 91 -5 LFDCGEGTQTQL EE---TTHHHHH 5.82 3.54 0.09 0.38 -2.12 1
3117 4z48_A_96 0.8 II Pd -48 128 97 -13 RPADVNGTKYLV ESTTTTT-EEEE 5.70 3.67 0.09 0.35 -2.66 1
90954 4u9h_L_522 0.9 II Pd -63 130 96 -5 VEASLIGTPVAD HHHHHTT-B-S- 5.55 3.67 0.08 0.35 -2.15 1
83127 2ogf_A_37 1.1 II Pd -53 141 100 -18 LFHQFVGTPVSK HHHHHTT-EE-T 5.69 3.59 0.08 0.47 -2.32 1
68830 4uho_A_368 1.3 II Pd -55 132 102 -16 ALHGLKGTKNVI HHHTTTTSTTEE 5.61 3.60 0.07 0.46 -2.45 1
36192 1z45_A_550 1.3 II Pd -48 137 98 -15 YGDTIEGTEIMV S-SSSTTEEEEE 5.84 3.55 0.11 0.38 -2.33 1
82863 2e4t_A_350 1.8 II Pd -54 143 93 -13 IEKYYPGTKLAI HHHHSTT-EEEE 6.05 3.49 0.14 0.38 -2.02 1
59382 5bu3_A_78 1.8 II Pd -68 128 88 2 DRPGGIGTTVEY --TTSTT-EEEE 5.53 3.67 0.14 0.33 -2.11 1
65146 3wx7_A_276 2.1 II Pd -54 135 79 5 AQEFPCGTPLHA -TT--TT-GGGT 5.61 3.62 0.14 0.28 -2.19 1
16848 2cb8_A_62 1.0 II Pd -52 130 97 -10 AWNELKGTSKED HHHTTTT--HHH 5.64 3.62 0.12 0.35 -2.50 1
99373 3hje_A_428 1.1 II Pd -56 129 91 -7 FNLKRVGTLSFN HHHTTTT---EE 5.43 3.71 0.10 0.32 -2.71 1
10146 4wby_A_119 1.2 II Pd -55 129 88 0 VNLEDYGTLIDY -STTSTTBEE-S 5.78 3.61 0.12 0.25 -2.19 1
75806 1yu0_A_262 1.4 II Pd -52 131 111 -23 FQALAFGTTEAT HHHHHTTS-TT- 5.95 3.51 0.08 0.49 -2.20 1
48312 4q62_A_39 1.4 II Pd -54 147 76 2 SELDLSDTRFTN -EEE-TT----H 5.89 3.55 0.16 0.35 -1.65 1
27444 2q3t_A_97 1.4 II Pd -66 148 96 0 WDQSRFGTDSEE HHHTTTT-SS-- 6.33 3.43 0.12 0.39 -1.15 1
27874 2az4_A_207 1.4 II Pd -42 129 70 20 FCEKAKHTELLM HHHHHTT-SEEE 5.67 3.56 0.15 0.21 -1.87 1
92932 1dp4_A_120 1.6 II Pd -64 138 69 14 VKDEYALTTRTG -TTTSTTEEE-S 5.67 3.61 0.16 0.26 -1.74 1
45561 2zuv_A_454 1.7 II Pd -62 142 79 -9 MRSWMAFTVAHA GGTTTTT-SSTT 5.97 3.52 0.14 0.24 -1.26 1
68772 1p3c_A_122 1.7 II Pd -53 132 92 -12 QVTNLTGTTIKI --S--TT-EEEE 5.51 3.70 0.11 0.30 -2.63 1
19677 1ofd_A_746 1.7 II Pd -49 132 93 -11 VEYAFAGTTSRV HHHHSTT---TT 5.84 3.64 0.13 0.33 -2.37 1
12639 2xty_A_35 1.7 II Pd -52 124 65 7 SGADLSGTEFIG TT-B-TT-EEES 4.99 3.73 0.16 0.24 -2.45 1
21073 2w7z_A_99 1.7 II Pd -64 118 72 6 LRCNLTGTNFAD ES-B-TT-B-TT 5.10 3.69 0.15 0.32 -1.90 1
36500 3vsv_A_385 1.8 IV Bd -113 116 85 -6 LDWEAQGTRVSK EES---S-EEES 5.47 3.68 0.21 0.28 0.20 0
83658 4u0o_B_130 1.9 II Pd -58 142 93 -19 IRQRCPGTEIEV HHHHSTT-EEEE 5.95 3.56 0.09 0.36 -1.96 1
54710 3cny_A_111 2.4 II Pd -58 132 73 5 VVSEQTYTIQRS EEEE-TT--TT- 5.25 3.66 0.11 0.22 -2.53 1
47020 4h87_A_183 2.6 II Pd -64 127 87 -6 GTRSLKGTSYCL EEEE-TT-SEEE 5.17 3.73 0.15 0.26 -2.06 1
50085 4k4k_A_181 0.5 II Pd -60 128 89 5 TDADLAGTTVSI -GGGGTT-EEEE 5.56 3.68 0.08 0.33 -2.15 1
30312 3bge_A_409 1.0 II Pd -40 134 65 8 FPPELKDTQYYF S-GGGTT----- 5.64 3.62 0.16 0.19 -2.33 1
92947 2ykf_A_70 1.5 II Pd -67 136 90 -10 VHTDAVGTVVAA --S--TT-EE-G 5.69 3.62 0.15 0.31 -2.03 1
54160 3vsn_A_546 1.6 II Pd -58 135 77 17 NNNSSEGTTFNG TTS--TTEEETT 5.56 3.63 0.11 0.36 -1.67 1
27973 4fnv_A_468 1.8 II Pd -50 133 101 -19 HNQPDNGTFELY SS-S-TT-EEEE 5.89 3.56 0.11 0.29 -2.32 1
84135 5m5z_A_319 1.9 II Pd -55 144 83 18 AQPHTNGTLILD TSSS-TTEEEEE 5.99 3.51 0.11 0.43 -1.01 1
86433 1zi8_A_68 2.2 II Pd -54 141 78 10 YARQAPGTALDP GGGTSTT-B--T 6.00 3.53 0.15 0.29 -1.46 1
47722 4gmu_A_336 2.3 II Pd -53 142 85 -8 FFGVAPGTSVKT EEEE-TT--TTT 5.55 3.59 0.16 0.34 -2.54 1
58685 3suu_A_375 1.3 II Pd -59 133 77 14 TCSASTGTAAKA S--TTTTHHHHH 5.72 3.59 0.13 0.27 -1.87 1
109114 5ir4_A_410 1.4 II Pd -56 125 79 -1 LAPHFEGTLFIN HGGGGTTHHHHH 5.30 3.67 0.13 0.22 -2.15 1
74635 4na1_A_546 2.1 IV Pd -72 171 75 -7 QSHRNKETQTIF EGGG-TTHHHHH 6.16 3.33 0.18 0.47 -0.86 1
59639 3qns_A_152 2.2 IV Bd -129 108 129 -7 LLGFVDGTENPT TTSSB-STT--- 6.69 3.51 0.10 0.33 -0.15 0
9832 2pgn_A_307 3.0 II Bd -84 109 85 14 TDPAVLGTFYFP S-GGGTTSSS-- 5.80 3.60 0.09 0.31 -0.62 1
39170 5xly_A_77 3.0 II Pd -55 120 79 -6 ETLWFRDTYPFE ---TTTTSHHHH 5.30 3.69 0.14 0.24 -2.35 1
86093 3qho_A_111 0.7 II Pd -50 137 93 2 TESVKPGTQPIG TGGGSTT----- 6.49 3.40 0.06 0.36 -1.19 1
14038 3nbc_A_121 0.8 II Pd -60 138 76 18 LPSDANSTPIVL ---SSTTEE-EE 5.95 3.70 0.11 0.31 -1.65 1
101045 3see_A_115 0.9 II Pd -51 137 90 -4 AKAKEAGTPVSV EEESSTT-EEEE 5.99 3.51 0.10 0.40 -1.64 1
1559 5mu9_A_27 0.9 II Pd -58 138 85 9 DGSSSDGTPIVG GG--STTEEEEE 5.73 3.54 0.08 0.40 -1.65 1
1552 5mu9_A_79 0.9 II Pd -62 130 103 -1 NGSSEAGTAVNG GG--STTEEEEE 5.89 3.54 0.09 0.45 -1.57 1
14048 3nbc_A_27 1.0 II Pd -51 143 73 13 GSNPAENTLIIG GG--STTEEEEE 6.01 3.59 0.10 0.41 -1.46 1
81476 4bou_A_129 0.5 II Pd -54 139 93 -8 ASLAKPGTFAGN HHHHSTT----H 5.81 3.55 0.08 0.42 -2.00 1
70513 3no4_A_74 0.7 II Pd -68 140 99 -13 HHTAFPGTISLR GGTTSTT-B--- 6.26 3.51 0.13 0.40 -1.48 1
13911 1v7z_A_84 1.0 IV Pg -60 156 86 -51 GGNHFPGTTSLD S-TTSSS-B-B- 6.10 3.44 0.15 0.36 -0.06 0
10584 1gwe_A_87 1.2 II Pd -49 134 77 -4 ALVFQPGTKTET -GGGSTT-EEEE 5.81 3.55 0.15 0.20 -2.12 1
85376 4ufq_A_102 1.5 II Pd -58 133 102 -10 LDLRVAGTAAQG ----STT----S 5.73 3.56 0.11 0.44 -2.29 1
108312 4tz1_A_435 1.0 II Pd -60 145 76 1 IVVNSNDTIIDH EEE-STT-EEEE 5.93 3.47 0.14 0.31 -1.35 1
12254 1eu1_A_726 1.3 II Pd -61 133 74 16 LDPSEEGTLDKY S-TTSTT--BSS 5.61 3.66 0.13 0.28 -1.56 1
14098 4b8e_A_624 1.4 II Pd -48 137 90 -18 FWVFSAGTTLSI EEEESTT-EEEE 5.89 3.52 0.14 0.25 -2.15 1
104866 5mal_A_42 1.6 II Pd -61 129 88 15 WAASHTGTRFNF HHHTSTT-EEEE 6.07 3.49 0.11 0.26 -1.41 1
4416 5hdm_A_326 0.7 II Pd -60 143 93 -5 KRLKQAGTYEYL HHHTSTTHHHHH 6.41 3.38 0.11 0.32 -1.16 1
95324 2e7z_A_354 0.9 II Pd -69 133 110 -22 KKKLQLGTETYP HHHH-TTTTT-G 5.77 3.64 0.10 0.43 -2.49 1
23956 2xe4_A_615 1.0 II Pd -52 138 83 -20 CDPSIPLTTGEW T-TTSTTHHHHT 5.82 3.57 0.11 0.19 -2.26 1
37677 5u7a_A_17 1.4 II Pd -61 144 92 -23 SVNRTNGTADLL HH-SSTTHHHHH 6.35 3.40 0.09 0.32 -0.96 1
93 4cru_B_59 1.6 II Pd -71 127 82 -10 MLWHSFGTIAAL HHHHSSSHHHHH 6.16 3.39 0.14 0.32 -0.56 1
79763 4eps_A_336 1.3 II Pd -54 128 86 -2 LYKDVAGTPYTA HTTTSTT----G 5.43 3.72 0.19 0.28 -2.14 1
48149 4htg_A_101 0.6 II Pd -46 133 85 4 PTYLPEKTILPC -SS--TTEEEEE 5.74 3.46 0.12 0.39 -1.96 1
48021 3oul_A_52 0.6 II Pd -61 145 89 -2 FRAAADGTKPFY EEE--TT----- 5.77 3.54 0.14 0.44 -1.69 1
45431 4lgy_A_80 0.6 II Pd -53 137 93 -5 LVTPRPGTISPW EEEE-TT---HH 5.74 3.58 0.11 0.50 -2.33 1
63068 1t61_A_21 0.6 II Pd -56 135 94 -10 DPQCPPGTKILY -----TT-EEEE 5.71 3.60 0.12 0.35 -2.14 1
13718 2x8t_A_280 0.6 II Pd -47 140 80 0 DVRGKGGTFFDD G----TT-SS-H 5.61 3.54 0.13 0.34 -2.23 1
43740 4wd1_A_240 0.6 II Pd -52 138 82 10 GTEAPDGTLDWE -----TT-EEHH 5.75 3.55 0.11 0.38 -1.66 1
65017 5d3q_A_211 0.7 II Pd -57 140 88 2 LDLMDEGTDARD GGG--TT---HH 5.65 3.56 0.13 0.44 -1.72 1
335 5dbl_A_574 0.7 II Pd -53 136 84 -4 NPDLAPGTEKVT -TTS-TT-EEEE 5.70 3.60 0.15 0.27 -2.00 1
25905 4ajy_V_102 0.8 II Pd -53 139 74 24 YPTLPPGTGRRI ---B-TTEEEEE 5.82 3.48 0.14 0.31 -1.20 1
51035 3wvt_A_79 0.8 II Pd -55 146 70 18 CVPCAPRTFSAH EEE--TTEE--S 5.50 3.59 0.14 0.42 -1.73 1
83902 3hr6_A_229 0.8 II Pd -49 139 60 11 IPEIASNTKFEG -----TT---S- 5.64 3.65 0.17 0.23 -2.09 1
95298 2e7z_A_668 0.8 II Pd -51 141 76 9 DGAQPEGTIRIP -TTS-TTEEEE- 5.81 3.50 0.15 0.33 -1.64 1
23606 3gpg_A_51 0.9 II Pd -57 142 83 9 NSATPVGTAKTV T----TT-EEEE 5.65 3.50 0.11 0.44 -1.39 1
91149 5xw4_A_252 0.9 II Pd -54 135 69 23 DLIFEDGTCPDL E----TTS---H 5.65 3.61 0.15 0.30 -1.44 1
106886 2c1l_A_246 1.0 II Pd -47 138 85 -1 TIRNRRGTKATY -EE--TTS--EE 5.77 3.55 0.11 0.42 -1.79 1
90686 1pyo_B_224 1.0 II Pd -46 132 86 -5 GYACLKGTAAMR EESS-TTB--EE 5.71 3.58 0.11 0.30 -2.24 1
66142 4mz3_A_44 1.1 II Pd -49 136 83 -7 DIYAVNGTEILL EEEEETTS-EEE 5.63 3.60 0.14 0.31 -2.23 1
71023 5lxx_A_111 1.1 II Pd -53 131 98 -4 HVVPEPGTSLLA EE---TTS-HHH 5.69 3.59 0.07 0.38 -2.46 1
62019 4zy7_A_75 1.2 II Pd -55 134 93 -5 GPKHTRGTPPNV S----TTS--EE 5.53 3.59 0.11 0.44 -2.05 1
37502 4lhd_A_872 1.3 II Pd -54 136 88 13 VSWPVLGTMMVE ES-SSTTEEEE- 5.88 3.50 0.13 0.39 -1.13 1
58648 4yd8_A_297 1.4 II Pd -54 133 82 -6 YCSVSEGTINTL EE-SSTT--EEE 5.64 3.62 0.15 0.22 -2.45 1
3585 5xh6_A_268 1.5 II Pd -58 135 95 1 GISREAGTEKIK -B--STTS--B- 5.96 3.54 0.09 0.41 -1.65 1
92324 3fh1_A_75 1.5 II Pd -53 141 79 9 AIATQPGTRFDL HHHH-TT-EEEE 5.98 3.52 0.16 0.30 -1.39 1
33032 4dwr_A_380 1.6 II Pd -46 117 76 2 LIPGSMGTASYI EE--STTS-EEE 5.53 3.59 0.11 0.26 -2.52 1
77303 3ajv_A_104 1.6 II Pd -52 134 79 15 LVGVRRGTLVYE EE-SSTTEEEEE 5.81 3.59 0.12 0.32 -1.42 1
1476 1zel_A_66 1.7 II Pd -57 132 87 20 VQLPVKGTWAFI EE-SSTTEEEE- 5.96 3.52 0.11 0.33 -1.21 1
23263 3pu9_A_17 0.9 II Pd -59 134 91 1 AKTHKFGTRESG EEE--TT-SS-S 5.75 3.55 0.11 0.37 -1.94 1
15068 2o62_A_126 0.9 II Pd -56 129 86 1 IREHLAGTPVAE EEEEETTS---- 5.45 3.67 0.11 0.33 -2.64 1
12181 2amh_A_130 1.1 II Pd -57 127 102 -10 YALCVVGTENVL EEEEETT-S-EE 5.73 3.62 0.10 0.37 -2.25 1
60142 2hvw_A_48 1.2 II Pd -51 136 73 12 YNGGVADTDNCD E-EESTTS--HH 5.49 3.63 0.17 0.29 -2.23 1
33518 2ra8_A_31 1.2 II Pd -55 138 91 2 VNYGKLGTDGQT EEEEETTS--EE 5.79 3.55 0.10 0.39 -1.74 1
30062 2p3y_A_312 1.4 II Pd -50 142 68 19 TQPYWKGTNWKD S--SSTTSS-EE 5.64 3.60 0.16 0.32 -1.51 1
27225 1ogo_X_46 1.4 II Pd -57 127 78 -2 VQVSLAGTNNFH EEEEETTS---E 5.72 3.61 0.12 0.23 -2.11 1
62581 2bnm_A_185 1.6 II Pd -46 125 72 4 AFTAAKGTGSAK EEEESTTS--EE 5.74 3.68 0.12 0.21 -2.38 1
52625 1dqg_A_122 0.6 II Pd -55 131 90 8 SRWKVYGTTDDL GB-EETTSSSBG 5.58 3.65 0.12 0.36 -1.79 1
99246 2imq_X_227 0.7 II Pd -49 143 65 12 TYKFKPNTDEYD -B-B-TTSS-B- 5.74 3.65 0.18 0.25 -1.74 1
49355 2dg1_A_288 0.7 II Pd -41 134 72 11 HPQFIPGTNQLI EEEE-TTS-EEE 5.68 3.62 0.17 0.26 -1.78 1
24835 4jr6_A_71 0.7 II Pd -54 134 73 10 KLVTQPGTSNPK T--B-TTSSSBS 5.55 3.59 0.17 0.22 -2.36 1
85145 3rkc_A_549 0.8 II Pd -48 132 76 14 LSFWEAGTTKAG EEEEETTS--B- 5.69 3.63 0.14 0.27 -1.72 1
97035 5n40_A_2574 0.9 II Pd -54 129 71 15 VIAKYKSTDVVA EEEEETTSS-B- 5.58 3.60 0.16 0.22 -2.40 1
50189 4z47_A_259 0.9 II Pd -56 138 71 13 QPHKIPDTETLC -S---TTS--EE 5.52 3.68 0.19 0.24 -1.91 1
28791 4kv7_A_230 1.0 II Pd -48 134 66 19 HGRYRRNTSQVE EEEE-TT----H 5.72 3.57 0.17 0.25 -2.00 1
90078 4p6b_A_163 1.0 II Pd -50 133 91 -11 PLVFHPGTQWKY -BSS-TTS---- 5.75 3.60 0.13 0.24 -2.13 1
14722 3ka7_A_380 1.1 II Pd -49 139 88 -3 VNRAASGTDPGN SBSS-TT----S 5.62 3.57 0.11 0.38 -2.07 1
111293 5tgf_A_140 1.1 II Pd -56 139 83 -5 DTVFTPGTRFEY --SS-TTSB--- 5.80 3.61 0.15 0.26 -1.86 1
52394 2ofz_A_113 1.2 II Pd -48 133 80 12 WYFYYLGTGPEA EEEEETT-STTT 5.61 3.58 0.13 0.33 -1.84 1
46223 3p6l_A_230 1.3 II Pd -62 135 97 -15 QHDVIWGTGILD --EE-TTSSSS- 5.70 3.64 0.14 0.36 -2.34 1
39830 1eok_A_53 1.5 II Pd -61 151 75 10 TTKLPGGTGMMG TTSS-TTSGGGT 5.85 3.51 0.14 0.39 -1.30 1
16532 4wmy_A_198 2.0 IV Pg -43 133 73 -59 YGEGKCWTDNGP TTSS-TTTT--- 6.03 3.47 0.11 0.33 0.12 0
52939 3zgj_A_187 0.5 II Pd -49 135 77 13 AVCLESGTLRST EEE--TT-HHHH 5.81 3.59 0.14 0.35 -1.75 1
107624 3ppm_A_480 0.6 II Pd -47 142 66 17 GPALDLNTPGRA -S--BTT-GGG- 5.77 3.50 0.14 0.32 -1.67 1
12296 1eu1_A_239 0.6 II Pd -53 142 78 15 VVSPRPQTDVAL EE---TT-HHHH 5.83 3.60 0.12 0.38 -1.43 1
79710 4ywa_A_101 0.7 II Pd -53 139 84 -5 IYNDVPGTYGNN EE---TT-GGG- 5.56 3.64 0.14 0.33 -2.27 1
95335 2e7z_A_217 0.7 II Pd -49 135 89 -3 WLPLRYGTDAAL EE---TT-HHHH 5.84 3.55 0.09 0.28 -1.76 1
109449 3ppl_A_357 0.7 II Pd -59 135 97 -2 SLDVVPGTASRV EEE-STT-HHHH 5.59 3.64 0.11 0.40 -1.87 1
99939 3ml1_A_233 0.9 II Pd -49 137 79 -8 GIIFKPQTDLAM EEE--TTTHHHH 5.73 3.63 0.15 0.21 -2.16 1
49717 3vf3_A_258 1.4 II Pd -46 121 85 0 LVCWQAGTTPWN -EEEETT---GG 5.45 3.63 0.12 0.20 -2.77 1
8276 5cu7_A_336 1.7 II Pd -52 129 86 -28 SLMGIEKTDVQV HHHT-TTTT--B 5.77 3.63 0.12 0.23 -2.24 1
35472 1mo9_A_443 1.7 II Bd -70 117 71 10 LYAFGKGTAHMS HHHHSTTTGGGG 5.17 3.68 0.14 0.33 -1.30 1
2948 4eys_A_179 0.7 II Pd -54 126 85 8 FSPTALGTPRVS -SGGGTT----E 5.53 3.61 0.13 0.25 -2.12 1
19410 3udf_A_724 0.7 II Pd -50 128 75 12 MGQALQGTPAAW HHHHHTT----- 5.53 3.70 0.13 0.26 -2.29 1
10791 5jrh_A_372 1.0 II Pd -55 124 82 5 GDKAIEGTDRSS GGGGTTT---TT 5.50 3.63 0.14 0.22 -2.41 1
89852 4po6_A_269 1.0 II Pd -62 127 78 15 RLAPRFGTERVP HH-TTTT-EEEE 5.45 3.71 0.19 0.26 -1.75 1
11297 2fyf_A_44 1.0 II Pd -56 140 73 21 TAAALFGTSHRQ TTTTTTTS-TTS 5.78 3.51 0.14 0.31 -1.34 1
72265 3aj7_A_307 1.0 II Pd -57 139 84 6 FSHTDVGTSPLF -HHHHTTEETTE 5.64 3.61 0.13 0.35 -1.96 1
14138 4m1g_A_148 1.1 II Pd -53 135 73 6 LIDYVEDTWGSD HHHHHTTSB-TT 5.55 3.60 0.16 0.27 -2.23 1
77206 4h14_A_46 1.4 II Pd -55 131 94 -2 DVTNGLGTYYVL --TTSTT-B--T 5.65 3.61 0.11 0.40 -2.03 1
68153 3vn3_A_110 1.6 II Pd -56 134 77 2 YTGALGGTTLLP GGGB-TT-EE-S 5.49 3.62 0.14 0.22 -2.18 1
112608 2hly_A_106 1.6 II Pd -76 133 84 5 APAFSEGTDALA GGGTTTT-GGG- 5.78 3.57 0.15 0.28 -1.17 1
104945 2cvd_A_72 0.3 II Pd -62 138 74 9 ARYLTKNTDLAG HHHHHTTSTTS- 5.29 3.67 0.16 0.29 -2.08 1
46920 1rwh_A_257 0.5 II Pd -63 136 78 5 LFSLLGGTAFEV HHHHHTTSTT-- 5.57 3.61 0.17 0.25 -2.07 1
63633 5aun_A_52 0.5 II Pd -60 131 78 5 MEQLFAGTIAEG HHHHHTTSTTTT 5.42 3.66 0.17 0.24 -2.24 1
99767 1bf2_A_200 0.5 II Pd -57 131 73 25 IPAQYRGTYYGA S-GGGTTSHHHH 5.75 3.63 0.14 0.27 -1.28 1
73176 4o1e_A_113 0.5 II Pd -55 133 76 4 IFPLIQGTSWQV HHHHHTTS--EE 5.21 3.78 0.15 0.31 -2.18 1
69313 5oq3_A_318 0.5 II Pd -60 134 77 5 WANEVKGTNVDL HHHHHTTSS-EE 5.44 3.66 0.13 0.27 -2.53 1
27933 4rd4_A_170 0.5 II Pd -55 131 78 7 IKQFTKGTWAEN HHHHHTTSTTTT 5.34 3.67 0.16 0.29 -2.36 1
52101 1d02_A_35 0.6 II Pd -57 122 76 12 FNAVFEGTKYVL HHHHTTTSSEEE 5.20 3.70 0.15 0.24 -2.55 1
94516 5fyd_A_174 0.6 II Pd -61 129 79 11 VACECEGTGVDV HHHHTTTSSEEE 5.30 3.70 0.13 0.35 -2.33 1
71436 3pop_A_303 0.6 IV Pg -51 131 94 -53 VASLTEGTGVVG HHHHHTTSS--- 5.30 3.68 0.13 0.26 -0.44 0
66356 3p0b_A_94 0.6 II Pd -54 137 80 9 DYQRYRGTALEA HHHHHTTSTTHH 5.30 3.64 0.12 0.42 -2.11 1
93265 2prs_A_268 0.6 II Pd -65 118 94 -19 VESVARGTSVRM HHHHTTTS--EE 5.40 3.71 0.14 0.19 -1.09 1
46427 3b9t_A_374 0.7 II Pd -53 145 71 19 KKADLPGTPLAD -GGG-TTSTTTT 5.78 3.56 0.18 0.33 -1.29 1
86681 4p7c_A_11 0.7 II Pd -57 141 72 17 LVRRLAGTPLAE HHHHHTTSTTHH 5.55 3.63 0.14 0.37 -1.52 1
26422 5ufy_A_564 0.9 II Pd -58 129 77 10 HPEIWAGTDQVH -GGGTTTS-SSS 5.32 3.65 0.13 0.24 -2.05 1
37627 3tdn_A_54 0.9 II Pd -56 135 82 -5 TSIDRDGTKSGY EETTTTT-SS-- 5.50 3.65 0.15 0.30 -2.13 1
99139 3s8g_A_375 0.9 II Pd -59 130 65 20 LDYVVHNTAWVP GHHHHTTBTHHH 5.56 3.60 0.19 0.24 -2.12 1
931 3iib_A_423 1.0 II Pd -46 125 66 21 DYFDYHHTPNDT TGGGTTTSTT-- 5.51 3.61 0.14 0.22 -2.12 1
34967 5htl_A_32 1.2 II Pa -50 124 56 21 ALNAQKNTGRRL HHHHHTTTT--H 5.64 3.61 0.15 0.32 -2.37 1
86590 4x2r_A_168 1.2 II Pd -56 126 77 -1 TDVTKDGTLTGP EETTTTTS-S-- 5.34 3.62 0.15 0.25 -2.42 1
90666 3jq0_A_315 1.4 II Pd -56 135 85 1 NGNSFVGTPDAQ TS---TTSGGGG 5.39 3.64 0.13 0.35 -2.06 1
112225 4jja_A_262 1.5 II Pd -59 135 91 8 PVSLGRGTTLPF S-B-STTSSSTT 5.33 3.63 0.07 0.50 -1.80 1
93015 2vxn_A_171 2.0 II Bd -83 112 73 5 EPVWAIGTGKVA --GGGSSSS--- 5.56 3.58 0.16 0.51 -0.46 0
72260 3aj7_A_337 0.6 II Pa -57 120 71 28 LFRYINGTDCWS TTGGGTTSS--- 5.30 3.72 0.13 0.26 -1.96 1
79334 3uw3_A_325 0.8 II Pd -53 131 80 6 SPAKVTGTLSVP SHHHHTTSS-EE 5.56 3.63 0.14 0.23 -2.35 1
26971 3mcw_A_98 1.3 II Bd -86 119 79 12 TNSAFIGTGLEA SSSTTTTSSHHH 5.61 3.56 0.20 0.27 -1.08 1
67669 3o94_A_109 1.5 II Bd -72 113 71 14 HYSAFSGTDLDI SSSSSTTSSHHH 5.46 3.65 0.17 0.36 -1.33 1
112164 3oqp_A_94 1.7 II Pd -62 111 78 2 LPSAFTGTDLAG SS-SSTTSSHHH 5.39 3.63 0.13 0.43 -2.05 1
35241 4yx6_A_381 2.4 IV Bd -108 119 86 8 LQVVKRGTLFPM EEEE-SS--HHH 5.66 3.64 0.19 0.30 -0.03 0
78079 2y24_A_231 2.5 II Pd -64 128 74 7 IGGHLYGTTPKP EEEE-TTS---- 5.34 3.67 0.17 0.25 -1.97 1
100696 3up3_A_665 0.4 II Pd -59 127 84 0 SGMLFLGTVNTS -TTTTTTS--GG 5.43 3.70 0.12 0.22 -2.39 1
79252 1m4i_A_152 1.0 II Pd -67 145 77 7 RTPDDDGTVFVL E-GGGTTTEEEE 5.63 3.60 0.15 0.35 -1.52 1
76888 2ium_A_692 1.5 II Pd -57 125 70 3 NPYGSLNTITTL -HHHHTTT-EE- 5.25 3.67 0.17 0.24 -1.57 1
33425 3wh1_A_37 1.6 II Pd -66 123 72 12 NGYPEFGTTGSL TT-TTTTTSSSH 5.18 3.69 0.16 0.25 -1.71 1
9429 4ikv_A_213 1.7 II Pd -57 126 64 11 KNLGLAGTYVPN HHHTTTT-S-SS 5.34 3.67 0.19 0.31 -2.58 1
659 3kki_A_206 1.7 II Pg -65 126 93 -36 DESHSLGTHGPN E-TTTTTTSSGG 5.35 3.72 0.10 0.22 -0.52 1
20909 1brt_A_173 2.0 II Pd -64 126 98 -19 NLDENLGTRISE THHHHBTTTB-H 5.40 3.64 0.12 0.27 -1.82 1
103600 1rzh_M_286 2.4 II Bd -79 114 94 -25 IGILLSGTVVDN HHHHTBTTTBS- 5.45 3.67 0.18 0.28 -0.09 0
43014 2ez2_A_50 2.6 II Bd -95 110 77 9 DLLTDSGTNAMS E-S-SSS----- 5.72 3.56 0.17 0.47 -0.21 0
40954 4c6e_A_1541 1.2 II Pd -60 133 86 2 ASSENAGTLGTV --SS-TTS-TTT 5.36 3.66 0.13 0.32 -2.16 1
15498 2bbr_A_87 1.3 II Pd -61 135 82 14 GAEQLLGTSFLT HHHTTTTSSS-- 5.72 3.60 0.12 0.33 -1.54 1
47310 4xot_A_604 1.9 II Pd -65 138 66 14 ITVDSAWTKSMS EEE--TT-TT-S 5.31 3.69 0.18 0.24 -2.34 1
46500 4r78_A_48 2.1 II Pd -61 110 65 15 VKFFGKGTEKLI EEE--TT-TTTS 5.25 3.65 0.15 0.48 -1.96 1
13289 2xdw_A_214 1.2 II Pd -62 134 94 11 LYYHVLGTDQSE EEEEETTS-GGG 5.93 3.56 0.09 0.40 -1.38 1
14831 4ojx_A_27 1.5 II Pg -62 145 76 -36 FILKPARTEDPE EEEEESS---S- 6.34 3.36 0.11 0.23 -0.22 0
76215 3vl1_A_330 2.1 II Pd -46 128 101 2 EFLINEGTPINN EEEESTTS-EEE 6.05 3.54 0.08 0.45 -1.63 1
72465 5e9n_A_71 2.4 II Pd -65 122 79 0 HGLFQKGTNWAD ET---TT-GGGS 4.84 3.76 0.17 0.22 -2.43 1
3220 2b4h_A_439 0.7 II Pd -57 151 71 16 PSFSITRTRVSR S-EEETTSS--- 5.91 3.51 0.17 0.39 -1.17 1
109310 3ffv_A_157 0.9 II Pd -58 144 78 4 VCKETLGTRKRT EEEEETTSS-EE 5.89 3.57 0.13 0.32 -1.61 1
104246 3ndh_A_165 0.9 II Pd -68 141 87 3 IKLPKQGTNPRG EE---TTS---S 5.87 3.51 0.15 0.43 -1.47 1
72134 3g5b_A_558 1.0 II Pd -57 136 82 14 GRLTIPGTGVSL EEEEETTTTEEE 6.09 3.52 0.15 0.26 -1.20 1
77887 4z24_A_595 1.2 II Pd -59 132 95 -7 SNLKVIGTQNVR TT-BBTT-SSEE 5.71 3.63 0.13 0.37 -2.10 1
104234 5ja9_C_41 1.2 II Pd -58 150 81 0 LGDVIQGTGGLR -SEE-TTSSS-E 6.01 3.47 0.16 0.35 -1.26 1
106987 1kdg_A_711 1.2 II Pd -55 140 84 0 SNVKVFGTNNLF TT-BBTT-SSEE 5.72 3.53 0.14 0.36 -2.00 1
66493 3rpc_A_36 1.2 II Pd -61 137 76 16 TYPGFEGTFNYQ -B---TTBTTTT 5.81 3.52 0.16 0.27 -1.36 1
51615 5xj1_A_436 1.3 II Pd -59 149 79 -8 PVDLFPQTHHVE EE-SSTTSS--E 5.79 3.54 0.19 0.32 -1.76 1
8885 4af8_A_82 1.3 II Pd -48 135 80 2 IGINYYGTSAAL EE---TTSTT-- 5.99 3.51 0.14 0.24 -1.74 1
48128 5hwh_A_55 1.3 II Pd -56 134 84 -6 HDPVGVGTPEWE EGGGTTTSGGGS 5.63 3.62 0.13 0.27 -2.27 1
85170 3hn0_A_122 1.7 II Pd -41 131 80 0 LYVFGNGTTPDI EE-SSTTSHHHH 5.50 3.64 0.10 0.30 -2.42 1
98547 4n2k_A_481 0.2 II Pd -53 138 85 -5 SFVPIPGTKKFL EEEE-TTSS-EE 5.79 3.53 0.17 0.27 -1.91 1
45713 4a7k_A_797 0.3 II Pd -64 147 75 4 NISHVPGTDMYE EEEE-TTSS-EE 5.78 3.63 0.17 0.27 -1.72 1
102548 1j7x_A_250 0.4 II Pd -44 138 72 20 KVFPFGDTQLSV EEEE-TTSSEEE 5.72 3.53 0.14 0.33 -1.39 1
95049 3mmg_A_134 0.4 II Pd -53 138 68 20 HIVHKEDTSFWQ --EE-TTSSEEE 5.81 3.51 0.19 0.25 -1.59 1
87796 4q0y_A_135 0.4 II Pd -54 135 75 14 SYIIFSGTELSY EEEEETTSS-EE 5.76 3.64 0.14 0.28 -1.61 1
27685 2o9s_A_863 0.5 II Pd -60 142 85 2 YEGRIPGTSRQG EEEE-TTSS-EE 5.69 3.59 0.17 0.35 -1.61 1
36177 5m0y_B_37 0.5 II Pd -57 139 79 10 FNVKVAGTELST -EEEETTSS-EE 5.84 3.60 0.16 0.31 -1.41 1
110009 1vk1_A_59 0.5 II Pd -54 141 78 5 LLAKIPGTDEYL EEEE-TTSS-EE 5.78 3.61 0.18 0.29 -1.76 1
87542 5cvw_A_1633 0.5 II Pd -59 139 86 6 LEIRILGTDDAL EEEEETTSS-EE 5.75 3.60 0.16 0.35 -1.52 1
64524 5dgq_A_124 0.6 II Pd -47 127 80 7 KKVPLFGTNETV TTEEBTTSS-EE 5.71 3.66 0.14 0.25 -2.14 1
77068 5a0y_A_74 0.6 II Pd -61 144 74 4 MPYQVSTTDTYV -EEEBTTS--EE 5.55 3.64 0.19 0.28 -2.12 1
56724 5nzx_A_707 0.6 II Pd -70 152 75 7 FYKKIPGTGFTV GGGEETTTTEEE 5.87 3.60 0.22 0.35 -1.18 1
100890 3o4p_A_276 0.6 II Pd -51 141 69 16 NLHFKPQTKTIF EEEE-TTSSEEE 5.63 3.55 0.19 0.26 -1.47 1
14989 4nyh_A_45 0.6 II Pd -62 149 84 1 VGQRMPGTRFIA B----TTSSEEE 5.65 3.56 0.19 0.41 -1.53 1
37637 3s8g_B_118 0.6 II Pd -61 129 98 -3 HGFHVEGTNINV EEEEETTSS-EE 5.70 3.59 0.14 0.32 -2.03 1
74771 4v1s_A_63 0.7 II Pd -43 128 81 7 KDLKISGTHSYY HHHB-TTSS-BB 5.67 3.58 0.13 0.24 -1.92 1
30556 4hl2_A_198 0.7 II Pd -55 143 81 8 ITVGIDGTDIAF -EEEETTTTEEE 5.78 3.57 0.18 0.43 -1.30 1
32924 4j0w_A_385 0.8 II Pa -48 131 63 26 SVAALLNTDLVA EEEE-TTSSEEE 5.82 3.56 0.16 0.23 -1.68 1
3886 4x83_A_251 0.8 II Pd -51 122 79 34 WYKFIEGTTRKQ EEEE-TTSS-EE 5.65 3.57 0.13 0.25 -1.12 1
94100 1wou_A_98 0.9 II Pd -50 133 83 -5 PTLLKYGTPQKL SEEEETTSS-EE 5.74 3.59 0.18 0.24 -2.02 1
19786 5l37_A_29 1.1 II Pg -67 145 77 -40 LEVEVEGTGSRM EEEEETTT--EE 5.79 3.62 0.15 0.22 -0.48 0
37369 4h6c_A_37 1.1 II Pd -55 124 102 -10 GGKKQPGTDAHV T--B-TTT--B- 5.58 3.60 0.08 0.31 -2.18 1
64023 1kp6_A_20 1.2 IV Pg -66 149 81 -50 CWCTAHGTGNEL EEEE-TTT--B- 5.87 3.57 0.11 0.24 0.07 0
81523 4ew5_A_144 1.3 IV Pg -65 150 77 -62 LVLIALSTAVVT EEEEETTT-BEE 5.89 3.58 0.10 0.25 0.20 0
83400 5eip_A_397 1.3 IV Pg -61 148 68 -56 FIFVAQQTYNAL EEEEETTT--EE 5.91 3.60 0.10 0.29 0.06 0
56346 4hat_B_128 1.4 IV Pg -53 146 73 -60 ILMRRDKTLKIC EEEE-TTT--EE 6.06 3.49 0.10 0.25 0.18 0
6602 4hz4_A_36 1.5 IV Pg -68 151 77 -65 IYDRLEGTGFAP EE---TTT---- 6.27 3.45 0.14 0.27 0.17 0
52124 3t4l_A_283 1.6 IV Pg -59 143 74 -53 SPFRLLETHHLG --EE-TTT--EE 6.17 3.44 0.14 0.27 0.13 0
100882 4dqa_A_148 1.1 II Pd -57 141 83 -7 SVSTLSGTNIAY SSEE-TTSSEEE 5.40 3.65 0.17 0.35 -2.28 1
41726 4ffl_A_245 2.4 IV Pg -100 161 73 -64 DARFPSQTPTVV E-S--SSHHHHH 6.85 3.33 0.13 0.28 0.24 0
37905 1gkm_A_6 1.1 II Pd -56 141 86 3 ELTLKPGTLTLA EEEE-TT---HH 5.91 3.54 0.14 0.30 -1.57 1
85839 2fsj_A_298 1.8 II Pd -51 135 89 -2 FEEIAPGTLVKI GGGGSTT-B--- 6.01 3.59 0.13 0.29 -1.59 1
11613 5lw0_A_107 2.2 II Pd -67 133 81 -5 LAFPSISTADFQ EEE--TTSSTT- 6.16 3.47 0.12 0.24 -1.07 1
14642 1rgx_A_48 0.5 II Pd -52 141 85 6 LASCPEGTAVLS EEE--TT-EEEE 5.98 3.49 0.12 0.41 -1.45 1
106000 4k8w_A_132 0.6 II Pd -44 135 73 16 PYKVPTGTYFIL SEE--TTEEEEE 5.70 3.51 0.13 0.33 -1.58 1
60850 1wvq_A_16 0.6 II Pd -61 135 95 -2 DVPIPQGTNVII EE---TT-EEEE 5.71 3.56 0.12 0.39 -1.94 1
44839 4gek_A_55 0.7 II Pd -54 140 71 23 ERFVQPGTQVYD HHH--TT-EEEE 5.82 3.56 0.15 0.32 -1.16 1
106466 3w5n_A_985 0.7 II Pd -45 145 74 15 TCSVPPNTTAEV EEEE-TT-EEEE 5.94 3.51 0.15 0.42 -1.42 1
88900 3tu8_A_130 0.8 II Pd -54 138 86 0 MEDWEVGTDRQV HHTS-TT-EEEE 5.72 3.54 0.11 0.39 -1.94 1
23427 1w23_A_89 0.8 II Pd -55 133 91 -6 MNLLTKGTIGNY HHH--TT-EEEE 5.67 3.62 0.11 0.33 -2.31 1
96127 2z3z_A_253 0.8 II Pd -42 133 79 -3 LYYPMAGTPSHH E---BTTS---E 5.72 3.61 0.13 0.24 -2.24 1
16789 6ao1_A_18 0.9 II Pd -55 132 85 2 DGMPAAGTTQEV T----TT--EEE 5.72 3.62 0.12 0.29 -2.07 1
19559 3fpn_B_189 1.0 II Pd -68 144 82 17 DIDFRRGTFRVR TT---TTEEEEE 6.19 3.49 0.14 0.40 -1.07 1
29184 2g8s_A_254 1.0 II Pd -54 138 90 -1 KGEIVAGTEQPV -BSS-TTS---S 5.79 3.54 0.14 0.37 -1.76 1
106649 5g3x_A_82 1.0 II Pd -55 143 64 18 IRRVHPDTMKLV EEEE-TTEEEES 5.54 3.58 0.18 0.29 -1.90 1
35932 3m5q_A_307 1.0 II Pd -54 140 91 -2 PAMFPASTGPQD ---B-TT--GGG 5.73 3.55 0.12 0.44 -1.99 1
10595 4r4x_A_489 1.2 II Pd -55 126 102 6 RSNWCPGTITNP BSS--TTSEE-- 5.73 3.60 0.07 0.40 -1.54 1
99839 5a71_A_39 1.3 II Pd -52 136 80 16 LLVPGTGTTGPQ EEE--TT--HHH 5.84 3.52 0.12 0.34 -1.37 1
55442 1g8k_A_412 1.4 II Pd -61 148 83 6 HNVGRRGTGCVR T-SSSTT--EEE 5.64 3.58 0.16 0.42 -1.55 1
41133 2qiy_A_108 1.5 II Pd -42 121 79 0 GEMFWTGTPVYK EEEEETT---EE 5.39 3.66 0.07 0.20 -3.17 1
77326 4hc9_A_313 1.6 II Pd -53 142 74 13 SAARRAGTSCAN -----TT---TT 5.59 3.55 0.18 0.28 -1.66 1
53190 1c1d_A_118 1.8 II Pd -61 128 77 8 WTGPDVNTNSAD EEEE-TT--HHH 5.48 3.62 0.12 0.23 -2.27 1
40175 5iuc_A_448 1.9 II Pd -57 132 88 -14 SNQPGRGTEWLQ SSS--TT-TT-E 5.30 3.66 0.17 0.31 -2.16 1
36998 3nvw_B_376 2.2 II Pd -57 112 83 12 LTIVSRGTRRTV EEEEETTEEEEE 5.08 3.72 0.05 0.24 -2.18 1
20587 3oaj_A_212 2.4 II Pd -63 147 79 20 RGQMGAGTVHHI B-B-SBTEEEEE 6.12 3.50 0.15 0.42 -0.91 1
21171 5ax6_A_103 2.8 II Pd -55 136 90 -9 FINWGAGTSTRI SEE-STT--GGG 5.89 3.54 0.15 0.30 -1.87 1
79041 1g5a_A_294 0.9 II Pd -51 138 89 -6 FIWKQMGTSCEN GS---TTS-SSS 5.78 3.55 0.13 0.36 -1.99 1
67673 3o94_A_73 1.0 II Pd -56 130 84 10 PPHNLIGTSGRN -S-SBTTSGGGS 5.67 3.62 0.12 0.31 -1.84 1
34121 1r7a_A_200 1.0 II Pd -54 137 89 -9 YGAKEAGTSCFM GS---TTS-SSS 5.74 3.58 0.12 0.33 -2.12 1
96751 4ehu_A_33 1.3 II Pd -57 143 83 -3 TISSGTGTTGPS EES--TTSSHHH 5.88 3.50 0.16 0.31 -1.76 1
15938 5nak_A_88 1.4 II Pd -54 132 104 -10 RMVHVPGTPPNL EEE--TTS--EE 6.14 3.58 0.10 0.37 -1.63 1
94726 3oxh_A_140 1.7 II Pd -49 134 86 1 TLVNETGTLIWN SB-SSTTSEEEE 5.65 3.61 0.10 0.35 -1.87 1
58383 3d03_A_123 1.3 II Pd -58 138 87 4 IDSSRAGTSKGW -----TT-SSB- 6.12 3.43 0.12 0.30 -1.36 1
82360 4h6x_A_770 1.4 II Pd -58 147 71 10 ILGAQPCTEEPV EEE--TT-S--E 6.51 3.34 0.16 0.23 -1.11 1
102738 2vjw_A_325 2.1 II Pd -67 119 60 7 LPLRATDTVAGV EEEEETTEEEEE 5.33 3.62 0.13 0.40 -0.29 0
20602 3oaj_A_57 1.1 II Pd -54 139 92 -2 NEGGKPGTIITF STT--TTSEEEE 5.70 3.58 0.11 0.46 -1.95 1
47580 4m0w_A_255 1.1 II Pd -59 148 79 10 EYKLQQGTFLCA EEEEETTS-SEE 6.14 3.46 0.14 0.36 -0.96 1
60473 4nog_A_309 1.3 II Pd -56 134 89 -11 MDVLKPGTHGST HTTS-TTS---S 5.61 3.62 0.14 0.27 -2.40 1
99860 1q0r_A_59 1.4 II Pd -53 144 70 18 IRYDHRDTGRST EEE--TTSTTS- 5.51 3.60 0.09 0.47 -1.85 1
22653 1eex_A_526 2.4 II Pa -47 143 62 21 NDYAGPATGYRL ----STT-SS-- 5.69 3.59 0.18 0.28 -1.78 1
48716 1g55_A_301 2.6 II Pd -68 128 71 14 YGSYIEGTGSVL TTT--TTS--EE 6.17 3.52 0.14 0.26 -1.22 1
43487 4f03_A_107 0.5 II Pd -53 139 86 -2 PKLFPAGTDAFQ --SS-TT-HHHH 5.77 3.58 0.14 0.33 -1.82 1
57644 2yxo_A_84 1.0 II Pd -45 132 98 -8 EADFHPGTEGFL EEE--TT-HHHH 5.89 3.57 0.11 0.36 -1.94 1
32622 5k6l_A_105 2.2 II Pd -69 130 69 14 DEGLGWGTEPWS ---SSTT-S-SS 5.89 3.57 0.18 0.26 -1.21 1
73432 4bji_A_268 0.5 II Pd -49 137 68 23 TSGPFRDTYTRF -SSTTTTEEEET 5.72 3.55 0.15 0.29 -1.84 1
66498 4max_A_35 0.7 II Pd -52 142 71 20 VNRFFVNTDMAK TGGGGTT--HHH 5.87 3.45 0.15 0.35 -1.34 1
49060 5gp0_A_38 1.5 II Pd -59 135 73 7 RSSIGNSTFALP -SSSSTT-EE-- 5.63 3.58 0.14 0.21 -2.08 1
8445 5cow_A_411 1.6 II Pd -55 121 69 12 WIVEFYETETNE HHHHTTT-TTSH 5.16 3.68 0.15 0.23 -2.01 1
113767 2ixs_A_128 0.5 II Pd -57 135 84 11 QAIRSYGTDAFE HHHHHTTSTTHH 5.61 3.58 0.16 0.34 -1.68 1
71843 1zl0_A_199 0.6 II Pd -59 142 79 6 ALACMAGTLGGL HHHTTTTSTT-- 5.54 3.61 0.15 0.34 -1.85 1
105384 3dha_A_68 0.7 II Pd -63 145 84 -7 NEGLFNGTFVEG -TTTTTTSTTTT 5.44 3.59 0.16 0.39 -1.94 1
84651 2heu_A_352 0.7 II Pd -60 139 73 14 GMTEYAFTDRHL HHHTTTTSTTEE 5.69 3.57 0.18 0.28 -1.64 1
86284 2hi0_A_72 0.7 II Pd -54 135 94 -4 ESLVAFGTKDEQ HHHTTTTSTT-- 5.45 3.63 0.11 0.43 -2.22 1
61363 3fed_A_541 0.8 II Pa -47 125 65 24 SSYPVYHTIYET SS-TTTTSTT-- 5.51 3.60 0.16 0.23 -2.13 1
54486 3lvu_A_361 0.8 II Pd -62 151 76 13 ITSYFSGTDLAY --STTTTSTTS- 5.98 3.46 0.19 0.39 -1.13 1
26996 4a9v_A_458 0.8 II Pd -51 137 76 13 NPSVHAGTPKGG -TTTSTTSGGG- 5.88 3.48 0.14 0.27 -1.56 1
107446 2hox_A_307 0.8 II Pd -57 138 82 3 MVKTQKGTMRDL HHHHHTTSTTSH 5.78 3.56 0.15 0.30 -1.82 1
66059 3k6m_A_121 0.9 II Pd -56 135 78 15 YTSTGYGTLVQE EESTTTTSHHHH 5.37 3.64 0.14 0.36 -1.49 1
69665 2ahu_A_140 0.9 II Pd -51 132 84 -5 ISDIGIGTFVDP EE-TTTTSTTST 5.43 3.67 0.13 0.29 -2.28 1
82459 5fok_A_217 1.2 II Pa -47 137 66 26 TVTFGFDTPTRA EEEE-TTSSEEE 5.26 3.61 0.14 0.35 -1.97 1
69091 5tip_A_287 1.2 II Pd -61 143 84 -5 GACSGAGTAAAT TSSBTTTSTT-B 5.82 3.59 0.15 0.30 -1.77 1
36211 1z45_A_379 1.2 II Pd -57 138 74 15 FVTIGAGTRFQA EEEESTTSSEEE 5.61 3.57 0.17 0.30 -1.86 1
68560 5u4h_A_208 1.3 II Pd -56 142 70 11 AKIEGLDTDTLV -EEE-TTSSEEE 5.49 3.62 0.18 0.31 -2.02 1
51245 3vrd_B_209 1.4 II Pd -56 141 80 16 ERLYGFGTENAL HHHS-TTSTT-S 5.69 3.61 0.13 0.32 -1.52 1
94755 3zxk_A_492 1.6 II Pd -68 132 81 -4 DITPAFGTNTER E----TTSS--- 5.47 3.67 0.16 0.24 -1.84 1
2060 2fvy_A_279 0.7 II Pd -56 135 77 8 GKGAADGTNWKI TS-TTTTS---- 5.51 3.64 0.17 0.24 -1.92 1
10497 4olt_A_87 0.7 II Pd -54 135 88 1 ALEAVNGTDSHA HHHHHTTS---T 5.49 3.64 0.15 0.38 -2.31 1
40814 5bxr_A_323 1.2 II Pd -57 136 79 5 ADEYMIGTSFDN ---TTTTS-GGG 5.42 3.67 0.18 0.32 -2.02 1
53375 5ciy_A_259 2.0 II Pg -56 139 76 -30 GGGIFAKTGGYL --STTTTT-EEE 6.36 3.41 0.16 0.24 -0.75 1
12209 2vvm_A_406 1.3 II Pd -56 139 68 15 VGQLAPGTFGVK HHTTSTTS--EE 5.95 3.57 0.16 0.22 -1.50 1
30480 4gy7_A_712 1.5 II Pd -60 130 91 -6 WKPSFFGTKPEM E-GGGTTT--SE 5.67 3.61 0.11 0.29 -2.08 1
13099 3d1r_A_129 1.0 II Pd -59 133 90 4 VGPGAKGTIDLN E-GGGTT---TT 5.66 3.58 0.11 0.34 -1.70 1
28049 4zur_A_240 1.2 II Pd -56 132 75 11 GKGAGAGTTANY --GGGTT-EEEE 5.56 3.62 0.12 0.23 -2.08 1
35522 4f67_A_108 1.5 II Pd -55 132 94 -4 DPSYNAGTYLSP --TT-TT-EE-H 5.80 3.58 0.13 0.32 -1.85 1
101835 1njr_A_192 2.0 II Pa -46 128 59 18 LIIPGLCTGYAG EEE--TT-STT- 6.03 3.52 0.17 0.27 -1.67 1
96393 5fsv_A_208 2.4 IV Bd -115 128 77 -7 IGFCCVSTGVYG EEE---S-STT- 6.17 3.51 0.14 0.29 0.17 0
55206 5b2p_A_603 0.3 II Pd -54 144 86 -14 NGIFEQGTFLHL TTEE-TTSHHHH 5.92 3.54 0.11 0.33 -1.86 1
56451 4r7q_A_173 0.4 II Pd -55 138 87 -9 RPNAAEGTLLYH S----TTSHHHH 5.95 3.56 0.13 0.30 -1.77 1
68259 5m0n_A_212 0.7 II Pd -54 139 91 -12 NIHPPEGTALYE SS---TTSHHHH 5.81 3.52 0.10 0.45 -2.01 1
106889 2c1l_A_216 0.7 II Pd -51 127 80 3 RIQAAPGTTAGQ HHHS-TT-GGG- 5.72 3.61 0.11 0.20 -2.38 1
87310 4kqp_A_373 0.7 II Pd -48 127 81 4 TLGAKNGTASFD EEEEETTSHHHH 5.86 3.50 0.12 0.21 -1.82 1
61819 3del_B_147 0.7 II Pd -53 137 83 4 SVAVQTGTYQEA -EEEETTSHHHH 6.12 3.47 0.13 0.32 -1.24 1
80831 4c24_A_130 0.8 II Pd -53 145 75 11 AEYATYGTKELA E----TTSHHHH 5.91 3.46 0.13 0.32 -1.42 1
17981 4io2_A_136 0.8 II Pd -57 140 79 13 RIGIRIGTAGED GBEEETTSHHHH 6.01 3.46 0.13 0.35 -1.49 1
3643 2vha_A_136 0.8 II Pd -55 141 83 11 AVVVTSGTTSEV EEEEETTSHHHH 6.15 3.39 0.13 0.34 -1.15 1
78747 2wdc_A_88 0.9 II Pd -60 140 87 -1 YYGVERGTPLAY HHT--TTSHHHH 6.03 3.50 0.11 0.35 -1.45 1
6831 4yt2_A_159 0.9 II Pd -57 134 107 -21 HPAAVPGTPQHG B-SS-TTSTT-- 5.85 3.59 0.08 0.47 -2.33 1
28376 2d0o_A_300 0.9 II Pd -72 152 90 -17 NVTGESGTNIGG EEE--TTSHHHH 6.05 3.49 0.18 0.39 -1.34 1
10171 4nno_A_285 0.9 II Pd -60 131 97 -22 DSIGKEGTKGDS SS---TTSTT-S 5.78 3.61 0.13 0.22 -2.29 1
84979 3n17_A_241 0.9 II Pd -55 154 80 13 GNNYNQGTADYE S-EEETTSHHHH 6.26 3.37 0.12 0.45 -0.90 1
51429 1vju_A_290 0.9 II Pd -64 149 77 12 NWQPEPGTPEAR T----TTSHHHH 6.17 3.42 0.15 0.34 -1.03 1
89037 1ydy_A_44 1.0 II Pd -49 141 67 -21 SGYLPEHTLPAK TTTSSTT-HHHH 6.13 3.47 0.15 0.22 -1.23 1
52888 3mst_A_77 1.1 II Pd -56 139 85 -3 IYTLRKGTLADF EEESSTTSHHHH 6.13 3.48 0.13 0.36 -1.70 1
84799 5m45_A_383 1.1 II Pd -65 133 101 -16 EFRLPKGTWMNP EEE--TTBTTS- 6.13 3.59 0.10 0.39 -1.49 1
110855 2yk4_A_183 1.1 II Pd -57 152 87 -22 DEFSVNGTIKRN GGG-STTSHHHH 6.13 3.56 0.16 0.35 -1.63 1
28388 2d0o_A_40 1.2 II Pd -62 131 93 19 ETTGIKGTLRNV E--SSTTSTTHH 6.00 3.54 0.07 0.41 -1.15 1
67222 3iag_C_316 1.3 II Pd -57 137 79 -1 CAFYLKDTERMY EEEEETTSSSEE 5.84 3.59 0.13 0.22 -2.12 1
32591 5k6l_A_506 1.4 II Pd -56 143 75 23 SSLVTAGTAAAF -TTSSTT-SEEE 6.35 3.44 0.13 0.33 -0.89 1
43923 3hno_A_147 2.0 IV Pg -84 172 70 -61 VDNDLPITDCCP TT---SSSSS-T 6.86 3.33 0.15 0.27 0.17 0
67134 4g3f_A_596 0.9 IV Pg -61 161 76 -40 LNGCHPWTQYFR HHSS-SSTTT-- 6.09 3.48 0.15 0.24 -0.69 1
52268 5fmd_A_57 1.0 II Pd -62 132 62 17 LTLCGNATLFTT GGGS-TTTTTTT 5.54 3.63 0.16 0.25 -1.60 1
105595 1o69_A_168 1.0 II Pd -51 138 107 -20 YKNKALGTFGEF ETTEETTSSSSE 5.90 3.51 0.05 0.55 -1.98 1
69593 2z5w_A_160 1.1 II Pd -52 135 86 -7 NGVPVPGTGSSL TTEE-TT--EE- 5.73 3.60 0.14 0.24 -2.21 1
69544 1vbk_A_175 1.3 II Pd -59 127 108 -20 WGGLPIGTEGRM --SB-TTTT-EE 5.78 3.60 0.06 0.37 -2.17 1
70011 4qlp_B_734 1.3 II Pd -53 139 80 11 NNGAVPGTRIAY GGGB-TT--EEE 5.87 3.56 0.13 0.31 -1.52 1
16682 2gj4_A_668 1.3 II Pd -50 128 99 -3 EQISTAGTEASG EE---TTS-S-- 5.77 3.65 0.07 0.36 -1.71 1
81161 3w0t_A_103 1.4 II Pd -53 136 97 -13 ELTHNWGTEDDE EEEEETTGGG-T 6.30 3.52 0.08 0.29 -1.83 1
30400 2okt_A_209 1.4 II Pd -61 139 83 -6 LDEVADGTIPPI GGGS-TTSS--E 5.69 3.60 0.13 0.33 -1.99 1
72481 2cve_A_66 1.5 II Pd -52 128 91 -2 DDGEPSGTAGRP -TTSSTTSSHHH 5.77 3.61 0.10 0.28 -2.10 1
76050 3ttg_A_84 1.5 II Pd -50 137 81 7 ALFPPAGTREEF EEE--TT-HHHH 5.82 3.60 0.10 0.35 -1.68 1
90200 3sq7_A_145 1.5 II Pd -41 127 89 -10 TIVGQKGTIMPI EEEEETTSEE-- 5.63 3.66 0.03 0.32 -2.89 1
86823 2fct_A_161 1.6 II Pd -59 144 77 12 CLQFIPGTQNSM -EEEETT-TTS- 6.35 3.43 0.13 0.25 -1.05 1
8777 2x9z_A_250 2.0 II Pd -61 142 93 -5 GLAFNKGTVKVT TEEE-TT--EEE 6.02 3.49 0.14 0.36 -1.51 1
27460 3ek3_A_181 2.2 II Pd -78 132 113 1 EKTVKAGTITIV -----TT----- 6.61 3.34 0.05 0.47 -0.79 1
25150 1v33_A_293 0.7 II Pd -58 142 94 -18 RILRLPSTLHSK -EEE-TTSEETT 5.82 3.53 0.14 0.38 -2.05 1
40780 5bxr_A_649 0.8 II Pd -56 135 89 -7 THRPAAGTVAQF T----TTSEEEE 5.83 3.52 0.12 0.31 -1.99 1
3299 4b4s_A_22 0.8 II Pd -57 139 80 9 YSAREPGTPEPA HHTS-TTS---- 5.90 3.52 0.14 0.32 -1.69 1
62262 3fak_A_19 0.8 II Pg -54 141 98 -43 EKAVPPGTEVPL HHS--TT----H 5.84 3.57 0.13 0.33 -1.42 1
70274 2y5p_A_339 0.9 II Pd -55 142 77 6 KTKVEAGTRITA EEEEETTS---- 5.85 3.53 0.12 0.35 -1.84 1
39378 5gng_A_19 1.0 II Pd -56 129 69 6 LYFAGWGTPPDA EEE--TT--GGG 5.50 3.56 0.17 0.25 -1.61 1
64100 3ll7_A_89 1.0 II Pd -60 132 82 16 SRFIREGTKVVD GGGS-TT-EEEE 6.00 3.58 0.10 0.30 -1.24 1
57216 4bza_A_132 1.0 II Pd -54 132 100 -10 DTRPAIGTVLNQ TTS--TTSB--H 5.96 3.47 0.08 0.41 -1.70 1
74393 5xcy_A_419 1.0 II Pd -57 139 86 -26 QPAPEAGTWFQA SS--STTSB-HH 5.73 3.60 0.14 0.27 -1.79 1
812 3u7q_A_395 1.0 II Pd -59 140 70 15 MKEMGDSTLLYD HTTS-TT-EEEE 5.79 3.49 0.13 0.30 -1.39 1
108823 1nlf_A_28 1.1 II Pd -61 136 98 12 LPNMVAGTVGAL ETTEETTSEEEE 6.18 3.47 0.10 0.44 -0.93 1
20872 5dje_A_14 1.1 II Pd -53 135 90 -3 VPPPKKGTDYDF -----TTS---H 5.92 3.54 0.07 0.34 -2.21 1
34898 5kwb_A_496 1.1 II Pd -57 135 89 2 SASCPIGTNYRS B-B--TT----- 5.60 3.61 0.08 0.42 -2.27 1
52854 2w1j_A_112 1.3 II Pd -62 139 102 -17 GAGHLEGTSLPI SEEE-TTS--TT 5.89 3.56 0.12 0.47 -2.10 1
106043 3gke_A_236 1.3 II Pd -47 133 89 -13 IAVAPEGTPKEQ EEEEETTS-GGG 5.80 3.45 0.11 0.25 -1.95 1
24734 1k3i_A_421 1.3 II Pd -55 142 94 -15 ITLGEPGTSPNT EE--STTS--EE 5.90 3.54 0.11 0.38 -1.99 1
82417 3pve_A_1541 1.4 II Pd -60 147 81 15 KEPIALGTWVRV SS---TTSEEEE 6.07 3.43 0.14 0.43 -0.93 1
72349 3ajd_A_253 1.7 II Pd -56 137 93 -9 KEGYIKGTLRVF EE-SSTT-EEE- 5.85 3.57 0.10 0.38 -2.04 1
75182 5u47_A_250 2.0 II Pd -80 148 82 -2 DGNTLLGTETIT TS-B-TT--EEE 6.38 3.47 0.17 0.29 -0.82 1
56961 4ut1_A_489 0.9 II Pd -65 148 80 13 LSGFPVGTTVTI EE---TTEEEEE 5.99 3.47 0.14 0.41 -1.27 1
30523 4gy7_A_195 1.2 II Pd -52 128 93 -9 RLNIAAGTAVRF EE-S-TT-EEEE 5.67 3.59 0.11 0.31 -2.39 1
103363 4yz0_A_135 1.4 II Pd -54 137 68 14 LVRQNGNTTFKV EEEE-TT--S-E 5.93 3.47 0.17 0.21 -1.78 1
46002 3k4i_A_48 1.4 II Pd -43 134 82 6 IASQVPGTRCVG -EE-STT--EEE 5.97 3.50 0.12 0.28 -1.67 1
12831 2y8u_A_38 1.6 II Pd -55 141 69 18 TQCTTPNTIALT -S--STTEEEEE 5.98 3.56 0.18 0.28 -1.24 1
73503 2je8_A_44 0.9 II Pd -56 134 96 -9 WEFSQSGTEKWM -EEEETTS---E 5.78 3.57 0.10 0.34 -1.95 1
99895 3ml1_A_653 1.1 II Pd -62 145 87 1 DPYVKAGTGFQF -TTS-TT-SB-- 6.14 3.46 0.14 0.35 -1.23 1
3409 3zss_A_82 1.4 II Pd -62 139 80 -9 MRELAPGTDRWG -EESSTTS-EEE 5.69 3.61 0.20 0.22 -1.78 1
62981 3nhe_A_564 1.9 IV Pg -59 133 84 -49 AYCRSPGTGEWH EEEE-TTT--EE 5.88 3.60 0.13 0.27 -0.09 0
72665 4qdc_A_154 0.8 II Pd -65 128 89 -2 PEIAGYGTDEWT ---TTTTSTTB- 5.59 3.64 0.14 0.26 -2.20 1
74654 4na1_A_114 0.8 II Pd -55 127 91 -12 SPQSLSGTGTGI -HHHHTTS--EE 5.60 3.61 0.13 0.22 -2.15 1
60777 3ib7_A_195 0.9 II Pd -58 130 81 1 LGRVLRGTDVRA HHHHHTTSSEEE 5.64 3.60 0.13 0.22 -2.06 1
96038 4nmw_A_148 1.0 II Pd -60 148 79 -6 LALQTLGTETAR HHTTSTTSTTHH 6.52 3.37 0.16 0.23 -1.11 1
108124 4zrs_A_269 1.0 II Pd -72 131 87 1 SPAQSIGTEIKA HHHHTTTSS--H 5.31 3.73 0.15 0.37 -2.20 1
107876 4gwg_A_46 1.0 II Pd -58 133 85 -1 LANEAKGTKVVG HHTTTTTSS-EE 5.58 3.59 0.12 0.28 -1.98 1
102077 3q2i_A_175 1.0 II Pd -76 141 83 14 DAAGWRGTWEFD HTSTTTT-TTTT 6.05 3.52 0.15 0.30 -1.09 1
16250 4z0g_A_393 1.0 II Pd -68 152 80 -2 MGGMLAGTTESP ESTTTTTBTTSS 5.73 3.55 0.12 0.46 -1.45 1
82597 3en0_A_108 1.0 II Pd -63 134 67 15 LCGLLADTPLMD HHHHHTT-HHHH 5.62 3.59 0.16 0.23 -1.84 1
65984 3kom_A_256 1.2 II Pd -56 124 82 21 GSPEKAGTASVH T-TTTTT-SSTT 5.83 3.61 0.06 0.25 -1.49 1
93775 4j5r_A_140 1.2 II Pd -55 143 69 19 IEEVFEATDIKI HHHHHTTS--EE 5.71 3.52 0.14 0.40 -1.90 1
73069 1n62_C_233 1.2 II Pd -63 132 95 -21 AGKVLVGTALDK HHHHHTTS---H 5.49 3.65 0.12 0.28 -2.17 1
96793 3b40_A_65 1.5 II Pd -67 133 91 5 TVPLDFGTTGNE ---TTTTBTTB- 5.61 3.67 0.11 0.37 -1.80 1
50979 3p0f_A_95 1.8 II Pd -57 125 103 -17 IKDICAGTDRYC TTS--TTSSS-- 5.64 3.66 0.11 0.32 -2.43 1
89795 3aaf_A_1003 0.5 II Pd -62 124 79 6 RRHSLFGTGKDQ GGSTTTTTTTTS 5.39 3.69 0.15 0.23 -1.92 1
16487 1tp6_A_62 0.7 II Pd -59 126 70 8 LFRSKGGTRPGL HHHHHTT-STT- 5.35 3.67 0.15 0.24 -1.99 1
77644 2xsg_A_16 0.9 II Pd -61 125 85 8 LVDVFVGTEGDF G--TTTT-STTS 5.32 3.70 0.08 0.29 -2.11 1
72507 1wkr_A_113 1.1 II Pd -69 124 103 -13 PVDLTVGTLSPH -GGGGTTSEES- 5.44 3.71 0.08 0.32 -2.08 1
77904 4z24_A_332 1.3 II Pd -57 122 89 -5 YNNPLVGTGLKN EE-TTTTEEEB- 5.24 3.69 0.12 0.22 -2.80 1
77586 2xsg_A_757 1.6 II Pd -54 135 80 -1 EQPSDWGTDTAP SS---TTTT--- 5.65 3.62 0.12 0.29 -1.87 1
111687 4jnd_A_122 1.7 II Pa -54 114 60 25 DIYVTDSTTEAK T----TTHHHHH 5.82 3.50 0.12 0.41 -1.50 1
109056 3vii_A_325 1.7 II Pd -66 139 89 4 EVEYIRGTHDFL HHHHHTT--S-E 5.92 3.56 0.12 0.33 -1.54 1
92089 1qcx_A_51 1.8 II Pd -56 130 73 -5 QTFDFTGTEGTE SEEE-TTTT-EE 5.45 3.66 0.14 0.20 -2.02 1
1021 3esl_A_137 1.8 II Bd -81 114 84 1 MFNKGIGTKLSL HHHHTSSTTBHH 5.41 3.64 0.13 0.36 -0.52 1
70057 2gzq_A_49 2.1 II Pd -56 138 85 12 NILDLAGTGSVP -EEESTT-SS-- 5.87 3.53 0.09 0.37 -1.53 1
24779 3ud1_A_1188 2.5 II Pd -56 132 91 -15 QWEDITGTTKLV --EE-BTTB--E 5.49 3.68 0.10 0.32 -2.28 1
5248 5tck_A_289 1.0 II Pd -55 134 85 -5 HAAFLRGTTMGA H-GGGTTS--HH 5.75 3.60 0.12 0.27 -1.92 1
48695 4xb6_C_122 1.6 II Pd -55 136 76 6 LGPTYDYTHRLL --S--TT----- 5.48 3.57 0.13 0.30 -2.14 1
45571 2zuv_A_315 1.6 II Pd -64 133 91 -4 LGDQWIGTEPYK ESSS-TTT-TTS 5.76 3.61 0.14 0.30 -1.83 1
7375 2xpw_A_100 0.8 II Pd -55 130 74 0 GAKVHLGTRPDE HHHHHTT----G 5.79 3.55 0.13 0.20 -2.37 1
69133 5ex2_A_58 0.9 II Pd -65 129 87 -3 RTGLYSGTKFHR HHTTTTTEE--E 5.51 3.66 0.10 0.24 -2.38 1
37374 3cu3_A_72 0.9 II Pd -50 131 82 -4 FDTVVKGTRLEG HHTTTTT-EEEE 5.46 3.62 0.12 0.30 -2.74 1
7393 4upi_A_365 1.1 II Pd -63 133 78 14 KADATRGTVSDA GGGGGTTEEE-- 5.61 3.61 0.16 0.26 -1.77 1
84474 5gji_A_347 1.1 II Pa -54 128 61 23 VNEKLRDTADGT HHHHHTT--TTE 5.35 3.64 0.15 0.26 -2.09 1
34022 1ra0_A_66 1.3 II Pd -58 140 73 15 IHLDTTQTAGQP E-TTTTT-TTSS 5.87 3.61 0.15 0.28 -1.55 1
36166 5m0y_B_123 1.3 II Pd -64 137 80 6 EISKVFGTRAGD HHHTTTT-BTTS 5.88 3.59 0.13 0.30 -1.64 1
69461 3ip4_B_143 1.4 II Pd -57 131 92 -10 VDLNRQGTPLIE EE-TTTT-EEEE 5.77 3.61 0.09 0.29 -2.09 1
4018 4uzs_A_403 1.4 II Pd -51 137 86 -19 SDEGLMGTKTVK HHTT-TT-EE-- 5.87 3.56 0.12 0.27 -2.05 1
101239 5lxz_B_119 1.8 II Pd -62 141 79 13 TPSDLFCTGHTQ --S--TTEEEEE 5.45 3.58 0.07 0.47 -1.28 1
36417 1wiw_A_24 1.9 II Pd -56 135 81 9 ELRDLVGTGPVP HHHH-TT-S--- 5.66 3.62 0.13 0.30 -1.88 1
103154 3npd_A_39 2.0 II Pd -59 129 87 -4 AKESSVGTPRAI HHHHHTT-SEES 5.39 3.71 0.10 0.31 -2.41 1
59754 4psr_A_373 2.2 II Pd -58 143 67 8 YGEAVYDTRAWD HGGGTTT-B--S 5.73 3.52 0.17 0.23 -1.65 1
20706 2p9w_A_254 2.5 II Pd -65 131 91 6 DFGTLSGTEKIV -----TTEEEEE 6.16 3.46 0.08 0.28 -1.41 1
52649 1dwk_A_33 0.4 II Pd -57 137 86 -8 FAEIADGTGLAE HHHHHTTSSS-H 5.67 3.64 0.13 0.29 -2.10 1
83982 1gnl_A_252 0.6 II Pd -56 127 80 2 LLKQTEGTGVDV HHHHHTTTT-EE 5.32 3.68 0.13 0.22 -2.19 1
106882 2c1l_A_290 0.6 II Pd -52 128 76 -3 GTGKLRYTGVAK E-GGGTTS---- 5.34 3.62 0.17 0.21 -2.25 1
79381 4j3v_A_531 0.7 II Pd -59 130 83 11 SQLNMSGTGIGS -TTTTTTSS-EE 5.42 3.68 0.08 0.37 -1.89 1
20228 4j1o_A_184 0.7 II Pd -57 137 86 -1 VWERIRGTGTRL HHHHHTTTT-EE 5.64 3.61 0.13 0.35 -1.88 1
97821 5vfb_A_25 0.8 II Pd -56 124 102 -10 NNEAIPGTGVSA HHTTSTTS---H 5.57 3.71 0.10 0.30 -2.70 1
30936 4dth_A_171 0.9 II Bd -66 111 111 -12 VAAKGFGTSATP EEGGGTTS--SH 5.35 3.77 0.07 0.28 -2.45 1
95652 4esq_A_494 0.9 II Pd -55 132 83 -3 QDPVYAGTGYTA BHHHHTTS---E 5.56 3.63 0.12 0.25 -2.13 1
71056 3i4z_A_109 0.9 II Pd -55 124 78 4 PINQHTGTDKDP -B-TTBTSTTBT 5.35 3.66 0.15 0.21 -2.15 1
96274 5w8o_A_212 1.0 II Pd -58 132 81 -4 QNGDYYGTGLKP GGGT-TTTT--- 5.45 3.66 0.13 0.22 -2.30 1
32949 3chm_A_54 1.0 II Pd -60 135 88 -12 NVAQLEGTTDSV HHHTTTTSTTHH 5.44 3.65 0.14 0.28 -1.94 1
62471 5csr_A_163 1.0 II Pd -51 127 81 -3 IVKIYEGTGTSV HHHHHTTSS-EE 5.54 3.70 0.14 0.25 -2.28 1
66438 3zt9_A_76 1.0 II Pd -58 134 84 2 CHRELRGTRGAV HHHHHTTSS-EE 5.48 3.64 0.10 0.33 -2.17 1
9344 3tbn_A_40 1.0 II Pd -56 130 105 -14 CDGSHKGTGLAP --STTTTTT--- 5.79 3.62 0.08 0.38 -2.27 1
95072 3fmc_A_324 1.2 II Pd -60 135 78 -2 LRLDLYGTGEEL E-GGGTTSS-SE 5.57 3.65 0.15 0.23 -2.12 1
29297 2ece_A_34 1.3 II Pd -61 123 94 -6 VACLYTGTGINR EEEE-TTTT--- 5.32 3.69 0.10 0.30 -2.39 1
30326 1c5e_A_101 1.4 II Pd -61 135 94 -16 KRTAFAGTAISI HHTTTTTSEEEE 5.48 3.64 0.13 0.39 -2.37 1
111408 4nuz_A_602 0.4 II Pd -52 143 90 -17 KLDLAPGTENRQ -----TTSHHHH 5.92 3.54 0.09 0.34 -1.97 1
52771 5koe_A_147 0.6 II Pd -47 127 91 -12 HKRCGPGTESYK HHHHSTTSHHHH 5.85 3.57 0.13 0.21 -2.27 1
105830 3tc8_A_61 0.9 II Pd -51 139 87 -6 FGPRVPNTAAHK T----TTSHHHH 5.75 3.57 0.10 0.35 -2.19 1
103292 4gc3_A_117 1.0 II Pd -52 132 89 -9 DIEVYDGTEFYL TEE-STTSGGGT 5.94 3.45 0.08 0.27 -1.50 1
91320 2zk9_X_22 1.0 II Pd -61 140 102 -7 IKNESCGTSTAS HHTTBTT-TT-- 5.91 3.45 0.10 0.54 -1.71 1
60160 3pt5_A_147 1.1 II Pd -58 134 67 7 ACRWGTDTPLYQ --B-STTSHHHH 5.73 3.63 0.07 0.21 -1.78 1
87864 2rfq_A_347 1.2 II Pd -58 147 83 -1 ATALANGTPLQR GGGGBTT-HHHH 5.98 3.50 0.12 0.38 -1.41 1
6714 2hy5_C_441 1.6 II Pd -68 147 89 -4 IYAALAGTRVES GGGGBTTSTTHH 6.51 3.42 0.08 0.37 -1.08 1
24101 5j53_A_186 1.7 II Pd -57 136 67 15 YAASGLCTDDVT ESTTSTT-SEEE 5.77 3.49 0.15 0.23 -1.78 1
2086 4tl6_A_47 2.0 II Pd -67 134 83 19 LVSGTSGTGKTL EEEESTTSSHHH 5.88 3.60 0.14 0.30 -1.33 1
4847 3luy_A_11 2.2 II Pd -57 137 105 -9 FYLGPQGTFTHQ EEESSTTSHHHH 6.41 3.42 0.07 0.43 -1.20 1
60891 5jqy_A_519 0.9 II Pd -57 134 92 1 IESGDPGTDDGR HHH--TT---HH 5.77 3.58 0.12 0.35 -1.89 1
79552 4zpc_A_291 1.3 II Pd -58 130 83 3 MPSGCSGTSIFN --TTSTTHHHHH 5.74 3.54 0.10 0.24 -1.67 1
18033 3rpz_A_211 1.5 II Pd -50 136 103 -25 GALAKGGTGDTL GGG-STTHHHHH 6.44 3.37 0.09 0.28 -1.67 1
105449 4bgp_A_146 1.6 II Pd -55 144 95 -15 YLSFFPGTEMFL HHTTSTTGGGGT 6.15 3.41 0.10 0.41 -1.50 1
7262 3ioh_A_96 1.8 II Pd -58 134 103 -13 APIVWEGTFNID -BEE-TTS--HH 5.78 3.56 0.08 0.46 -2.16 1
58609 2oiz_A_349 1.8 II Pd -57 128 98 2 HPDGKEGTHKFP ESS--TT-TT-- 5.87 3.59 0.04 0.37 -1.92 1
27190 1ogo_X_372 2.0 II Pd -54 158 74 13 VGAFFFQTDGPE E---STT----B 6.19 3.34 0.12 0.46 -0.84 1
29414 4yhs_A_179 1.3 II Pd -54 136 96 -15 AKKHPAGTPEVV HHHS-TTS--EE 5.88 3.52 0.10 0.41 -2.13 1
37279 4uwx_A_294 1.4 IV PX -61 136 122 -33 LDGLKSGTSIAL HHHTSTTS-HHH 6.00 3.35 0.03 0.55 -2.26 1
54756 5f30_A_352 1.4 II Pd -54 132 105 1 VLAGPKGTPSQF EEE-STTS-SEE 5.88 3.46 0.01 0.60 -1.67 1
61930 5ep2_A_171 1.5 II Pd -48 130 86 9 FITGESGTGKEV EEE-STT--HHH 5.85 3.52 0.09 0.35 -2.00 1
59729 4l9b_A_157 1.7 II Pd -47 136 91 -6 ITFGQTGTTPLY EEE-STTS--EE 6.05 3.59 0.10 0.34 -1.72 1
87444 4u98_A_189 1.7 II Pd -49 134 98 1 TSWAGPGTDRCA EESSSTTS-EEE 6.15 3.49 0.11 0.40 -1.23 1
29620 3og2_A_244 1.8 II Pd -50 137 99 -13 GGTGAPGTGLGS --TT-TTS-TT- 5.78 3.53 0.08 0.49 -2.20 1
27072 1lv7_A_196 2.0 II Pd -57 140 90 6 LMVGPPGTGKTL EEE--TTS-HHH 6.42 3.39 0.09 0.33 -1.17 1
18770 1fd3_A_32 0.8 II Pd -55 134 84 -10 GTCGLPGTKCCK EB-SSTT-EEEE 5.76 3.57 0.16 0.20 -2.03 1
100367 4bpz_A_234 1.0 II Pd -62 143 96 -16 KLPSKKGTWPAI E---STTEEEEE 6.16 3.46 0.11 0.40 -1.51 1
107596 3h0o_A_32 1.3 II Pd -53 131 97 -9 KMAAASGTVSSM E----TTEEEEE 5.74 3.61 0.04 0.34 -2.31 1
28373 2d0o_A_402 1.3 II Pd -61 145 94 -9 GALTTPGTTRPL HHTTSTT--SSE 6.02 3.50 0.14 0.37 -1.57 1
38180 3hdj_A_213 1.4 II Pd -54 145 77 1 IGSSLPHTRELD ---SSTT----- 6.11 3.46 0.16 0.29 -1.29 1
25839 2w39_A_95 1.4 II Pd -54 133 93 -14 HMPQGCGTWPAA E---STTEEEEE 5.61 3.58 0.10 0.34 -2.11 1
35667 4txd_A_55 1.4 II Pd -47 138 84 -11 LRTEGAGTINMT EE--STT--SEE 5.97 3.53 0.11 0.28 -2.10 1
5093 3zn6_A_236 1.5 II Pd -55 140 97 -7 QVELVPGTRLVL -EEE-TTEEEEE 5.75 3.59 0.13 0.46 -1.98 1
57782 5dmm_A_295 1.6 II Pd -59 132 71 6 LIGGCCRTTPAD EE---TT--HHH 5.79 3.56 0.19 0.21 -1.96 1
26488 2v3g_A_162 1.8 II Pd -68 138 84 2 CDNVGNGTSYLG SS--STT--SST 6.04 3.46 0.13 0.26 -1.32 1
107567 4gjz_A_313 2.4 II Pd -51 137 100 -5 AWFGPQGTISPL EEEE-TT-EEEE 6.39 3.29 0.02 0.49 -1.45 1
84106 5m5z_A_545 1.3 II Pd -62 130 106 -19 RIGGYAGTQLEL EESSSTTSS-SH 5.90 3.60 0.08 0.36 -2.23 1
107680 2gxq_A_46 1.8 II Pd -50 142 107 -17 IGQARTGTGKTL EEE--TTS-HHH 6.25 3.37 0.08 0.52 -1.57 1
78531 4pxe_A_87 0.4 II Pd -36 124 72 1 SVTRVLYTDKDV -EEE-TTSHHHH 5.87 3.54 0.12 0.18 -2.08 1
61588 5xgu_A_221 0.6 II Pd -60 143 73 -1 SYYVRPSTPLDR HHHS-TTSHHHH 6.06 3.48 0.16 0.20 -1.54 1
4147 1pxz_A_54 0.6 II Pd -49 134 104 -19 PVNPTPGTLRYG TTS--TTSHHHH 6.00 3.53 0.11 0.40 -2.10 1
17754 4wfo_A_717 0.6 II Pd -55 143 85 14 RLLPEKGTPEYE -----TTSHHHH 6.12 3.44 0.10 0.43 -1.17 1
81370 5mqn_A_94 0.7 II Pd -60 139 76 0 NGKAQQLTPEWW --S--TTSHHHH 5.86 3.62 0.14 0.23 -2.03 1
41534 2wqk_A_213 0.8 II Pd -57 136 107 -20 GWHAEEGTDYWA TTT--TTBHHHH 5.95 3.54 0.10 0.47 -2.07 1
61409 3fed_A_73 0.8 II Pd -56 141 84 1 KLPHLAGTEQNF SS---TTSHHHH 5.79 3.53 0.14 0.33 -1.82 1
56430 3sqz_A_144 0.9 II Pd -60 130 83 -1 IAKYGIGTPGES EE---TTSGGGG 5.63 3.57 0.14 0.24 -1.68 1
4697 3hu5_A_83 0.9 II Pd -53 125 95 -14 GGLCVAGTPGAE --SSBTTSGGGS 5.78 3.52 0.12 0.19 -2.25 1
83695 3sg0_A_327 0.9 II Pd -54 148 90 5 LKAAKPGTPEFR HHH--TTSHHHH 6.25 3.39 0.11 0.46 -1.02 1
36916 4w7w_A_99 1.2 II Pd -54 136 100 -13 YSGKRIGTSDVP ETTEETTSSSS- 5.91 3.46 0.08 0.53 -1.97 1
109306 4evy_A_66 1.4 II Pd -50 133 90 -13 RFEYVNGTETSP E-S--TT-SSSS 5.90 3.55 0.12 0.23 -2.00 1
41588 2vk8_A_113 1.4 II Pd -55 150 71 14 KQLLLHHTLGNG TT---TTS-SSS 5.92 3.47 0.13 0.46 -1.44 1
18633 1pby_A_393 1.6 IV Xa -33 79 99 63 GPDGQPGTGDDI -TT--SSSTT-E 5.47 3.75 -0.15 0.25 -0.31 0
88180 2vov_A_180 1.7 II Pd -60 139 98 -4 GPLFWAGTQDLD S----TTSTTS- 6.17 3.44 0.12 0.38 -1.45 1
24795 3ud1_A_939 0.9 II Pd -54 150 68 15 RVVIPPRTCAAP EEEE-TTS-SS- 6.05 3.50 0.12 0.34 -1.27 1
76588 4mby_A_81 1.1 II Pd -54 136 73 18 SDTPNKDTLPCY -----TT-S-B- 5.73 3.55 0.11 0.30 -1.69 1
42123 4at0_A_467 1.3 II Pd -64 133 102 -15 AGGYASGTSLGD SSS--TTHHHHH 5.92 3.58 0.10 0.35 -1.90 1
92488 5e3q_A_80 1.4 II Pd -53 140 75 4 HRVFRPHTINLD TTSS-TTSS--T 5.64 3.59 0.15 0.31 -1.99 1
49510 4q82_A_72 1.6 II Pd -53 136 76 10 LSVRALDTTEAG EEEE-TTSSSSS 5.70 3.58 0.12 0.34 -2.17 1
62373 3a8g_A_175 1.6 II Pd -60 151 95 -2 LPQRPAGTEGWS E----TT-TT-- 6.35 3.31 0.11 0.52 -1.02 1
69762 3it3_A_98 1.9 II Pd -50 137 104 -19 MGLYPAGTGPLI HHHS-TTSS-EE 5.87 3.49 0.08 0.51 -2.20 1
95565 3h74_A_208 2.0 II Pd -68 148 89 -2 LPGHYNGTGDTL -SS--TTHHHHH 6.43 3.37 0.12 0.35 -1.03 1
67232 3iag_C_208 0.6 II Pd -50 134 95 -5 DLCIASGTKVAL GGB-BTTEEEEE 5.81 3.53 0.09 0.41 -1.91 1
6331 2hc8_A_291 1.0 II Pd -63 146 84 -7 GDEVFGATINNT T-EE-TT-EE-S 5.89 3.42 0.13 0.36 -2.01 1
15638 1hp1_A_270 1.1 II Pd -54 141 88 -2 QVDYVPGTPCKP -SS--TTS---- 5.88 3.55 0.12 0.36 -1.81 1
209 1pn0_A_479 1.1 II Pd -58 133 99 -15 AKNCVVGTRFKS BTTS-TTSB--- 5.68 3.64 0.10 0.39 -2.42 1
98581 4n2k_A_20 1.2 II Pd -54 139 101 -7 EAVYVLGTYLWT EEEEETT-EEEE 6.02 3.43 0.13 0.49 -1.67 1
70046 2gzq_A_124 1.3 II Pd -54 138 87 15 GPSIKKGTGLHR -----TTS--EE 6.03 3.45 0.10 0.41 -0.97 1
904 3kp8_A_235 1.4 II Pd -52 142 82 -10 CSPNGPGTPQAQ S-TT-TTS---H 6.14 3.52 0.15 0.25 -1.52 1
87709 1wd3_A_151 1.6 IV Bd -113 138 90 -17 RNNEATGTATGD EESS-SS---BT 6.48 3.45 0.17 0.27 0.05 0
21925 4afk_A_472 1.7 II Pd -55 137 80 7 GDAYGPGTDSTM -TTT-TTS-S-E 6.18 3.56 0.19 0.22 -1.35 1
25082 3o14_A_89 0.8 II Pd -52 144 77 -5 YVRNPPTTSHVP EEEE-TT-EE-- 5.94 3.56 0.12 0.30 -1.98 1
50015 4g3n_A_718 1.1 II Pd -68 150 81 9 LNVVREGTYLLV EEE--TT-EEEE 6.23 3.45 0.17 0.37 -1.03 1
42545 3gq8_A_255 1.4 II Pd -62 148 80 17 YPYLGDGTTAPN -----TT---SS 6.24 3.40 0.14 0.40 -0.82 1
3167 3fwy_A_121 1.6 II Pd -56 134 97 -26 AGGPPAGTGCGG -----TT-S-TT 6.01 3.42 0.12 0.27 -1.13 1
33249 2zws_A_605 1.7 II Pd -52 138 96 -2 SWSIPPGTEPGH EEE--TT--SEE 6.15 3.50 0.07 0.45 -1.55 1
12389 3was_A_246 1.3 II Pa -54 134 66 24 IDKRYYHTIKEV EEE--TTSTTSS 5.76 3.53 0.13 0.29 -1.62 1
107803 2yfo_A_79 2.3 II Bd -79 117 123 13 QEYPSLGTGDYR BSS-BTTSS--S 6.48 3.43 -0.02 0.50 -0.84 1
40015 4l2h_A_230 1.3 II Pd -54 148 84 1 LIEDFPGTLQVD -GGG-TTSEEEE 6.13 3.44 0.14 0.37 -1.32 1
4372 3cit_A_105 1.5 II Pd -58 138 84 -3 QWLERPGTHLPC EEEE-TTSSS-E 6.02 3.53 0.16 0.22 -1.62 1
11867 3e3m_A_196 1.6 II Pd -51 133 78 2 GEKDDDWTRGAA EESS-TTSHHHH 5.56 3.56 0.15 0.21 -2.10 1
90982 4u9h_L_84 1.4 IV Pg -57 161 70 -43 TCGVCTYTHALA T-SSSTTHHHHH 5.90 3.54 0.15 0.28 -0.61 1
35049 4abl_A_1330 1.4 II Pd -50 130 92 -12 ICLPAIGTGNAK EEE--TTSSTT- 5.93 3.53 0.11 0.22 -2.28 1
53740 4ix3_A_227 1.7 II Pd -57 133 96 -20 VHANAKGTCARF HHHH-TTSBS-E 5.95 3.53 0.12 0.31 -1.75 1
75318 4usk_A_18 1.8 II Pg -56 135 106 -37 LGLAGGGTDVAP EEEE-TTTTSHH 5.91 3.64 0.10 0.45 -2.18 1
91344 4hat_C_515 1.8 II Pd -55 130 106 -13 AIGSISGTMSED HHHHTTTSS-HH 5.88 3.57 0.07 0.39 -2.09 1
12647 3r15_A_78 1.1 II Pd -65 144 83 10 IVDKKPGTSIAQ EEESSTT--B-T 6.21 3.46 0.16 0.29 -1.23 1
47205 3bwh_A_95 1.3 II Pd -69 135 100 -22 PKLLFKGTQQRT HHHSSTTSEEEE 5.80 3.60 0.10 0.42 -1.45 1
28035 2hqs_A_125 0.9 II Pd -60 126 92 -8 DTGGAPGTVLAQ E-SSSTT-EEEE 5.83 3.57 0.13 0.21 -2.27 1
21646 2je6_B_120 1.0 II Pd -47 144 64 15 LVELFPRTAIDV -GGGSTTEEEEE 5.92 3.53 0.16 0.27 -1.45 1
105609 2jh1_A_142 1.2 II Pd -52 135 96 -14 CNDKFPGTIARR HHHHSTTEEEEE 5.90 3.56 0.12 0.29 -2.20 1
91402 4ecf_A_58 1.5 II Pd -58 137 85 20 YTGEHLGTFINV HHHHSTTEEEEE 6.16 3.44 0.13 0.34 -0.99 1
20035 5dkx_A_544 1.5 II Pd -60 143 94 -7 KYDKFKGTMENT STTTSTT--TTE 6.09 3.48 0.12 0.39 -1.64 1
5872 3bws_A_61 1.6 II Pd -62 121 84 -3 SIHPYKGTVIRL EEE--TT-EEEE 5.52 3.65 0.18 0.24 -1.94 1
107425 5a6m_A_199 2.1 II Bd -70 108 77 13 LGAHFYGTTVNN EEEE-TT--GGG 4.94 3.81 0.13 0.33 -1.84 1
70969 3sd7_A_12 0.3 II Pd -59 131 75 2 VLFDLDGTLTDP EEE-SBTTTEE- 5.33 3.67 0.18 0.22 -2.21 1
111040 3qnm_A_10 0.3 II Bd -77 120 68 13 LFFDLDDTIWAF EEE--BTTTB-H 5.39 3.72 0.20 0.28 -1.37 1
85124 1u02_A_8 0.3 II Pd -63 127 79 -4 IFLDYDGTLVPI EEEE-BTTTB-- 5.26 3.67 0.21 0.21 -1.85 1
92909 4fyp_A_125 0.3 II Pd -68 125 64 15 WIFDLDDTLLSS EEE--BTTTB-- 5.21 3.73 0.22 0.25 -1.70 1
70528 2hcf_A_10 0.3 II Pd -72 127 77 5 VLFDIDGTLLKV EEE--BTTTEEE 5.44 3.73 0.20 0.23 -1.91 1
47471 2qlt_A_40 0.3 II Pd -67 122 90 -15 ALFDVDGTIIIS EEE--BTTTEE- 5.15 3.74 0.19 0.20 -1.70 1
100043 2b82_A_45 0.4 II Bd -74 124 66 10 VGFDIDDTVLFS EEE--BTTTEE- 5.25 3.71 0.23 0.28 -1.70 1
43368 2ght_A_97 0.4 II Pd -62 130 68 3 VVINLDETLVHS EEE--BTTTEEE 5.40 3.64 0.24 0.23 -1.73 1
34663 4ovy_A_66 0.4 II Pd -54 121 80 -6 VTFDNDGTLWCE EEE-SBTTTB-- 5.21 3.68 0.16 0.20 -2.27 1
65522 2fue_A_20 0.4 II Bd -69 117 82 -5 CLFDVDGTLTPA EEEESBTTTBST 5.32 3.68 0.18 0.28 -1.54 1
103207 4xpz_A_171 0.4 II Pd -62 124 65 10 LIVDLDQTIIHA EEE--BTTTEEE 5.41 3.65 0.19 0.28 -2.21 1
94841 1qq5_A_9 0.4 II Bd -69 117 97 -18 VVFDAYGTLFDV EEE-TBTTTB-T 5.32 3.70 0.16 0.20 -1.59 1
15430 3ocu_A_65 0.4 II Pd -68 122 69 15 VVADLNETMLDN EEE--BTTTEE- 5.21 3.70 0.21 0.28 -2.25 1
78211 3slr_A_229 0.4 II Pd -60 122 65 14 LILDLDNTIWGG EEE--BTTTBBS 5.21 3.67 0.21 0.28 -2.40 1
2355 1zs9_A_17 0.4 II Pd -60 127 77 -1 ILLDIEGTTTPI EEE--BTTTB-H 5.19 3.69 0.24 0.22 -2.38 1
20356 3l8e_A_12 0.4 II Pd -64 128 91 -10 IFLDRDGTINVD EEE-SBTTTB-- 5.47 3.66 0.16 0.24 -2.05 1
99572 2fi1_A_13 0.5 II Pd -62 129 84 -4 YIWDLGGTLLDN EEE-TBTTTB-H 5.57 3.65 0.15 0.22 -1.96 1
10962 3shq_A_147 0.5 II Pd -65 123 66 -1 LVLDIDYTLFDH EEE--BTTTB-S 5.06 3.71 0.26 0.33 -1.60 1
13496 3dao_A_9 0.5 II Bd -72 110 89 1 IATDIDGTLVKD EEE--BTTTBST 5.11 3.70 0.19 0.26 -1.85 1
18838 1nnl_A_21 0.5 II Pd -61 120 76 0 VCFDVDSTVIRE EEEETBTTTBSS 5.31 3.69 0.17 0.24 -1.82 1
9688 4gxt_A_44 0.5 II Pd -58 129 57 13 AVFDWDNTSIIG EEE--TTTTEES 5.30 3.64 0.24 0.26 -2.05 1
104827 1s2o_A_10 0.5 II Pd -56 123 73 5 LISDLDNTWVGD EEE-TBTTTBS- 5.40 3.66 0.16 0.22 -2.12 1
25037 4uas_A_9 0.6 II Pd -69 120 83 -3 ILFDVDGTLAET EEE--BTTTB-- 5.22 3.73 0.17 0.23 -1.97 1
89919 4nv0_A_56 0.6 II Pd -66 119 70 9 IVSDFDYTITKQ EEE--TTTTB-S 5.28 3.70 0.17 0.27 -1.71 1
27596 3u26_A_9 0.6 II Pd -66 130 87 -13 VFFDSLGTLNSV EEE-STTTTB-H 5.49 3.63 0.16 0.21 -2.29 1
28853 3smv_A_13 0.7 II Bd -83 100 122 -20 LTFDCYGTLIDW EEE--BTTTB-H 5.35 3.79 0.10 0.23 -1.48 1
91211 4bnd_A_9 0.8 II Pa -51 118 55 21 LSFDIDNTLNEP EEE-STTTTSST 5.33 3.59 0.18 0.41 -2.74 1
41492 5hb6_A_909 1.5 II Pd -63 128 74 2 NLDDLFGTIVIL -GGG-BTTTEEE 5.25 3.66 0.18 0.23 -2.01 1
96014 1r4x_A_848 2.9 IV Bg -135 102 64 -61 SRLLLLDTVTMQ EEEEESSSEEEE 5.39 3.62 0.21 0.66 0.01 0
17870 5hr5_A_417 0.6 II Pd -59 145 73 17 YLRCPLHTIFKL G----TTEEEEE 5.84 3.44 0.12 0.39 -1.13 1
55558 2eab_A_886 0.7 II Pd -54 130 101 -11 VFDTTAGTTYTI EE---TTEEEEE 5.79 3.58 0.10 0.34 -2.05 1
26748 3c5e_A_403 0.9 II Pd -60 150 87 0 GNVLPPGTEGDI S-B--TT--EEE 6.16 3.42 0.14 0.42 -1.15 1
75827 1yu0_A_104 0.9 II Pd -51 135 75 28 MPALTAGTDYAI -----TTEEEEE 5.86 3.56 0.14 0.32 -0.81 1
4542 3qvl_A_30 1.0 II Pd -55 130 96 -7 RAVAAPGTEILA HHH--TTEEEEE 5.53 3.65 0.11 0.40 -2.24 1
73918 2nt0_A_33 1.1 II Pd -46 133 97 -7 PTFPALGTFSRY -----TTEEEEE 5.67 3.52 0.08 0.53 -2.49 1
81134 1q6z_A_290 1.1 II Pd -55 138 96 -6 GQYLKPGTRLIS S-SS-TT-EEEE 5.95 3.48 0.08 0.45 -1.90 1
66398 5i5d_A_477 1.2 II Pd -44 131 83 -2 LVIHWPGTPAQR EEEE-TT---EE 5.59 3.70 0.14 0.29 -2.50 1
35844 3cvo_A_76 1.2 II Pd -58 133 80 1 ANPPAEGTEVNI HS---TT-EEEE 5.58 3.55 0.16 0.22 -2.17 1
57036 2w8t_A_383 1.3 II Pd -49 132 92 -5 PPATPAGTFLLR TTTS-TT-EEEE 5.58 3.60 0.09 0.39 -2.34 1
22417 2iuw_A_240 1.3 II Pd -58 119 87 6 KIPLDHGTLLIM EEEE-TT-EEEE 5.69 3.67 0.12 0.22 -2.23 1
91601 2xfg_B_572 1.3 II Pd -47 133 89 -12 RISAPEGTVFNP EEE--TTS---G 5.49 3.60 0.12 0.36 -2.18 1
111568 5iqn_A_55 1.5 II Pd -57 130 105 -11 LTNCPVGTSRVT EE---TT--EEE 5.78 3.52 0.07 0.41 -2.18 1
19775 2z14_A_90 1.5 II Pd -68 138 79 17 VYHFNVGTEVVF GGG--TT-EEEE 5.42 3.61 0.13 0.40 -1.40 1
59742 4psr_A_545 0.7 II Pd -54 148 72 11 SIRVSDGTKATL EEEE-TTEEEEE 5.48 3.56 0.17 0.42 -1.30 1
43727 4wd1_A_448 0.9 II Pd -60 135 82 1 LQAPGLGTDLQS B-EE-TT--EEE 5.40 3.61 0.18 0.32 -2.05 1
63113 3r44_A_329 0.9 II Pd -60 142 70 14 AGRATMFTDVAV -BEE-TTEEEEE 5.37 3.59 0.13 0.32 -1.75 1
93509 1jy1_A_306 1.0 II Pd -51 126 87 -5 YPRIADGTHKSG B-B--TT----- 5.35 3.64 0.13 0.32 -2.36 1
45044 5c98_A_254 1.0 II Pd -53 146 77 8 VLLPYDGTELRQ EEEE-TT--HHH 5.63 3.56 0.13 0.44 -1.60 1
110286 5i6k_A_284 1.1 II Pd -54 138 87 20 TWLIPGGTAGAA B--B-TTEEEEE 5.61 3.59 0.07 0.51 -0.73 1
23450 4jqp_A_82 1.1 II Pd -58 138 100 -16 EARYEQGTIDCI G----TTEEEEE 5.75 3.58 0.11 0.40 -2.14 1
14619 3fgr_B_307 1.2 II Pd -61 135 75 11 VFSSYPGTIFSG EEEE-TT-SS-S 5.53 3.57 0.17 0.25 -1.57 1
43826 3w06_A_25 1.3 II Pd -57 135 87 -9 VLGHGFGTDQSV EEE--TT--GGG 6.07 3.47 0.13 0.25 -1.45 1
96811 5bmo_A_90 1.5 II Pd -52 127 101 -28 LDHYNDGTIEYG -SS--TT----S 5.63 3.60 0.04 0.30 -2.10 1
49794 5tee_A_48 1.8 IV Pg -55 138 91 -50 GAGESPGTPPFR GG---TTS-SEE 5.70 3.69 0.17 0.29 -0.17 0
81664 4f7h_A_385 1.2 II Pa -42 124 60 23 VFKPKKLTLKGY EE--BTTB---- 5.42 3.58 0.20 0.27 -1.95 1
89204 3hq1_A_316 2.8 IV Pp -63 149 57 -112 LFGNGERTGNVC GGG-SSTT-B-B 6.95 3.36 0.06 0.42 0.27 0
53749 3mpc_A_65 1.0 II Pd -64 133 96 -1 DTGVATGTKYYY ETT--TT---EE 5.72 3.61 0.03 0.36 -1.73 1
50629 3bmv_A_640 1.2 II Pd -52 139 68 5 DVSVPAGTTIQF EEEEETT-EEEE 5.84 3.49 0.20 0.21 -1.48 1
92969 5b5z_A_110 1.6 II Pd -84 151 93 8 SWEGKWGTVARR -TT--BTB---T 6.86 3.27 0.15 0.40 -0.57 0
77810 1w7c_A_562 1.6 II Pd -59 134 90 -10 EYPWAPGTVYNT E-TTSTT-EEEE 5.89 3.55 0.13 0.22 -1.91 1
41863 1g12_A_90 1.8 II Pd -60 145 87 -5 VYPNRFGTVYLC --TTSTTEEEE- 6.87 3.33 0.10 0.29 -0.98 1
89207 3hq1_A_206 2.0 IV Pg -73 163 89 -56 QAAKYPGTQWRF HHHHS-SSEEEE 6.76 3.30 0.16 0.28 -0.09 0
28636 3h75_A_266 1.0 II Pd -52 129 96 -17 ELGRKPGTDLLF HTT--BTTTBEE 5.49 3.65 0.13 0.30 -2.63 1
40526 3uxf_A_256 1.1 IV Pg -63 150 74 -56 EVTLAETTDYTL -EE--BTTTEEE 5.49 3.63 0.16 0.25 0.20 0
110912 2wol_A_221 1.4 II Pd -47 134 61 15 VARHEPDTLLHL EEEEETTTEEEE 5.33 3.63 0.23 0.22 -2.11 1
35283 5fuk_A_80 1.7 II Pd -68 132 93 1 EDLKLHGTIEHD GGGG-BTTTB-S 6.21 3.49 0.09 0.29 -1.56 1
59797 3a9i_A_277 2.4 IV Pg -49 128 70 -54 IPFNNYITGETA --TT-TTTSTTT 5.87 3.47 0.09 0.45 0.12 0
86375 3sc7_X_242 3.3 IV pcisg 75 175 97 -82 FELPVEGTEETT EEEE-SSSS-EE 6.44 3.04 0.07 0.69 -0.47 0
2391 4qbo_A_24 0.8 II Pd -52 130 95 -8 LKFTSPGTIGVP EE---TT-SS-- 5.78 3.59 0.11 0.28 -2.26 1
98264 3h3l_A_131 1.1 II Pd -63 133 86 -6 TAQEIEGTPIYY EE---TTS-GGG 5.53 3.63 0.13 0.24 -1.94 1
102044 4mbo_A_340 1.4 II Pd -47 135 115 -22 NTLSEPGTVKLD TTSSSTTEEETT 6.11 3.47 0.08 0.51 -1.87 1
26606 3tg7_A_865 2.4 IV Pg -75 168 75 -35 KKFLCDRTLWRI EEEEE-S--EEE 6.84 3.29 0.15 0.24 -0.37 0
52626 1dqg_A_91 0.9 II Pd -65 125 81 3 TLFGIKGTELYF TBEEETTSS-EE 5.58 3.64 0.11 0.23 -1.48 1
107063 3c8d_A_71 0.9 II Pd -51 143 82 -23 SMQRIAGTDVWQ B-EE-TTSSEEE 5.41 3.67 0.23 0.22 -2.56 1
65159 3wx7_A_163 1.1 II Pd -46 133 72 -3 EFARLPYTNGWR TEE--TT---EE 5.49 3.53 0.15 0.25 -1.81 1
90681 1pyo_B_274 1.3 II Pd -49 140 86 3 REGYAPGTEFHR -----TTSTTTT 5.95 3.53 0.15 0.36 -1.45 1
21628 3c8y_A_53 1.5 II Pd -63 138 87 -1 CTVEVEGTGLVT TEEEETTTEEEE 5.30 3.64 0.18 0.34 -2.40 1
110494 2zyr_A_253 1.8 II Pg -56 134 72 -41 GKFLAFATNGDV EEEEETTT--B- 5.77 3.58 0.09 0.31 0.05 0
16763 2v1m_A_124 1.2 IV Bg -81 121 70 -64 SRQHGTLTNNIK HHS--SSS-S-- 5.75 3.49 0.12 0.57 0.28 0
91463 2v9l_A_65 0.9 II Pd -52 134 69 13 PMPLLANTPFIV --GGGTT-EEEE 5.34 3.61 0.18 0.22 -2.05 1
91568 4h18_A_262 1.2 II Pd -51 130 101 -14 NSDKLRGTELYV TGGGGTTSEEEE 5.72 3.66 0.10 0.33 -2.39 1
88611 2qp2_A_43 1.2 II Pd -69 127 82 10 AGAEMIGTSYDV TTGGGTTEEE-T 5.25 3.70 0.16 0.32 -1.87 1
92587 3s8s_A_155 1.4 II Pd -64 128 68 22 TVKNLHLTSVMG HHHHHTT-EETT 5.01 3.72 0.14 0.25 -2.16 1
90246 4cp6_A_231 1.4 II Pd -49 127 64 8 GSNLFRLTTSLK -TTTTTT----S 5.38 3.65 0.18 0.23 -2.60 1
81105 2bm5_A_114 1.8 II Pa -62 119 61 22 RETSLVDTDLRK TT-B-TT-B-TT 4.94 3.68 0.22 0.31 -1.90 1
91603 2xfg_B_548 1.9 II Pd -57 140 93 -9 VEVDLSGTKIYP EEEE-TTS-B-S 5.73 3.54 0.13 0.43 -2.19 1
38384 2xt2_A_66 1.9 II Pa -56 131 58 15 SLISIPQTSFME TT-B-TT-EEEE 5.33 3.64 0.22 0.26 -2.16 1
108570 4ys0_A_533 2.0 II Pd -52 133 92 -12 TNMAGRGTDIKL ETTTTTT----- 5.99 3.56 0.10 0.30 -2.00 1
102971 1gu2_A_80 2.5 II Pd -61 125 77 3 RVNTKRFTDIDK TTSTTTTT-HHH 5.40 3.69 0.11 0.22 -2.04 1
58921 3wvq_A_354 0.6 II Pd -64 123 98 -12 VVGPGFGTDRIL II-TTBTTTBEE 4.88 3.75 0.09 0.40 -2.37 1
14565 1jy2_N_43 1.2 II Pd -55 138 86 -16 CSDEDWNTKCPS --GGGBTTEEE- 5.51 3.63 0.16 0.32 -2.10 1
96548 2uz0_A_62 0.6 II Pd -50 128 70 7 VERLLRGTNLIV HHHHTTT---EE 5.29 3.69 0.13 0.22 -2.32 1
104736 4r23_A_762 1.6 II Pd -57 138 89 -8 ARAFGYGTALGQ HHHTTTTS---S 5.43 3.65 0.14 0.36 -2.52 1
87882 1pu6_A_40 1.4 II Pa -57 129 62 18 GAVLTQNTKFEA HHHHTTTS-HHH 5.29 3.71 0.18 0.24 -2.16 1
24655 5guq_A_91 1.4 II Pd -61 133 85 4 YRDYFEGTEKAT HHHHTTT-SEEE 5.80 3.65 0.08 0.32 -1.98 1
111058 3t9w_A_147 2.2 IV Bg -91 118 87 -32 YHDHAMGTEHGT EE-SSSSSTT-H 5.89 3.52 0.17 0.42 0.29 0
12886 4fke_A_207 3.0 IV Xb -28 118 76 -99 ATTQMQSTDARK EEEE-TTTTGGG 6.11 3.64 0.01 0.39 0.19 0
19170 4z80_A_357 3.5 II Bg -88 98 71 -43 SSTCAELTTDDT -TTSB-S----T 6.44 3.20 0.08 0.70 0.24 0
19813 2py5_A_496 1.0 II Pa -49 135 59 21 AKYLRQKTYIQD EEEEETTEEEEE 4.98 3.67 0.16 0.27 -2.06 1
4080 4b4d_A_243 1.1 II Pd -53 126 102 -16 QTSPRIGTPGHY -B--BTTB-BSE 5.65 3.57 0.08 0.38 -2.19 1
9788 4y1b_A_13 1.2 II Pd -48 132 105 -15 GDAPPLGTAPKQ T--SSTT---SE 5.76 3.58 0.08 0.41 -2.05 1
103321 4n0r_A_310 1.3 II Pd -51 122 67 19 SIHGATATYFDY E---STT----T 5.28 3.68 0.15 0.24 -2.51 1
46883 1rwh_A_552 1.4 II Pd -56 135 92 -5 TIAGTAGTVEVL EE--STT--EE- 6.12 3.43 0.07 0.31 -1.69 1
34530 5t39_A_75 1.6 II Pd -65 156 92 -10 ALARQPGTSILG HHHSSTT-EEEE 6.28 3.41 0.09 0.54 -1.31 1
84175 3ond_A_372 0.7 II Pd -55 129 75 9 RITIKPQTDRWV EEEEETTEEEEE 5.47 3.64 0.11 0.21 -2.54 1
5788 5bp3_A_990 0.7 II Pd -54 131 79 1 AAVTAPGTAEFG EEEEETTEEEEE 5.36 3.66 0.09 0.24 -2.50 1
59865 2yna_A_171 0.7 II Pa -50 123 61 19 QMELSNGTHTGS EEEEETTEEEEE 5.24 3.66 0.17 0.32 -2.43 1
93010 1h4x_A_9 0.8 II Pa -41 115 60 25 LEMVTRETVVIR EEEEETTEEEEE 5.38 3.51 0.14 0.35 -2.93 1
110644 1sg6_A_370 0.9 II Pd -60 122 91 -2 VLLSAIGTPYET --EEETTEESSS 4.93 3.72 0.12 0.30 -2.96 1
22220 5awh_A_162 0.9 II Pd -63 137 87 -8 IYEPVDGTTRVG EE-SSTT--EEE 5.72 3.52 0.14 0.24 -2.06 1
94560 4q6u_A_314 0.9 II Pa -54 128 61 21 RIELEPDTFAGL EEEEETTEEEEE 4.95 3.70 0.22 0.25 -2.50 1
55005 4f0w_A_21 1.3 II Pd -51 132 84 -7 DKSYLAGTPNKD T--SBTTB-GGG 5.59 3.61 0.14 0.22 -2.56 1
49268 1zjc_A_216 2.1 II Pd -64 121 81 9 LHYVSEGTDLTV EEEEETTEEEEE 4.99 3.72 0.17 0.24 -2.35 1
