45154 5ipy_A_251 0.2 II' pD 66 -122 -90 -7 LEKLTGKTAHFA EEEEETTEEEET 5.11 3.70 0.11 0.41 -2.23 1
78307 4zbh_A_61 0.3 II' bD 64 -111 -115 17 SVSLTGSTLNVV EEEEETTEEEEE 5.18 3.72 0.08 0.37 -2.50 1
69436 5fzp_A_109 0.3 II' pD 63 -116 -105 11 LARVDGRTVTKL EEEEETTEEEE- 5.11 3.76 0.04 0.39 -2.67 1
74213 3phs_A_164 0.3 II' pD 53 -125 -91 11 KVGVDGDTKKPL EEEEETTEEEE- 5.33 3.66 0.11 0.32 -1.93 1
12510 1uuy_A_129 0.4 IV pZ 63 -120 -115 40 AAGIRGSTLIIN -EEEETTEEEEE 5.28 3.74 0.06 0.37 -1.78 1
89379 2f0c_A_82 0.4 II' pD 58 -122 -105 17 SLRKKGTTVEYS EEEEETTEEEEE 5.65 3.65 0.04 0.34 -1.91 1
3882 4x83_A_269 0.4 II' pD 55 -108 -95 -5 RVKQVSGTLIIK SEEEETTEEEE- 4.98 3.77 0.03 0.37 -2.68 1
94975 2uvk_A_18 0.4 II' pD 49 -105 -99 -8 TGAIDNDTVYIG EEEEETTEEEEE 5.33 3.63 0.03 0.29 -2.70 1
10667 5xau_A_3185 0.4 II' pD 57 -115 -101 -1 VSLQLLRTEVKT EEEEETTEEEE- 5.28 3.71 0.04 0.44 -2.33 1
2533 2fhp_A_172 0.4 II' pD 64 -118 -100 2 RETVYGITQVTI EEEEETTEEEEE 5.20 3.73 0.06 0.36 -2.26 1
42238 2vbk_A_597 0.4 II' bD 71 -107 -122 21 KVSVSGVTINVT EEEEETTEEEEE 5.30 3.73 0.04 0.35 -1.90 1
78248 3rkl_A_9 0.4 II' pD 61 -111 -106 19 TINIKDNTIEYG --EEETTEEEET 5.26 3.73 0.08 0.27 -1.77 1
55831 2ich_A_300 0.4 II' pD 66 -127 -95 7 TRVLTGETEWQI EEEEETTEEEEE 5.34 3.69 0.09 0.37 -1.69 1
68620 3cp0_A_69 0.4 II' bD 67 -109 -122 25 VIDIQGTTAIVW EEEEETTEEEEE 5.19 3.74 0.04 0.41 -1.58 1
34338 2jg1_A_232 0.4 II' XD 46 -95 -123 25 AFAKHNHTFYRV EEEEETTEEEEE 5.17 3.74 -0.02 0.33 -2.41 1
73353 1jz8_A_632 0.5 II' bD 80 -119 -115 12 QFRLSGQTIEVT EEEEETTEEEEE 5.23 3.63 0.03 0.40 -1.96 1
87283 3da8_A_202 0.5 II' bD 69 -117 -117 15 GVTVVGRTATMG -EEEETTEEEE- 5.35 3.71 0.04 0.53 -2.18 1
113125 3hny_M_2250 0.5 II' pD 60 -117 -105 9 QGVKSLLTSMYV E-EEETTEEEEE 5.28 3.66 0.06 0.42 -2.24 1
40250 3nje_A_110 0.5 II' pD 67 -120 -114 27 RWSLSGETLERR EEEEETTEEEEE 5.20 3.71 0.05 0.46 -2.03 1
103866 4lua_A_147 0.5 II' bD 69 -119 -110 25 NAIKIGNTYFDE EEEEETTEEEEE 5.15 3.70 0.03 0.44 -1.44 1
83121 2ogf_A_94 0.5 II' pD 52 -115 -95 -4 LKIKINKTVAHL EEEEETTEEEEE 5.15 3.72 0.05 0.34 -2.84 1
26167 3mhx_A_58 0.5 IV bD 67 -113 -128 18 LLVQVGFTRFAL EEEEETTEEEEE 5.59 3.56 0.00 0.46 -2.38 1
44760 3kgz_A_95 0.5 II' bD 69 -105 -117 8 GQCLVGETISDV EEEEETTEEEEE 5.38 3.72 0.04 0.37 -1.94 1
40208 2bt9_A_67 0.6 II' pD 56 -128 -101 10 VYASTGTTTTEW EEEEETTEEEEE 5.47 3.62 0.07 0.44 -2.54 1
108515 4pq0_A_308 0.6 II' bD 73 -120 -95 2 PPLRQGQTTYPF EEEEETTEEEEE 5.24 3.74 0.13 0.30 -1.83 1
8826 3ov8_A_65 0.7 II' pD 69 -121 -96 10 ECELEGRTKIIR EEEEETTEEEEE 5.05 3.76 0.10 0.38 -1.61 1
73551 2eaq_A_1091 0.7 II' pD 49 -125 -97 25 EIIAINNTKFSY EEEEETTEE--T 5.35 3.67 0.08 0.31 -2.69 1
86248 3zui_A_66 0.8 II' bD 61 -98 -121 11 AGEKQDNTLPVM -S--BTTEEEEE 5.16 3.82 -0.00 0.38 -2.81 1
33554 3n2w_A_193 0.8 II' pD 65 -122 -91 9 RVVSAGDTRYTV EEEEETTEEEEE 5.27 3.65 0.11 0.25 -1.56 1
67708 5mqi_A_21 0.8 II' pD 69 -128 -91 21 LGYLEGDTYHKE SEEEETTEEEE- 5.39 3.66 0.15 0.27 -0.67 1
19500 4uyr_A_72 1.7 IV pZ 57 -132 -115 33 VSWVQDNTYQIT EEEEETTEEEEE 5.63 3.61 0.10 0.52 -2.80 1
76614 4ftf_A_42 0.5 II' pD 62 -126 -96 16 RATAKGSTVELM EEEEETTEEEEE 5.29 3.68 0.11 0.34 -1.98 1
6632 1ko7_A_251 0.5 II' pD 54 -118 -111 23 ETLRILDTEITK EEEEETTEEEEE 5.42 3.66 0.05 0.38 -2.80 1
68520 5lbd_A_723 0.5 II' pD 52 -121 -98 18 VYIGVDNTLAAV EEEEETTEEEEE 5.25 3.67 0.08 0.34 -2.31 1
81975 3c8w_A_135 0.5 II' bD 64 -104 -105 8 KLFVEEDTLIGI EEEEETTEEEEE 5.26 3.64 0.03 0.22 -1.42 1
103869 4lua_A_59 0.5 II' pD 59 -114 -95 -4 FGCYENETLIAT EEEEETTEEEEE 5.34 3.70 0.08 0.34 -2.29 1
47011 4h87_A_244 0.5 II' pD 55 -123 -89 -9 HGTFLNKTRIPP S-EEETTEE--T 5.33 3.71 0.05 0.46 -2.04 1
86101 3qho_A_44 0.6 II' pD 60 -125 -111 23 YYEVRGDTIYMI EEEEETTEEEEE 5.48 3.63 0.07 0.49 -2.19 1
40353 2rdg_A_32 0.6 II' pD 62 -123 -113 26 SGYREGNTVTFI EEEEETTEEEEE 5.54 3.65 0.05 0.43 -1.98 1
86407 3sc7_X_50 0.6 II' pD 61 -126 -91 6 GLIKIGSTWHLF EEEEETTEEEEE 5.23 3.67 0.12 0.35 -2.08 1
5101 3zn6_A_145 0.6 II' bD 73 -111 -115 5 VWAKVGSTWQPC EEEEETTEEEE- 5.55 3.69 -0.00 0.42 -1.73 1
76897 2yvt_A_228 0.6 II' pD 62 -122 -103 2 GHELVGNTIVVN EEEEETTEEEEE 5.28 3.65 0.04 0.50 -2.25 1
76832 1unq_A_79 0.6 II' gD 63 -93 -123 8 IRCLQWTTVIER EEEEETTEEEEE 5.18 3.76 -0.04 0.36 -2.37 1
91719 4p0z_A_46 0.7 II' pD 55 -132 -91 23 NYRKIGGTIIFS EEEEETTEEEEE 5.49 3.72 0.09 0.38 -2.01 1
89353 2imr_A_60 0.7 II' bD 73 -114 -121 20 GVVVVGETVAAA EEEEETTEEEEE 5.32 3.65 0.06 0.42 -1.86 1
31774 2wur_A_115 0.7 II' pA 61 -137 -75 -16 EVKFEGDTLVNR EEEEETTEEEEE 5.40 3.59 0.14 0.41 -1.55 1
110937 3ry4_A_158 0.7 IV bD 73 -99 -140 16 CTGNIGYTLFSS EEEEETTEEEE- 5.56 3.62 -0.03 0.42 -1.92 1
105838 4g3v_A_51 0.9 IV bD 70 -109 -125 29 IAIREGNTLRIA EEEEETTEEEEE 5.39 3.69 -0.00 0.41 -1.38 1
96757 3u1u_A_417 1.2 II' pD 56 -118 -87 4 KVYQLGGTRTNK EEEEETTEEEEE 5.36 3.68 0.10 0.22 -2.15 1
18128 4y9v_A_283 0.4 II' pD 59 -125 -99 17 VASVSGNTVKFF EEEEETTEEEES 5.19 3.70 0.08 0.36 -2.49 1
67650 4ru4_A_344 0.5 II' pD 63 -126 -94 4 VRAVSGNTVTIR EEEEETTEEEES 5.23 3.66 0.10 0.37 -2.19 1
53776 5aig_A_70 0.5 II' pA 59 -128 -79 -3 AIAANGATVLTE EEEEETTEEEEE 5.41 3.61 0.14 0.23 -1.95 1
33979 4yaa_A_251 0.5 II' bD 66 -113 -102 -5 NYIQVGNTRTIA EEEEETTEEEEE 5.10 3.75 0.01 0.45 -2.58 1
57855 4c12_A_142 0.6 II' pD 49 -111 -103 1 NGFQINETKTKG TEEEETTEEE-- 5.33 3.67 0.04 0.36 -2.66 1
64527 5dgq_A_79 0.6 II' pD 65 -122 -102 5 YRIRVGDTESAS EEEEETTEE--- 5.23 3.70 0.07 0.36 -2.68 1
21653 2je6_B_49 0.6 II' pD 60 -133 -88 8 AIFEMGNTKAIA EEEEETTEEEEE 5.25 3.68 0.08 0.38 -2.09 1
66727 3fnd_A_293 0.6 II' pD 63 -129 -100 28 DKDNIGKTYYNG G-SEETTEE--- 5.56 3.63 0.10 0.27 -1.46 1
41257 1i9z_A_643 0.7 II' pD 52 -116 -92 3 RSGQLVGTALMI EEEEETTEEEEE 5.18 3.71 0.08 0.28 -2.64 1
79798 4m1u_A_33 0.9 II' pG 53 -130 -108 31 EHISQGTTSVSV EEEEETTEEEEE 5.40 3.67 0.08 0.44 -2.99 1
74884 1i1q_A_64 0.3 II' pD 66 -129 -95 6 RITALGDTVTIQ EEEEETTEEEEE 5.42 3.63 0.12 0.34 -2.06 1
20737 5ixh_A_120 0.4 II' pD 61 -136 -85 13 TVAQNGATQTFD EEEEETTEEEEE 5.37 3.63 0.14 0.34 -1.71 1
35234 4il7_A_181 0.4 II' pD 58 -122 -97 11 ITLTIGSTTMTF EEEEETTEEEEE 5.34 3.68 0.09 0.28 -2.70 1
62435 4ei0_A_114 0.5 II' pA 62 -120 -77 -13 DSQTNGTTTVID --EEETTEEEEE 5.41 3.68 0.11 0.24 -1.94 1
11875 4unu_A_69 0.5 II' pD 58 -132 -85 6 SGSKSGNTASLT EEEEETTEEEEE 5.48 3.63 0.11 0.28 -2.20 1
84645 5uej_A_46 0.5 II' pD 53 -128 -100 14 EELHFGDTKNIW EE--BTTB-EEE 5.49 3.64 0.09 0.39 -2.88 1
46797 1dfm_A_87 0.5 II' pD 47 -113 -102 11 IDFGKRDTLVEV EEEEETTEEEEE 5.55 3.66 0.07 0.27 -2.53 1
5811 5ngg_A_164 0.6 II' pD 58 -123 -85 6 DRVTLGDTTLTA -EEEETTEEEEE 5.47 3.66 0.09 0.22 -1.89 1
71770 3h7j_A_31 0.6 II' pD 52 -107 -83 1 YSTVRGDTEVLM EEEEETTEEEEE 5.56 3.55 0.09 0.29 -1.56 1
65048 4kh8_A_146 1.2 II' pD 51 -117 -95 20 LRTLYQDTFTYR EEEEETTEEEEE 5.41 3.66 0.08 0.18 -2.12 1
43689 1e30_A_27 0.3 IV pZ 64 -128 -113 33 TGKVSGDTVTYS --EEETTEEE-- 5.44 3.65 0.07 0.42 -2.19 1
55634 2eab_A_224 0.3 II' pD 59 -122 -89 9 TTTVKGDTLTVK EEEEETTEEEEE 5.55 3.62 0.10 0.24 -1.54 1
75979 4qi3_A_85 0.4 II' pD 55 -118 -112 20 TAWPHEDTVYTS EEEEETTEEEEE 5.48 3.60 0.05 0.42 -2.03 1
30783 2pqv_A_10 0.4 II' pD 54 -118 -112 29 FRTKVDNTVFGV SEEEETTEEEEE 5.54 3.60 0.05 0.35 -1.82 1
59877 2yna_A_32 0.5 II' pD 55 -133 -98 24 NGLWLDNTVWCP EEEEETTEEEEE 5.38 3.64 0.10 0.40 -2.53 1
19211 4z80_A_92 0.5 II' bD 69 -118 -102 -1 KSHTRGNTTYRW EEEEETTEEEEE 5.56 3.60 0.07 0.38 -1.42 1
36090 3pij_A_187 0.5 II' pD 63 -126 -100 15 KVWKTGDTWYMT EEEEETTEEEEE 5.61 3.64 0.09 0.40 -1.75 1
43627 5gtu_A_156 0.5 II' pD 49 -128 -103 23 LMDIQASTVVTY EEEEETTEEEEE 5.57 3.60 0.12 0.34 -2.37 1
41849 4be3_A_79 0.5 II' pD 42 -111 -106 13 YVEHENETDWVV EEEEETTEEEEE 5.52 3.70 0.01 0.35 -2.16 1
78737 2wdc_A_308 0.5 II' pD 61 -127 -109 29 RPWRVGKTWIVA S-EEETTEEEEE 5.36 3.62 0.10 0.42 -2.13 1
99095 1xkp_B_42 0.6 II' pG 58 -125 -107 33 QLEQHGATLTLW EEEEETTEEEEE 5.30 3.67 0.10 0.43 -1.82 1
51416 5ezu_A_32 0.6 II' pD 57 -121 -88 11 IRNEVNDTHYTV EEEEETTEEEEE 5.09 3.68 0.14 0.32 -1.36 1
64156 4tps_B_37 0.6 II' pD 63 -132 -95 8 AHSLQGDTLTIT EEEEETTEEEEE 5.50 3.57 0.12 0.39 -1.84 1
68570 5u4h_A_67 0.6 II' pD 54 -119 -107 21 TISYENDTVKAD EEEEETTEEEEE 5.51 3.64 0.09 0.42 -2.24 1
65960 5kec_A_33 0.7 II' pD 57 -111 -93 -14 IEIFFNNTSIIT EEEEETTEEEEE 5.39 3.63 0.09 0.31 -2.73 1
14296 5v1y_A_34 0.7 II' pD 57 -111 -118 7 KMSLKGTTVTPD EEEEETTEEEE- 5.41 3.64 -0.02 0.50 -2.97 1
71245 5flw_A_28 0.7 II' pD 62 -132 -100 12 GLQKFGDTWYAY EEEEETTEEEEE 5.73 3.55 0.08 0.46 -1.37 1
93175 2f9h_A_60 0.8 II' pD 58 -132 -87 26 DHLKIGDTNYTI -EEEETTEEEEE 5.36 3.67 0.11 0.22 -1.51 1
76390 2v3i_A_52 0.9 IV bD 66 -114 -128 21 TNCYDGNTWSST -BSEETTEE-TT 5.63 3.60 0.01 0.46 -2.04 1
3010 4m1x_A_35 1.3 II' pD 52 -131 -102 28 DGIKFSNTTFHI -EEEETTEEEEE 5.48 3.62 0.10 0.39 -2.80 1
9872 4y7d_A_68 1.4 II' pD 46 -122 -86 -5 DRPGYFGTPLGS --TTSTTS-GGG 5.87 3.55 0.06 0.25 -2.02 1
69176 2dst_A_53 1.6 II' pD 56 -124 -91 6 DLPGYGRTEGPR --TTSTT----- 5.71 3.63 0.12 0.24 -2.26 1
107399 5a6m_A_369 0.4 II' pD 60 -126 -100 15 DINASGTTFQVT EEE-BTTEEEEE 5.35 3.64 0.07 0.38 -2.10 1
111928 1k5n_A_28 0.5 II' pD 54 -127 -103 25 TVGYVDDTLFVR EEEEETTEEEEE 5.29 3.67 0.08 0.36 -2.61 1
50716 3ib5_A_307 0.6 II' pD 58 -121 -100 8 QGQYKDKTLQGL EEEEETTEEEEE 5.31 3.64 0.03 0.40 -2.30 1
100349 4bpz_A_329 0.6 II' pD 54 -119 -104 11 MKVFLDDTLVYE EEEEETTEEEEE 5.27 3.68 0.02 0.39 -2.85 1
74562 3wmt_A_506 0.6 II' pD 58 -115 -103 5 GAKLNGSTVEYR EEEEETTEEEEE 5.08 3.71 0.05 0.42 -3.20 1
42647 3nre_A_27 0.6 II' pD 55 -127 -96 5 EGFWRDTTPLLR EEEEETTEESS- 5.23 3.67 0.05 0.45 -2.48 1
50638 3bmv_A_531 0.8 II' bD 65 -106 -117 7 GQVLFGSTAGTI -EEEETTEE-EE 5.05 3.70 -0.03 0.47 -2.10 1
40039 2ozl_A_199 0.8 II' bD 65 -97 -117 7 NNRYGMGTSVER E-SEETTEEHHH 4.96 3.75 -0.06 0.32 -2.40 1
86495 5eck_A_413 0.8 II' pD 58 -113 -106 11 VIGFYNNTPQLK EEEEETTEEEEE 5.24 3.69 0.07 0.34 -2.10 1
20141 2yic_A_681 0.9 II' bD 68 -101 -107 -2 NNQIGFTTAPTD E-S-BTTB-HHH 4.89 3.79 0.04 0.38 -2.09 1
73398 1jz8_A_262 0.6 II' pD 61 -137 -89 8 VSLWQGETQVAS EEEEETTEEEEE 5.28 3.57 0.12 0.37 -2.48 1
90099 1t3y_A_32 0.7 II' pD 63 -122 -99 9 TFKYDGSTIVPG EEEEETTEEEEE 5.36 3.65 0.06 0.33 -1.79 1
88091 2epl_X_341 1.6 IV bD 123 -130 -98 -13 AWKWIGFTPHNH ----SSSS--HH 6.88 3.37 0.15 0.34 -0.14 0
70867 5b2r_B_1326 0.4 IV gD 54 -96 -133 25 AAFKYFDTTIDR --EEETTEEE-- 5.18 3.72 -0.07 0.42 -2.72 1
31430 2d1g_A_263 0.5 II' pD 64 -126 -92 -1 PTSYSGKTAICD -SEEETTEEE-- 5.13 3.70 0.10 0.40 -1.93 1
17145 5xn9_A_108 0.6 IV pZ 51 -108 -132 55 GTTQHNNTEIKY EEEEETTEEEEE 5.14 3.78 -0.06 0.45 -3.61 1
87689 1wd3_A_367 0.6 II' pD 63 -126 -87 -5 YIAHTDTTVNTQ EEEEETTEEEEE 5.22 3.68 0.09 0.33 -2.15 1
80107 3ugf_A_177 0.7 II' pD 55 -118 -97 1 IGAKYNTTGIAM EEEEETTEEEEE 5.24 3.73 0.09 0.36 -2.40 1
59421 3gnz_P_143 0.7 II' bD 68 -109 -112 10 KSYLDGITAKIS GGGEETTEEEEE 4.91 3.78 0.05 0.42 -2.19 1
68905 2bfd_A_225 0.8 II' pD 52 -110 -95 -4 NNGYAISTPTSE E-SEETTEEGGG 4.99 3.73 0.04 0.37 -2.60 1
7751 4mfi_A_223 0.8 II' pD 52 -126 -86 -1 GAYSDKWTLTLT --SEETTEE-TT 5.23 3.66 0.10 0.36 -2.15 1
77304 3ajv_A_63 0.9 II' pD 61 -123 -101 13 GMLCMGETRGWA T-EEETTB-HHH 5.12 3.67 0.11 0.37 -2.11 1
49588 3wnz_A_269 1.0 II' bD 65 -113 -110 3 KTPQIGFTETSH E---BTTB--EE 5.03 3.74 0.02 0.50 -2.12 1
27763 4ydd_A_769 1.6 II' pA 54 -136 -75 -22 SRHSVHSTFKDN -TT-BTTBTTT- 5.19 3.64 0.14 0.39 -1.55 1
38089 4tkc_A_6 0.8 II' pA 56 -125 -88 -12 YVHPYGSTLPEN -B-SSTTEEETT 5.77 3.56 0.04 0.43 -1.87 1
1747 5gsm_A_394 1.5 II' pA 59 -142 -60 -33 YESHNGITWDVY -B-TTTTEE-SS 5.69 3.59 0.14 0.33 -1.29 1
102142 1rp0_A_252 2.5 IV pG 69 -143 -81 57 GAPRMGPTFGAM T-EE--S--HHH 6.51 3.31 0.11 0.34 0.13 0
21305 3imo_A_55 1.5 IV bA 140 -166 -55 -4 VMAHGADTKNVL EEESSSTTSEEE 6.52 3.32 0.24 0.33 0.15 0
112894 4ijn_A_76 2.0 II' pA 55 -147 -74 -33 RMVHGGKTFYKP EES--TTT--S- 6.40 3.37 0.12 0.42 -0.69 1
93753 2wjn_C_125 2.2 II' pD 50 -140 -96 12 WTQHVAQTGVTC -HHHHTTT---H 5.86 3.59 0.15 0.40 -1.52 1
14263 5ioj_A_199 2.1 II' pA 52 -117 -87 -11 GSIDAVETMHAI TTTT-TT-EEEE 5.12 3.74 0.11 0.31 -3.17 1
27967 4fnv_A_531 1.1 IV bA 137 -170 -57 -42 LKSEEGATELVV EEEE-SSSEEEE 6.90 3.21 0.25 0.40 -0.18 0
81219 1h6h_A_33 1.2 IV bA 148 -174 -40 -46 IEEKRGFTSHFV EEEE-SSS-EEE 6.72 3.18 0.30 0.37 -0.14 0
61912 3nsx_A_94 1.4 IV bA 175 -147 -53 -46 FIIVSGKTTFGL EEEEESSS-EEE 6.60 3.35 0.29 0.33 -0.05 0
104459 4lks_A_144 1.9 IV bA 167 177 -53 -35 ALKTLGDTNNKY EEEE-SSSTTS- 6.97 3.01 0.30 0.43 -0.13 0
24183 1ei5_A_398 0.1 II' pD 65 -123 -96 20 TIRRDGETIELV EEEEETTEEEEE 5.43 3.64 0.12 0.21 -1.42 1
92648 4nyq_A_70 0.3 II' pD 57 -119 -95 5 NLTVSGRTLKFY EEEEETTEEEEE 5.35 3.66 0.11 0.26 -2.07 1
77574 4hwm_A_103 0.4 II' pD 65 -121 -94 18 PVEREGNTISYD EEEEETTEEEET 5.43 3.65 0.11 0.22 -1.67 1
62059 5ag8_A_679 0.4 II' pD 63 -130 -89 21 TVAVSGKTITVE EEEEETTEEEEE 5.35 3.69 0.09 0.24 -1.69 1
36332 4whi_A_513 0.4 II' pD 64 -120 -96 15 KATFAGDTLNLE EEEEETTEEEEG 5.23 3.73 0.12 0.26 -1.90 1
85327 1cq3_A_90 0.5 II' pD 62 -127 -98 25 SEYSDGNTVNAR EEEEETTEEEEE 5.19 3.67 0.13 0.30 -1.99 1
44033 2rfr_A_92 0.5 II' bD 69 -111 -106 10 TVTVEGDTATAR EEEEETTEEEEE 5.37 3.71 0.08 0.22 -1.82 1
32209 2qhq_A_47 0.5 II' pD 58 -114 -90 0 AAFTNGNTQNDA --EEETTEEE-T 5.16 3.72 0.05 0.23 -2.59 1
73512 4l2i_B_150 0.5 II' pD 60 -117 -101 16 KVQVKDDTVVVD EEEEETTEEEEE 5.24 3.71 0.12 0.29 -1.93 1
109711 3oe3_A_92 0.6 II' pD 60 -117 -95 5 KLYTKGKTAELV EEEEETTEEEEE 5.28 3.65 0.09 0.24 -2.04 1
106269 4gpv_A_290 0.6 II' pD 62 -128 -86 14 STKTVGGTSSPI EEEEETTEEEEE 5.42 3.68 0.09 0.24 -1.74 1
20920 1brt_A_8 0.8 II' pD 56 -126 -81 -2 TVGQENSTSIDL EEEEETTEEEEE 5.36 3.69 0.11 0.29 -2.53 1
81480 3f14_A_99 1.2 II' pD 52 -116 -97 14 IYRFENDTIKTI EEEEETTEEEEE 5.31 3.72 0.04 0.29 -2.16 1
88676 3qb8_A_175 1.2 II' pA 56 -135 -81 -9 KGYQYGITKPFD TT--BTTB-TTT 5.22 3.65 0.09 0.45 -1.96 1
89471 3a35_A_18 1.3 II' gD 67 -79 -96 16 KISKNDDTQRHG EEEE-SS-EEEE 5.04 3.74 0.15 0.52 -0.23 0
85513 4pwy_A_264 1.0 II' bD 73 -120 -105 4 FAPRRGNTLNQF EE--TTTHHHHH 5.69 3.66 0.08 0.36 -1.98 1
63952 3e5x_A_168 0.8 II' pA 62 -135 -76 -25 QGKRVGDTYEIT H-EEETTEEEEE 5.86 3.57 0.15 0.34 -1.22 1
39696 3kd4_A_483 0.8 II' pD 68 -131 -98 28 TITPRGNTIEVV EEEEETTEEEEE 5.13 3.77 0.13 0.34 -1.94 1
112151 3q23_A_141 0.9 II' pD 55 -120 -87 9 IVEQDGDTFKYN GEEEETTEEEE- 5.06 3.72 0.13 0.22 -2.24 1
92737 2waw_A_28 1.1 II' pD 67 -127 -84 1 QLLPLGDTTLLG GG-EETTEEHHH 5.37 3.63 0.17 0.26 -1.57 1
404 1ucr_A_57 1.4 II' pD 61 -132 -90 7 EYWSSGSTTMYG EEEEETTEEEEE 5.45 3.66 0.09 0.33 -2.45 1
48448 4zce_A_77 1.0 II' pD 58 -137 -104 19 HKDCPGNTRWNE EEE-STT--EET 5.86 3.54 0.12 0.46 -2.17 1
14469 3ea6_A_72 1.4 IV pG 48 -114 -103 47 SYNGQCNTKYIY EEE-STTEEEEE 5.68 3.57 0.04 0.22 -0.39 0
80007 1ga6_A_109 1.3 II' pD 49 -123 -100 13 DQSASGNTGLTQ -TTSSTTHHHHH 5.73 3.64 0.14 0.33 -2.77 1
64316 1qwg_A_45 1.6 II' pD 40 -130 -94 20 FVKFGWGTSAVI EEEE-TTGGGGS 5.77 3.64 0.11 0.27 -2.51 1
67659 4ru4_A_261 2.2 IV bA 109 -154 -70 -12 QIAGDGATSIIR EEEESSTTEEEE 6.69 3.31 0.21 0.31 -0.20 0
20017 5dkx_A_763 0.5 II' pG 48 -132 -108 32 DQFFIGNTGLLA S-EEETTTTEEE 5.92 3.50 0.09 0.36 -2.15 1
30519 4gy7_A_293 0.7 II' pD 54 -140 -100 24 DKIRLGDTNLLA -EEE-TTSS-EE 5.75 3.56 0.13 0.43 -2.17 1
51812 2ob3_A_158 1.3 II' pD 51 -134 -108 24 IQYGIEDTGIRA HHT-STTS---- 5.90 3.47 0.09 0.51 -2.33 1
13379 5lf2_A_538 1.3 II' pD 61 -148 -116 27 DPQCDEATGQCR SSS-BTTTTB-- 6.78 3.32 0.13 0.47 -0.97 1
47436 5mji_A_114 1.5 IV pcisX 33 -117 116 -77 MDELNGDTKQFP -----TTT-S-T 5.57 3.90 0.08 0.56 -0.07 0
47091 1n71_A_66 2.6 II' pD 49 -130 -109 -3 AIPQYGITGWEL EEEEETTTEEEE 5.75 3.47 0.09 0.54 -1.27 1
23328 4jzu_A_113 1.6 II' bD 87 -121 -84 18 KQADYFETKGPV --S--SSEEEEE 5.51 3.65 0.21 0.27 0.06 0
58501 3a2z_A_126 1.4 II' pD 33 -119 -101 1 KGGEFKDTGHVA S-GGGTTT-EEE 6.03 3.56 0.07 0.29 -1.45 1
110166 3do8_A_79 0.5 II' pD 54 -130 -96 7 ITNPYGKTLDVD E-STTTTTTTS- 5.57 3.56 0.06 0.48 -2.51 1
23099 2xij_A_98 1.0 II' pD 44 -115 -101 6 GPYPTMYTFRPW -SSSSTTSSS-- 5.60 3.61 0.08 0.35 -2.57 1
104747 5l0l_A_296 1.5 II' pD 53 -116 -109 -2 FTEEFGDTLKVT HHHHHTTSEEEE 5.56 3.58 0.04 0.43 -2.90 1
11561 1vhn_A_166 1.7 II' pD 54 -118 -110 16 RTVVQSFTGRAE S-TTTTTSS--- 5.28 3.69 0.06 0.39 -2.76 1
61680 1gve_A_252 2.3 IV pA 89 175 -46 -13 LKTTYGPTAPSM HHHHH-TT---H 6.18 3.42 0.24 0.39 -0.43 0
65687 4pk9_A_138 1.1 II' pD 60 -141 -98 17 LQEKLGETRVHQ HHHHHTT-BGGG 6.11 3.55 0.13 0.39 -1.59 1
84899 1wvf_A_359 1.4 II' pD 60 -139 -90 8 TQEEAGDTQPFK EHHHHTT-TTHH 5.76 3.55 0.15 0.33 -2.01 1
3599 5ay6_A_399 1.7 II' pD 61 -126 -118 17 TGSLFGTTSPTA -TTTTTT-SS-E 5.99 3.51 0.07 0.49 -1.97 1
72661 4qdc_A_204 0.6 II' pD 58 -136 -97 24 KNVFEGHTATQY EEEEETTEEEEE 5.57 3.65 0.09 0.35 -2.15 1
65586 2aml_A_220 1.2 II' pA 56 -128 -51 -36 TAIGYGPTVGTC EEEE-TTHHHHH 5.34 3.66 0.13 0.29 -2.07 1
63300 5tui_A_250 1.7 II' pD 57 -138 -89 5 FQNFGWETQNIL HTT--TTHHHHH 6.01 3.49 0.11 0.34 -1.95 1
16811 3c8i_A_61 1.9 IV XA 47 -92 -64 -48 IPGIEGDTRKVG -TT--TTS-STT 5.77 3.47 0.08 0.52 -1.56 1
43195 5mdu_A_466 1.1 II' pD 57 -123 -93 16 ENVPFADTTIRT SSEEETTEEEEE 5.36 3.67 0.11 0.24 -2.24 1
102802 3nk4_A_257 1.9 II' pD 53 -140 -116 27 VDGRVDDTSSAF GGGGSTT---EE 6.75 3.33 0.07 0.45 -1.42 1
112846 2a14_A_64 1.8 II' pD 58 -152 -91 22 IDIGSGPTIYQV EESS-TT--GGG 6.04 3.47 0.12 0.55 -1.65 1
70029 2zvy_A_242 0.7 II' pD 52 -136 -108 24 RVVGMAATMRLS EEEE-TTTT-SS 5.96 3.49 0.09 0.47 -2.19 1
26485 2v3g_A_187 1.3 II' pD 56 -146 -100 24 DGYNWGTTQSWG EEEE-TT--TTT 6.07 3.40 0.12 0.51 -1.71 1
75534 3cyp_B_206 1.4 II' pD 53 -139 -86 8 SFSSYGSTNPIA EEEE-TT-S-SS 5.60 3.62 0.14 0.34 -2.23 1
87916 1gqi_A_396 2.5 II' pD 58 -128 -108 15 QEYFGFATHLAY -TTTTTTTS--- 5.87 3.58 0.10 0.35 -2.17 1
107152 4asm_B_69 1.3 II' pD 54 -142 -91 24 NFEGPGPTKWMQ ----STTEEE-T 5.58 3.65 0.16 0.31 -2.59 1
66497 3rpc_A_8 1.5 II' pD 60 -114 -102 5 YTHIRNATGKLT EEEEETTEEEEE 5.19 3.75 0.10 0.36 -2.48 1
99465 4ouj_A_221 1.9 II' pD 65 -118 -101 6 WIFSDGNTVRVS E-GGGTTBEEEE 5.76 3.60 0.09 0.23 -2.03 1
36889 3hkm_A_35 0.8 II' pD 56 -135 -87 -6 ARWAQGDTIVLA EEEEETTEEEEE 5.33 3.59 0.13 0.43 -1.74 1
98445 1z2n_X_183 1.0 II' pA 57 -127 -77 -12 KVFCIGNTLKWQ EEEEETTEEEEE 5.11 3.69 0.09 0.31 -2.08 1
90503 1ms9_A_528 1.2 II' pD 46 -123 -101 6 WQPIYGSTPVTP EEEEETTS---- 5.66 3.58 0.11 0.35 -2.22 1
97889 5ig0_A_423 0.3 II' pD 62 -123 -88 7 AVQMFGDTAIVT EEEEETTEEEEE 5.02 3.69 0.15 0.26 -2.04 1
86842 4pei_A_239 0.5 II' pD 48 -128 -78 4 YHAEEGPTHFIA EEEEETTEEEEE 5.27 3.66 0.12 0.28 -2.14 1
1858 5ize_A_102 0.5 II' bD 69 -118 -103 15 NYKISGTTIEFV EEEEETTEEEEE 5.08 3.78 0.11 0.31 -2.25 1
60673 4zi5_A_10 0.6 II' pA 58 -123 -82 -7 VDYTDGATRCIG EEEEETTEEEEE 5.22 3.73 0.11 0.29 -2.33 1
49704 2je6_A_58 0.7 II' pD 62 -132 -88 5 ALVKLGTTMVLA EEEEETTEEEEE 5.06 3.69 0.07 0.40 -2.47 1
14760 4r8h_A_200 0.7 II' pD 70 -127 -92 3 LISAHGKTIVVY SEEEETTEEEEE 5.23 3.72 0.19 0.35 -1.82 1
3286 1vly_A_146 0.9 II' pA 53 -124 -78 -3 QVVKEGATTLLW -EEEETTEEEEE 5.26 3.67 0.15 0.22 -2.45 1
96504 3o7b_A_122 1.0 II' pA 60 -121 -77 -10 RRITAGDTTLIE SEEEETTEEEEE 5.03 3.74 0.10 0.25 -2.20 1
36336 4whi_A_489 1.4 II' pD 64 -123 -97 16 LTHWDGDTFTFT EEEEETTEEEEE 5.27 3.71 0.13 0.24 -2.28 1
70074 5h02_A_186 2.8 II' pD 63 -126 -106 22 AHYYCGDTVSVY -EEETTTTEEEE 5.48 3.62 0.05 0.45 -1.76 1
112312 4cj0_A_451 0.9 II' pD 66 -128 -100 14 YGRTLGTTYYWG T--TTTT---TT 5.92 3.61 0.12 0.24 -1.90 1
71051 3i4z_A_165 1.0 II' pD 41 -124 -89 19 NDRLVGGTIRTQ TGGGTTT----- 5.60 3.64 0.12 0.14 -2.67 1
55076 4xfm_A_411 1.4 II' pD 55 -127 -99 24 LNSIVGMTPVMT ES-TTTT-EEEE 5.68 3.58 0.13 0.19 -2.24 1
90185 3sq7_A_426 1.4 II' pD 51 -145 -95 29 VTRRRGTTPANS S-TTTTT--B-- 5.96 3.54 0.13 0.37 -1.98 1
33342 3l51_B_710 1.5 II' pG 46 -134 -100 31 FYFALRDTLVAN HHHHHTT-EEES 5.86 3.56 0.11 0.32 -2.09 1
111332 2x46_A_143 0.2 II' pA 57 -134 -81 -5 FTETRGSTPANE HHHHHTTS--EE 5.75 3.56 0.14 0.26 -1.79 1
14523 5h6t_A_64 0.5 II' pA 55 -135 -73 -7 ADREFGSTLGGP HHHHHTTS--ST 5.60 3.62 0.16 0.23 -1.76 1
41880 5jic_A_160 0.6 II' pD 59 -112 -88 -6 VRHIYKDTEPPI HHHHHTTS--SS 5.35 3.70 0.14 0.24 -2.31 1
2991 4q3o_A_259 0.8 II' pD 63 -131 -91 6 ARLYAGNTPLTH HHHHHTTS-TT- 5.32 3.72 0.12 0.33 -1.94 1
89964 4ry1_A_255 1.2 II' pD 69 -136 -98 4 YFSSFGRTNVYE HHHTTTT--GGG 6.25 3.46 0.13 0.33 -1.16 1
79249 5kza_A_16 1.9 IV bA 110 -115 -66 -29 CKTYCGKTSPSK HHHHT-TT---H 6.24 3.52 0.15 0.37 -0.02 0
1166 1r75_A_71 0.4 II' pD 69 -131 -93 8 QIVPLGDTTAFR EEEE-TT-EEEE 5.66 3.65 0.13 0.22 -2.63 1
9794 2ccv_A_83 0.8 II' pD 51 -137 -101 14 SCYTWHNTKVYS EEEE-TT--EEE 6.31 3.40 0.10 0.33 -1.44 1
91760 5idb_A_8 1.0 II' pD 57 -128 -103 21 WVSTTGNTIPDN EEEEETT---TT 5.87 3.59 0.10 0.22 -2.40 1
88302 3tpd_A_171 1.2 II' pD 55 -130 -96 13 WCIPKGITPTTH EEEE-TT----E 5.57 3.64 0.15 0.30 -2.45 1
95176 4rlz_A_271 1.2 II' pD 61 -132 -101 19 DGELQGTTQLLT TS-B-TT--S-G 5.75 3.58 0.15 0.37 -2.09 1
79998 1ga6_A_183 1.9 II' pD 65 -132 -86 7 RGYPDGSTYSVS TT---TT--B-E 5.56 3.61 0.12 0.21 -2.14 1
29516 4x1z_A_345 1.6 II' pD 57 -127 -106 9 FVPFSGTTVPTA -----TT---SS 5.69 3.53 0.13 0.41 -2.21 1
3594 5xh6_A_24 0.4 II' pD 65 -134 -82 6 ELIPQGKTLKHI EEEE-TTHHHHH 5.58 3.62 0.16 0.23 -2.02 1
87401 3c5v_A_115 0.4 II' pD 50 -132 -98 10 DLRSHGETKVKN --TTSTT-B-S- 6.02 3.53 0.10 0.33 -1.94 1
5952 5bov_A_103 1.0 II' pD 59 -136 -95 13 YLRGYGTTRFLS --TTSTT-EES- 5.92 3.54 0.14 0.24 -2.00 1
11824 4a4j_A_48 1.7 II' pD 65 -136 -96 3 VVSYHGETTPQI EEEE-TT--HHH 6.20 3.50 0.10 0.31 -1.55 1
22051 1v7w_A_706 3.5 IV gG 67 -81 -81 62 RANHPWLTGTSG -EEEESS-THHH 6.91 3.05 0.06 0.74 0.21 0
93435 5uro_A_75 0.6 II' pA 50 -125 -75 1 NMLGYAGTDAPR --TTSTTS---S 5.51 3.66 0.15 0.19 -2.62 1
30223 5a62_A_61 1.0 II' pA 57 -112 -85 -9 ELRGHHRTNMGK --TTBTT---TT 5.54 3.63 0.10 0.26 -2.18 1
84238 1m15_A_275 2.0 II' bA 87 -106 -78 -23 CPTNLGTTMRAS SGGG-BT--EEE 5.06 3.80 0.18 0.32 -1.60 1
40517 3uxf_A_338 1.0 II' pD 55 -132 -97 17 DPNNPGTTTDIP -TT--TT--S-- 5.57 3.60 0.09 0.31 -2.19 1
69564 2ex2_A_348 1.1 II' pD 59 -123 -89 10 AGVDIGNTIIAD S----TT-B--- 5.44 3.66 0.16 0.20 -2.16 1
75362 1tt8_A_109 0.6 II' pD 53 -134 -85 10 ALQKLGKTPLGR GGGS-TTS---G 5.15 3.60 0.16 0.29 -2.32 1
52850 2w1j_A_138 1.6 II' pD 45 -120 -101 21 LPTAKMFTDLTK -SS--TTGGGGG 5.44 3.69 0.07 0.29 -3.03 1
91194 4bnd_A_175 1.6 II' pA 63 -143 -104 -25 EFEVAGTTTING EEEEETTTEEEE 6.99 3.25 0.06 0.46 -0.21 0
75658 5v5h_A_147 1.7 IV pN 68 -141 -92 -48 NLLHSGQTHFDA EEEEETTTEEEE 6.90 3.27 0.04 0.49 -0.23 0
99064 1yi9_A_159 2.7 IV pA 67 -146 -74 -53 GFRVGGETGSKY EEEESTTTSB-E 6.76 3.27 0.10 0.40 -0.36 0
14530 3vxv_A_86 1.5 IV pA 71 -170 -64 -26 KQRLSGKTAGKF EE--SSTTTT-E 6.72 3.25 0.19 0.44 -0.39 0
41292 5anz_A_203 1.2 II' pA 66 -154 -75 -29 WAGAMGQTQFIP TTS-BTTTTB-H 6.66 3.27 0.17 0.30 -0.44 0
46252 5wan_A_56 1.8 IV pA 79 -174 -61 -36 LRGFGGKTEFWD -S---TTTTTTT 6.84 3.21 0.18 0.44 -0.32 0
3930 3cjj_A_55 0.3 II' pD 56 -137 -109 -2 WKLNTGRTEAWK EEEEETT--S-E 6.70 3.24 0.09 0.35 -0.71 1
26115 5kpr_A_58 1.2 II' pD 55 -142 -97 -14 SNVAYGSTGIRD H-SEETTTEEE- 6.55 3.32 0.05 0.50 -0.84 1
3192 1ka1_A_322 1.0 II' bA 105 -145 -77 -15 LDFGNGRTLATK --TTSSSB-SSS 6.41 3.46 0.19 0.35 -0.24 0
4827 4esk_A_103 0.8 II' pD 60 -144 -103 -12 CIYSKGITWSER EEEEETTTEEEE 6.95 3.19 0.07 0.54 -0.74 1
100848 3fkr_A_125 1.2 II' pD 54 -154 -86 -6 MPPYHGATFRVP --S-BTTTB--- 6.62 3.26 0.12 0.46 -1.00 1
80987 5j4u_A_147 2.4 II' bD 103 -108 -105 1 KPYFGGETIGYV -SBTTBSS--HH 5.64 3.66 0.12 0.26 -0.22 0
109629 2bs2_C_198 1.0 II' pA 67 -141 -94 -22 WGWFDGETPDKT HTTT-TT-HHHH 6.62 3.40 0.09 0.42 -0.59 0
108044 3vk8_A_82 1.1 II' pA 70 -150 -89 -23 IWNTFGLTGMWS EEEE-TTTEEEE 6.54 3.35 0.06 0.48 -0.62 0
30222 5a62_A_66 1.6 II' pA 81 -154 -67 -28 HRTNMGKTGAYT TT---TT-S--- 6.41 3.35 0.16 0.34 -0.61 0
65123 3lfu_A_237 1.0 II' pD 45 -138 -109 13 IRLLAGDTGKVM HHHHHTTT-EEE 6.15 3.41 0.07 0.54 -1.64 1
60254 2vfo_A_369 0.9 II' bD 66 -115 -113 5 WQGTVGSTTSRN --SEETTEE--- 5.75 3.53 0.01 0.42 -1.52 1
62310 2qhl_A_97 1.1 II' bA 71 -106 -90 -12 CGEVEGNTIKFT EEEEETTEEEEE 5.66 3.61 0.09 0.27 -1.09 1
68824 4uho_A_416 1.3 II' pD 54 -137 -93 21 YVRFGGDTLQFG E-EEETTEEEE- 5.70 3.56 0.08 0.37 -2.06 1
70288 1g3k_A_22 1.3 II' pD 66 -138 -95 25 GQVSLGNTVMKG --EEETTEEEES 5.61 3.59 0.07 0.32 -1.55 1
85522 4pwy_A_155 1.6 II' pA 72 -154 -80 -6 CELGGGMTCLAG EESS-TTT-HHH 6.47 3.38 0.18 0.34 -0.78 1
13010 2pqx_A_234 0.9 IV pA 80 -166 -67 -32 HPGNCGKTFVID --BS--SEEE-- 6.78 3.28 0.15 0.41 -0.42 0
75857 5k8c_A_336 1.7 IV pA 94 -171 -67 -15 WANVYGPTWEEK HHHHH-TTGGGT 6.73 3.34 0.17 0.38 -0.39 0
