59442 4xww_A_370 1.9 VIa1 PcisD -74 155 -89 -6 VDVVYPPTYRVH -EEE-TTTS--- 6.17 3.51 0.14 0.61 -0.32 0
50126 3r4z_A_133 1.2 IV acisZ 36 56 -134 70 EVLRHNGTYYLV EEEEETTEEEEE 5.36 3.71 0.18 0.62 -2.17 1
95649 4esq_A_569 1.3 VIa1 PcisD -48 142 -96 29 DVKGSPPTITVI --B--TT-EEEE 5.47 3.72 0.18 0.59 -2.23 1
68156 3vn3_A_73 0.8 VIa1 PcisD -61 143 -94 16 GADYGTPTPSIL ETTSSTTHHHHH 5.85 3.61 0.10 0.59 -2.37 1
54745 5f30_A_454 1.0 VIa1 PcisD -52 139 -112 18 TMWWPSPTPNGI EEB-STTS-EEE 6.54 3.42 0.02 0.65 -1.35 1
50631 3bmv_A_629 1.1 VIa1 PcisD -39 138 -87 25 QVVYQYPTWYYD SSSS-TTSEEEE 5.40 3.74 0.13 0.52 -2.18 1
86190 2bju_A_111 1.1 VIa2 PcisD -95 154 -88 10 DTNGFEPTYTAS E-GGGTTHHHHS 5.93 3.72 0.20 0.62 -0.06 0
111724 3go2_A_123 1.9 VIa2 BcisD -128 100 -98 22 VYWSHCPTWRIN EEE-STTHHHHH 4.41 4.16 0.24 0.60 1.18 0
75205 2z6o_A_89 0.7 VIa1 PcisD -62 148 -87 6 DIPITYPTTAPE E--TTTTTS--- 5.88 3.57 0.09 0.59 -1.26 1
71679 3ju4_A_381 1.0 VIa1 PcisD -56 140 -94 21 DLHPDYPTVNYH ---TTTTTEEEE 5.90 3.59 0.06 0.58 -2.41 1
84251 1m15_A_203 1.6 VIa1 PcisD -54 137 -98 18 NACRYWPTGRGI T-STTTTTT-EE 5.66 3.73 0.11 0.59 -2.54 1
40105 3i4g_A_524 0.2 VIa2 BcisD -99 119 -96 -7 KRAFRNPTDYTW E----TTGGGS- 5.41 3.91 0.08 0.62 0.58 0
4568 4l4e_A_98 1.2 VIa2 BcisD -116 135 -91 -2 EAYDFIPTSMDP HH---TTTT--T 5.84 3.77 0.17 0.62 0.41 0
81382 3ff1_A_300 1.4 VIa2 PcisD -102 158 -81 -3 PSSANYTTDLHS EEEEETTGGGGT 5.96 3.70 0.24 0.61 0.21 0
29086 3bby_A_84 1.2 VIa1 PcisD -61 154 -85 -2 EDRFAPPTWERI HHHS-TTTS--- 6.20 3.45 0.07 0.63 -0.80 1
60346 5b66_U_41 1.2 VIa2 BcisD -124 136 -95 -12 QYRGLYPTLAKL GSTT-TTHHHHH 6.55 3.62 0.18 0.61 0.36 0
11816 5g5g_C_101 2.0 IV pcisA 110 125 -77 -13 ARLLGGPTIEHY S-SS--SEE-ST 6.07 3.72 0.21 0.56 0.11 0
61381 3fed_A_376 0.7 IV BcisD -105 107 -107 5 VFGAIDPTSGVA SS-TTTTHHHHH 5.63 3.76 0.15 0.63 0.62 0
100444 4m2m_A_165 0.2 VIa1 BcisD -91 117 -109 -2 VNFPHNPTGVTL EESS-TTT---- 5.60 3.80 -0.03 0.65 0.36 0
86260 2x5f_A_197 0.6 VIa2 BcisD -107 119 -105 5 LNYPNNPTGYTP E-SS-TTT---- 5.39 3.81 -0.03 0.67 0.56 0
91965 3g7q_A_189 0.6 VIa2 BcisD -94 126 -104 2 VSRPTNPTGNVI EESS-TTT---- 5.77 3.65 -0.04 0.67 0.15 0
72162 1fg7_A_156 0.7 VIa2 BcisD -113 130 -93 0 VCSPNNPTGQLI EESS-TTT---- 5.63 3.81 0.05 0.60 0.48 0
3675 3qgu_A_219 0.7 IV BcisD -108 113 -113 -2 FCSPNNPTGAAA EESS-TTT---- 5.60 3.73 -0.03 0.66 0.48 0
314 5toq_A_193 0.9 IV BcisD -113 117 -106 1 HACAHNPTGTDP E-SS-TTT---- 5.77 3.85 0.05 0.61 0.37 0
109458 3ppl_A_190 1.0 VIa1 BcisD -84 110 -113 1 VPVFSNPTGFTV --SS-TTT---- 5.45 3.84 0.01 0.62 0.47 0
42662 4zhb_A_46 1.2 VIa1 PcisD -61 147 -92 -7 VNQYAPPTYDSP TT-BBTTTTB-H 6.17 3.51 0.08 0.62 -0.74 1
30347 4ua6_A_165 0.8 VIa1 PcisD -78 141 -97 -3 RLDRTEPTLNTA -----TTGGG-- 6.17 3.56 0.08 0.64 -0.24 0
95255 2noo_A_257 1.1 VIa1 PcisD -62 145 -92 0 LNTAKAPTNELA E-TTSTTTTSHH 5.86 3.62 0.12 0.61 -0.64 1
33825 3aa0_A_182 0.3 VIa1 PcisD -45 137 -88 18 KFTITPPTAQVA EEEEETTEEEEE 5.27 3.90 0.16 0.53 -2.01 1
81343 5mqn_A_540 0.3 IV PcisG -62 153 -109 41 SAECVAPTMVSD EE---TTTSSSB 6.57 3.33 0.08 0.65 -1.47 1
78002 2a9i_A_59 0.7 IV BcisZ -86 99 -140 76 RFEALLQTGLSP HHHHTTTTT--H 5.64 3.56 -0.25 0.67 -2.33 1
63034 4g38_A_436 0.7 VIa1 PcisD -62 149 -94 -10 MACVSFPTCPLA EE---TTT-TT- 6.56 3.38 0.07 0.63 -0.81 1
55057 2vun_A_223 1.5 IV ZcisD -130 60 -93 -6 SHINGGPTAISV ETTT-SSS---H 4.34 4.17 0.13 0.70 -0.09 0
94793 3zxk_A_183 1.7 IV BcisD -170 125 -92 -3 YIAYGNPTINVA EEEE-SSSEEEE 5.63 3.82 0.20 0.62 0.33 0
81503 2rfv_A_159 0.5 VIa1 PcisD -68 159 -102 2 IETPANPTLSLV EESSBTTTTB-- 6.92 3.20 0.10 0.65 -0.33 0
61313 1ux6_A_1032 0.0 VIa2 BcisA -100 142 -75 -27 SYWDTNPTRAQG E-S--SSS--EE 5.45 3.82 0.21 0.60 0.60 0
59433 4xww_A_486 1.6 IV BcisA -124 151 -64 -48 LTAVLHPTPHVE EEEE-SSS-EEE 5.91 3.84 0.27 0.60 0.45 0
10796 5jrh_A_335 0.9 VIa2 BcisA -127 132 -75 -20 EGVPNWPTPARM -S-TTSSSTTHH 4.97 4.10 0.26 0.58 0.63 0
46070 3tqq_A_229 0.6 VIa2 BcisD -105 120 -96 -6 QVRAFNPTPIAF HHHHTTTTT--E 4.95 4.02 0.07 0.61 0.76 0
43779 5uq6_A_54 2.4 VIa1 PcisD -80 150 -103 -4 LGDNFYFTGVHD -S--STTT--SS 6.82 3.31 0.10 0.65 0.01 0
38918 1pby_B_32 1.3 VIa1 PcisA -54 161 -77 -11 TIADAGPTPMVP E-TT-TT----E 6.23 3.55 0.17 0.57 -0.73 1
95839 2x5n_A_21 0.3 VIa2 BcisA -82 129 -88 -26 INGDYIPTRFEA G-TTSSS-HHHH 5.14 3.87 0.20 0.63 0.83 0
99481 4ouj_A_78 0.5 VIa1 PcisD -52 139 -88 3 VLTWNAPTHNIS EEEE-TTSSBEE 5.66 3.67 0.09 0.57 -1.87 1
22407 3ly1_A_191 1.0 VIa2 BcisD -120 121 -101 -7 LVNPNNPTGTIT EESS-TTT---- 5.75 3.79 0.03 0.62 0.43 0
66803 1w6s_A_274 0.8 IV PcisZ -67 148 -111 46 RPGDNKWTMTIF S-S--TTSSEEE 6.37 3.61 0.11 0.56 -1.50 1
6586 5byk_A_91 0.2 VIa1 PcisD -63 149 -85 -5 IATTDLPTCGFY SEE-STTTGGGH 5.96 3.47 0.08 0.67 -0.81 1
74011 3kc2_A_245 0.6 VIa1 PcisD -57 140 -98 19 DYTLGKPTKLTY -EE-STT-HHHH 5.85 3.52 0.05 0.65 -2.80 1
8303 3fo8_D_159 1.2 VIa1 BcisD -100 133 -109 18 KEVGEYPTLGSN HHHT-TTT--TT 5.75 3.72 0.18 0.67 0.41 0
113558 1mj5_A_37 0.4 IV BcisG -91 143 -102 52 LFQHGNPTSSYL EEE--TT--GGG 5.79 3.72 0.20 0.61 -1.79 1
3304 5mzw_A_224 1.2 VIa1 PcisA -61 140 -79 -3 APGGALPTGCAG -TTTTTTSBBTT 5.14 3.91 0.17 0.53 -2.01 1
