34821 3led_A_327 0.4 IV pB 53 -155 -91 119 ILDDYANTSSAG -HHHH-B-GGGH 6.93 3.38 -0.00 0.37 0.24 0
17597 4efi_A_302 0.5 IV pB 63 -169 -82 117 NIGEYGNTSCAS -HHHH-B-GGGH 6.98 3.34 0.05 0.39 0.23 0
12905 3wxy_A_341 0.5 IV pB 73 -156 -84 107 AYRDGGNTISTT HHHEE-B-GGGH 6.87 3.43 0.08 0.31 0.25 0
74435 1jo0_A_28 1.6 IV pG 71 -144 -84 78 MLGGNGLTEGVL EE-TT-S-HHHH 6.58 3.37 0.12 0.31 0.24 0
51818 2ob3_A_49 1.3 IV pP 63 -155 -62 119 TISEAGFTLTHE -HHHH-SEEEEE 6.62 3.45 0.09 0.32 0.28 0
91505 5by8_A_173 1.2 IV pB 65 -140 -98 106 VDLFKGETSDKI HHHH--S--SEE 6.33 3.53 0.08 0.32 0.33 0
58668 3hn5_A_110 1.2 IV pP 64 -166 -62 132 NVTVAGNTVQDV EEEESSSEE--E 6.52 3.44 0.04 0.28 0.17 0
32097 3wv7_A_111 0.8 IV pG 67 -149 -92 88 VEIAGGDTLPIT E---SSS-HHHH 6.83 3.28 0.07 0.29 0.23 0
60024 5t8c_A_557 0.9 IV pB 72 -151 -78 99 RCMGYGVTQDYN -B-SSSS-B--- 6.52 3.42 0.15 0.31 0.31 0
47597 4m0w_A_32 0.9 IV pP 83 -151 -55 127 YGQQFGPTYLDG HHHHTSSEEETT 6.55 3.49 0.03 0.42 0.05 0
13283 2xdw_A_271 0.6 IV pB 69 -164 -85 104 QQESNGITGILK GGSSSSS-SS-- 6.98 3.36 0.10 0.34 0.22 0
32401 2foz_A_296 0.3 IV pG 72 -131 -87 70 SISLGGDTDTIA HHHT-SSHHHHH 5.66 3.53 0.19 0.37 0.35 0
1599 5ibz_A_159 1.2 IV pG 60 -141 -70 94 SSGAGGATKLGI -GGGTSBSSS-G 5.47 3.72 0.11 0.34 0.48 0
72615 4v17_A_453 0.9 IV pG 59 165 -82 72 GKKGSEGTVTFT -EEETTTEEE-S 6.81 3.04 0.04 0.63 -0.09 0
69942 5g5o_A_320 0.0 IV pG 72 -162 -85 63 LYGGPGDTGVIA EE--SSSSS-EE 6.54 3.37 0.15 0.29 -0.00 0
25790 5jgf_A_160 1.9 IV pG 87 -169 -80 63 AVAPYGGTLNEL -EEEESS-SSGG 6.65 3.39 0.11 0.28 0.16 0
64807 3iht_A_102 1.1 IV pG 64 -163 -84 63 TLERFGATASLV HHHHH-S-EEEE 6.55 3.35 0.18 0.30 0.02 0
38514 5hwn_A_76 0.4 IV pG 68 -147 -81 69 AKEVAGETAIVS HHHH--S-EEEE 5.88 3.53 0.20 0.27 0.33 0
92072 1qcx_A_241 1.5 IV bZ 90 -105 -159 71 MPKVQGNTLLHA TTEE-SSEEEEE 6.12 3.54 0.02 0.43 0.12 0
67352 3gk7_A_163 0.7 IV bG 115 -153 -90 78 VPVVYGDTFVHV S---SBS-EEEG 6.87 3.32 0.18 0.33 0.21 0
101651 4ysl_A_168 0.1 IV pG 59 -152 -94 76 IAVFVGDTLFMP -EEE--SSB--T 6.23 3.52 0.12 0.31 0.03 0
75519 2ntp_A_38 1.3 IV bG 115 -110 -88 62 KSSSDGKTFKTI S-GGG-S-BSSH 6.60 3.37 0.14 0.53 0.20 0
112880 4ijn_A_300 1.3 IV gB 81 -63 -110 124 YMAVLGRTDVIS HHHHHSS--EEE 6.00 3.59 -0.16 0.60 0.04 0
46468 5jfn_A_501 1.7 IV pB 74 -138 -79 103 GPTGEGLTSAKS STT---B--GGG 6.09 3.56 0.09 0.38 0.27 0
39583 3cl6_A_165 2.0 IV gG 96 -89 -82 75 LGWYTGRTGPNT SEE--SS--TTH 5.89 3.37 0.06 0.74 0.08 0
34461 2q4w_A_128 2.0 IV bP 63 -110 -74 152 YLSGGDATAFVD E--SSSS-EEEE 6.96 3.41 -0.05 0.47 0.14 0
83994 1pbw_A_166 1.0 IV PB -116 -168 -72 102 RQLLDCDTPSVD HHHS-SSSS--- 6.57 3.37 0.16 0.34 0.03 0
113360 1cs0_A_116 0.6 IV gB 95 -55 -149 146 GVTMIGATADAI T-EE-SS-HHHH 6.31 3.60 -0.23 0.32 0.04 0
90756 1hn0_A_384 0.6 IV gB 72 -53 -158 157 KGSALVTTHHWG TT---S--TTHH 6.91 3.46 -0.24 0.28 0.17 0
38764 3grl_A_415 0.0 IV gB 110 -57 -118 112 TIDATGNTVSAG ----TTSSS-HH 4.95 3.82 -0.25 0.60 -0.11 0
86723 3sy6_A_203 0.3 IV pP 78 -160 -57 132 IASTAGATGGSA TTSSS-SB---E 6.98 3.44 0.03 0.31 0.13 0
22150 1rv9_A_242 1.0 IV bB 73 -119 -66 113 SYRRDGATGRMA -HHHHSS---EE 6.30 3.42 0.04 0.58 0.15 0
43474 5tqi_A_114 0.0 IV pB 69 -154 -77 113 CDPAMGQTGGIR E-----S--SSS 6.67 3.47 0.07 0.29 0.28 0
10782 5jrh_A_457 0.1 IV pP 73 -161 -68 118 GHPQEGATEGNL --B--SSEEEEE 6.65 3.46 0.12 0.29 0.24 0
94170 5iza_A_486 0.2 IV pG 63 -151 -85 73 DCEMYGLTNDHY HHHHH-S---HH 6.31 3.49 0.16 0.26 0.15 0
48696 4xb6_C_118 0.5 IV pP 62 -165 -68 124 GGQLLGPTYDYT T-EE--S--TT- 6.83 3.50 0.06 0.29 0.28 0
